2024-07-17 18:10:47 [INFO]   ***** Running training *****
2024-07-17 18:10:47 [INFO]   当前时间: 2024-07-17 18:10:47
2024-07-17 18:10:47 [INFO]   Num examples = 758
2024-07-17 18:10:47 [INFO]   Num Epochs = 15
2024-07-17 18:10:47 [INFO]   Instantaneous batch size per device = 8
2024-07-17 18:10:47 [INFO]   Total train batch size (w. parallel, distributed & accumulation) = 16
2024-07-17 18:10:47 [INFO]   Total optimization steps = 1410
2024-07-17 18:10:47 [INFO]   训练的设备: cuda, 设备编号: 0
2024-07-17 18:10:50 [INFO]   loss: 0.5802,	steps: 10/1410,	epoch: 0,	learning_rate: 1.0638297872340427e-06
2024-07-17 18:10:53 [INFO]   loss: 0.5443,	steps: 20/1410,	epoch: 0,	learning_rate: 2.1276595744680853e-06
2024-07-17 18:10:55 [INFO]   loss: 0.4933,	steps: 30/1410,	epoch: 0,	learning_rate: 3.191489361702128e-06
2024-07-17 18:10:58 [INFO]   loss: 0.5031,	steps: 40/1410,	epoch: 0,	learning_rate: 4.255319148936171e-06
2024-07-17 18:11:00 [INFO]   loss: 0.4928,	steps: 50/1410,	epoch: 0,	learning_rate: 5.319148936170213e-06
2024-07-17 18:11:03 [INFO]   loss: 0.4648,	steps: 60/1410,	epoch: 0,	learning_rate: 6.382978723404256e-06
2024-07-17 18:11:06 [INFO]   loss: 0.3677,	steps: 70/1410,	epoch: 0,	learning_rate: 7.446808510638298e-06
2024-07-17 18:11:08 [INFO]   loss: 0.2934,	steps: 80/1410,	epoch: 0,	learning_rate: 8.510638297872341e-06
2024-07-17 18:11:11 [INFO]   loss: 0.2320,	steps: 90/1410,	epoch: 0,	learning_rate: 9.574468085106385e-06
2024-07-17 18:13:09 [INFO]   第0轮的训练 测试结果为：{'R@5': 0.5329974543585149, 'R@10': 0.6090691867121384, 'RR@5': 0.7470790378006873, 'RR@10': 0.7542525773195877, 'nDCG@5': 0.5554557059358285, 'nDCG@10': 0.5787356402851574}
2024-07-17 18:13:10 [INFO]   loss: 0.3308,	steps: 100/1410,	epoch: 1,	learning_rate: 9.954407294832828e-06
2024-07-17 18:13:13 [INFO]   loss: 0.2110,	steps: 110/1410,	epoch: 1,	learning_rate: 9.878419452887538e-06
2024-07-17 18:13:16 [INFO]   loss: 0.2336,	steps: 120/1410,	epoch: 1,	learning_rate: 9.80243161094225e-06
2024-07-17 18:13:19 [INFO]   loss: 0.2065,	steps: 130/1410,	epoch: 1,	learning_rate: 9.726443768996962e-06
2024-07-17 18:13:21 [INFO]   loss: 0.0690,	steps: 140/1410,	epoch: 1,	learning_rate: 9.650455927051672e-06
2024-07-17 18:13:24 [INFO]   loss: 0.3124,	steps: 150/1410,	epoch: 1,	learning_rate: 9.574468085106385e-06
2024-07-17 18:13:27 [INFO]   loss: 0.1026,	steps: 160/1410,	epoch: 1,	learning_rate: 9.498480243161095e-06
2024-07-17 18:13:29 [INFO]   loss: 0.0116,	steps: 170/1410,	epoch: 1,	learning_rate: 9.422492401215805e-06
2024-07-17 18:13:32 [INFO]   loss: 0.1247,	steps: 180/1410,	epoch: 1,	learning_rate: 9.346504559270517e-06
2024-07-17 18:15:32 [INFO]   第1轮的训练 测试结果为：{'R@5': 0.6010264449797282, 'R@10': 0.664475796537736, 'RR@5': 0.8306701030927836, 'RR@10': 0.8341985763377517, 'nDCG@5': 0.6737187764758341, 'nDCG@10': 0.6861712587411629}
2024-07-17 18:15:32 [INFO]   loss: 0.0852,	steps: 190/1410,	epoch: 2,	learning_rate: 9.27051671732523e-06
2024-07-17 18:15:35 [INFO]   loss: 0.1271,	steps: 200/1410,	epoch: 2,	learning_rate: 9.19452887537994e-06
2024-07-17 18:15:38 [INFO]   loss: 0.1045,	steps: 210/1410,	epoch: 2,	learning_rate: 9.118541033434652e-06
2024-07-17 18:15:40 [INFO]   loss: 0.0107,	steps: 220/1410,	epoch: 2,	learning_rate: 9.042553191489362e-06
2024-07-17 18:15:43 [INFO]   loss: 0.0048,	steps: 230/1410,	epoch: 2,	learning_rate: 8.966565349544074e-06
2024-07-17 18:15:46 [INFO]   loss: 0.1193,	steps: 240/1410,	epoch: 2,	learning_rate: 8.890577507598786e-06
2024-07-17 18:15:48 [INFO]   loss: 0.0106,	steps: 250/1410,	epoch: 2,	learning_rate: 8.814589665653496e-06
2024-07-17 18:15:51 [INFO]   loss: 0.1194,	steps: 260/1410,	epoch: 2,	learning_rate: 8.738601823708207e-06
2024-07-17 18:15:54 [INFO]   loss: 0.1281,	steps: 270/1410,	epoch: 2,	learning_rate: 8.662613981762919e-06
2024-07-17 18:15:56 [INFO]   loss: 0.0797,	steps: 280/1410,	epoch: 2,	learning_rate: 8.58662613981763e-06
2024-07-17 18:17:55 [INFO]   第2轮的训练 测试结果为：{'R@5': 0.5961190535841119, 'R@10': 0.6753796724318819, 'RR@5': 0.8481958762886597, 'RR@10': 0.8535284732449677, 'nDCG@5': 0.6873212464835169, 'nDCG@10': 0.7070522068906564}
2024-07-17 18:17:57 [INFO]   loss: 0.0969,	steps: 290/1410,	epoch: 3,	learning_rate: 8.510638297872341e-06
2024-07-17 18:17:59 [INFO]   loss: 0.0955,	steps: 300/1410,	epoch: 3,	learning_rate: 8.434650455927053e-06
2024-07-17 18:18:02 [INFO]   loss: 0.1055,	steps: 310/1410,	epoch: 3,	learning_rate: 8.358662613981764e-06
2024-07-17 18:18:05 [INFO]   loss: 0.0398,	steps: 320/1410,	epoch: 3,	learning_rate: 8.282674772036476e-06
2024-07-17 18:18:08 [INFO]   loss: 0.0841,	steps: 330/1410,	epoch: 3,	learning_rate: 8.206686930091186e-06
2024-07-17 18:18:10 [INFO]   loss: 0.0066,	steps: 340/1410,	epoch: 3,	learning_rate: 8.130699088145896e-06
2024-07-17 18:18:13 [INFO]   loss: 0.1408,	steps: 350/1410,	epoch: 3,	learning_rate: 8.054711246200608e-06
2024-07-17 18:18:16 [INFO]   loss: 0.0063,	steps: 360/1410,	epoch: 3,	learning_rate: 7.97872340425532e-06
2024-07-17 18:18:18 [INFO]   loss: 0.0075,	steps: 370/1410,	epoch: 3,	learning_rate: 7.90273556231003e-06
2024-07-17 18:20:18 [INFO]   第3轮的训练 测试结果为：{'R@5': 0.6030954408975201, 'R@10': 0.6838885279583695, 'RR@5': 0.8619415807560136, 'RR@10': 0.8669878088692519, 'nDCG@5': 0.6908386055396941, 'nDCG@10': 0.713914556391781}
2024-07-17 18:20:19 [INFO]   loss: 0.0017,	steps: 380/1410,	epoch: 4,	learning_rate: 7.826747720364743e-06
2024-07-17 18:20:21 [INFO]   loss: 0.1653,	steps: 390/1410,	epoch: 4,	learning_rate: 7.750759878419453e-06
2024-07-17 18:20:24 [INFO]   loss: 0.1149,	steps: 400/1410,	epoch: 4,	learning_rate: 7.674772036474165e-06
2024-07-17 18:20:27 [INFO]   loss: 0.0554,	steps: 410/1410,	epoch: 4,	learning_rate: 7.598784194528876e-06
2024-07-17 18:20:29 [INFO]   loss: 0.0024,	steps: 420/1410,	epoch: 4,	learning_rate: 7.522796352583587e-06
2024-07-17 18:20:32 [INFO]   loss: 0.0028,	steps: 430/1410,	epoch: 4,	learning_rate: 7.446808510638298e-06
2024-07-17 18:20:35 [INFO]   loss: 0.0224,	steps: 440/1410,	epoch: 4,	learning_rate: 7.370820668693009e-06
2024-07-17 18:20:37 [INFO]   loss: 0.0031,	steps: 450/1410,	epoch: 4,	learning_rate: 7.294832826747721e-06
2024-07-17 18:20:40 [INFO]   loss: 0.0248,	steps: 460/1410,	epoch: 4,	learning_rate: 7.218844984802432e-06
2024-07-17 18:20:43 [INFO]   loss: 0.0016,	steps: 470/1410,	epoch: 4,	learning_rate: 7.1428571428571436e-06
2024-07-17 18:22:41 [INFO]   第4轮的训练 测试结果为：{'R@5': 0.6172590433312555, 'R@10': 0.6895004279451974, 'RR@5': 0.8862542955326459, 'RR@10': 0.8875429553264603, 'nDCG@5': 0.7207204158296509, 'nDCG@10': 0.7361917008942356}
2024-07-17 18:22:41 [INFO]   ------------------------------------------------
2024-07-17 18:22:41 [INFO]   第 4 轮已经训练完成  模型保存在 /mnt/workspace/clir/HIKE/mbert/output/epoch_4
2024-07-17 18:22:41 [INFO]   ------------------------------------------------
2024-07-17 18:22:44 [INFO]   loss: 0.0318,	steps: 480/1410,	epoch: 5,	learning_rate: 7.066869300911855e-06
2024-07-17 18:22:47 [INFO]   loss: 0.0092,	steps: 490/1410,	epoch: 5,	learning_rate: 6.990881458966566e-06
2024-07-17 18:22:49 [INFO]   loss: 0.0041,	steps: 500/1410,	epoch: 5,	learning_rate: 6.914893617021278e-06
2024-07-17 18:22:52 [INFO]   loss: 0.0024,	steps: 510/1410,	epoch: 5,	learning_rate: 6.838905775075988e-06
2024-07-17 18:22:55 [INFO]   loss: 0.0013,	steps: 520/1410,	epoch: 5,	learning_rate: 6.7629179331306995e-06
2024-07-17 18:22:57 [INFO]   loss: 0.0061,	steps: 530/1410,	epoch: 5,	learning_rate: 6.686930091185411e-06
2024-07-17 18:23:00 [INFO]   loss: 0.0562,	steps: 540/1410,	epoch: 5,	learning_rate: 6.610942249240122e-06
2024-07-17 18:23:03 [INFO]   loss: 0.0037,	steps: 550/1410,	epoch: 5,	learning_rate: 6.534954407294833e-06
2024-07-17 18:23:05 [INFO]   loss: 0.0606,	steps: 560/1410,	epoch: 5,	learning_rate: 6.458966565349545e-06
2024-07-17 18:25:04 [INFO]   第5轮的训练 测试结果为：{'R@5': 0.6174560927905499, 'R@10': 0.6966947948747299, 'RR@5': 0.8968213058419243, 'RR@10': 0.8994395352642774, 'nDCG@5': 0.72513350112111, 'nDCG@10': 0.7433925506668666}
2024-07-17 18:25:06 [INFO]   loss: 0.0017,	steps: 570/1410,	epoch: 6,	learning_rate: 6.382978723404256e-06
2024-07-17 18:25:09 [INFO]   loss: 0.0416,	steps: 580/1410,	epoch: 6,	learning_rate: 6.3069908814589675e-06
2024-07-17 18:25:11 [INFO]   loss: 0.0512,	steps: 590/1410,	epoch: 6,	learning_rate: 6.231003039513678e-06
2024-07-17 18:25:14 [INFO]   loss: 0.0054,	steps: 600/1410,	epoch: 6,	learning_rate: 6.155015197568389e-06
2024-07-17 18:25:17 [INFO]   loss: 0.0007,	steps: 610/1410,	epoch: 6,	learning_rate: 6.0790273556231e-06
2024-07-17 18:25:19 [INFO]   loss: 0.0007,	steps: 620/1410,	epoch: 6,	learning_rate: 6.003039513677812e-06
2024-07-17 18:25:22 [INFO]   loss: 0.0028,	steps: 630/1410,	epoch: 6,	learning_rate: 5.9270516717325235e-06
2024-07-17 18:25:25 [INFO]   loss: 0.0004,	steps: 640/1410,	epoch: 6,	learning_rate: 5.851063829787235e-06
2024-07-17 18:25:27 [INFO]   loss: 0.0006,	steps: 650/1410,	epoch: 6,	learning_rate: 5.775075987841946e-06
2024-07-17 18:27:27 [INFO]   第6轮的训练 测试结果为：{'R@5': 0.620586429004002, 'R@10': 0.7093809888798005, 'RR@5': 0.8897766323024056, 'RR@10': 0.8943421698576337, 'nDCG@5': 0.7249329203159474, 'nDCG@10': 0.7465200442072485}
2024-07-17 18:27:28 [INFO]   loss: 0.0006,	steps: 660/1410,	epoch: 7,	learning_rate: 5.699088145896657e-06
2024-07-17 18:27:31 [INFO]   loss: 0.0273,	steps: 670/1410,	epoch: 7,	learning_rate: 5.623100303951369e-06
2024-07-17 18:27:33 [INFO]   loss: 0.0029,	steps: 680/1410,	epoch: 7,	learning_rate: 5.547112462006079e-06
2024-07-17 18:27:36 [INFO]   loss: 0.0018,	steps: 690/1410,	epoch: 7,	learning_rate: 5.471124620060791e-06
2024-07-17 18:27:39 [INFO]   loss: 0.0029,	steps: 700/1410,	epoch: 7,	learning_rate: 5.395136778115502e-06
2024-07-17 18:27:41 [INFO]   loss: 0.0004,	steps: 710/1410,	epoch: 7,	learning_rate: 5.319148936170213e-06
2024-07-17 18:27:44 [INFO]   loss: 0.0005,	steps: 720/1410,	epoch: 7,	learning_rate: 5.243161094224924e-06
2024-07-17 18:27:47 [INFO]   loss: 0.0026,	steps: 730/1410,	epoch: 7,	learning_rate: 5.1671732522796354e-06
2024-07-17 18:27:49 [INFO]   loss: 0.0013,	steps: 740/1410,	epoch: 7,	learning_rate: 5.0911854103343475e-06
2024-07-17 18:27:52 [INFO]   loss: 0.0018,	steps: 750/1410,	epoch: 7,	learning_rate: 5.015197568389059e-06
2024-07-17 18:29:50 [INFO]   第7轮的训练 测试结果为：{'R@5': 0.6228744166336767, 'R@10': 0.7153041203845765, 'RR@5': 0.895360824742268, 'RR@10': 0.8977376861397479, 'nDCG@5': 0.7291548996541664, 'nDCG@10': 0.7557135613020148}
2024-07-17 18:29:53 [INFO]   loss: 0.0022,	steps: 760/1410,	epoch: 8,	learning_rate: 4.939209726443769e-06
2024-07-17 18:29:55 [INFO]   loss: 0.0416,	steps: 770/1410,	epoch: 8,	learning_rate: 4.863221884498481e-06
2024-07-17 18:29:58 [INFO]   loss: 0.0004,	steps: 780/1410,	epoch: 8,	learning_rate: 4.787234042553192e-06
2024-07-17 18:30:01 [INFO]   loss: 0.0011,	steps: 790/1410,	epoch: 8,	learning_rate: 4.711246200607903e-06
2024-07-17 18:30:03 [INFO]   loss: 0.0051,	steps: 800/1410,	epoch: 8,	learning_rate: 4.635258358662615e-06
2024-07-17 18:30:06 [INFO]   loss: 0.0013,	steps: 810/1410,	epoch: 8,	learning_rate: 4.559270516717326e-06
2024-07-17 18:30:09 [INFO]   loss: 0.0011,	steps: 820/1410,	epoch: 8,	learning_rate: 4.483282674772037e-06
2024-07-17 18:30:11 [INFO]   loss: 0.0010,	steps: 830/1410,	epoch: 8,	learning_rate: 4.407294832826748e-06
2024-07-17 18:30:14 [INFO]   loss: 0.0018,	steps: 840/1410,	epoch: 8,	learning_rate: 4.331306990881459e-06
2024-07-17 18:32:13 [INFO]   第8轮的训练 测试结果为：{'R@5': 0.625304445656233, 'R@10': 0.7124712915801447, 'RR@5': 0.8982817869415807, 'RR@10': 0.9016609392898053, 'nDCG@5': 0.7338518612261878, 'nDCG@10': 0.7566355962187172}
2024-07-17 18:32:14 [INFO]   loss: 0.0003,	steps: 850/1410,	epoch: 9,	learning_rate: 4.255319148936171e-06
2024-07-17 18:32:17 [INFO]   loss: 0.0006,	steps: 860/1410,	epoch: 9,	learning_rate: 4.179331306990882e-06
2024-07-17 18:32:20 [INFO]   loss: 0.0670,	steps: 870/1410,	epoch: 9,	learning_rate: 4.103343465045593e-06
2024-07-17 18:32:23 [INFO]   loss: 0.0026,	steps: 880/1410,	epoch: 9,	learning_rate: 4.027355623100304e-06
2024-07-17 18:32:25 [INFO]   loss: 0.0011,	steps: 890/1410,	epoch: 9,	learning_rate: 3.951367781155015e-06
2024-07-17 18:32:28 [INFO]   loss: 0.0005,	steps: 900/1410,	epoch: 9,	learning_rate: 3.875379939209727e-06
2024-07-17 18:32:31 [INFO]   loss: 0.0003,	steps: 910/1410,	epoch: 9,	learning_rate: 3.799392097264438e-06
2024-07-17 18:32:33 [INFO]   loss: 0.0015,	steps: 920/1410,	epoch: 9,	learning_rate: 3.723404255319149e-06
2024-07-17 18:32:36 [INFO]   loss: 0.0005,	steps: 930/1410,	epoch: 9,	learning_rate: 3.6474164133738606e-06
2024-07-17 18:32:39 [INFO]   loss: 0.0008,	steps: 940/1410,	epoch: 9,	learning_rate: 3.5714285714285718e-06
2024-07-17 18:34:36 [INFO]   第9轮的训练 测试结果为：{'R@5': 0.6234107140454463, 'R@10': 0.7188283692444372, 'RR@5': 0.8979381443298968, 'RR@10': 0.9013745704467354, 'nDCG@5': 0.7307801568432505, 'nDCG@10': 0.7572781193641995}
2024-07-17 18:34:37 [INFO]   ------------------------------------------------
2024-07-17 18:34:37 [INFO]   第 9 轮已经训练完成  模型保存在 /mnt/workspace/clir/HIKE/mbert/output/epoch_9
2024-07-17 18:34:37 [INFO]   ------------------------------------------------
2024-07-17 18:34:40 [INFO]   loss: 0.0026,	steps: 950/1410,	epoch: 10,	learning_rate: 3.495440729483283e-06
2024-07-17 18:34:42 [INFO]   loss: 0.0010,	steps: 960/1410,	epoch: 10,	learning_rate: 3.419452887537994e-06
2024-07-17 18:34:45 [INFO]   loss: 0.0005,	steps: 970/1410,	epoch: 10,	learning_rate: 3.3434650455927054e-06
2024-07-17 18:34:48 [INFO]   loss: 0.0010,	steps: 980/1410,	epoch: 10,	learning_rate: 3.2674772036474166e-06
2024-07-17 18:34:51 [INFO]   loss: 0.0005,	steps: 990/1410,	epoch: 10,	learning_rate: 3.191489361702128e-06
2024-07-17 18:34:53 [INFO]   loss: 0.0002,	steps: 1000/1410,	epoch: 10,	learning_rate: 3.115501519756839e-06
2024-07-17 18:34:56 [INFO]   loss: 0.0009,	steps: 1010/1410,	epoch: 10,	learning_rate: 3.03951367781155e-06
2024-07-17 18:34:59 [INFO]   loss: 0.0007,	steps: 1020/1410,	epoch: 10,	learning_rate: 2.9635258358662618e-06
2024-07-17 18:35:01 [INFO]   loss: 0.0004,	steps: 1030/1410,	epoch: 10,	learning_rate: 2.887537993920973e-06
2024-07-17 18:37:00 [INFO]   第10轮的训练 测试结果为：{'R@5': 0.6251141757291059, 'R@10': 0.7161075510160377, 'RR@5': 0.9018041237113401, 'RR@10': 0.9050257731958761, 'nDCG@5': 0.732575281238608, 'nDCG@10': 0.7567871276916726}
2024-07-17 18:37:02 [INFO]   loss: 0.0004,	steps: 1040/1410,	epoch: 11,	learning_rate: 2.8115501519756846e-06
2024-07-17 18:37:04 [INFO]   loss: 0.0005,	steps: 1050/1410,	epoch: 11,	learning_rate: 2.7355623100303953e-06
2024-07-17 18:37:07 [INFO]   loss: 0.0019,	steps: 1060/1410,	epoch: 11,	learning_rate: 2.6595744680851065e-06
2024-07-17 18:37:10 [INFO]   loss: 0.0005,	steps: 1070/1410,	epoch: 11,	learning_rate: 2.5835866261398177e-06
2024-07-17 18:37:12 [INFO]   loss: 0.0003,	steps: 1080/1410,	epoch: 11,	learning_rate: 2.5075987841945293e-06
2024-07-17 18:37:15 [INFO]   loss: 0.0029,	steps: 1090/1410,	epoch: 11,	learning_rate: 2.4316109422492405e-06
2024-07-17 18:37:18 [INFO]   loss: 0.0004,	steps: 1100/1410,	epoch: 11,	learning_rate: 2.3556231003039513e-06
2024-07-17 18:37:20 [INFO]   loss: 0.0006,	steps: 1110/1410,	epoch: 11,	learning_rate: 2.279635258358663e-06
2024-07-17 18:37:23 [INFO]   loss: 0.0051,	steps: 1120/1410,	epoch: 11,	learning_rate: 2.203647416413374e-06
2024-07-17 18:39:23 [INFO]   第11轮的训练 测试结果为：{'R@5': 0.6258259392944984, 'R@10': 0.7198572554534268, 'RR@5': 0.895189003436426, 'RR@10': 0.8982879234167894, 'nDCG@5': 0.7339651987633385, 'nDCG@10': 0.7581400978606854}
2024-07-17 18:39:24 [INFO]   loss: 0.0004,	steps: 1130/1410,	epoch: 12,	learning_rate: 2.1276595744680853e-06
2024-07-17 18:39:26 [INFO]   loss: 0.0029,	steps: 1140/1410,	epoch: 12,	learning_rate: 2.0516717325227965e-06
2024-07-17 18:39:29 [INFO]   loss: 0.0056,	steps: 1150/1410,	epoch: 12,	learning_rate: 1.9756838905775077e-06
2024-07-17 18:39:32 [INFO]   loss: 0.0004,	steps: 1160/1410,	epoch: 12,	learning_rate: 1.899696048632219e-06
2024-07-17 18:39:34 [INFO]   loss: 0.0003,	steps: 1170/1410,	epoch: 12,	learning_rate: 1.8237082066869303e-06
2024-07-17 18:39:37 [INFO]   loss: 0.0010,	steps: 1180/1410,	epoch: 12,	learning_rate: 1.7477203647416415e-06
2024-07-17 18:39:40 [INFO]   loss: 0.0004,	steps: 1190/1410,	epoch: 12,	learning_rate: 1.6717325227963527e-06
2024-07-17 18:39:42 [INFO]   loss: 0.0003,	steps: 1200/1410,	epoch: 12,	learning_rate: 1.595744680851064e-06
2024-07-17 18:39:45 [INFO]   loss: 0.0004,	steps: 1210/1410,	epoch: 12,	learning_rate: 1.519756838905775e-06
2024-07-17 18:39:48 [INFO]   loss: 0.0074,	steps: 1220/1410,	epoch: 12,	learning_rate: 1.4437689969604865e-06
2024-07-17 18:41:46 [INFO]   第12轮的训练 测试结果为：{'R@5': 0.6249724113791147, 'R@10': 0.7187183554675383, 'RR@5': 0.8917525773195877, 'RR@10': 0.8947226313205695, 'nDCG@5': 0.7321237070488946, 'nDCG@10': 0.7555964900429442}
2024-07-17 18:41:48 [INFO]   loss: 0.0028,	steps: 1230/1410,	epoch: 13,	learning_rate: 1.3677811550151977e-06
2024-07-17 18:41:51 [INFO]   loss: 0.0003,	steps: 1240/1410,	epoch: 13,	learning_rate: 1.2917933130699089e-06
2024-07-17 18:41:54 [INFO]   loss: 0.0005,	steps: 1250/1410,	epoch: 13,	learning_rate: 1.2158054711246203e-06
2024-07-17 18:41:56 [INFO]   loss: 0.0011,	steps: 1260/1410,	epoch: 13,	learning_rate: 1.1398176291793315e-06
2024-07-17 18:41:59 [INFO]   loss: 0.0010,	steps: 1270/1410,	epoch: 13,	learning_rate: 1.0638297872340427e-06
2024-07-17 18:42:02 [INFO]   loss: 0.0009,	steps: 1280/1410,	epoch: 13,	learning_rate: 9.878419452887538e-07
2024-07-17 18:42:04 [INFO]   loss: 0.0002,	steps: 1290/1410,	epoch: 13,	learning_rate: 9.118541033434651e-07
2024-07-17 18:42:07 [INFO]   loss: 0.0003,	steps: 1300/1410,	epoch: 13,	learning_rate: 8.358662613981763e-07
2024-07-17 18:42:10 [INFO]   loss: 0.0003,	steps: 1310/1410,	epoch: 13,	learning_rate: 7.598784194528875e-07
2024-07-17 18:44:09 [INFO]   第13轮的训练 测试结果为：{'R@5': 0.6255890489366246, 'R@10': 0.7148281448762968, 'RR@5': 0.8930412371134021, 'RR@10': 0.8960112911143839, 'nDCG@5': 0.7339261236440179, 'nDCG@10': 0.7551859172433922}
2024-07-17 18:44:10 [INFO]   loss: 0.0079,	steps: 1320/1410,	epoch: 14,	learning_rate: 6.838905775075988e-07
2024-07-17 18:44:13 [INFO]   loss: 0.0004,	steps: 1330/1410,	epoch: 14,	learning_rate: 6.079027355623101e-07
2024-07-17 18:44:15 [INFO]   loss: 0.0013,	steps: 1340/1410,	epoch: 14,	learning_rate: 5.319148936170213e-07
2024-07-17 18:44:18 [INFO]   loss: 0.0003,	steps: 1350/1410,	epoch: 14,	learning_rate: 4.5592705167173257e-07
2024-07-17 18:44:21 [INFO]   loss: 0.0003,	steps: 1360/1410,	epoch: 14,	learning_rate: 3.7993920972644377e-07
2024-07-17 18:44:23 [INFO]   loss: 0.0002,	steps: 1370/1410,	epoch: 14,	learning_rate: 3.0395136778115507e-07
2024-07-17 18:44:26 [INFO]   loss: 0.0004,	steps: 1380/1410,	epoch: 14,	learning_rate: 2.2796352583586629e-07
2024-07-17 18:44:29 [INFO]   loss: 0.0005,	steps: 1390/1410,	epoch: 14,	learning_rate: 1.5197568389057753e-07
2024-07-17 18:44:32 [INFO]   loss: 0.0003,	steps: 1400/1410,	epoch: 14,	learning_rate: 7.598784194528877e-08
2024-07-17 18:44:34 [INFO]   loss: 0.0004,	steps: 1410/1410,	epoch: 14,	learning_rate: 0.0
2024-07-17 18:46:32 [INFO]   第14轮的训练 测试结果为：{'R@5': 0.6254601829572431, 'R@10': 0.7143126809587709, 'RR@5': 0.8921821305841924, 'RR@10': 0.8950949108165601, 'nDCG@5': 0.7333062065779229, 'nDCG@10': 0.7547330201786054}
2024-07-17 18:46:33 [INFO]   ------------------------------------------------
2024-07-17 18:46:33 [INFO]   第 14 轮已经训练完成  模型保存在 /mnt/workspace/clir/HIKE/mbert/output/epoch_14
2024-07-17 18:46:33 [INFO]   ------------------------------------------------
2024-07-17 18:46:33 [INFO]   ------------------------------------------------
2024-07-17 18:46:33 [INFO]   训练完成!  模型和 tokenizer 保存在 /mnt/workspace/clir/HIKE/mbert/output/training_ended
2024-07-17 18:46:33 [INFO]   ------------------------------------------------
