2024-08-21 22:40:30 [INFO]   ***** Running training *****
2024-08-21 22:40:30 [INFO]   当前时间: 2024-08-21 22:40:30
2024-08-21 22:40:30 [INFO]   Num examples = 758
2024-08-21 22:40:30 [INFO]   Num Epochs = 15
2024-08-21 22:40:30 [INFO]   Instantaneous batch size per device = 8
2024-08-21 22:40:30 [INFO]   Total train batch size (w. parallel, distributed & accumulation) = 16
2024-08-21 22:40:30 [INFO]   Total optimization steps = 1410
2024-08-21 22:40:30 [INFO]   训练的设备: cuda, 设备编号: 0
2024-08-21 22:40:35 [INFO]   loss: 0.4281,	steps: 10/1410,	epoch: 0,	learning_rate: 1.0638297872340427e-06
2024-08-21 22:40:39 [INFO]   loss: 0.2712,	steps: 20/1410,	epoch: 0,	learning_rate: 2.1276595744680853e-06
2024-08-21 22:40:43 [INFO]   loss: 0.2147,	steps: 30/1410,	epoch: 0,	learning_rate: 3.191489361702128e-06
2024-08-21 22:40:48 [INFO]   loss: 0.0083,	steps: 40/1410,	epoch: 0,	learning_rate: 4.255319148936171e-06
2024-08-21 22:40:52 [INFO]   loss: 0.1237,	steps: 50/1410,	epoch: 0,	learning_rate: 5.319148936170213e-06
2024-08-21 22:40:56 [INFO]   loss: 0.0015,	steps: 60/1410,	epoch: 0,	learning_rate: 6.382978723404256e-06
2024-08-21 22:41:01 [INFO]   loss: 0.0136,	steps: 70/1410,	epoch: 0,	learning_rate: 7.446808510638298e-06
2024-08-21 22:41:05 [INFO]   loss: 0.0012,	steps: 80/1410,	epoch: 0,	learning_rate: 8.510638297872341e-06
2024-08-21 22:41:09 [INFO]   loss: 0.0002,	steps: 90/1410,	epoch: 0,	learning_rate: 9.574468085106385e-06
2024-08-21 22:45:02 [INFO]   第0轮的训练 测试结果为：{'R@5': 0.6035531509970242, 'R@10': 0.6884132716804228, 'RR@5': 0.8095360824742268, 'RR@10': 0.813093192603502, 'nDCG@5': 0.6656016605902524, 'nDCG@10': 0.6900426712453297}
2024-08-21 22:45:04 [INFO]   loss: 0.0536,	steps: 100/1410,	epoch: 1,	learning_rate: 9.954407294832828e-06
2024-08-21 22:45:09 [INFO]   loss: 0.2500,	steps: 110/1410,	epoch: 1,	learning_rate: 9.878419452887538e-06
2024-08-21 22:45:13 [INFO]   loss: 0.2500,	steps: 120/1410,	epoch: 1,	learning_rate: 9.80243161094225e-06
2024-08-21 22:45:17 [INFO]   loss: 0.0437,	steps: 130/1410,	epoch: 1,	learning_rate: 9.726443768996962e-06
2024-08-21 22:45:22 [INFO]   loss: 0.0027,	steps: 140/1410,	epoch: 1,	learning_rate: 9.650455927051672e-06
2024-08-21 22:45:26 [INFO]   loss: 0.0071,	steps: 150/1410,	epoch: 1,	learning_rate: 9.574468085106385e-06
2024-08-21 22:45:30 [INFO]   loss: 0.0093,	steps: 160/1410,	epoch: 1,	learning_rate: 9.498480243161095e-06
2024-08-21 22:45:35 [INFO]   loss: 0.0000,	steps: 170/1410,	epoch: 1,	learning_rate: 9.422492401215805e-06
2024-08-21 22:45:39 [INFO]   loss: 0.1250,	steps: 180/1410,	epoch: 1,	learning_rate: 9.346504559270517e-06
2024-08-21 22:49:33 [INFO]   第1轮的训练 测试结果为：{'R@5': 0.5791220335542709, 'R@10': 0.6558602637472837, 'RR@5': 0.7595360824742268, 'RR@10': 0.7650159548355424, 'nDCG@5': 0.6266028378422309, 'nDCG@10': 0.6523818147381638}
2024-08-21 22:49:34 [INFO]   loss: 0.0026,	steps: 190/1410,	epoch: 2,	learning_rate: 9.27051671732523e-06
2024-08-21 22:49:38 [INFO]   loss: 0.1255,	steps: 200/1410,	epoch: 2,	learning_rate: 9.19452887537994e-06
2024-08-21 22:49:42 [INFO]   loss: 0.0000,	steps: 210/1410,	epoch: 2,	learning_rate: 9.118541033434652e-06
2024-08-21 22:49:46 [INFO]   loss: 0.1197,	steps: 220/1410,	epoch: 2,	learning_rate: 9.042553191489362e-06
2024-08-21 22:49:51 [INFO]   loss: 0.1032,	steps: 230/1410,	epoch: 2,	learning_rate: 8.966565349544074e-06
2024-08-21 22:49:55 [INFO]   loss: 0.2500,	steps: 240/1410,	epoch: 2,	learning_rate: 8.890577507598786e-06
2024-08-21 22:49:59 [INFO]   loss: 0.0000,	steps: 250/1410,	epoch: 2,	learning_rate: 8.814589665653496e-06
2024-08-21 22:50:03 [INFO]   loss: 0.0000,	steps: 260/1410,	epoch: 2,	learning_rate: 8.738601823708207e-06
2024-08-21 22:50:08 [INFO]   loss: 0.1250,	steps: 270/1410,	epoch: 2,	learning_rate: 8.662613981762919e-06
2024-08-21 22:50:12 [INFO]   loss: 0.2462,	steps: 280/1410,	epoch: 2,	learning_rate: 8.58662613981763e-06
2024-08-21 22:54:03 [INFO]   第2轮的训练 测试结果为：{'R@5': 0.5732253699891164, 'R@10': 0.6426848490976638, 'RR@5': 0.7615979381443299, 'RR@10': 0.7705653739158893, 'nDCG@5': 0.6260513186011877, 'nDCG@10': 0.6514901286080607}
2024-08-21 22:54:07 [INFO]   loss: 0.0000,	steps: 290/1410,	epoch: 3,	learning_rate: 8.510638297872341e-06
2024-08-21 22:54:11 [INFO]   loss: 0.0000,	steps: 300/1410,	epoch: 3,	learning_rate: 8.434650455927053e-06
2024-08-21 22:54:15 [INFO]   loss: 0.1607,	steps: 310/1410,	epoch: 3,	learning_rate: 8.358662613981764e-06
2024-08-21 22:54:19 [INFO]   loss: 0.0000,	steps: 320/1410,	epoch: 3,	learning_rate: 8.282674772036476e-06
2024-08-21 22:54:24 [INFO]   loss: 0.1250,	steps: 330/1410,	epoch: 3,	learning_rate: 8.206686930091186e-06
2024-08-21 22:54:28 [INFO]   loss: 0.0001,	steps: 340/1410,	epoch: 3,	learning_rate: 8.130699088145896e-06
2024-08-21 22:54:32 [INFO]   loss: 0.1264,	steps: 350/1410,	epoch: 3,	learning_rate: 8.054711246200608e-06
2024-08-21 22:54:37 [INFO]   loss: 0.2479,	steps: 360/1410,	epoch: 3,	learning_rate: 7.97872340425532e-06
2024-08-21 22:54:41 [INFO]   loss: 0.0868,	steps: 370/1410,	epoch: 3,	learning_rate: 7.90273556231003e-06
2024-08-21 22:58:33 [INFO]   第3轮的训练 测试结果为：{'R@5': 0.6122218584096407, 'R@10': 0.6837352706510608, 'RR@5': 0.8077319587628865, 'RR@10': 0.8091126656848305, 'nDCG@5': 0.6651271875808648, 'nDCG@10': 0.6784763484372275}
2024-08-21 22:58:35 [INFO]   loss: 0.0000,	steps: 380/1410,	epoch: 4,	learning_rate: 7.826747720364743e-06
2024-08-21 22:58:39 [INFO]   loss: 0.0000,	steps: 390/1410,	epoch: 4,	learning_rate: 7.750759878419453e-06
2024-08-21 22:58:43 [INFO]   loss: 0.0000,	steps: 400/1410,	epoch: 4,	learning_rate: 7.674772036474165e-06
2024-08-21 22:58:48 [INFO]   loss: 0.0000,	steps: 410/1410,	epoch: 4,	learning_rate: 7.598784194528876e-06
2024-08-21 22:58:52 [INFO]   loss: 0.0000,	steps: 420/1410,	epoch: 4,	learning_rate: 7.522796352583587e-06
2024-08-21 22:58:56 [INFO]   loss: 0.0000,	steps: 430/1410,	epoch: 4,	learning_rate: 7.446808510638298e-06
2024-08-21 22:59:00 [INFO]   loss: 0.0283,	steps: 440/1410,	epoch: 4,	learning_rate: 7.370820668693009e-06
2024-08-21 22:59:04 [INFO]   loss: 0.1250,	steps: 450/1410,	epoch: 4,	learning_rate: 7.294832826747721e-06
2024-08-21 22:59:09 [INFO]   loss: 0.0000,	steps: 460/1410,	epoch: 4,	learning_rate: 7.218844984802432e-06
2024-08-21 22:59:13 [INFO]   loss: 0.0000,	steps: 470/1410,	epoch: 4,	learning_rate: 7.1428571428571436e-06
2024-08-21 23:03:03 [INFO]   第4轮的训练 测试结果为：{'R@5': 0.6137917067591846, 'R@10': 0.6893428088977753, 'RR@5': 0.8325601374570446, 'RR@10': 0.8347999509081984, 'nDCG@5': 0.6873873660976396, 'nDCG@10': 0.7073232855727816}
2024-08-21 23:03:07 [INFO]   ------------------------------------------------
2024-08-21 23:03:07 [INFO]   第 4 轮已经训练完成  模型保存在 /mnt/workspace/clir/HIKE/output/epoch_4
2024-08-21 23:03:07 [INFO]   ------------------------------------------------
2024-08-21 23:03:11 [INFO]   loss: 0.1250,	steps: 480/1410,	epoch: 5,	learning_rate: 7.066869300911855e-06
2024-08-21 23:03:15 [INFO]   loss: 0.0000,	steps: 490/1410,	epoch: 5,	learning_rate: 6.990881458966566e-06
2024-08-21 23:03:19 [INFO]   loss: 0.0000,	steps: 500/1410,	epoch: 5,	learning_rate: 6.914893617021278e-06
2024-08-21 23:03:23 [INFO]   loss: 0.0000,	steps: 510/1410,	epoch: 5,	learning_rate: 6.838905775075988e-06
2024-08-21 23:03:28 [INFO]   loss: 0.0000,	steps: 520/1410,	epoch: 5,	learning_rate: 6.7629179331306995e-06
2024-08-21 23:03:32 [INFO]   loss: 0.1250,	steps: 530/1410,	epoch: 5,	learning_rate: 6.686930091185411e-06
2024-08-21 23:03:36 [INFO]   loss: 0.1341,	steps: 540/1410,	epoch: 5,	learning_rate: 6.610942249240122e-06
2024-08-21 23:03:40 [INFO]   loss: 0.1250,	steps: 550/1410,	epoch: 5,	learning_rate: 6.534954407294833e-06
2024-08-21 23:03:45 [INFO]   loss: 0.1199,	steps: 560/1410,	epoch: 5,	learning_rate: 6.458966565349545e-06
2024-08-21 23:07:36 [INFO]   第5轮的训练 测试结果为：{'R@5': 0.6132550736356573, 'R@10': 0.6855069551678727, 'RR@5': 0.8291237113402061, 'RR@10': 0.8314862542955325, 'nDCG@5': 0.6682146277638477, 'nDCG@10': 0.6863852846678256}
2024-08-21 23:07:39 [INFO]   loss: 0.0000,	steps: 570/1410,	epoch: 6,	learning_rate: 6.382978723404256e-06
2024-08-21 23:07:43 [INFO]   loss: 0.0000,	steps: 580/1410,	epoch: 6,	learning_rate: 6.3069908814589675e-06
2024-08-21 23:07:47 [INFO]   loss: 0.0000,	steps: 590/1410,	epoch: 6,	learning_rate: 6.231003039513678e-06
2024-08-21 23:07:52 [INFO]   loss: 0.2500,	steps: 600/1410,	epoch: 6,	learning_rate: 6.155015197568389e-06
2024-08-21 23:07:56 [INFO]   loss: 0.2500,	steps: 610/1410,	epoch: 6,	learning_rate: 6.0790273556231e-06
2024-08-21 23:08:00 [INFO]   loss: 0.1251,	steps: 620/1410,	epoch: 6,	learning_rate: 6.003039513677812e-06
2024-08-21 23:08:04 [INFO]   loss: 0.1250,	steps: 630/1410,	epoch: 6,	learning_rate: 5.9270516717325235e-06
2024-08-21 23:08:09 [INFO]   loss: 0.0861,	steps: 640/1410,	epoch: 6,	learning_rate: 5.851063829787235e-06
2024-08-21 23:08:13 [INFO]   loss: 0.0008,	steps: 650/1410,	epoch: 6,	learning_rate: 5.775075987841946e-06
2024-08-21 23:12:06 [INFO]   第6轮的训练 测试结果为：{'R@5': 0.5711123194808749, 'R@10': 0.6449299053882532, 'RR@5': 0.7725945017182134, 'RR@10': 0.7814760268368518, 'nDCG@5': 0.618487522370443, 'nDCG@10': 0.6409581460730309}
2024-08-21 23:12:07 [INFO]   loss: 0.4880,	steps: 660/1410,	epoch: 7,	learning_rate: 5.699088145896657e-06
2024-08-21 23:12:11 [INFO]   loss: 0.1250,	steps: 670/1410,	epoch: 7,	learning_rate: 5.623100303951369e-06
2024-08-21 23:12:16 [INFO]   loss: 0.4952,	steps: 680/1410,	epoch: 7,	learning_rate: 5.547112462006079e-06
2024-08-21 23:12:20 [INFO]   loss: 0.2584,	steps: 690/1410,	epoch: 7,	learning_rate: 5.471124620060791e-06
2024-08-21 23:12:24 [INFO]   loss: 0.1250,	steps: 700/1410,	epoch: 7,	learning_rate: 5.395136778115502e-06
2024-08-21 23:12:28 [INFO]   loss: 0.1250,	steps: 710/1410,	epoch: 7,	learning_rate: 5.319148936170213e-06
2024-08-21 23:12:33 [INFO]   loss: 0.2500,	steps: 720/1410,	epoch: 7,	learning_rate: 5.243161094224924e-06
2024-08-21 23:12:37 [INFO]   loss: 0.2500,	steps: 730/1410,	epoch: 7,	learning_rate: 5.1671732522796354e-06
2024-08-21 23:12:41 [INFO]   loss: 0.1248,	steps: 740/1410,	epoch: 7,	learning_rate: 5.0911854103343475e-06
2024-08-21 23:12:45 [INFO]   loss: 0.0000,	steps: 750/1410,	epoch: 7,	learning_rate: 5.015197568389059e-06
2024-08-21 23:16:37 [INFO]   第7轮的训练 测试结果为：{'R@5': 0.5978717754359338, 'R@10': 0.679481600684364, 'RR@5': 0.8302405498281789, 'RR@10': 0.8369477172312223, 'nDCG@5': 0.6777097513286579, 'nDCG@10': 0.7047962444857051}
2024-08-21 23:16:40 [INFO]   loss: 0.0000,	steps: 760/1410,	epoch: 8,	learning_rate: 4.939209726443769e-06
2024-08-21 23:16:45 [INFO]   loss: 0.0000,	steps: 770/1410,	epoch: 8,	learning_rate: 4.863221884498481e-06
2024-08-21 23:16:49 [INFO]   loss: 0.0000,	steps: 780/1410,	epoch: 8,	learning_rate: 4.787234042553192e-06
2024-08-21 23:16:53 [INFO]   loss: 0.1250,	steps: 790/1410,	epoch: 8,	learning_rate: 4.711246200607903e-06
2024-08-21 23:16:57 [INFO]   loss: 0.0000,	steps: 800/1410,	epoch: 8,	learning_rate: 4.635258358662615e-06
2024-08-21 23:17:02 [INFO]   loss: 0.0000,	steps: 810/1410,	epoch: 8,	learning_rate: 4.559270516717326e-06
2024-08-21 23:17:06 [INFO]   loss: 0.1250,	steps: 820/1410,	epoch: 8,	learning_rate: 4.483282674772037e-06
2024-08-21 23:17:10 [INFO]   loss: 0.0000,	steps: 830/1410,	epoch: 8,	learning_rate: 4.407294832826748e-06
2024-08-21 23:17:14 [INFO]   loss: 0.0000,	steps: 840/1410,	epoch: 8,	learning_rate: 4.331306990881459e-06
2024-08-21 23:21:07 [INFO]   第8轮的训练 测试结果为：{'R@5': 0.6030933739233679, 'R@10': 0.68179629721216, 'RR@5': 0.8228522336769762, 'RR@10': 0.8270393552610049, 'nDCG@5': 0.6717198678501349, 'nDCG@10': 0.697173894456255}
2024-08-21 23:21:09 [INFO]   loss: 0.1250,	steps: 850/1410,	epoch: 9,	learning_rate: 4.255319148936171e-06
2024-08-21 23:21:13 [INFO]   loss: 0.0002,	steps: 860/1410,	epoch: 9,	learning_rate: 4.179331306990882e-06
2024-08-21 23:21:17 [INFO]   loss: 0.0000,	steps: 870/1410,	epoch: 9,	learning_rate: 4.103343465045593e-06
2024-08-21 23:21:21 [INFO]   loss: 0.2281,	steps: 880/1410,	epoch: 9,	learning_rate: 4.027355623100304e-06
2024-08-21 23:21:25 [INFO]   loss: 0.0000,	steps: 890/1410,	epoch: 9,	learning_rate: 3.951367781155015e-06
2024-08-21 23:21:29 [INFO]   loss: 0.0000,	steps: 900/1410,	epoch: 9,	learning_rate: 3.875379939209727e-06
2024-08-21 23:21:34 [INFO]   loss: 0.0000,	steps: 910/1410,	epoch: 9,	learning_rate: 3.799392097264438e-06
2024-08-21 23:21:38 [INFO]   loss: 0.0000,	steps: 920/1410,	epoch: 9,	learning_rate: 3.723404255319149e-06
2024-08-21 23:21:42 [INFO]   loss: 0.1250,	steps: 930/1410,	epoch: 9,	learning_rate: 3.6474164133738606e-06
2024-08-21 23:21:46 [INFO]   loss: 0.1247,	steps: 940/1410,	epoch: 9,	learning_rate: 3.5714285714285718e-06
2024-08-21 23:25:37 [INFO]   第9轮的训练 测试结果为：{'R@5': 0.6116646886362727, 'R@10': 0.6954418068523636, 'RR@5': 0.8359106529209623, 'RR@10': 0.8392243495336278, 'nDCG@5': 0.6952040222414141, 'nDCG@10': 0.7175462997230149}
2024-08-21 23:25:40 [INFO]   ------------------------------------------------
2024-08-21 23:25:40 [INFO]   第 9 轮已经训练完成  模型保存在 /mnt/workspace/clir/HIKE/output/epoch_9
2024-08-21 23:25:40 [INFO]   ------------------------------------------------
2024-08-21 23:25:44 [INFO]   loss: 0.2500,	steps: 950/1410,	epoch: 10,	learning_rate: 3.495440729483283e-06
2024-08-21 23:25:48 [INFO]   loss: 0.0000,	steps: 960/1410,	epoch: 10,	learning_rate: 3.419452887537994e-06
2024-08-21 23:25:53 [INFO]   loss: 0.0024,	steps: 970/1410,	epoch: 10,	learning_rate: 3.3434650455927054e-06
2024-08-21 23:25:57 [INFO]   loss: 0.1250,	steps: 980/1410,	epoch: 10,	learning_rate: 3.2674772036474166e-06
2024-08-21 23:26:01 [INFO]   loss: 0.0000,	steps: 990/1410,	epoch: 10,	learning_rate: 3.191489361702128e-06
2024-08-21 23:26:05 [INFO]   loss: 0.0000,	steps: 1000/1410,	epoch: 10,	learning_rate: 3.115501519756839e-06
2024-08-21 23:26:09 [INFO]   loss: 0.0000,	steps: 1010/1410,	epoch: 10,	learning_rate: 3.03951367781155e-06
2024-08-21 23:26:14 [INFO]   loss: 0.0000,	steps: 1020/1410,	epoch: 10,	learning_rate: 2.9635258358662618e-06
2024-08-21 23:26:18 [INFO]   loss: 0.1250,	steps: 1030/1410,	epoch: 10,	learning_rate: 2.887537993920973e-06
2024-08-21 23:30:10 [INFO]   第10轮的训练 测试结果为：{'R@5': 0.6013440761147105, 'R@10': 0.6873877288094066, 'RR@5': 0.8495704467353953, 'RR@10': 0.8552610047455409, 'nDCG@5': 0.6872249376704174, 'nDCG@10': 0.7130654566573392}
2024-08-21 23:30:12 [INFO]   loss: 0.0000,	steps: 1040/1410,	epoch: 11,	learning_rate: 2.8115501519756846e-06
2024-08-21 23:30:16 [INFO]   loss: 0.1250,	steps: 1050/1410,	epoch: 11,	learning_rate: 2.7355623100303953e-06
2024-08-21 23:30:20 [INFO]   loss: 0.0000,	steps: 1060/1410,	epoch: 11,	learning_rate: 2.6595744680851065e-06
2024-08-21 23:30:25 [INFO]   loss: 0.0000,	steps: 1070/1410,	epoch: 11,	learning_rate: 2.5835866261398177e-06
2024-08-21 23:30:29 [INFO]   loss: 0.0000,	steps: 1080/1410,	epoch: 11,	learning_rate: 2.5075987841945293e-06
2024-08-21 23:30:33 [INFO]   loss: 0.0328,	steps: 1090/1410,	epoch: 11,	learning_rate: 2.4316109422492405e-06
2024-08-21 23:30:37 [INFO]   loss: 0.1250,	steps: 1100/1410,	epoch: 11,	learning_rate: 2.3556231003039513e-06
2024-08-21 23:30:42 [INFO]   loss: 0.1250,	steps: 1110/1410,	epoch: 11,	learning_rate: 2.279635258358663e-06
2024-08-21 23:30:46 [INFO]   loss: 0.0000,	steps: 1120/1410,	epoch: 11,	learning_rate: 2.203647416413374e-06
2024-08-21 23:34:40 [INFO]   第11轮的训练 测试结果为：{'R@5': 0.622435541391248, 'R@10': 0.693771210060263, 'RR@5': 0.8531786941580757, 'RR@10': 0.8545594010800197, 'nDCG@5': 0.7055646844202597, 'nDCG@10': 0.7227660026537255}
2024-08-21 23:34:41 [INFO]   loss: 0.1250,	steps: 1130/1410,	epoch: 12,	learning_rate: 2.1276595744680853e-06
2024-08-21 23:34:45 [INFO]   loss: 0.0000,	steps: 1140/1410,	epoch: 12,	learning_rate: 2.0516717325227965e-06
2024-08-21 23:34:50 [INFO]   loss: 0.0000,	steps: 1150/1410,	epoch: 12,	learning_rate: 1.9756838905775077e-06
2024-08-21 23:34:54 [INFO]   loss: 0.1250,	steps: 1160/1410,	epoch: 12,	learning_rate: 1.899696048632219e-06
2024-08-21 23:34:58 [INFO]   loss: 0.1250,	steps: 1170/1410,	epoch: 12,	learning_rate: 1.8237082066869303e-06
2024-08-21 23:35:02 [INFO]   loss: 0.1250,	steps: 1180/1410,	epoch: 12,	learning_rate: 1.7477203647416415e-06
2024-08-21 23:35:07 [INFO]   loss: 0.0000,	steps: 1190/1410,	epoch: 12,	learning_rate: 1.6717325227963527e-06
2024-08-21 23:35:11 [INFO]   loss: 0.1250,	steps: 1200/1410,	epoch: 12,	learning_rate: 1.595744680851064e-06
2024-08-21 23:35:15 [INFO]   loss: 0.0000,	steps: 1210/1410,	epoch: 12,	learning_rate: 1.519756838905775e-06
2024-08-21 23:35:19 [INFO]   loss: 0.0000,	steps: 1220/1410,	epoch: 12,	learning_rate: 1.4437689969604865e-06
2024-08-21 23:39:11 [INFO]   第12轮的训练 测试结果为：{'R@5': 0.6076637491308663, 'R@10': 0.6883898934578074, 'RR@5': 0.8430412371134022, 'RR@10': 0.8469931271477662, 'nDCG@5': 0.6875436174163714, 'nDCG@10': 0.7119544064913511}
2024-08-21 23:39:14 [INFO]   loss: 0.0000,	steps: 1230/1410,	epoch: 13,	learning_rate: 1.3677811550151977e-06
2024-08-21 23:39:18 [INFO]   loss: 0.0000,	steps: 1240/1410,	epoch: 13,	learning_rate: 1.2917933130699089e-06
2024-08-21 23:39:23 [INFO]   loss: 0.1250,	steps: 1250/1410,	epoch: 13,	learning_rate: 1.2158054711246203e-06
2024-08-21 23:39:27 [INFO]   loss: 0.1250,	steps: 1260/1410,	epoch: 13,	learning_rate: 1.1398176291793315e-06
2024-08-21 23:39:31 [INFO]   loss: 0.1250,	steps: 1270/1410,	epoch: 13,	learning_rate: 1.0638297872340427e-06
2024-08-21 23:39:35 [INFO]   loss: 0.0000,	steps: 1280/1410,	epoch: 13,	learning_rate: 9.878419452887538e-07
2024-08-21 23:39:40 [INFO]   loss: 0.0000,	steps: 1290/1410,	epoch: 13,	learning_rate: 9.118541033434651e-07
2024-08-21 23:39:44 [INFO]   loss: 0.1250,	steps: 1300/1410,	epoch: 13,	learning_rate: 8.358662613981763e-07
2024-08-21 23:39:48 [INFO]   loss: 0.1233,	steps: 1310/1410,	epoch: 13,	learning_rate: 7.598784194528875e-07
2024-08-21 23:43:41 [INFO]   第13轮的训练 测试结果为：{'R@5': 0.6031437014487849, 'R@10': 0.6842797591343316, 'RR@5': 0.8287800687285225, 'RR@10': 0.8333762886597939, 'nDCG@5': 0.6778277413053208, 'nDCG@10': 0.7051015712440413}
2024-08-21 23:43:42 [INFO]   loss: 0.0000,	steps: 1320/1410,	epoch: 14,	learning_rate: 6.838905775075988e-07
2024-08-21 23:43:46 [INFO]   loss: 0.0000,	steps: 1330/1410,	epoch: 14,	learning_rate: 6.079027355623101e-07
2024-08-21 23:43:51 [INFO]   loss: 0.1250,	steps: 1340/1410,	epoch: 14,	learning_rate: 5.319148936170213e-07
2024-08-21 23:43:55 [INFO]   loss: 0.0000,	steps: 1350/1410,	epoch: 14,	learning_rate: 4.5592705167173257e-07
2024-08-21 23:43:59 [INFO]   loss: 0.0000,	steps: 1360/1410,	epoch: 14,	learning_rate: 3.7993920972644377e-07
2024-08-21 23:44:03 [INFO]   loss: 0.0000,	steps: 1370/1410,	epoch: 14,	learning_rate: 3.0395136778115507e-07
2024-08-21 23:44:07 [INFO]   loss: 0.0000,	steps: 1380/1410,	epoch: 14,	learning_rate: 2.2796352583586629e-07
2024-08-21 23:44:12 [INFO]   loss: 0.0083,	steps: 1390/1410,	epoch: 14,	learning_rate: 1.5197568389057753e-07
2024-08-21 23:44:16 [INFO]   loss: 0.0000,	steps: 1400/1410,	epoch: 14,	learning_rate: 7.598784194528877e-08
2024-08-21 23:44:20 [INFO]   loss: 0.0000,	steps: 1410/1410,	epoch: 14,	learning_rate: 0.0
2024-08-21 23:48:11 [INFO]   第14轮的训练 测试结果为：{'R@5': 0.6031175623048941, 'R@10': 0.6826059888020144, 'RR@5': 0.8272336769759451, 'RR@10': 0.8318298969072165, 'nDCG@5': 0.6785587243903815, 'nDCG@10': 0.7043497524843629}
2024-08-21 23:48:14 [INFO]   ------------------------------------------------
2024-08-21 23:48:14 [INFO]   第 14 轮已经训练完成  模型保存在 /mnt/workspace/clir/HIKE/output/epoch_14
2024-08-21 23:48:14 [INFO]   ------------------------------------------------
2024-08-21 23:48:18 [INFO]   ------------------------------------------------
2024-08-21 23:48:18 [INFO]   训练完成!  模型和 tokenizer 保存在 /mnt/workspace/clir/HIKE/output/training_ended
2024-08-21 23:48:18 [INFO]   ------------------------------------------------
