2024-08-22 17:39:41 [INFO]   ***** Running training *****
2024-08-22 17:39:41 [INFO]   当前时间: 2024-08-22 17:39:41
2024-08-22 17:39:41 [INFO]   Num examples = 758
2024-08-22 17:39:41 [INFO]   Num Epochs = 15
2024-08-22 17:39:41 [INFO]   Instantaneous batch size per device = 8
2024-08-22 17:39:41 [INFO]   Total train batch size (w. parallel, distributed & accumulation) = 16
2024-08-22 17:39:41 [INFO]   Total optimization steps = 1410
2024-08-22 17:39:41 [INFO]   训练的设备: cuda, 设备编号: 0
2024-08-22 17:39:48 [INFO]   loss: 0.4765,	steps: 10/1410,	epoch: 0,	learning_rate: 1.0638297872340427e-06
2024-08-22 17:39:52 [INFO]   loss: 0.3759,	steps: 20/1410,	epoch: 0,	learning_rate: 2.1276595744680853e-06
2024-08-22 17:39:56 [INFO]   loss: 0.1854,	steps: 30/1410,	epoch: 0,	learning_rate: 3.191489361702128e-06
2024-08-22 17:40:00 [INFO]   loss: 0.1717,	steps: 40/1410,	epoch: 0,	learning_rate: 4.255319148936171e-06
2024-08-22 17:40:05 [INFO]   loss: 0.2850,	steps: 50/1410,	epoch: 0,	learning_rate: 5.319148936170213e-06
2024-08-22 17:40:09 [INFO]   loss: 0.0023,	steps: 60/1410,	epoch: 0,	learning_rate: 6.382978723404256e-06
2024-08-22 17:40:13 [INFO]   loss: 0.0533,	steps: 70/1410,	epoch: 0,	learning_rate: 7.446808510638298e-06
2024-08-22 17:40:17 [INFO]   loss: 0.0000,	steps: 80/1410,	epoch: 0,	learning_rate: 8.510638297872341e-06
2024-08-22 17:40:22 [INFO]   loss: 0.1273,	steps: 90/1410,	epoch: 0,	learning_rate: 9.574468085106385e-06
2024-08-22 17:44:15 [INFO]   第0轮的训练 测试结果为：{'R@5': 0.5883834755908817, 'R@10': 0.675165252381358, 'RR@5': 0.8445876288659795, 'RR@10': 0.8482020127638685, 'nDCG@5': 0.6390900988456151, 'nDCG@10': 0.6598231213251843}
2024-08-22 17:44:18 [INFO]   loss: 0.0000,	steps: 100/1410,	epoch: 1,	learning_rate: 9.954407294832828e-06
2024-08-22 17:44:22 [INFO]   loss: 0.0001,	steps: 110/1410,	epoch: 1,	learning_rate: 9.878419452887538e-06
2024-08-22 17:44:27 [INFO]   loss: 0.0000,	steps: 120/1410,	epoch: 1,	learning_rate: 9.80243161094225e-06
2024-08-22 17:44:31 [INFO]   loss: 0.1169,	steps: 130/1410,	epoch: 1,	learning_rate: 9.726443768996962e-06
2024-08-22 17:44:35 [INFO]   loss: 0.0001,	steps: 140/1410,	epoch: 1,	learning_rate: 9.650455927051672e-06
2024-08-22 17:44:40 [INFO]   loss: 0.0092,	steps: 150/1410,	epoch: 1,	learning_rate: 9.574468085106385e-06
2024-08-22 17:44:44 [INFO]   loss: 0.0000,	steps: 160/1410,	epoch: 1,	learning_rate: 9.498480243161095e-06
2024-08-22 17:44:48 [INFO]   loss: 0.0001,	steps: 170/1410,	epoch: 1,	learning_rate: 9.422492401215805e-06
2024-08-22 17:44:53 [INFO]   loss: 0.0032,	steps: 180/1410,	epoch: 1,	learning_rate: 9.346504559270517e-06
2024-08-22 17:48:47 [INFO]   第1轮的训练 测试结果为：{'R@5': 0.5980967803489753, 'R@10': 0.6880078697563276, 'RR@5': 0.8351374570446736, 'RR@10': 0.8386863852070038, 'nDCG@5': 0.6615554305901367, 'nDCG@10': 0.6834911920778688}
2024-08-22 17:48:48 [INFO]   loss: 0.0441,	steps: 190/1410,	epoch: 2,	learning_rate: 9.27051671732523e-06
2024-08-22 17:48:52 [INFO]   loss: 0.0002,	steps: 200/1410,	epoch: 2,	learning_rate: 9.19452887537994e-06
2024-08-22 17:48:56 [INFO]   loss: 0.0000,	steps: 210/1410,	epoch: 2,	learning_rate: 9.118541033434652e-06
2024-08-22 17:49:01 [INFO]   loss: 0.0000,	steps: 220/1410,	epoch: 2,	learning_rate: 9.042553191489362e-06
2024-08-22 17:49:05 [INFO]   loss: 0.0000,	steps: 230/1410,	epoch: 2,	learning_rate: 8.966565349544074e-06
2024-08-22 17:49:09 [INFO]   loss: 0.0000,	steps: 240/1410,	epoch: 2,	learning_rate: 8.890577507598786e-06
2024-08-22 17:49:14 [INFO]   loss: 0.0000,	steps: 250/1410,	epoch: 2,	learning_rate: 8.814589665653496e-06
2024-08-22 17:49:18 [INFO]   loss: 0.0000,	steps: 260/1410,	epoch: 2,	learning_rate: 8.738601823708207e-06
2024-08-22 17:49:23 [INFO]   loss: 0.0000,	steps: 270/1410,	epoch: 2,	learning_rate: 8.662613981762919e-06
2024-08-22 17:49:27 [INFO]   loss: 0.0004,	steps: 280/1410,	epoch: 2,	learning_rate: 8.58662613981763e-06
2024-08-22 17:53:18 [INFO]   第2轮的训练 测试结果为：{'R@5': 0.6216603134689932, 'R@10': 0.691364431935223, 'RR@5': 0.8463058419243988, 'RR@10': 0.8511986581574212, 'nDCG@5': 0.7035054934613144, 'nDCG@10': 0.7140799544141367}
2024-08-22 17:53:22 [INFO]   loss: 0.0000,	steps: 290/1410,	epoch: 3,	learning_rate: 8.510638297872341e-06
2024-08-22 17:53:26 [INFO]   loss: 0.0001,	steps: 300/1410,	epoch: 3,	learning_rate: 8.434650455927053e-06
2024-08-22 17:53:31 [INFO]   loss: 0.0000,	steps: 310/1410,	epoch: 3,	learning_rate: 8.358662613981764e-06
2024-08-22 17:53:35 [INFO]   loss: 0.1250,	steps: 320/1410,	epoch: 3,	learning_rate: 8.282674772036476e-06
2024-08-22 17:53:39 [INFO]   loss: 0.0002,	steps: 330/1410,	epoch: 3,	learning_rate: 8.206686930091186e-06
2024-08-22 17:53:44 [INFO]   loss: 0.0000,	steps: 340/1410,	epoch: 3,	learning_rate: 8.130699088145896e-06
2024-08-22 17:53:48 [INFO]   loss: 0.1134,	steps: 350/1410,	epoch: 3,	learning_rate: 8.054711246200608e-06
2024-08-22 17:53:52 [INFO]   loss: 0.1255,	steps: 360/1410,	epoch: 3,	learning_rate: 7.97872340425532e-06
2024-08-22 17:53:56 [INFO]   loss: 0.0000,	steps: 370/1410,	epoch: 3,	learning_rate: 7.90273556231003e-06
2024-08-22 17:57:50 [INFO]   第3轮的训练 测试结果为：{'R@5': 0.6205143905406206, 'R@10': 0.6813270770298707, 'RR@5': 0.8426116838487974, 'RR@10': 0.8459744722631322, 'nDCG@5': 0.701186195025324, 'nDCG@10': 0.7138424661804447}
2024-08-22 17:57:52 [INFO]   loss: 0.1060,	steps: 380/1410,	epoch: 4,	learning_rate: 7.826747720364743e-06
2024-08-22 17:57:56 [INFO]   loss: 0.1250,	steps: 390/1410,	epoch: 4,	learning_rate: 7.750759878419453e-06
2024-08-22 17:58:00 [INFO]   loss: 0.0000,	steps: 400/1410,	epoch: 4,	learning_rate: 7.674772036474165e-06
2024-08-22 17:58:05 [INFO]   loss: 0.1247,	steps: 410/1410,	epoch: 4,	learning_rate: 7.598784194528876e-06
2024-08-22 17:58:09 [INFO]   loss: 0.0000,	steps: 420/1410,	epoch: 4,	learning_rate: 7.522796352583587e-06
2024-08-22 17:58:13 [INFO]   loss: 0.1250,	steps: 430/1410,	epoch: 4,	learning_rate: 7.446808510638298e-06
2024-08-22 17:58:18 [INFO]   loss: 0.0000,	steps: 440/1410,	epoch: 4,	learning_rate: 7.370820668693009e-06
2024-08-22 17:58:22 [INFO]   loss: 0.0000,	steps: 450/1410,	epoch: 4,	learning_rate: 7.294832826747721e-06
2024-08-22 17:58:26 [INFO]   loss: 0.0000,	steps: 460/1410,	epoch: 4,	learning_rate: 7.218844984802432e-06
2024-08-22 17:58:31 [INFO]   loss: 0.1243,	steps: 470/1410,	epoch: 4,	learning_rate: 7.1428571428571436e-06
2024-08-22 18:02:22 [INFO]   第4轮的训练 测试结果为：{'R@5': 0.623021125637791, 'R@10': 0.6986777104198061, 'RR@5': 0.8467353951890033, 'RR@10': 0.85139911634757, 'nDCG@5': 0.7045357272255833, 'nDCG@10': 0.7215174468756095}
2024-08-22 18:02:24 [INFO]   ------------------------------------------------
2024-08-22 18:02:24 [INFO]   第 4 轮已经训练完成  模型保存在 /mnt/workspace/clir/HIKE/output/epoch_4
2024-08-22 18:02:24 [INFO]   ------------------------------------------------
2024-08-22 18:02:29 [INFO]   loss: 0.1796,	steps: 480/1410,	epoch: 5,	learning_rate: 7.066869300911855e-06
2024-08-22 18:02:33 [INFO]   loss: 0.0000,	steps: 490/1410,	epoch: 5,	learning_rate: 6.990881458966566e-06
2024-08-22 18:02:37 [INFO]   loss: 0.0102,	steps: 500/1410,	epoch: 5,	learning_rate: 6.914893617021278e-06
2024-08-22 18:02:42 [INFO]   loss: 0.1250,	steps: 510/1410,	epoch: 5,	learning_rate: 6.838905775075988e-06
2024-08-22 18:02:46 [INFO]   loss: 0.0000,	steps: 520/1410,	epoch: 5,	learning_rate: 6.7629179331306995e-06
2024-08-22 18:02:50 [INFO]   loss: 0.0000,	steps: 530/1410,	epoch: 5,	learning_rate: 6.686930091185411e-06
2024-08-22 18:02:54 [INFO]   loss: 0.1250,	steps: 540/1410,	epoch: 5,	learning_rate: 6.610942249240122e-06
2024-08-22 18:02:59 [INFO]   loss: 0.0000,	steps: 550/1410,	epoch: 5,	learning_rate: 6.534954407294833e-06
2024-08-22 18:03:03 [INFO]   loss: 0.0000,	steps: 560/1410,	epoch: 5,	learning_rate: 6.458966565349545e-06
2024-08-22 18:06:56 [INFO]   第5轮的训练 测试结果为：{'R@5': 0.6243176444888947, 'R@10': 0.7157148098539191, 'RR@5': 0.8586769759450171, 'RR@10': 0.8620622647684502, 'nDCG@5': 0.711775861847185, 'nDCG@10': 0.734777614078909}
2024-08-22 18:06:58 [INFO]   loss: 0.2500,	steps: 570/1410,	epoch: 6,	learning_rate: 6.382978723404256e-06
2024-08-22 18:07:03 [INFO]   loss: 0.0000,	steps: 580/1410,	epoch: 6,	learning_rate: 6.3069908814589675e-06
2024-08-22 18:07:07 [INFO]   loss: 0.0000,	steps: 590/1410,	epoch: 6,	learning_rate: 6.231003039513678e-06
2024-08-22 18:07:11 [INFO]   loss: 0.0000,	steps: 600/1410,	epoch: 6,	learning_rate: 6.155015197568389e-06
2024-08-22 18:07:16 [INFO]   loss: 0.0000,	steps: 610/1410,	epoch: 6,	learning_rate: 6.0790273556231e-06
2024-08-22 18:07:20 [INFO]   loss: 0.0000,	steps: 620/1410,	epoch: 6,	learning_rate: 6.003039513677812e-06
2024-08-22 18:07:24 [INFO]   loss: 0.0000,	steps: 630/1410,	epoch: 6,	learning_rate: 5.9270516717325235e-06
2024-08-22 18:07:28 [INFO]   loss: 0.0000,	steps: 640/1410,	epoch: 6,	learning_rate: 5.851063829787235e-06
2024-08-22 18:07:33 [INFO]   loss: 0.0000,	steps: 650/1410,	epoch: 6,	learning_rate: 5.775075987841946e-06
2024-08-22 18:11:27 [INFO]   第6轮的训练 测试结果为：{'R@5': 0.6309584225717383, 'R@10': 0.7057245750795845, 'RR@5': 0.8491408934707905, 'RR@10': 0.8512170675830472, 'nDCG@5': 0.7135950583020438, 'nDCG@10': 0.7289718253968885}
2024-08-22 18:11:28 [INFO]   loss: 0.0001,	steps: 660/1410,	epoch: 7,	learning_rate: 5.699088145896657e-06
2024-08-22 18:11:32 [INFO]   loss: 0.0010,	steps: 670/1410,	epoch: 7,	learning_rate: 5.623100303951369e-06
2024-08-22 18:11:36 [INFO]   loss: 0.1221,	steps: 680/1410,	epoch: 7,	learning_rate: 5.547112462006079e-06
2024-08-22 18:11:41 [INFO]   loss: 0.0000,	steps: 690/1410,	epoch: 7,	learning_rate: 5.471124620060791e-06
2024-08-22 18:11:45 [INFO]   loss: 0.0000,	steps: 700/1410,	epoch: 7,	learning_rate: 5.395136778115502e-06
2024-08-22 18:11:49 [INFO]   loss: 0.0000,	steps: 710/1410,	epoch: 7,	learning_rate: 5.319148936170213e-06
2024-08-22 18:11:54 [INFO]   loss: 0.1262,	steps: 720/1410,	epoch: 7,	learning_rate: 5.243161094224924e-06
2024-08-22 18:11:58 [INFO]   loss: 0.0000,	steps: 730/1410,	epoch: 7,	learning_rate: 5.1671732522796354e-06
2024-08-22 18:12:02 [INFO]   loss: 0.0000,	steps: 740/1410,	epoch: 7,	learning_rate: 5.0911854103343475e-06
2024-08-22 18:12:06 [INFO]   loss: 0.0000,	steps: 750/1410,	epoch: 7,	learning_rate: 5.015197568389059e-06
2024-08-22 18:15:59 [INFO]   第7轮的训练 测试结果为：{'R@5': 0.6265953820954241, 'R@10': 0.712223994394491, 'RR@5': 0.8376288659793816, 'RR@10': 0.8412432498772706, 'nDCG@5': 0.7055775948003739, 'nDCG@10': 0.728174914872437}
2024-08-22 18:16:02 [INFO]   loss: 0.0000,	steps: 760/1410,	epoch: 8,	learning_rate: 4.939209726443769e-06
2024-08-22 18:16:06 [INFO]   loss: 0.1250,	steps: 770/1410,	epoch: 8,	learning_rate: 4.863221884498481e-06
2024-08-22 18:16:11 [INFO]   loss: 0.1250,	steps: 780/1410,	epoch: 8,	learning_rate: 4.787234042553192e-06
2024-08-22 18:16:15 [INFO]   loss: 0.0013,	steps: 790/1410,	epoch: 8,	learning_rate: 4.711246200607903e-06
2024-08-22 18:16:19 [INFO]   loss: 0.1250,	steps: 800/1410,	epoch: 8,	learning_rate: 4.635258358662615e-06
2024-08-22 18:16:24 [INFO]   loss: 0.0000,	steps: 810/1410,	epoch: 8,	learning_rate: 4.559270516717326e-06
2024-08-22 18:16:28 [INFO]   loss: 0.0000,	steps: 820/1410,	epoch: 8,	learning_rate: 4.483282674772037e-06
2024-08-22 18:16:32 [INFO]   loss: 0.1250,	steps: 830/1410,	epoch: 8,	learning_rate: 4.407294832826748e-06
2024-08-22 18:16:36 [INFO]   loss: 0.0001,	steps: 840/1410,	epoch: 8,	learning_rate: 4.331306990881459e-06
2024-08-22 18:20:30 [INFO]   第8轮的训练 测试结果为：{'R@5': 0.627916378933312, 'R@10': 0.7159087793078884, 'RR@5': 0.8609965635738831, 'RR@10': 0.8653125511372933, 'nDCG@5': 0.7214008041294617, 'nDCG@10': 0.7455330038975019}
2024-08-22 18:20:32 [INFO]   loss: 0.0000,	steps: 850/1410,	epoch: 9,	learning_rate: 4.255319148936171e-06
2024-08-22 18:20:36 [INFO]   loss: 0.0588,	steps: 860/1410,	epoch: 9,	learning_rate: 4.179331306990882e-06
2024-08-22 18:20:41 [INFO]   loss: 0.0835,	steps: 870/1410,	epoch: 9,	learning_rate: 4.103343465045593e-06
2024-08-22 18:20:45 [INFO]   loss: 0.0000,	steps: 880/1410,	epoch: 9,	learning_rate: 4.027355623100304e-06
2024-08-22 18:20:49 [INFO]   loss: 0.0000,	steps: 890/1410,	epoch: 9,	learning_rate: 3.951367781155015e-06
2024-08-22 18:20:54 [INFO]   loss: 0.1249,	steps: 900/1410,	epoch: 9,	learning_rate: 3.875379939209727e-06
2024-08-22 18:20:58 [INFO]   loss: 0.0000,	steps: 910/1410,	epoch: 9,	learning_rate: 3.799392097264438e-06
2024-08-22 18:21:02 [INFO]   loss: 0.0000,	steps: 920/1410,	epoch: 9,	learning_rate: 3.723404255319149e-06
2024-08-22 18:21:07 [INFO]   loss: 0.0000,	steps: 930/1410,	epoch: 9,	learning_rate: 3.6474164133738606e-06
2024-08-22 18:21:11 [INFO]   loss: 0.0000,	steps: 940/1410,	epoch: 9,	learning_rate: 3.5714285714285718e-06
2024-08-22 18:25:02 [INFO]   第9轮的训练 测试结果为：{'R@5': 0.6244164793216709, 'R@10': 0.7064464891907652, 'RR@5': 0.8609106529209624, 'RR@10': 0.8638807069219441, 'nDCG@5': 0.7233533390808297, 'nDCG@10': 0.7392933453618151}
2024-08-22 18:25:04 [INFO]   ------------------------------------------------
2024-08-22 18:25:04 [INFO]   第 9 轮已经训练完成  模型保存在 /mnt/workspace/clir/HIKE/output/epoch_9
2024-08-22 18:25:04 [INFO]   ------------------------------------------------
2024-08-22 18:25:09 [INFO]   loss: 0.0000,	steps: 950/1410,	epoch: 10,	learning_rate: 3.495440729483283e-06
2024-08-22 18:25:13 [INFO]   loss: 0.0000,	steps: 960/1410,	epoch: 10,	learning_rate: 3.419452887537994e-06
2024-08-22 18:25:17 [INFO]   loss: 0.0000,	steps: 970/1410,	epoch: 10,	learning_rate: 3.3434650455927054e-06
2024-08-22 18:25:22 [INFO]   loss: 0.0000,	steps: 980/1410,	epoch: 10,	learning_rate: 3.2674772036474166e-06
2024-08-22 18:25:26 [INFO]   loss: 0.1240,	steps: 990/1410,	epoch: 10,	learning_rate: 3.191489361702128e-06
2024-08-22 18:25:30 [INFO]   loss: 0.0000,	steps: 1000/1410,	epoch: 10,	learning_rate: 3.115501519756839e-06
2024-08-22 18:25:34 [INFO]   loss: 0.0000,	steps: 1010/1410,	epoch: 10,	learning_rate: 3.03951367781155e-06
2024-08-22 18:25:39 [INFO]   loss: 0.0000,	steps: 1020/1410,	epoch: 10,	learning_rate: 2.9635258358662618e-06
2024-08-22 18:25:43 [INFO]   loss: 0.0000,	steps: 1030/1410,	epoch: 10,	learning_rate: 2.887537993920973e-06
2024-08-22 18:29:36 [INFO]   第10轮的训练 测试结果为：{'R@5': 0.6186592728225679, 'R@10': 0.7050496638036827, 'RR@5': 0.8702749140893471, 'RR@10': 0.872995418098511, 'nDCG@5': 0.7187145043068309, 'nDCG@10': 0.7388954597277237}
2024-08-22 18:29:38 [INFO]   loss: 0.1250,	steps: 1040/1410,	epoch: 11,	learning_rate: 2.8115501519756846e-06
2024-08-22 18:29:42 [INFO]   loss: 0.0000,	steps: 1050/1410,	epoch: 11,	learning_rate: 2.7355623100303953e-06
2024-08-22 18:29:47 [INFO]   loss: 0.0000,	steps: 1060/1410,	epoch: 11,	learning_rate: 2.6595744680851065e-06
2024-08-22 18:29:51 [INFO]   loss: 0.0000,	steps: 1070/1410,	epoch: 11,	learning_rate: 2.5835866261398177e-06
2024-08-22 18:29:55 [INFO]   loss: 0.0000,	steps: 1080/1410,	epoch: 11,	learning_rate: 2.5075987841945293e-06
2024-08-22 18:30:00 [INFO]   loss: 0.0000,	steps: 1090/1410,	epoch: 11,	learning_rate: 2.4316109422492405e-06
2024-08-22 18:30:04 [INFO]   loss: 0.0000,	steps: 1100/1410,	epoch: 11,	learning_rate: 2.3556231003039513e-06
2024-08-22 18:30:08 [INFO]   loss: 0.0000,	steps: 1110/1410,	epoch: 11,	learning_rate: 2.279635258358663e-06
2024-08-22 18:30:12 [INFO]   loss: 0.0000,	steps: 1120/1410,	epoch: 11,	learning_rate: 2.203647416413374e-06
2024-08-22 18:34:07 [INFO]   第11轮的训练 测试结果为：{'R@5': 0.6201985053540685, 'R@10': 0.7038898699892496, 'RR@5': 0.8724226804123713, 'RR@10': 0.8751431844215352, 'nDCG@5': 0.7193639371904701, 'nDCG@10': 0.738648546477801}
2024-08-22 18:34:08 [INFO]   loss: 0.0000,	steps: 1130/1410,	epoch: 12,	learning_rate: 2.1276595744680853e-06
2024-08-22 18:34:12 [INFO]   loss: 0.0000,	steps: 1140/1410,	epoch: 12,	learning_rate: 2.0516717325227965e-06
2024-08-22 18:34:16 [INFO]   loss: 0.0000,	steps: 1150/1410,	epoch: 12,	learning_rate: 1.9756838905775077e-06
2024-08-22 18:34:21 [INFO]   loss: 0.0000,	steps: 1160/1410,	epoch: 12,	learning_rate: 1.899696048632219e-06
2024-08-22 18:34:25 [INFO]   loss: 0.1250,	steps: 1170/1410,	epoch: 12,	learning_rate: 1.8237082066869303e-06
2024-08-22 18:34:29 [INFO]   loss: 0.0000,	steps: 1180/1410,	epoch: 12,	learning_rate: 1.7477203647416415e-06
2024-08-22 18:34:34 [INFO]   loss: 0.0000,	steps: 1190/1410,	epoch: 12,	learning_rate: 1.6717325227963527e-06
2024-08-22 18:34:38 [INFO]   loss: 0.0000,	steps: 1200/1410,	epoch: 12,	learning_rate: 1.595744680851064e-06
2024-08-22 18:34:42 [INFO]   loss: 0.0001,	steps: 1210/1410,	epoch: 12,	learning_rate: 1.519756838905775e-06
2024-08-22 18:34:47 [INFO]   loss: 0.0000,	steps: 1220/1410,	epoch: 12,	learning_rate: 1.4437689969604865e-06
2024-08-22 18:38:38 [INFO]   第12轮的训练 测试结果为：{'R@5': 0.6184288421695382, 'R@10': 0.6994613612176883, 'RR@5': 0.8439862542955325, 'RR@10': 0.8477295041728032, 'nDCG@5': 0.7082156051728478, 'nDCG@10': 0.7280162074306148}
2024-08-22 18:38:42 [INFO]   loss: 0.0000,	steps: 1230/1410,	epoch: 13,	learning_rate: 1.3677811550151977e-06
2024-08-22 18:38:46 [INFO]   loss: 0.0000,	steps: 1240/1410,	epoch: 13,	learning_rate: 1.2917933130699089e-06
2024-08-22 18:38:51 [INFO]   loss: 0.0000,	steps: 1250/1410,	epoch: 13,	learning_rate: 1.2158054711246203e-06
2024-08-22 18:38:55 [INFO]   loss: 0.0000,	steps: 1260/1410,	epoch: 13,	learning_rate: 1.1398176291793315e-06
2024-08-22 18:38:59 [INFO]   loss: 0.0000,	steps: 1270/1410,	epoch: 13,	learning_rate: 1.0638297872340427e-06
2024-08-22 18:39:03 [INFO]   loss: 0.0000,	steps: 1280/1410,	epoch: 13,	learning_rate: 9.878419452887538e-07
2024-08-22 18:39:08 [INFO]   loss: 0.0000,	steps: 1290/1410,	epoch: 13,	learning_rate: 9.118541033434651e-07
2024-08-22 18:39:12 [INFO]   loss: 0.0000,	steps: 1300/1410,	epoch: 13,	learning_rate: 8.358662613981763e-07
2024-08-22 18:39:16 [INFO]   loss: 0.0000,	steps: 1310/1410,	epoch: 13,	learning_rate: 7.598784194528875e-07
2024-08-22 18:43:10 [INFO]   第13轮的训练 测试结果为：{'R@5': 0.618255883915436, 'R@10': 0.7021825131201623, 'RR@5': 0.8514604810996563, 'RR@10': 0.8543446244477172, 'nDCG@5': 0.710632387725542, 'nDCG@10': 0.7317395345081243}
2024-08-22 18:43:12 [INFO]   loss: 0.0000,	steps: 1320/1410,	epoch: 14,	learning_rate: 6.838905775075988e-07
2024-08-22 18:43:16 [INFO]   loss: 0.0000,	steps: 1330/1410,	epoch: 14,	learning_rate: 6.079027355623101e-07
2024-08-22 18:43:21 [INFO]   loss: 0.0000,	steps: 1340/1410,	epoch: 14,	learning_rate: 5.319148936170213e-07
2024-08-22 18:43:25 [INFO]   loss: 0.1247,	steps: 1350/1410,	epoch: 14,	learning_rate: 4.5592705167173257e-07
2024-08-22 18:43:29 [INFO]   loss: 0.0000,	steps: 1360/1410,	epoch: 14,	learning_rate: 3.7993920972644377e-07
2024-08-22 18:43:33 [INFO]   loss: 0.0000,	steps: 1370/1410,	epoch: 14,	learning_rate: 3.0395136778115507e-07
2024-08-22 18:43:38 [INFO]   loss: 0.0000,	steps: 1380/1410,	epoch: 14,	learning_rate: 2.2796352583586629e-07
2024-08-22 18:43:42 [INFO]   loss: 0.0000,	steps: 1390/1410,	epoch: 14,	learning_rate: 1.5197568389057753e-07
2024-08-22 18:43:46 [INFO]   loss: 0.1250,	steps: 1400/1410,	epoch: 14,	learning_rate: 7.598784194528877e-08
2024-08-22 18:43:51 [INFO]   loss: 0.0000,	steps: 1410/1410,	epoch: 14,	learning_rate: 0.0
2024-08-22 18:47:41 [INFO]   第14轮的训练 测试结果为：{'R@5': 0.618255883915436, 'R@10': 0.7025046780686159, 'RR@5': 0.8506013745704468, 'RR@10': 0.8535775650466372, 'nDCG@5': 0.7105772316748017, 'nDCG@10': 0.7317887306673379}
2024-08-22 18:47:44 [INFO]   ------------------------------------------------
2024-08-22 18:47:44 [INFO]   第 14 轮已经训练完成  模型保存在 /mnt/workspace/clir/HIKE/output/epoch_14
2024-08-22 18:47:44 [INFO]   ------------------------------------------------
2024-08-22 18:47:48 [INFO]   ------------------------------------------------
2024-08-22 18:47:48 [INFO]   训练完成!  模型和 tokenizer 保存在 /mnt/workspace/clir/HIKE/output/training_ended
2024-08-22 18:47:48 [INFO]   ------------------------------------------------
