2024-08-22 19:07:07 [INFO]   ***** Running training *****
2024-08-22 19:07:07 [INFO]   当前时间: 2024-08-22 19:07:07
2024-08-22 19:07:07 [INFO]   Num examples = 758
2024-08-22 19:07:07 [INFO]   Num Epochs = 15
2024-08-22 19:07:07 [INFO]   Instantaneous batch size per device = 8
2024-08-22 19:07:07 [INFO]   Total train batch size (w. parallel, distributed & accumulation) = 16
2024-08-22 19:07:07 [INFO]   Total optimization steps = 1410
2024-08-22 19:07:07 [INFO]   训练的设备: cuda, 设备编号: 0
2024-08-22 19:07:11 [INFO]   loss: 0.4520,	steps: 10/1410,	epoch: 0,	learning_rate: 1.0638297872340427e-06
2024-08-22 19:07:16 [INFO]   loss: 0.2949,	steps: 20/1410,	epoch: 0,	learning_rate: 2.1276595744680853e-06
2024-08-22 19:07:20 [INFO]   loss: 0.1635,	steps: 30/1410,	epoch: 0,	learning_rate: 3.191489361702128e-06
2024-08-22 19:07:24 [INFO]   loss: 0.0195,	steps: 40/1410,	epoch: 0,	learning_rate: 4.255319148936171e-06
2024-08-22 19:07:29 [INFO]   loss: 0.1263,	steps: 50/1410,	epoch: 0,	learning_rate: 5.319148936170213e-06
2024-08-22 19:07:33 [INFO]   loss: 0.0037,	steps: 60/1410,	epoch: 0,	learning_rate: 6.382978723404256e-06
2024-08-22 19:07:37 [INFO]   loss: 0.0000,	steps: 70/1410,	epoch: 0,	learning_rate: 7.446808510638298e-06
2024-08-22 19:07:41 [INFO]   loss: 0.0000,	steps: 80/1410,	epoch: 0,	learning_rate: 8.510638297872341e-06
2024-08-22 19:07:46 [INFO]   loss: 0.1972,	steps: 90/1410,	epoch: 0,	learning_rate: 9.574468085106385e-06
2024-08-22 19:11:39 [INFO]   第0轮的训练 测试结果为：{'R@5': 0.5813358943719974, 'R@10': 0.6756556441894682, 'RR@5': 0.7948453608247423, 'RR@10': 0.7993393061692031, 'nDCG@5': 0.6523095731673322, 'nDCG@10': 0.6837588233642641}
2024-08-22 19:11:41 [INFO]   loss: 0.1230,	steps: 100/1410,	epoch: 1,	learning_rate: 9.954407294832828e-06
2024-08-22 19:11:45 [INFO]   loss: 0.2229,	steps: 110/1410,	epoch: 1,	learning_rate: 9.878419452887538e-06
2024-08-22 19:11:50 [INFO]   loss: 0.1236,	steps: 120/1410,	epoch: 1,	learning_rate: 9.80243161094225e-06
2024-08-22 19:11:54 [INFO]   loss: 0.0136,	steps: 130/1410,	epoch: 1,	learning_rate: 9.726443768996962e-06
2024-08-22 19:11:59 [INFO]   loss: 0.0000,	steps: 140/1410,	epoch: 1,	learning_rate: 9.650455927051672e-06
2024-08-22 19:12:03 [INFO]   loss: 0.1683,	steps: 150/1410,	epoch: 1,	learning_rate: 9.574468085106385e-06
2024-08-22 19:12:07 [INFO]   loss: 0.0000,	steps: 160/1410,	epoch: 1,	learning_rate: 9.498480243161095e-06
2024-08-22 19:12:12 [INFO]   loss: 0.2228,	steps: 170/1410,	epoch: 1,	learning_rate: 9.422492401215805e-06
2024-08-22 19:12:16 [INFO]   loss: 0.1250,	steps: 180/1410,	epoch: 1,	learning_rate: 9.346504559270517e-06
2024-08-22 19:16:12 [INFO]   第1轮的训练 测试结果为：{'R@5': 0.6010078194874886, 'R@10': 0.6886259888453453, 'RR@5': 0.8635738831615122, 'RR@10': 0.8692337587956144, 'nDCG@5': 0.6819760637810747, 'nDCG@10': 0.7070801972843734}
2024-08-22 19:16:13 [INFO]   loss: 0.0170,	steps: 190/1410,	epoch: 2,	learning_rate: 9.27051671732523e-06
2024-08-22 19:16:17 [INFO]   loss: 0.0087,	steps: 200/1410,	epoch: 2,	learning_rate: 9.19452887537994e-06
2024-08-22 19:16:21 [INFO]   loss: 0.0000,	steps: 210/1410,	epoch: 2,	learning_rate: 9.118541033434652e-06
2024-08-22 19:16:26 [INFO]   loss: 0.1036,	steps: 220/1410,	epoch: 2,	learning_rate: 9.042553191489362e-06
2024-08-22 19:16:30 [INFO]   loss: 0.0000,	steps: 230/1410,	epoch: 2,	learning_rate: 8.966565349544074e-06
2024-08-22 19:16:34 [INFO]   loss: 0.0000,	steps: 240/1410,	epoch: 2,	learning_rate: 8.890577507598786e-06
2024-08-22 19:16:39 [INFO]   loss: 0.1279,	steps: 250/1410,	epoch: 2,	learning_rate: 8.814589665653496e-06
2024-08-22 19:16:43 [INFO]   loss: 0.0000,	steps: 260/1410,	epoch: 2,	learning_rate: 8.738601823708207e-06
2024-08-22 19:16:47 [INFO]   loss: 0.2500,	steps: 270/1410,	epoch: 2,	learning_rate: 8.662613981762919e-06
2024-08-22 19:16:52 [INFO]   loss: 0.0000,	steps: 280/1410,	epoch: 2,	learning_rate: 8.58662613981763e-06
2024-08-22 19:20:44 [INFO]   第2轮的训练 测试结果为：{'R@5': 0.6052003573026457, 'R@10': 0.6727575433722405, 'RR@5': 0.8176116838487973, 'RR@10': 0.8219276714122076, 'nDCG@5': 0.6768788182032632, 'nDCG@10': 0.692418466172521}
2024-08-22 19:20:48 [INFO]   loss: 0.0000,	steps: 290/1410,	epoch: 3,	learning_rate: 8.510638297872341e-06
2024-08-22 19:20:52 [INFO]   loss: 0.0000,	steps: 300/1410,	epoch: 3,	learning_rate: 8.434650455927053e-06
2024-08-22 19:20:56 [INFO]   loss: 0.2332,	steps: 310/1410,	epoch: 3,	learning_rate: 8.358662613981764e-06
2024-08-22 19:21:01 [INFO]   loss: 0.0000,	steps: 320/1410,	epoch: 3,	learning_rate: 8.282674772036476e-06
2024-08-22 19:21:05 [INFO]   loss: 0.0000,	steps: 330/1410,	epoch: 3,	learning_rate: 8.206686930091186e-06
2024-08-22 19:21:09 [INFO]   loss: 0.0000,	steps: 340/1410,	epoch: 3,	learning_rate: 8.130699088145896e-06
2024-08-22 19:21:14 [INFO]   loss: 0.0000,	steps: 350/1410,	epoch: 3,	learning_rate: 8.054711246200608e-06
2024-08-22 19:21:18 [INFO]   loss: 0.2496,	steps: 360/1410,	epoch: 3,	learning_rate: 7.97872340425532e-06
2024-08-22 19:21:22 [INFO]   loss: 0.1380,	steps: 370/1410,	epoch: 3,	learning_rate: 7.90273556231003e-06
2024-08-22 19:25:17 [INFO]   第3轮的训练 测试结果为：{'R@5': 0.6127078434221892, 'R@10': 0.6787331878919038, 'RR@5': 0.8302405498281789, 'RR@10': 0.83406971035837, 'nDCG@5': 0.6875150227888237, 'nDCG@10': 0.7037163990092541}
2024-08-22 19:25:19 [INFO]   loss: 0.1233,	steps: 380/1410,	epoch: 4,	learning_rate: 7.826747720364743e-06
2024-08-22 19:25:23 [INFO]   loss: 0.0000,	steps: 390/1410,	epoch: 4,	learning_rate: 7.750759878419453e-06
2024-08-22 19:25:27 [INFO]   loss: 0.0000,	steps: 400/1410,	epoch: 4,	learning_rate: 7.674772036474165e-06
2024-08-22 19:25:31 [INFO]   loss: 0.0000,	steps: 410/1410,	epoch: 4,	learning_rate: 7.598784194528876e-06
2024-08-22 19:25:36 [INFO]   loss: 0.0000,	steps: 420/1410,	epoch: 4,	learning_rate: 7.522796352583587e-06
2024-08-22 19:25:40 [INFO]   loss: 0.1250,	steps: 430/1410,	epoch: 4,	learning_rate: 7.446808510638298e-06
2024-08-22 19:25:44 [INFO]   loss: 0.0000,	steps: 440/1410,	epoch: 4,	learning_rate: 7.370820668693009e-06
2024-08-22 19:25:49 [INFO]   loss: 0.0000,	steps: 450/1410,	epoch: 4,	learning_rate: 7.294832826747721e-06
2024-08-22 19:25:53 [INFO]   loss: 0.0836,	steps: 460/1410,	epoch: 4,	learning_rate: 7.218844984802432e-06
2024-08-22 19:25:57 [INFO]   loss: 0.0000,	steps: 470/1410,	epoch: 4,	learning_rate: 7.1428571428571436e-06
2024-08-22 19:29:50 [INFO]   第4轮的训练 测试结果为：{'R@5': 0.6109327256564241, 'R@10': 0.6883010101545411, 'RR@5': 0.8144329896907216, 'RR@10': 0.8179819178530519, 'nDCG@5': 0.6801937013218966, 'nDCG@10': 0.6998111310393476}
2024-08-22 19:29:52 [INFO]   ------------------------------------------------
2024-08-22 19:29:52 [INFO]   第 4 轮已经训练完成  模型保存在 /mnt/workspace/clir/HIKE/output/epoch_4
2024-08-22 19:29:52 [INFO]   ------------------------------------------------
2024-08-22 19:29:57 [INFO]   loss: 0.0000,	steps: 480/1410,	epoch: 5,	learning_rate: 7.066869300911855e-06
2024-08-22 19:30:01 [INFO]   loss: 0.0000,	steps: 490/1410,	epoch: 5,	learning_rate: 6.990881458966566e-06
2024-08-22 19:30:05 [INFO]   loss: 0.1250,	steps: 500/1410,	epoch: 5,	learning_rate: 6.914893617021278e-06
2024-08-22 19:30:09 [INFO]   loss: 0.0000,	steps: 510/1410,	epoch: 5,	learning_rate: 6.838905775075988e-06
2024-08-22 19:30:14 [INFO]   loss: 0.0000,	steps: 520/1410,	epoch: 5,	learning_rate: 6.7629179331306995e-06
2024-08-22 19:30:18 [INFO]   loss: 0.0000,	steps: 530/1410,	epoch: 5,	learning_rate: 6.686930091185411e-06
2024-08-22 19:30:22 [INFO]   loss: 0.1250,	steps: 540/1410,	epoch: 5,	learning_rate: 6.610942249240122e-06
2024-08-22 19:30:27 [INFO]   loss: 0.1304,	steps: 550/1410,	epoch: 5,	learning_rate: 6.534954407294833e-06
2024-08-22 19:30:31 [INFO]   loss: 0.1250,	steps: 560/1410,	epoch: 5,	learning_rate: 6.458966565349545e-06
2024-08-22 19:34:25 [INFO]   第5轮的训练 测试结果为：{'R@5': 0.6219303354618024, 'R@10': 0.6999194279825612, 'RR@5': 0.8404639175257732, 'RR@10': 0.8422884961544755, 'nDCG@5': 0.6949424094643891, 'nDCG@10': 0.7155063999802516}
2024-08-22 19:34:28 [INFO]   loss: 0.0000,	steps: 570/1410,	epoch: 6,	learning_rate: 6.382978723404256e-06
2024-08-22 19:34:32 [INFO]   loss: 0.0000,	steps: 580/1410,	epoch: 6,	learning_rate: 6.3069908814589675e-06
2024-08-22 19:34:36 [INFO]   loss: 0.0000,	steps: 590/1410,	epoch: 6,	learning_rate: 6.231003039513678e-06
2024-08-22 19:34:40 [INFO]   loss: 0.1250,	steps: 600/1410,	epoch: 6,	learning_rate: 6.155015197568389e-06
2024-08-22 19:34:45 [INFO]   loss: 0.0000,	steps: 610/1410,	epoch: 6,	learning_rate: 6.0790273556231e-06
2024-08-22 19:34:49 [INFO]   loss: 0.1250,	steps: 620/1410,	epoch: 6,	learning_rate: 6.003039513677812e-06
2024-08-22 19:34:53 [INFO]   loss: 0.0883,	steps: 630/1410,	epoch: 6,	learning_rate: 5.9270516717325235e-06
2024-08-22 19:34:57 [INFO]   loss: 0.0006,	steps: 640/1410,	epoch: 6,	learning_rate: 5.851063829787235e-06
2024-08-22 19:35:01 [INFO]   loss: 0.0000,	steps: 650/1410,	epoch: 6,	learning_rate: 5.775075987841946e-06
2024-08-22 19:38:58 [INFO]   第6轮的训练 测试结果为：{'R@5': 0.5834670752226325, 'R@10': 0.6725685507789382, 'RR@5': 0.7643470790378009, 'RR@10': 0.7739813451153658, 'nDCG@5': 0.6343543226056395, 'nDCG@10': 0.6606828084605346}
2024-08-22 19:38:59 [INFO]   loss: 0.0000,	steps: 660/1410,	epoch: 7,	learning_rate: 5.699088145896657e-06
2024-08-22 19:39:03 [INFO]   loss: 0.0000,	steps: 670/1410,	epoch: 7,	learning_rate: 5.623100303951369e-06
2024-08-22 19:39:07 [INFO]   loss: 0.0000,	steps: 680/1410,	epoch: 7,	learning_rate: 5.547112462006079e-06
2024-08-22 19:39:11 [INFO]   loss: 0.1250,	steps: 690/1410,	epoch: 7,	learning_rate: 5.471124620060791e-06
2024-08-22 19:39:16 [INFO]   loss: 0.0000,	steps: 700/1410,	epoch: 7,	learning_rate: 5.395136778115502e-06
2024-08-22 19:39:20 [INFO]   loss: 0.0000,	steps: 710/1410,	epoch: 7,	learning_rate: 5.319148936170213e-06
2024-08-22 19:39:24 [INFO]   loss: 0.1250,	steps: 720/1410,	epoch: 7,	learning_rate: 5.243161094224924e-06
2024-08-22 19:39:28 [INFO]   loss: 0.1250,	steps: 730/1410,	epoch: 7,	learning_rate: 5.1671732522796354e-06
2024-08-22 19:39:33 [INFO]   loss: 0.0000,	steps: 740/1410,	epoch: 7,	learning_rate: 5.0911854103343475e-06
2024-08-22 19:39:37 [INFO]   loss: 0.0000,	steps: 750/1410,	epoch: 7,	learning_rate: 5.015197568389059e-06
2024-08-22 19:43:30 [INFO]   第7轮的训练 测试结果为：{'R@5': 0.5908218944063306, 'R@10': 0.6678035579245786, 'RR@5': 0.8207903780068729, 'RR@10': 0.8268327605956473, 'nDCG@5': 0.6776706561615874, 'nDCG@10': 0.7003394080306504}
2024-08-22 19:43:34 [INFO]   loss: 0.0000,	steps: 760/1410,	epoch: 8,	learning_rate: 4.939209726443769e-06
2024-08-22 19:43:38 [INFO]   loss: 0.0000,	steps: 770/1410,	epoch: 8,	learning_rate: 4.863221884498481e-06
2024-08-22 19:43:42 [INFO]   loss: 0.0000,	steps: 780/1410,	epoch: 8,	learning_rate: 4.787234042553192e-06
2024-08-22 19:43:47 [INFO]   loss: 0.1250,	steps: 790/1410,	epoch: 8,	learning_rate: 4.711246200607903e-06
2024-08-22 19:43:51 [INFO]   loss: 0.1250,	steps: 800/1410,	epoch: 8,	learning_rate: 4.635258358662615e-06
2024-08-22 19:43:55 [INFO]   loss: 0.0000,	steps: 810/1410,	epoch: 8,	learning_rate: 4.559270516717326e-06
2024-08-22 19:43:59 [INFO]   loss: 0.0000,	steps: 820/1410,	epoch: 8,	learning_rate: 4.483282674772037e-06
2024-08-22 19:44:04 [INFO]   loss: 0.0000,	steps: 830/1410,	epoch: 8,	learning_rate: 4.407294832826748e-06
2024-08-22 19:44:08 [INFO]   loss: 0.0000,	steps: 840/1410,	epoch: 8,	learning_rate: 4.331306990881459e-06
2024-08-22 19:48:03 [INFO]   第8轮的训练 测试结果为：{'R@5': 0.5754798198093132, 'R@10': 0.6607155863194512, 'RR@5': 0.7900343642611684, 'RR@10': 0.7968049419080346, 'nDCG@5': 0.6585357562743379, 'nDCG@10': 0.6839790365957217}
2024-08-22 19:48:05 [INFO]   loss: 0.0000,	steps: 850/1410,	epoch: 9,	learning_rate: 4.255319148936171e-06
2024-08-22 19:48:09 [INFO]   loss: 0.0000,	steps: 860/1410,	epoch: 9,	learning_rate: 4.179331306990882e-06
2024-08-22 19:48:13 [INFO]   loss: 0.0023,	steps: 870/1410,	epoch: 9,	learning_rate: 4.103343465045593e-06
2024-08-22 19:48:18 [INFO]   loss: 0.0000,	steps: 880/1410,	epoch: 9,	learning_rate: 4.027355623100304e-06
2024-08-22 19:48:22 [INFO]   loss: 0.0000,	steps: 890/1410,	epoch: 9,	learning_rate: 3.951367781155015e-06
2024-08-22 19:48:26 [INFO]   loss: 0.0000,	steps: 900/1410,	epoch: 9,	learning_rate: 3.875379939209727e-06
2024-08-22 19:48:30 [INFO]   loss: 0.0000,	steps: 910/1410,	epoch: 9,	learning_rate: 3.799392097264438e-06
2024-08-22 19:48:34 [INFO]   loss: 0.0000,	steps: 920/1410,	epoch: 9,	learning_rate: 3.723404255319149e-06
2024-08-22 19:48:39 [INFO]   loss: 0.0000,	steps: 930/1410,	epoch: 9,	learning_rate: 3.6474164133738606e-06
2024-08-22 19:48:43 [INFO]   loss: 0.1250,	steps: 940/1410,	epoch: 9,	learning_rate: 3.5714285714285718e-06
2024-08-22 19:52:36 [INFO]   第9轮的训练 测试结果为：{'R@5': 0.5900743552876132, 'R@10': 0.6756284553311162, 'RR@5': 0.8111683848797251, 'RR@10': 0.8142673048600885, 'nDCG@5': 0.6741458264890793, 'nDCG@10': 0.7018697993933918}
2024-08-22 19:52:39 [INFO]   ------------------------------------------------
2024-08-22 19:52:39 [INFO]   第 9 轮已经训练完成  模型保存在 /mnt/workspace/clir/HIKE/output/epoch_9
2024-08-22 19:52:39 [INFO]   ------------------------------------------------
2024-08-22 19:52:43 [INFO]   loss: 0.0000,	steps: 950/1410,	epoch: 10,	learning_rate: 3.495440729483283e-06
2024-08-22 19:52:47 [INFO]   loss: 0.0000,	steps: 960/1410,	epoch: 10,	learning_rate: 3.419452887537994e-06
2024-08-22 19:52:51 [INFO]   loss: 0.1250,	steps: 970/1410,	epoch: 10,	learning_rate: 3.3434650455927054e-06
2024-08-22 19:52:55 [INFO]   loss: 0.0000,	steps: 980/1410,	epoch: 10,	learning_rate: 3.2674772036474166e-06
2024-08-22 19:53:00 [INFO]   loss: 0.1250,	steps: 990/1410,	epoch: 10,	learning_rate: 3.191489361702128e-06
2024-08-22 19:53:04 [INFO]   loss: 0.0000,	steps: 1000/1410,	epoch: 10,	learning_rate: 3.115501519756839e-06
2024-08-22 19:53:08 [INFO]   loss: 0.1250,	steps: 1010/1410,	epoch: 10,	learning_rate: 3.03951367781155e-06
2024-08-22 19:53:12 [INFO]   loss: 0.3750,	steps: 1020/1410,	epoch: 10,	learning_rate: 2.9635258358662618e-06
2024-08-22 19:53:17 [INFO]   loss: 0.0000,	steps: 1030/1410,	epoch: 10,	learning_rate: 2.887537993920973e-06
2024-08-22 19:57:11 [INFO]   第10轮的训练 测试结果为：{'R@5': 0.5928375371977522, 'R@10': 0.6579040175323285, 'RR@5': 0.8118556701030928, 'RR@10': 0.8164212076583209, 'nDCG@5': 0.6751153800494198, 'nDCG@10': 0.6893183979361258}
2024-08-22 19:57:13 [INFO]   loss: 0.0000,	steps: 1040/1410,	epoch: 11,	learning_rate: 2.8115501519756846e-06
2024-08-22 19:57:17 [INFO]   loss: 0.0000,	steps: 1050/1410,	epoch: 11,	learning_rate: 2.7355623100303953e-06
2024-08-22 19:57:22 [INFO]   loss: 0.0000,	steps: 1060/1410,	epoch: 11,	learning_rate: 2.6595744680851065e-06
2024-08-22 19:57:26 [INFO]   loss: 0.1250,	steps: 1070/1410,	epoch: 11,	learning_rate: 2.5835866261398177e-06
2024-08-22 19:57:30 [INFO]   loss: 0.1250,	steps: 1080/1410,	epoch: 11,	learning_rate: 2.5075987841945293e-06
2024-08-22 19:57:34 [INFO]   loss: 0.0000,	steps: 1090/1410,	epoch: 11,	learning_rate: 2.4316109422492405e-06
2024-08-22 19:57:39 [INFO]   loss: 0.1241,	steps: 1100/1410,	epoch: 11,	learning_rate: 2.3556231003039513e-06
2024-08-22 19:57:43 [INFO]   loss: 0.1250,	steps: 1110/1410,	epoch: 11,	learning_rate: 2.279635258358663e-06
2024-08-22 19:57:47 [INFO]   loss: 0.1250,	steps: 1120/1410,	epoch: 11,	learning_rate: 2.203647416413374e-06
2024-08-22 20:01:43 [INFO]   第11轮的训练 测试结果为：{'R@5': 0.6014731744146167, 'R@10': 0.6661989041782619, 'RR@5': 0.8243986254295534, 'RR@10': 0.8259941089837998, 'nDCG@5': 0.6862708300601076, 'nDCG@10': 0.698938491029406}
2024-08-22 20:01:44 [INFO]   loss: 0.1250,	steps: 1130/1410,	epoch: 12,	learning_rate: 2.1276595744680853e-06
2024-08-22 20:01:48 [INFO]   loss: 0.0000,	steps: 1140/1410,	epoch: 12,	learning_rate: 2.0516717325227965e-06
2024-08-22 20:01:52 [INFO]   loss: 0.0000,	steps: 1150/1410,	epoch: 12,	learning_rate: 1.9756838905775077e-06
2024-08-22 20:01:57 [INFO]   loss: 0.0000,	steps: 1160/1410,	epoch: 12,	learning_rate: 1.899696048632219e-06
2024-08-22 20:02:01 [INFO]   loss: 0.1250,	steps: 1170/1410,	epoch: 12,	learning_rate: 1.8237082066869303e-06
2024-08-22 20:02:05 [INFO]   loss: 0.0000,	steps: 1180/1410,	epoch: 12,	learning_rate: 1.7477203647416415e-06
2024-08-22 20:02:10 [INFO]   loss: 0.0320,	steps: 1190/1410,	epoch: 12,	learning_rate: 1.6717325227963527e-06
2024-08-22 20:02:14 [INFO]   loss: 0.1250,	steps: 1200/1410,	epoch: 12,	learning_rate: 1.595744680851064e-06
2024-08-22 20:02:18 [INFO]   loss: 0.0000,	steps: 1210/1410,	epoch: 12,	learning_rate: 1.519756838905775e-06
2024-08-22 20:02:22 [INFO]   loss: 0.0000,	steps: 1220/1410,	epoch: 12,	learning_rate: 1.4437689969604865e-06
2024-08-22 20:06:15 [INFO]   第12轮的训练 测试结果为：{'R@5': 0.5980962043661567, 'R@10': 0.6782177285076707, 'RR@5': 0.816237113402062, 'RR@10': 0.8213324333169694, 'nDCG@5': 0.6820299359125757, 'nDCG@10': 0.7036029181667248}
2024-08-22 20:06:19 [INFO]   loss: 0.0000,	steps: 1230/1410,	epoch: 13,	learning_rate: 1.3677811550151977e-06
2024-08-22 20:06:23 [INFO]   loss: 0.0000,	steps: 1240/1410,	epoch: 13,	learning_rate: 1.2917933130699089e-06
2024-08-22 20:06:27 [INFO]   loss: 0.0000,	steps: 1250/1410,	epoch: 13,	learning_rate: 1.2158054711246203e-06
2024-08-22 20:06:32 [INFO]   loss: 0.1250,	steps: 1260/1410,	epoch: 13,	learning_rate: 1.1398176291793315e-06
2024-08-22 20:06:36 [INFO]   loss: 0.0000,	steps: 1270/1410,	epoch: 13,	learning_rate: 1.0638297872340427e-06
2024-08-22 20:06:40 [INFO]   loss: 0.0000,	steps: 1280/1410,	epoch: 13,	learning_rate: 9.878419452887538e-07
2024-08-22 20:06:44 [INFO]   loss: 0.1250,	steps: 1290/1410,	epoch: 13,	learning_rate: 9.118541033434651e-07
2024-08-22 20:06:49 [INFO]   loss: 0.1250,	steps: 1300/1410,	epoch: 13,	learning_rate: 8.358662613981763e-07
2024-08-22 20:06:53 [INFO]   loss: 0.0000,	steps: 1310/1410,	epoch: 13,	learning_rate: 7.598784194528875e-07
2024-08-22 20:10:48 [INFO]   第13轮的训练 测试结果为：{'R@5': 0.5986162593081221, 'R@10': 0.6823425440786843, 'RR@5': 0.804810996563574, 'RR@10': 0.8120602192767142, 'nDCG@5': 0.6770099890566171, 'nDCG@10': 0.7002327779135661}
2024-08-22 20:10:50 [INFO]   loss: 0.0000,	steps: 1320/1410,	epoch: 14,	learning_rate: 6.838905775075988e-07
2024-08-22 20:10:54 [INFO]   loss: 0.0000,	steps: 1330/1410,	epoch: 14,	learning_rate: 6.079027355623101e-07
2024-08-22 20:10:58 [INFO]   loss: 0.1250,	steps: 1340/1410,	epoch: 14,	learning_rate: 5.319148936170213e-07
2024-08-22 20:11:02 [INFO]   loss: 0.0000,	steps: 1350/1410,	epoch: 14,	learning_rate: 4.5592705167173257e-07
2024-08-22 20:11:07 [INFO]   loss: 0.0000,	steps: 1360/1410,	epoch: 14,	learning_rate: 3.7993920972644377e-07
2024-08-22 20:11:11 [INFO]   loss: 0.1250,	steps: 1370/1410,	epoch: 14,	learning_rate: 3.0395136778115507e-07
2024-08-22 20:11:15 [INFO]   loss: 0.0000,	steps: 1380/1410,	epoch: 14,	learning_rate: 2.2796352583586629e-07
2024-08-22 20:11:19 [INFO]   loss: 0.1230,	steps: 1390/1410,	epoch: 14,	learning_rate: 1.5197568389057753e-07
2024-08-22 20:11:24 [INFO]   loss: 0.0000,	steps: 1400/1410,	epoch: 14,	learning_rate: 7.598784194528877e-08
2024-08-22 20:11:28 [INFO]   loss: 0.0000,	steps: 1410/1410,	epoch: 14,	learning_rate: 0.0
2024-08-22 20:15:20 [INFO]   第14轮的训练 测试结果为：{'R@5': 0.5988491155149489, 'R@10': 0.6799429706695127, 'RR@5': 0.804810996563574, 'RR@10': 0.8114527082310589, 'nDCG@5': 0.6769217146923606, 'nDCG@10': 0.6998099417108748}
2024-08-22 20:15:23 [INFO]   ------------------------------------------------
2024-08-22 20:15:23 [INFO]   第 14 轮已经训练完成  模型保存在 /mnt/workspace/clir/HIKE/output/epoch_14
2024-08-22 20:15:23 [INFO]   ------------------------------------------------
2024-08-22 20:15:27 [INFO]   ------------------------------------------------
2024-08-22 20:15:27 [INFO]   训练完成!  模型和 tokenizer 保存在 /mnt/workspace/clir/HIKE/output/training_ended
2024-08-22 20:15:27 [INFO]   ------------------------------------------------
