2024-08-21 21:15:53 [INFO]   ***** Running training *****
2024-08-21 21:15:53 [INFO]   当前时间: 2024-08-21 21:15:53
2024-08-21 21:15:53 [INFO]   Num examples = 758
2024-08-21 21:15:53 [INFO]   Num Epochs = 15
2024-08-21 21:15:53 [INFO]   Instantaneous batch size per device = 8
2024-08-21 21:15:53 [INFO]   Total train batch size (w. parallel, distributed & accumulation) = 16
2024-08-21 21:15:53 [INFO]   Total optimization steps = 1410
2024-08-21 21:15:53 [INFO]   训练的设备: cuda, 设备编号: 0
2024-08-21 21:15:58 [INFO]   loss: 0.4724,	steps: 10/1410,	epoch: 0,	learning_rate: 1.0638297872340427e-06
2024-08-21 21:16:02 [INFO]   loss: 0.3438,	steps: 20/1410,	epoch: 0,	learning_rate: 2.1276595744680853e-06
2024-08-21 21:16:06 [INFO]   loss: 0.1681,	steps: 30/1410,	epoch: 0,	learning_rate: 3.191489361702128e-06
2024-08-21 21:16:10 [INFO]   loss: 0.1740,	steps: 40/1410,	epoch: 0,	learning_rate: 4.255319148936171e-06
2024-08-21 21:16:15 [INFO]   loss: 0.2966,	steps: 50/1410,	epoch: 0,	learning_rate: 5.319148936170213e-06
2024-08-21 21:16:19 [INFO]   loss: 0.0047,	steps: 60/1410,	epoch: 0,	learning_rate: 6.382978723404256e-06
2024-08-21 21:16:23 [INFO]   loss: 0.0459,	steps: 70/1410,	epoch: 0,	learning_rate: 7.446808510638298e-06
2024-08-21 21:16:27 [INFO]   loss: 0.0000,	steps: 80/1410,	epoch: 0,	learning_rate: 8.510638297872341e-06
2024-08-21 21:16:32 [INFO]   loss: 0.2243,	steps: 90/1410,	epoch: 0,	learning_rate: 9.574468085106385e-06
2024-08-21 21:20:25 [INFO]   第0轮的训练 测试结果为：{'R@5': 0.584877411776411, 'R@10': 0.6870331342683732, 'RR@5': 0.8288659793814435, 'RR@10': 0.8316785305187369, 'nDCG@5': 0.6370884005000796, 'nDCG@10': 0.669110690719014}
2024-08-21 21:20:27 [INFO]   loss: 0.0000,	steps: 100/1410,	epoch: 1,	learning_rate: 9.954407294832828e-06
2024-08-21 21:20:32 [INFO]   loss: 0.0000,	steps: 110/1410,	epoch: 1,	learning_rate: 9.878419452887538e-06
2024-08-21 21:20:36 [INFO]   loss: 0.0000,	steps: 120/1410,	epoch: 1,	learning_rate: 9.80243161094225e-06
2024-08-21 21:20:41 [INFO]   loss: 0.1240,	steps: 130/1410,	epoch: 1,	learning_rate: 9.726443768996962e-06
2024-08-21 21:20:45 [INFO]   loss: 0.2499,	steps: 140/1410,	epoch: 1,	learning_rate: 9.650455927051672e-06
2024-08-21 21:20:49 [INFO]   loss: 0.0000,	steps: 150/1410,	epoch: 1,	learning_rate: 9.574468085106385e-06
2024-08-21 21:20:53 [INFO]   loss: 0.0001,	steps: 160/1410,	epoch: 1,	learning_rate: 9.498480243161095e-06
2024-08-21 21:20:58 [INFO]   loss: 0.0000,	steps: 170/1410,	epoch: 1,	learning_rate: 9.422492401215805e-06
2024-08-21 21:21:02 [INFO]   loss: 0.0014,	steps: 180/1410,	epoch: 1,	learning_rate: 9.346504559270517e-06
2024-08-21 21:24:55 [INFO]   第1轮的训练 测试结果为：{'R@5': 0.6197140579741972, 'R@10': 0.7060959388849766, 'RR@5': 0.8128006872852233, 'RR@10': 0.8208742431680573, 'nDCG@5': 0.690523313976208, 'nDCG@10': 0.7145311558362435}
2024-08-21 21:24:56 [INFO]   loss: 0.1536,	steps: 190/1410,	epoch: 2,	learning_rate: 9.27051671732523e-06
2024-08-21 21:25:00 [INFO]   loss: 0.0000,	steps: 200/1410,	epoch: 2,	learning_rate: 9.19452887537994e-06
2024-08-21 21:25:05 [INFO]   loss: 0.0000,	steps: 210/1410,	epoch: 2,	learning_rate: 9.118541033434652e-06
2024-08-21 21:25:09 [INFO]   loss: 0.0050,	steps: 220/1410,	epoch: 2,	learning_rate: 9.042553191489362e-06
2024-08-21 21:25:13 [INFO]   loss: 0.0001,	steps: 230/1410,	epoch: 2,	learning_rate: 8.966565349544074e-06
2024-08-21 21:25:18 [INFO]   loss: 0.0000,	steps: 240/1410,	epoch: 2,	learning_rate: 8.890577507598786e-06
2024-08-21 21:25:22 [INFO]   loss: 0.0055,	steps: 250/1410,	epoch: 2,	learning_rate: 8.814589665653496e-06
2024-08-21 21:25:26 [INFO]   loss: 0.0000,	steps: 260/1410,	epoch: 2,	learning_rate: 8.738601823708207e-06
2024-08-21 21:25:31 [INFO]   loss: 0.0386,	steps: 270/1410,	epoch: 2,	learning_rate: 8.662613981762919e-06
2024-08-21 21:25:35 [INFO]   loss: 0.0000,	steps: 280/1410,	epoch: 2,	learning_rate: 8.58662613981763e-06
2024-08-21 21:29:25 [INFO]   第2轮的训练 测试结果为：{'R@5': 0.6265783554588698, 'R@10': 0.7052009605136061, 'RR@5': 0.8407216494845361, 'RR@10': 0.8450478645066274, 'nDCG@5': 0.7043168651637678, 'nDCG@10': 0.7224602918217552}
2024-08-21 21:29:29 [INFO]   loss: 0.0000,	steps: 290/1410,	epoch: 3,	learning_rate: 8.510638297872341e-06
2024-08-21 21:29:33 [INFO]   loss: 0.1438,	steps: 300/1410,	epoch: 3,	learning_rate: 8.434650455927053e-06
2024-08-21 21:29:38 [INFO]   loss: 0.0000,	steps: 310/1410,	epoch: 3,	learning_rate: 8.358662613981764e-06
2024-08-21 21:29:42 [INFO]   loss: 0.0139,	steps: 320/1410,	epoch: 3,	learning_rate: 8.282674772036476e-06
2024-08-21 21:29:46 [INFO]   loss: 0.2381,	steps: 330/1410,	epoch: 3,	learning_rate: 8.206686930091186e-06
2024-08-21 21:29:51 [INFO]   loss: 0.0000,	steps: 340/1410,	epoch: 3,	learning_rate: 8.130699088145896e-06
2024-08-21 21:29:55 [INFO]   loss: 0.0000,	steps: 350/1410,	epoch: 3,	learning_rate: 8.054711246200608e-06
2024-08-21 21:29:59 [INFO]   loss: 0.1274,	steps: 360/1410,	epoch: 3,	learning_rate: 7.97872340425532e-06
2024-08-21 21:30:03 [INFO]   loss: 0.0000,	steps: 370/1410,	epoch: 3,	learning_rate: 7.90273556231003e-06
2024-08-21 21:33:56 [INFO]   第3轮的训练 测试结果为：{'R@5': 0.6387415950717482, 'R@10': 0.7136994796638606, 'RR@5': 0.8570446735395189, 'RR@10': 0.8602499590901653, 'nDCG@5': 0.716034369183744, 'nDCG@10': 0.731806591547617}
2024-08-21 21:33:58 [INFO]   loss: 0.0000,	steps: 380/1410,	epoch: 4,	learning_rate: 7.826747720364743e-06
2024-08-21 21:34:02 [INFO]   loss: 0.1241,	steps: 390/1410,	epoch: 4,	learning_rate: 7.750759878419453e-06
2024-08-21 21:34:07 [INFO]   loss: 0.0000,	steps: 400/1410,	epoch: 4,	learning_rate: 7.674772036474165e-06
2024-08-21 21:34:11 [INFO]   loss: 0.1250,	steps: 410/1410,	epoch: 4,	learning_rate: 7.598784194528876e-06
2024-08-21 21:34:15 [INFO]   loss: 0.0000,	steps: 420/1410,	epoch: 4,	learning_rate: 7.522796352583587e-06
2024-08-21 21:34:19 [INFO]   loss: 0.0000,	steps: 430/1410,	epoch: 4,	learning_rate: 7.446808510638298e-06
2024-08-21 21:34:24 [INFO]   loss: 0.0804,	steps: 440/1410,	epoch: 4,	learning_rate: 7.370820668693009e-06
2024-08-21 21:34:28 [INFO]   loss: 0.0000,	steps: 450/1410,	epoch: 4,	learning_rate: 7.294832826747721e-06
2024-08-21 21:34:32 [INFO]   loss: 0.1250,	steps: 460/1410,	epoch: 4,	learning_rate: 7.218844984802432e-06
2024-08-21 21:34:37 [INFO]   loss: 0.0000,	steps: 470/1410,	epoch: 4,	learning_rate: 7.1428571428571436e-06
2024-08-21 21:38:26 [INFO]   第4轮的训练 测试结果为：{'R@5': 0.6363950184246513, 'R@10': 0.7292634613044366, 'RR@5': 0.8736254295532647, 'RR@10': 0.877225495009, 'nDCG@5': 0.7214855389704178, 'nDCG@10': 0.7464691766557726}
2024-08-21 21:38:29 [INFO]   ------------------------------------------------
2024-08-21 21:38:29 [INFO]   第 4 轮已经训练完成  模型保存在 /mnt/workspace/clir/HIKE/output/epoch_4
2024-08-21 21:38:29 [INFO]   ------------------------------------------------
2024-08-21 21:38:33 [INFO]   loss: 0.0000,	steps: 480/1410,	epoch: 5,	learning_rate: 7.066869300911855e-06
2024-08-21 21:38:38 [INFO]   loss: 0.0004,	steps: 490/1410,	epoch: 5,	learning_rate: 6.990881458966566e-06
2024-08-21 21:38:42 [INFO]   loss: 0.1250,	steps: 500/1410,	epoch: 5,	learning_rate: 6.914893617021278e-06
2024-08-21 21:38:46 [INFO]   loss: 0.0000,	steps: 510/1410,	epoch: 5,	learning_rate: 6.838905775075988e-06
2024-08-21 21:38:50 [INFO]   loss: 0.0000,	steps: 520/1410,	epoch: 5,	learning_rate: 6.7629179331306995e-06
2024-08-21 21:38:55 [INFO]   loss: 0.0000,	steps: 530/1410,	epoch: 5,	learning_rate: 6.686930091185411e-06
2024-08-21 21:38:59 [INFO]   loss: 0.1250,	steps: 540/1410,	epoch: 5,	learning_rate: 6.610942249240122e-06
2024-08-21 21:39:03 [INFO]   loss: 0.0000,	steps: 550/1410,	epoch: 5,	learning_rate: 6.534954407294833e-06
2024-08-21 21:39:07 [INFO]   loss: 0.0002,	steps: 560/1410,	epoch: 5,	learning_rate: 6.458966565349545e-06
2024-08-21 21:42:59 [INFO]   第5轮的训练 测试结果为：{'R@5': 0.6025865832196529, 'R@10': 0.6953751256503546, 'RR@5': 0.81426116838488, 'RR@10': 0.8200499099983639, 'nDCG@5': 0.6750821720829566, 'nDCG@10': 0.7008410086375781}
2024-08-21 21:43:01 [INFO]   loss: 0.4226,	steps: 570/1410,	epoch: 6,	learning_rate: 6.382978723404256e-06
2024-08-21 21:43:05 [INFO]   loss: 0.0000,	steps: 580/1410,	epoch: 6,	learning_rate: 6.3069908814589675e-06
2024-08-21 21:43:10 [INFO]   loss: 0.0000,	steps: 590/1410,	epoch: 6,	learning_rate: 6.231003039513678e-06
2024-08-21 21:43:14 [INFO]   loss: 0.0000,	steps: 600/1410,	epoch: 6,	learning_rate: 6.155015197568389e-06
2024-08-21 21:43:18 [INFO]   loss: 0.0000,	steps: 610/1410,	epoch: 6,	learning_rate: 6.0790273556231e-06
2024-08-21 21:43:22 [INFO]   loss: 0.0000,	steps: 620/1410,	epoch: 6,	learning_rate: 6.003039513677812e-06
2024-08-21 21:43:27 [INFO]   loss: 0.0000,	steps: 630/1410,	epoch: 6,	learning_rate: 5.9270516717325235e-06
2024-08-21 21:43:31 [INFO]   loss: 0.1250,	steps: 640/1410,	epoch: 6,	learning_rate: 5.851063829787235e-06
2024-08-21 21:43:35 [INFO]   loss: 0.0000,	steps: 650/1410,	epoch: 6,	learning_rate: 5.775075987841946e-06
2024-08-21 21:47:28 [INFO]   第6轮的训练 测试结果为：{'R@5': 0.6162063406077077, 'R@10': 0.7056026280204778, 'RR@5': 0.8504295532646049, 'RR@10': 0.8566212567501227, 'nDCG@5': 0.7082840132478757, 'nDCG@10': 0.7296083801969864}
2024-08-21 21:47:29 [INFO]   loss: 0.0000,	steps: 660/1410,	epoch: 7,	learning_rate: 5.699088145896657e-06
2024-08-21 21:47:33 [INFO]   loss: 0.0000,	steps: 670/1410,	epoch: 7,	learning_rate: 5.623100303951369e-06
2024-08-21 21:47:37 [INFO]   loss: 0.0007,	steps: 680/1410,	epoch: 7,	learning_rate: 5.547112462006079e-06
2024-08-21 21:47:41 [INFO]   loss: 0.0000,	steps: 690/1410,	epoch: 7,	learning_rate: 5.471124620060791e-06
2024-08-21 21:47:46 [INFO]   loss: 0.0000,	steps: 700/1410,	epoch: 7,	learning_rate: 5.395136778115502e-06
2024-08-21 21:47:50 [INFO]   loss: 0.0000,	steps: 710/1410,	epoch: 7,	learning_rate: 5.319148936170213e-06
2024-08-21 21:47:54 [INFO]   loss: 0.0000,	steps: 720/1410,	epoch: 7,	learning_rate: 5.243161094224924e-06
2024-08-21 21:47:58 [INFO]   loss: 0.0000,	steps: 730/1410,	epoch: 7,	learning_rate: 5.1671732522796354e-06
2024-08-21 21:48:03 [INFO]   loss: 0.0000,	steps: 740/1410,	epoch: 7,	learning_rate: 5.0911854103343475e-06
2024-08-21 21:48:07 [INFO]   loss: 0.0000,	steps: 750/1410,	epoch: 7,	learning_rate: 5.015197568389059e-06
2024-08-21 21:51:58 [INFO]   第7轮的训练 测试结果为：{'R@5': 0.638020322979355, 'R@10': 0.7341717510985056, 'RR@5': 0.8977663230240551, 'RR@10': 0.8995704467353952, 'nDCG@5': 0.7490507791951554, 'nDCG@10': 0.7714201063812192}
2024-08-21 21:52:01 [INFO]   loss: 0.0000,	steps: 760/1410,	epoch: 8,	learning_rate: 4.939209726443769e-06
2024-08-21 21:52:05 [INFO]   loss: 0.1250,	steps: 770/1410,	epoch: 8,	learning_rate: 4.863221884498481e-06
2024-08-21 21:52:10 [INFO]   loss: 0.1250,	steps: 780/1410,	epoch: 8,	learning_rate: 4.787234042553192e-06
2024-08-21 21:52:14 [INFO]   loss: 0.0000,	steps: 790/1410,	epoch: 8,	learning_rate: 4.711246200607903e-06
2024-08-21 21:52:18 [INFO]   loss: 0.0000,	steps: 800/1410,	epoch: 8,	learning_rate: 4.635258358662615e-06
2024-08-21 21:52:22 [INFO]   loss: 0.0000,	steps: 810/1410,	epoch: 8,	learning_rate: 4.559270516717326e-06
2024-08-21 21:52:26 [INFO]   loss: 0.0000,	steps: 820/1410,	epoch: 8,	learning_rate: 4.483282674772037e-06
2024-08-21 21:52:31 [INFO]   loss: 0.0000,	steps: 830/1410,	epoch: 8,	learning_rate: 4.407294832826748e-06
2024-08-21 21:52:35 [INFO]   loss: 0.0000,	steps: 840/1410,	epoch: 8,	learning_rate: 4.331306990881459e-06
2024-08-21 21:56:27 [INFO]   第8轮的训练 测试结果为：{'R@5': 0.6376740338348429, 'R@10': 0.7384441956029401, 'RR@5': 0.8986254295532649, 'RR@10': 0.9003579610538375, 'nDCG@5': 0.7456768800680367, 'nDCG@10': 0.7719416004347001}
2024-08-21 21:56:29 [INFO]   loss: 0.0000,	steps: 850/1410,	epoch: 9,	learning_rate: 4.255319148936171e-06
2024-08-21 21:56:33 [INFO]   loss: 0.0000,	steps: 860/1410,	epoch: 9,	learning_rate: 4.179331306990882e-06
2024-08-21 21:56:37 [INFO]   loss: 0.0000,	steps: 870/1410,	epoch: 9,	learning_rate: 4.103343465045593e-06
2024-08-21 21:56:41 [INFO]   loss: 0.0000,	steps: 880/1410,	epoch: 9,	learning_rate: 4.027355623100304e-06
2024-08-21 21:56:46 [INFO]   loss: 0.0000,	steps: 890/1410,	epoch: 9,	learning_rate: 3.951367781155015e-06
2024-08-21 21:56:50 [INFO]   loss: 0.1299,	steps: 900/1410,	epoch: 9,	learning_rate: 3.875379939209727e-06
2024-08-21 21:56:54 [INFO]   loss: 0.0002,	steps: 910/1410,	epoch: 9,	learning_rate: 3.799392097264438e-06
2024-08-21 21:56:58 [INFO]   loss: 0.0000,	steps: 920/1410,	epoch: 9,	learning_rate: 3.723404255319149e-06
2024-08-21 21:57:03 [INFO]   loss: 0.1249,	steps: 930/1410,	epoch: 9,	learning_rate: 3.6474164133738606e-06
2024-08-21 21:57:07 [INFO]   loss: 0.0004,	steps: 940/1410,	epoch: 9,	learning_rate: 3.5714285714285718e-06
2024-08-21 22:00:57 [INFO]   第9轮的训练 测试结果为：{'R@5': 0.6378413783661959, 'R@10': 0.728265340696478, 'RR@5': 0.9042096219931273, 'RR@10': 0.9056823760432008, 'nDCG@5': 0.7493693900190821, 'nDCG@10': 0.767830102482748}
2024-08-21 22:01:00 [INFO]   ------------------------------------------------
2024-08-21 22:01:00 [INFO]   第 9 轮已经训练完成  模型保存在 /mnt/workspace/clir/HIKE/output/epoch_9
2024-08-21 22:01:00 [INFO]   ------------------------------------------------
2024-08-21 22:01:04 [INFO]   loss: 0.0000,	steps: 950/1410,	epoch: 10,	learning_rate: 3.495440729483283e-06
2024-08-21 22:01:08 [INFO]   loss: 0.0000,	steps: 960/1410,	epoch: 10,	learning_rate: 3.419452887537994e-06
2024-08-21 22:01:13 [INFO]   loss: 0.0000,	steps: 970/1410,	epoch: 10,	learning_rate: 3.3434650455927054e-06
2024-08-21 22:01:17 [INFO]   loss: 0.0000,	steps: 980/1410,	epoch: 10,	learning_rate: 3.2674772036474166e-06
2024-08-21 22:01:21 [INFO]   loss: 0.0000,	steps: 990/1410,	epoch: 10,	learning_rate: 3.191489361702128e-06
2024-08-21 22:01:25 [INFO]   loss: 0.0000,	steps: 1000/1410,	epoch: 10,	learning_rate: 3.115501519756839e-06
2024-08-21 22:01:30 [INFO]   loss: 0.0000,	steps: 1010/1410,	epoch: 10,	learning_rate: 3.03951367781155e-06
2024-08-21 22:01:34 [INFO]   loss: 0.0000,	steps: 1020/1410,	epoch: 10,	learning_rate: 2.9635258358662618e-06
2024-08-21 22:01:38 [INFO]   loss: 0.0000,	steps: 1030/1410,	epoch: 10,	learning_rate: 2.887537993920973e-06
2024-08-21 22:05:30 [INFO]   第10轮的训练 测试结果为：{'R@5': 0.6257164893790013, 'R@10': 0.71747621983774, 'RR@5': 0.8949312714776633, 'RR@10': 0.8991899852724594, 'nDCG@5': 0.7400619017717514, 'nDCG@10': 0.7583093092339311}
2024-08-21 22:05:33 [INFO]   loss: 0.1162,	steps: 1040/1410,	epoch: 11,	learning_rate: 2.8115501519756846e-06
2024-08-21 22:05:37 [INFO]   loss: 0.0000,	steps: 1050/1410,	epoch: 11,	learning_rate: 2.7355623100303953e-06
2024-08-21 22:05:41 [INFO]   loss: 0.1250,	steps: 1060/1410,	epoch: 11,	learning_rate: 2.6595744680851065e-06
2024-08-21 22:05:45 [INFO]   loss: 0.1179,	steps: 1070/1410,	epoch: 11,	learning_rate: 2.5835866261398177e-06
2024-08-21 22:05:50 [INFO]   loss: 0.0000,	steps: 1080/1410,	epoch: 11,	learning_rate: 2.5075987841945293e-06
2024-08-21 22:05:54 [INFO]   loss: 0.0000,	steps: 1090/1410,	epoch: 11,	learning_rate: 2.4316109422492405e-06
2024-08-21 22:05:58 [INFO]   loss: 0.0000,	steps: 1100/1410,	epoch: 11,	learning_rate: 2.3556231003039513e-06
2024-08-21 22:06:02 [INFO]   loss: 0.0000,	steps: 1110/1410,	epoch: 11,	learning_rate: 2.279635258358663e-06
2024-08-21 22:06:06 [INFO]   loss: 0.0000,	steps: 1120/1410,	epoch: 11,	learning_rate: 2.203647416413374e-06
2024-08-21 22:10:00 [INFO]   第11轮的训练 测试结果为：{'R@5': 0.6174848239135217, 'R@10': 0.7115714236060945, 'RR@5': 0.8829037800687285, 'RR@10': 0.8881075110456553, 'nDCG@5': 0.725803061801028, 'nDCG@10': 0.746572656677555}
2024-08-21 22:10:01 [INFO]   loss: 0.0000,	steps: 1130/1410,	epoch: 12,	learning_rate: 2.1276595744680853e-06
2024-08-21 22:10:05 [INFO]   loss: 0.0000,	steps: 1140/1410,	epoch: 12,	learning_rate: 2.0516717325227965e-06
2024-08-21 22:10:09 [INFO]   loss: 0.0000,	steps: 1150/1410,	epoch: 12,	learning_rate: 1.9756838905775077e-06
2024-08-21 22:10:14 [INFO]   loss: 0.0000,	steps: 1160/1410,	epoch: 12,	learning_rate: 1.899696048632219e-06
2024-08-21 22:10:18 [INFO]   loss: 0.0000,	steps: 1170/1410,	epoch: 12,	learning_rate: 1.8237082066869303e-06
2024-08-21 22:10:22 [INFO]   loss: 0.0000,	steps: 1180/1410,	epoch: 12,	learning_rate: 1.7477203647416415e-06
2024-08-21 22:10:26 [INFO]   loss: 0.0000,	steps: 1190/1410,	epoch: 12,	learning_rate: 1.6717325227963527e-06
2024-08-21 22:10:31 [INFO]   loss: 0.0000,	steps: 1200/1410,	epoch: 12,	learning_rate: 1.595744680851064e-06
2024-08-21 22:10:35 [INFO]   loss: 0.0000,	steps: 1210/1410,	epoch: 12,	learning_rate: 1.519756838905775e-06
2024-08-21 22:10:39 [INFO]   loss: 0.0000,	steps: 1220/1410,	epoch: 12,	learning_rate: 1.4437689969604865e-06
2024-08-21 22:14:30 [INFO]   第12轮的训练 测试结果为：{'R@5': 0.6250756183285222, 'R@10': 0.7131291967285169, 'RR@5': 0.8882302405498284, 'RR@10': 0.8913639338897071, 'nDCG@5': 0.7330744262105221, 'nDCG@10': 0.7513860394281551}
2024-08-21 22:14:34 [INFO]   loss: 0.1250,	steps: 1230/1410,	epoch: 13,	learning_rate: 1.3677811550151977e-06
2024-08-21 22:14:38 [INFO]   loss: 0.0000,	steps: 1240/1410,	epoch: 13,	learning_rate: 1.2917933130699089e-06
2024-08-21 22:14:42 [INFO]   loss: 0.0000,	steps: 1250/1410,	epoch: 13,	learning_rate: 1.2158054711246203e-06
2024-08-21 22:14:46 [INFO]   loss: 0.0000,	steps: 1260/1410,	epoch: 13,	learning_rate: 1.1398176291793315e-06
2024-08-21 22:14:51 [INFO]   loss: 0.0000,	steps: 1270/1410,	epoch: 13,	learning_rate: 1.0638297872340427e-06
2024-08-21 22:14:55 [INFO]   loss: 0.1248,	steps: 1280/1410,	epoch: 13,	learning_rate: 9.878419452887538e-07
2024-08-21 22:14:59 [INFO]   loss: 0.0000,	steps: 1290/1410,	epoch: 13,	learning_rate: 9.118541033434651e-07
2024-08-21 22:15:03 [INFO]   loss: 0.0000,	steps: 1300/1410,	epoch: 13,	learning_rate: 8.358662613981763e-07
2024-08-21 22:15:07 [INFO]   loss: 0.0000,	steps: 1310/1410,	epoch: 13,	learning_rate: 7.598784194528875e-07
2024-08-21 22:19:00 [INFO]   第13轮的训练 测试结果为：{'R@5': 0.6240649047647462, 'R@10': 0.7130921994741737, 'RR@5': 0.882044673539519, 'RR@10': 0.884785632466045, 'nDCG@5': 0.7316371129103191, 'nDCG@10': 0.7518857178335286}
2024-08-21 22:19:02 [INFO]   loss: 0.0000,	steps: 1320/1410,	epoch: 14,	learning_rate: 6.838905775075988e-07
2024-08-21 22:19:06 [INFO]   loss: 0.0000,	steps: 1330/1410,	epoch: 14,	learning_rate: 6.079027355623101e-07
2024-08-21 22:19:10 [INFO]   loss: 0.0000,	steps: 1340/1410,	epoch: 14,	learning_rate: 5.319148936170213e-07
2024-08-21 22:19:14 [INFO]   loss: 0.1243,	steps: 1350/1410,	epoch: 14,	learning_rate: 4.5592705167173257e-07
2024-08-21 22:19:18 [INFO]   loss: 0.0000,	steps: 1360/1410,	epoch: 14,	learning_rate: 3.7993920972644377e-07
2024-08-21 22:19:23 [INFO]   loss: 0.0000,	steps: 1370/1410,	epoch: 14,	learning_rate: 3.0395136778115507e-07
2024-08-21 22:19:27 [INFO]   loss: 0.0000,	steps: 1380/1410,	epoch: 14,	learning_rate: 2.2796352583586629e-07
2024-08-21 22:19:31 [INFO]   loss: 0.0000,	steps: 1390/1410,	epoch: 14,	learning_rate: 1.5197568389057753e-07
2024-08-21 22:19:35 [INFO]   loss: 0.0000,	steps: 1400/1410,	epoch: 14,	learning_rate: 7.598784194528877e-08
2024-08-21 22:19:40 [INFO]   loss: 0.0000,	steps: 1410/1410,	epoch: 14,	learning_rate: 0.0
2024-08-21 22:23:30 [INFO]   第14轮的训练 测试结果为：{'R@5': 0.6228192002973922, 'R@10': 0.7145097252473694, 'RR@5': 0.882044673539519, 'RR@10': 0.8853010963835706, 'nDCG@5': 0.7310582375770575, 'nDCG@10': 0.7525054245472141}
2024-08-21 22:23:33 [INFO]   ------------------------------------------------
2024-08-21 22:23:33 [INFO]   第 14 轮已经训练完成  模型保存在 /mnt/workspace/clir/HIKE/output/epoch_14
2024-08-21 22:23:33 [INFO]   ------------------------------------------------
2024-08-21 22:23:37 [INFO]   ------------------------------------------------
2024-08-21 22:23:37 [INFO]   训练完成!  模型和 tokenizer 保存在 /mnt/workspace/clir/HIKE/output/training_ended
2024-08-21 22:23:37 [INFO]   ------------------------------------------------
