2024-07-23 20:00:03 [INFO]   ***** Running training *****
2024-07-23 20:00:03 [INFO]   当前时间: 2024-07-23 20:00:03
2024-07-23 20:00:03 [INFO]   Num examples = 758
2024-07-23 20:00:03 [INFO]   Num Epochs = 15
2024-07-23 20:00:03 [INFO]   Instantaneous batch size per device = 8
2024-07-23 20:00:03 [INFO]   Total train batch size (w. parallel, distributed & accumulation) = 16
2024-07-23 20:00:03 [INFO]   Total optimization steps = 1410
2024-07-23 20:00:03 [INFO]   训练的设备: cuda, 设备编号: 0
2024-07-23 20:00:07 [INFO]   loss: 0.3824,	steps: 10/1410,	epoch: 0,	learning_rate: 1.0638297872340427e-06
2024-07-23 20:00:11 [INFO]   loss: 0.1392,	steps: 20/1410,	epoch: 0,	learning_rate: 2.1276595744680853e-06
2024-07-23 20:00:15 [INFO]   loss: 0.0003,	steps: 30/1410,	epoch: 0,	learning_rate: 3.191489361702128e-06
2024-07-23 20:00:19 [INFO]   loss: 0.1802,	steps: 40/1410,	epoch: 0,	learning_rate: 4.255319148936171e-06
2024-07-23 20:00:23 [INFO]   loss: 0.0206,	steps: 50/1410,	epoch: 0,	learning_rate: 5.319148936170213e-06
2024-07-23 20:00:27 [INFO]   loss: 0.0003,	steps: 60/1410,	epoch: 0,	learning_rate: 6.382978723404256e-06
2024-07-23 20:00:30 [INFO]   loss: 0.1844,	steps: 70/1410,	epoch: 0,	learning_rate: 7.446808510638298e-06
2024-07-23 20:00:34 [INFO]   loss: 0.0000,	steps: 80/1410,	epoch: 0,	learning_rate: 8.510638297872341e-06
2024-07-23 20:00:38 [INFO]   loss: 0.0069,	steps: 90/1410,	epoch: 0,	learning_rate: 9.574468085106385e-06
2024-07-23 20:04:29 [INFO]   第0轮的训练 测试结果为：{'R@5': 0.609678875398323, 'R@10': 0.6801113162802019, 'RR@5': 0.8494845360824741, 'RR@10': 0.8519391261659303, 'nDCG@5': 0.6787617048295633, 'nDCG@10': 0.6963901271486611}
2024-07-23 20:04:32 [INFO]   loss: 0.0973,	steps: 100/1410,	epoch: 1,	learning_rate: 9.954407294832828e-06
2024-07-23 20:04:35 [INFO]   loss: 0.0391,	steps: 110/1410,	epoch: 1,	learning_rate: 9.878419452887538e-06
2024-07-23 20:04:39 [INFO]   loss: 0.0692,	steps: 120/1410,	epoch: 1,	learning_rate: 9.80243161094225e-06
2024-07-23 20:04:43 [INFO]   loss: 0.0002,	steps: 130/1410,	epoch: 1,	learning_rate: 9.726443768996962e-06
2024-07-23 20:04:47 [INFO]   loss: 0.0000,	steps: 140/1410,	epoch: 1,	learning_rate: 9.650455927051672e-06
2024-07-23 20:04:51 [INFO]   loss: 0.0000,	steps: 150/1410,	epoch: 1,	learning_rate: 9.574468085106385e-06
2024-07-23 20:04:55 [INFO]   loss: 0.0001,	steps: 160/1410,	epoch: 1,	learning_rate: 9.498480243161095e-06
2024-07-23 20:04:59 [INFO]   loss: 0.0187,	steps: 170/1410,	epoch: 1,	learning_rate: 9.422492401215805e-06
2024-07-23 20:05:03 [INFO]   loss: 0.0420,	steps: 180/1410,	epoch: 1,	learning_rate: 9.346504559270517e-06
2024-07-23 20:08:55 [INFO]   第1轮的训练 测试结果为：{'R@5': 0.6316064573941682, 'R@10': 0.7053214507149574, 'RR@5': 0.89106529209622, 'RR@10': 0.8931414662084766, 'nDCG@5': 0.7299604513844391, 'nDCG@10': 0.7414579558235485}
2024-07-23 20:08:56 [INFO]   loss: 0.0017,	steps: 190/1410,	epoch: 2,	learning_rate: 9.27051671732523e-06
2024-07-23 20:09:00 [INFO]   loss: 0.0535,	steps: 200/1410,	epoch: 2,	learning_rate: 9.19452887537994e-06
2024-07-23 20:09:04 [INFO]   loss: 0.0004,	steps: 210/1410,	epoch: 2,	learning_rate: 9.118541033434652e-06
2024-07-23 20:09:08 [INFO]   loss: 0.1303,	steps: 220/1410,	epoch: 2,	learning_rate: 9.042553191489362e-06
2024-07-23 20:09:12 [INFO]   loss: 0.0003,	steps: 230/1410,	epoch: 2,	learning_rate: 8.966565349544074e-06
2024-07-23 20:09:15 [INFO]   loss: 0.1004,	steps: 240/1410,	epoch: 2,	learning_rate: 8.890577507598786e-06
2024-07-23 20:09:19 [INFO]   loss: 0.1250,	steps: 250/1410,	epoch: 2,	learning_rate: 8.814589665653496e-06
2024-07-23 20:09:23 [INFO]   loss: 0.0000,	steps: 260/1410,	epoch: 2,	learning_rate: 8.738601823708207e-06
2024-07-23 20:09:27 [INFO]   loss: 0.0757,	steps: 270/1410,	epoch: 2,	learning_rate: 8.662613981762919e-06
2024-07-23 20:09:31 [INFO]   loss: 0.0002,	steps: 280/1410,	epoch: 2,	learning_rate: 8.58662613981763e-06
2024-07-23 20:13:21 [INFO]   第2轮的训练 测试结果为：{'R@5': 0.6153275849336435, 'R@10': 0.7003110877997369, 'RR@5': 0.834106529209622, 'RR@10': 0.8380993290787105, 'nDCG@5': 0.6771373228797087, 'nDCG@10': 0.6992762149131325}
2024-07-23 20:13:24 [INFO]   loss: 0.0085,	steps: 290/1410,	epoch: 3,	learning_rate: 8.510638297872341e-06
2024-07-23 20:13:28 [INFO]   loss: 0.0006,	steps: 300/1410,	epoch: 3,	learning_rate: 8.434650455927053e-06
2024-07-23 20:13:32 [INFO]   loss: 0.0002,	steps: 310/1410,	epoch: 3,	learning_rate: 8.358662613981764e-06
2024-07-23 20:13:36 [INFO]   loss: 0.0005,	steps: 320/1410,	epoch: 3,	learning_rate: 8.282674772036476e-06
2024-07-23 20:13:40 [INFO]   loss: 0.0000,	steps: 330/1410,	epoch: 3,	learning_rate: 8.206686930091186e-06
2024-07-23 20:13:44 [INFO]   loss: 0.0011,	steps: 340/1410,	epoch: 3,	learning_rate: 8.130699088145896e-06
2024-07-23 20:13:47 [INFO]   loss: 0.0581,	steps: 350/1410,	epoch: 3,	learning_rate: 8.054711246200608e-06
2024-07-23 20:13:51 [INFO]   loss: 0.0145,	steps: 360/1410,	epoch: 3,	learning_rate: 7.97872340425532e-06
2024-07-23 20:13:55 [INFO]   loss: 0.0006,	steps: 370/1410,	epoch: 3,	learning_rate: 7.90273556231003e-06
2024-07-23 20:17:47 [INFO]   第3轮的训练 测试结果为：{'R@5': 0.6103140267120047, 'R@10': 0.6993830728301786, 'RR@5': 0.867955326460481, 'RR@10': 0.8696878579610537, 'nDCG@5': 0.7063056550059742, 'nDCG@10': 0.7309698962442575}
2024-07-23 20:17:49 [INFO]   loss: 0.0765,	steps: 380/1410,	epoch: 4,	learning_rate: 7.826747720364743e-06
2024-07-23 20:17:53 [INFO]   loss: 0.0038,	steps: 390/1410,	epoch: 4,	learning_rate: 7.750759878419453e-06
2024-07-23 20:17:57 [INFO]   loss: 0.0001,	steps: 400/1410,	epoch: 4,	learning_rate: 7.674772036474165e-06
2024-07-23 20:18:00 [INFO]   loss: 0.0006,	steps: 410/1410,	epoch: 4,	learning_rate: 7.598784194528876e-06
2024-07-23 20:18:04 [INFO]   loss: 0.0205,	steps: 420/1410,	epoch: 4,	learning_rate: 7.522796352583587e-06
2024-07-23 20:18:08 [INFO]   loss: 0.0006,	steps: 430/1410,	epoch: 4,	learning_rate: 7.446808510638298e-06
2024-07-23 20:18:12 [INFO]   loss: 0.0002,	steps: 440/1410,	epoch: 4,	learning_rate: 7.370820668693009e-06
2024-07-23 20:18:16 [INFO]   loss: 0.0065,	steps: 450/1410,	epoch: 4,	learning_rate: 7.294832826747721e-06
2024-07-23 20:18:20 [INFO]   loss: 0.0000,	steps: 460/1410,	epoch: 4,	learning_rate: 7.218844984802432e-06
2024-07-23 20:18:24 [INFO]   loss: 0.0002,	steps: 470/1410,	epoch: 4,	learning_rate: 7.1428571428571436e-06
2024-07-23 20:22:13 [INFO]   第4轮的训练 测试结果为：{'R@5': 0.6181660100745926, 'R@10': 0.7146933856072868, 'RR@5': 0.8750859106529211, 'RR@10': 0.8783996072655865, 'nDCG@5': 0.7148581446445308, 'nDCG@10': 0.7394553069757519}
2024-07-23 20:22:14 [INFO]   ------------------------------------------------
2024-07-23 20:22:14 [INFO]   第 4 轮已经训练完成  模型保存在 /mnt/workspace/clir/HIKE/output/epoch_4
2024-07-23 20:22:14 [INFO]   ------------------------------------------------
2024-07-23 20:22:18 [INFO]   loss: 0.1318,	steps: 480/1410,	epoch: 5,	learning_rate: 7.066869300911855e-06
2024-07-23 20:22:22 [INFO]   loss: 0.0000,	steps: 490/1410,	epoch: 5,	learning_rate: 6.990881458966566e-06
2024-07-23 20:22:26 [INFO]   loss: 0.0031,	steps: 500/1410,	epoch: 5,	learning_rate: 6.914893617021278e-06
2024-07-23 20:22:29 [INFO]   loss: 0.0000,	steps: 510/1410,	epoch: 5,	learning_rate: 6.838905775075988e-06
2024-07-23 20:22:33 [INFO]   loss: 0.0006,	steps: 520/1410,	epoch: 5,	learning_rate: 6.7629179331306995e-06
2024-07-23 20:22:37 [INFO]   loss: 0.0000,	steps: 530/1410,	epoch: 5,	learning_rate: 6.686930091185411e-06
2024-07-23 20:22:41 [INFO]   loss: 0.0000,	steps: 540/1410,	epoch: 5,	learning_rate: 6.610942249240122e-06
2024-07-23 20:22:45 [INFO]   loss: 0.0000,	steps: 550/1410,	epoch: 5,	learning_rate: 6.534954407294833e-06
2024-07-23 20:22:49 [INFO]   loss: 0.0000,	steps: 560/1410,	epoch: 5,	learning_rate: 6.458966565349545e-06
2024-07-23 20:26:40 [INFO]   第5轮的训练 测试结果为：{'R@5': 0.640444537117653, 'R@10': 0.7320321075632811, 'RR@5': 0.8853092783505154, 'RR@10': 0.8896539027982326, 'nDCG@5': 0.7426242120144687, 'nDCG@10': 0.7636486734046186}
2024-07-23 20:26:42 [INFO]   loss: 0.0000,	steps: 570/1410,	epoch: 6,	learning_rate: 6.382978723404256e-06
2024-07-23 20:26:46 [INFO]   loss: 0.0000,	steps: 580/1410,	epoch: 6,	learning_rate: 6.3069908814589675e-06
2024-07-23 20:26:50 [INFO]   loss: 0.0000,	steps: 590/1410,	epoch: 6,	learning_rate: 6.231003039513678e-06
2024-07-23 20:26:54 [INFO]   loss: 0.0002,	steps: 600/1410,	epoch: 6,	learning_rate: 6.155015197568389e-06
2024-07-23 20:26:58 [INFO]   loss: 0.0000,	steps: 610/1410,	epoch: 6,	learning_rate: 6.0790273556231e-06
2024-07-23 20:27:02 [INFO]   loss: 0.0000,	steps: 620/1410,	epoch: 6,	learning_rate: 6.003039513677812e-06
2024-07-23 20:27:06 [INFO]   loss: 0.0017,	steps: 630/1410,	epoch: 6,	learning_rate: 5.9270516717325235e-06
2024-07-23 20:27:10 [INFO]   loss: 0.0000,	steps: 640/1410,	epoch: 6,	learning_rate: 5.851063829787235e-06
2024-07-23 20:27:13 [INFO]   loss: 0.0017,	steps: 650/1410,	epoch: 6,	learning_rate: 5.775075987841946e-06
2024-07-23 20:31:06 [INFO]   第6轮的训练 测试结果为：{'R@5': 0.6324548657862071, 'R@10': 0.7209662643711802, 'RR@5': 0.8936426116838488, 'RR@10': 0.8976006381934217, 'nDCG@5': 0.7369892397831127, 'nDCG@10': 0.7574347030250095}
2024-07-23 20:31:07 [INFO]   loss: 0.0026,	steps: 660/1410,	epoch: 7,	learning_rate: 5.699088145896657e-06
2024-07-23 20:31:11 [INFO]   loss: 0.0002,	steps: 670/1410,	epoch: 7,	learning_rate: 5.623100303951369e-06
2024-07-23 20:31:15 [INFO]   loss: 0.0000,	steps: 680/1410,	epoch: 7,	learning_rate: 5.547112462006079e-06
2024-07-23 20:31:18 [INFO]   loss: 0.0000,	steps: 690/1410,	epoch: 7,	learning_rate: 5.471124620060791e-06
2024-07-23 20:31:22 [INFO]   loss: 0.0000,	steps: 700/1410,	epoch: 7,	learning_rate: 5.395136778115502e-06
2024-07-23 20:31:26 [INFO]   loss: 0.0000,	steps: 710/1410,	epoch: 7,	learning_rate: 5.319148936170213e-06
2024-07-23 20:31:30 [INFO]   loss: 0.0000,	steps: 720/1410,	epoch: 7,	learning_rate: 5.243161094224924e-06
2024-07-23 20:31:34 [INFO]   loss: 0.0000,	steps: 730/1410,	epoch: 7,	learning_rate: 5.1671732522796354e-06
2024-07-23 20:31:38 [INFO]   loss: 0.0000,	steps: 740/1410,	epoch: 7,	learning_rate: 5.0911854103343475e-06
2024-07-23 20:31:42 [INFO]   loss: 0.0000,	steps: 750/1410,	epoch: 7,	learning_rate: 5.015197568389059e-06
2024-07-23 20:35:32 [INFO]   第7轮的训练 测试结果为：{'R@5': 0.6351308578252053, 'R@10': 0.7217643174386998, 'RR@5': 0.8896048109965636, 'RR@10': 0.8933991981672393, 'nDCG@5': 0.7332157468877085, 'nDCG@10': 0.7525389323860447}
2024-07-23 20:35:35 [INFO]   loss: 0.0000,	steps: 760/1410,	epoch: 8,	learning_rate: 4.939209726443769e-06
2024-07-23 20:35:39 [INFO]   loss: 0.0001,	steps: 770/1410,	epoch: 8,	learning_rate: 4.863221884498481e-06
2024-07-23 20:35:43 [INFO]   loss: 0.0000,	steps: 780/1410,	epoch: 8,	learning_rate: 4.787234042553192e-06
2024-07-23 20:35:47 [INFO]   loss: 0.0000,	steps: 790/1410,	epoch: 8,	learning_rate: 4.711246200607903e-06
2024-07-23 20:35:50 [INFO]   loss: 0.0000,	steps: 800/1410,	epoch: 8,	learning_rate: 4.635258358662615e-06
2024-07-23 20:35:54 [INFO]   loss: 0.0000,	steps: 810/1410,	epoch: 8,	learning_rate: 4.559270516717326e-06
2024-07-23 20:35:58 [INFO]   loss: 0.0000,	steps: 820/1410,	epoch: 8,	learning_rate: 4.483282674772037e-06
2024-07-23 20:36:02 [INFO]   loss: 0.0000,	steps: 830/1410,	epoch: 8,	learning_rate: 4.407294832826748e-06
2024-07-23 20:36:06 [INFO]   loss: 0.0085,	steps: 840/1410,	epoch: 8,	learning_rate: 4.331306990881459e-06
2024-07-23 20:39:58 [INFO]   第8轮的训练 测试结果为：{'R@5': 0.6362141706038583, 'R@10': 0.7200952962122665, 'RR@5': 0.890807560137457, 'RR@10': 0.8950867288496153, 'nDCG@5': 0.7370838888910191, 'nDCG@10': 0.7539867064790314}
2024-07-23 20:39:59 [INFO]   loss: 0.0002,	steps: 850/1410,	epoch: 9,	learning_rate: 4.255319148936171e-06
2024-07-23 20:40:03 [INFO]   loss: 0.0005,	steps: 860/1410,	epoch: 9,	learning_rate: 4.179331306990882e-06
2024-07-23 20:40:07 [INFO]   loss: 0.0037,	steps: 870/1410,	epoch: 9,	learning_rate: 4.103343465045593e-06
2024-07-23 20:40:11 [INFO]   loss: 0.0000,	steps: 880/1410,	epoch: 9,	learning_rate: 4.027355623100304e-06
2024-07-23 20:40:15 [INFO]   loss: 0.0000,	steps: 890/1410,	epoch: 9,	learning_rate: 3.951367781155015e-06
2024-07-23 20:40:19 [INFO]   loss: 0.0000,	steps: 900/1410,	epoch: 9,	learning_rate: 3.875379939209727e-06
2024-07-23 20:40:23 [INFO]   loss: 0.0001,	steps: 910/1410,	epoch: 9,	learning_rate: 3.799392097264438e-06
2024-07-23 20:40:26 [INFO]   loss: 0.0000,	steps: 920/1410,	epoch: 9,	learning_rate: 3.723404255319149e-06
2024-07-23 20:40:30 [INFO]   loss: 0.0000,	steps: 930/1410,	epoch: 9,	learning_rate: 3.6474164133738606e-06
2024-07-23 20:40:34 [INFO]   loss: 0.0021,	steps: 940/1410,	epoch: 9,	learning_rate: 3.5714285714285718e-06
2024-07-23 20:44:23 [INFO]   第9轮的训练 测试结果为：{'R@5': 0.6377965532725985, 'R@10': 0.7275757849066833, 'RR@5': 0.895446735395189, 'RR@10': 0.8983104238258877, 'nDCG@5': 0.7407256344588999, 'nDCG@10': 0.7613922478228994}
2024-07-23 20:44:24 [INFO]   ------------------------------------------------
2024-07-23 20:44:24 [INFO]   第 9 轮已经训练完成  模型保存在 /mnt/workspace/clir/HIKE/output/epoch_9
2024-07-23 20:44:24 [INFO]   ------------------------------------------------
2024-07-23 20:44:28 [INFO]   loss: 0.0000,	steps: 950/1410,	epoch: 10,	learning_rate: 3.495440729483283e-06
2024-07-23 20:44:32 [INFO]   loss: 0.0000,	steps: 960/1410,	epoch: 10,	learning_rate: 3.419452887537994e-06
2024-07-23 20:44:35 [INFO]   loss: 0.0000,	steps: 970/1410,	epoch: 10,	learning_rate: 3.3434650455927054e-06
2024-07-23 20:44:39 [INFO]   loss: 0.0000,	steps: 980/1410,	epoch: 10,	learning_rate: 3.2674772036474166e-06
2024-07-23 20:44:43 [INFO]   loss: 0.0000,	steps: 990/1410,	epoch: 10,	learning_rate: 3.191489361702128e-06
2024-07-23 20:44:47 [INFO]   loss: 0.0000,	steps: 1000/1410,	epoch: 10,	learning_rate: 3.115501519756839e-06
2024-07-23 20:44:51 [INFO]   loss: 0.0000,	steps: 1010/1410,	epoch: 10,	learning_rate: 3.03951367781155e-06
2024-07-23 20:44:55 [INFO]   loss: 0.0000,	steps: 1020/1410,	epoch: 10,	learning_rate: 2.9635258358662618e-06
2024-07-23 20:44:59 [INFO]   loss: 0.0000,	steps: 1030/1410,	epoch: 10,	learning_rate: 2.887537993920973e-06
2024-07-23 20:48:50 [INFO]   第10轮的训练 测试结果为：{'R@5': 0.641817153570488, 'R@10': 0.7228561932226489, 'RR@5': 0.8783505154639175, 'RR@10': 0.8817705776468663, 'nDCG@5': 0.7325235770537883, 'nDCG@10': 0.7487123832182686}
2024-07-23 20:48:52 [INFO]   loss: 0.0000,	steps: 1040/1410,	epoch: 11,	learning_rate: 2.8115501519756846e-06
2024-07-23 20:48:56 [INFO]   loss: 0.0000,	steps: 1050/1410,	epoch: 11,	learning_rate: 2.7355623100303953e-06
2024-07-23 20:49:00 [INFO]   loss: 0.0000,	steps: 1060/1410,	epoch: 11,	learning_rate: 2.6595744680851065e-06
2024-07-23 20:49:04 [INFO]   loss: 0.0000,	steps: 1070/1410,	epoch: 11,	learning_rate: 2.5835866261398177e-06
2024-07-23 20:49:08 [INFO]   loss: 0.0000,	steps: 1080/1410,	epoch: 11,	learning_rate: 2.5075987841945293e-06
2024-07-23 20:49:12 [INFO]   loss: 0.0947,	steps: 1090/1410,	epoch: 11,	learning_rate: 2.4316109422492405e-06
2024-07-23 20:49:15 [INFO]   loss: 0.0000,	steps: 1100/1410,	epoch: 11,	learning_rate: 2.3556231003039513e-06
2024-07-23 20:49:19 [INFO]   loss: 0.0034,	steps: 1110/1410,	epoch: 11,	learning_rate: 2.279635258358663e-06
2024-07-23 20:49:23 [INFO]   loss: 0.0000,	steps: 1120/1410,	epoch: 11,	learning_rate: 2.203647416413374e-06
2024-07-23 20:53:15 [INFO]   第11轮的训练 测试结果为：{'R@5': 0.6374207722222708, 'R@10': 0.7282111012641804, 'RR@5': 0.8893470790378006, 'RR@10': 0.8935996563573881, 'nDCG@5': 0.7382765816830257, 'nDCG@10': 0.7609836530564845}
2024-07-23 20:53:16 [INFO]   loss: 0.0000,	steps: 1130/1410,	epoch: 12,	learning_rate: 2.1276595744680853e-06
2024-07-23 20:53:20 [INFO]   loss: 0.0000,	steps: 1140/1410,	epoch: 12,	learning_rate: 2.0516717325227965e-06
2024-07-23 20:53:24 [INFO]   loss: 0.0000,	steps: 1150/1410,	epoch: 12,	learning_rate: 1.9756838905775077e-06
2024-07-23 20:53:28 [INFO]   loss: 0.0003,	steps: 1160/1410,	epoch: 12,	learning_rate: 1.899696048632219e-06
2024-07-23 20:53:32 [INFO]   loss: 0.0000,	steps: 1170/1410,	epoch: 12,	learning_rate: 1.8237082066869303e-06
2024-07-23 20:53:36 [INFO]   loss: 0.0052,	steps: 1180/1410,	epoch: 12,	learning_rate: 1.7477203647416415e-06
2024-07-23 20:53:39 [INFO]   loss: 0.0000,	steps: 1190/1410,	epoch: 12,	learning_rate: 1.6717325227963527e-06
2024-07-23 20:53:43 [INFO]   loss: 0.0004,	steps: 1200/1410,	epoch: 12,	learning_rate: 1.595744680851064e-06
2024-07-23 20:53:47 [INFO]   loss: 0.0000,	steps: 1210/1410,	epoch: 12,	learning_rate: 1.519756838905775e-06
2024-07-23 20:53:51 [INFO]   loss: 0.0001,	steps: 1220/1410,	epoch: 12,	learning_rate: 1.4437689969604865e-06
2024-07-23 20:57:42 [INFO]   第12轮的训练 测试结果为：{'R@5': 0.6380884582522975, 'R@10': 0.7235919730251653, 'RR@5': 0.8779209621993127, 'RR@10': 0.8821428571428571, 'nDCG@5': 0.7347703776313911, 'nDCG@10': 0.7537916399800623}
2024-07-23 20:57:45 [INFO]   loss: 0.0001,	steps: 1230/1410,	epoch: 13,	learning_rate: 1.3677811550151977e-06
2024-07-23 20:57:49 [INFO]   loss: 0.0000,	steps: 1240/1410,	epoch: 13,	learning_rate: 1.2917933130699089e-06
2024-07-23 20:57:53 [INFO]   loss: 0.0000,	steps: 1250/1410,	epoch: 13,	learning_rate: 1.2158054711246203e-06
2024-07-23 20:57:57 [INFO]   loss: 0.0000,	steps: 1260/1410,	epoch: 13,	learning_rate: 1.1398176291793315e-06
2024-07-23 20:58:00 [INFO]   loss: 0.0001,	steps: 1270/1410,	epoch: 13,	learning_rate: 1.0638297872340427e-06
2024-07-23 20:58:04 [INFO]   loss: 0.0000,	steps: 1280/1410,	epoch: 13,	learning_rate: 9.878419452887538e-07
2024-07-23 20:58:08 [INFO]   loss: 0.0000,	steps: 1290/1410,	epoch: 13,	learning_rate: 9.118541033434651e-07
2024-07-23 20:58:12 [INFO]   loss: 0.0051,	steps: 1300/1410,	epoch: 13,	learning_rate: 8.358662613981763e-07
2024-07-23 20:58:16 [INFO]   loss: 0.0000,	steps: 1310/1410,	epoch: 13,	learning_rate: 7.598784194528875e-07
2024-07-23 21:02:08 [INFO]   第13轮的训练 测试结果为：{'R@5': 0.6394701879201097, 'R@10': 0.7225250338567308, 'RR@5': 0.8810996563573882, 'RR@10': 0.8840697103583699, 'nDCG@5': 0.7414180411723391, 'nDCG@10': 0.7571506306872572}
2024-07-23 21:02:10 [INFO]   loss: 0.0002,	steps: 1320/1410,	epoch: 14,	learning_rate: 6.838905775075988e-07
2024-07-23 21:02:14 [INFO]   loss: 0.0000,	steps: 1330/1410,	epoch: 14,	learning_rate: 6.079027355623101e-07
2024-07-23 21:02:18 [INFO]   loss: 0.0000,	steps: 1340/1410,	epoch: 14,	learning_rate: 5.319148936170213e-07
2024-07-23 21:02:21 [INFO]   loss: 0.0000,	steps: 1350/1410,	epoch: 14,	learning_rate: 4.5592705167173257e-07
2024-07-23 21:02:25 [INFO]   loss: 0.0000,	steps: 1360/1410,	epoch: 14,	learning_rate: 3.7993920972644377e-07
2024-07-23 21:02:29 [INFO]   loss: 0.0000,	steps: 1370/1410,	epoch: 14,	learning_rate: 3.0395136778115507e-07
2024-07-23 21:02:33 [INFO]   loss: 0.0001,	steps: 1380/1410,	epoch: 14,	learning_rate: 2.2796352583586629e-07
2024-07-23 21:02:37 [INFO]   loss: 0.0000,	steps: 1390/1410,	epoch: 14,	learning_rate: 1.5197568389057753e-07
2024-07-23 21:02:41 [INFO]   loss: 0.0000,	steps: 1400/1410,	epoch: 14,	learning_rate: 7.598784194528877e-08
2024-07-23 21:02:44 [INFO]   loss: 0.0016,	steps: 1410/1410,	epoch: 14,	learning_rate: 0.0
2024-07-23 21:06:34 [INFO]   第14轮的训练 测试结果为：{'R@5': 0.6394701879201097, 'R@10': 0.7235559616917823, 'RR@5': 0.8810996563573882, 'RR@10': 0.8840697103583699, 'nDCG@5': 0.7413644201811419, 'nDCG@10': 0.7573900678013777}
2024-07-23 21:06:34 [INFO]   ------------------------------------------------
2024-07-23 21:06:34 [INFO]   第 14 轮已经训练完成  模型保存在 /mnt/workspace/clir/HIKE/output/epoch_14
2024-07-23 21:06:34 [INFO]   ------------------------------------------------
2024-07-23 21:06:35 [INFO]   ------------------------------------------------
2024-07-23 21:06:35 [INFO]   训练完成!  模型和 tokenizer 保存在 /mnt/workspace/clir/HIKE/output/training_ended
2024-07-23 21:06:35 [INFO]   ------------------------------------------------
