2024-07-21 18:43:30 [INFO]   train_dataset生成中ing......
2024-07-21 18:43:31 [INFO]   ***** Running training *****
2024-07-21 18:43:31 [INFO]   当前时间: 2024-07-21 18:43:31
2024-07-21 18:43:31 [INFO]   Num examples = 761
2024-07-21 18:43:31 [INFO]   Num Epochs = 3
2024-07-21 18:43:31 [INFO]   Instantaneous batch size per device = 8
2024-07-21 18:43:31 [INFO]   Total train batch size (w. parallel, distributed & accumulation) = 16
2024-07-21 18:43:31 [INFO]   Total optimization steps = 285
2024-07-21 18:43:31 [INFO]   训练的设备: cuda, 设备编号: 0
2024-07-21 18:43:36 [INFO]   loss: 0.4188,	steps: 10/285,	epoch: 0,	learning_rate: 1.0526315789473685e-06
2024-07-21 18:43:39 [INFO]   loss: 0.0629,	steps: 20/285,	epoch: 0,	learning_rate: 2.105263157894737e-06
2024-07-21 18:43:43 [INFO]   loss: 0.2858,	steps: 30/285,	epoch: 0,	learning_rate: 3.157894736842105e-06
2024-07-21 18:43:47 [INFO]   loss: 0.0835,	steps: 40/285,	epoch: 0,	learning_rate: 4.210526315789474e-06
2024-07-21 18:43:51 [INFO]   loss: 0.2122,	steps: 50/285,	epoch: 0,	learning_rate: 5.263157894736842e-06
2024-07-21 18:43:55 [INFO]   loss: 0.0888,	steps: 60/285,	epoch: 0,	learning_rate: 6.31578947368421e-06
2024-07-21 18:43:58 [INFO]   loss: 0.0508,	steps: 70/285,	epoch: 0,	learning_rate: 7.368421052631579e-06
2024-07-21 18:44:02 [INFO]   loss: 0.1509,	steps: 80/285,	epoch: 0,	learning_rate: 8.421052631578948e-06
2024-07-21 18:44:06 [INFO]   loss: 0.0722,	steps: 90/285,	epoch: 0,	learning_rate: 9.473684210526315e-06
2024-07-21 18:44:08 [INFO]   ------------------------------------------------
2024-07-21 18:44:08 [INFO]   第 0 轮已经训练完成  模型保存在 /mnt/workspace/clir/HIKE/output/epoch_0
2024-07-21 18:44:08 [INFO]   ------------------------------------------------
2024-07-21 18:44:10 [INFO]   loss: 0.0261,	steps: 100/285,	epoch: 1,	learning_rate: 9.736842105263159e-06
2024-07-21 18:44:14 [INFO]   loss: 0.0069,	steps: 110/285,	epoch: 1,	learning_rate: 9.210526315789474e-06
2024-07-21 18:44:18 [INFO]   loss: 0.0155,	steps: 120/285,	epoch: 1,	learning_rate: 8.68421052631579e-06
2024-07-21 18:44:22 [INFO]   loss: 0.0450,	steps: 130/285,	epoch: 1,	learning_rate: 8.157894736842106e-06
2024-07-21 18:44:26 [INFO]   loss: 0.1172,	steps: 140/285,	epoch: 1,	learning_rate: 7.631578947368423e-06
2024-07-21 18:44:30 [INFO]   loss: 0.1384,	steps: 150/285,	epoch: 1,	learning_rate: 7.1052631578947375e-06
2024-07-21 18:44:34 [INFO]   loss: 0.1030,	steps: 160/285,	epoch: 1,	learning_rate: 6.578947368421054e-06
2024-07-21 18:44:37 [INFO]   loss: 0.0404,	steps: 170/285,	epoch: 1,	learning_rate: 6.0526315789473685e-06
2024-07-21 18:44:41 [INFO]   loss: 0.0000,	steps: 180/285,	epoch: 1,	learning_rate: 5.526315789473685e-06
2024-07-21 18:44:45 [INFO]   loss: 0.0001,	steps: 190/285,	epoch: 1,	learning_rate: 5e-06
2024-07-21 18:44:46 [INFO]   ------------------------------------------------
2024-07-21 18:44:46 [INFO]   第 1 轮已经训练完成  模型保存在 /mnt/workspace/clir/HIKE/output/epoch_1
2024-07-21 18:44:46 [INFO]   ------------------------------------------------
2024-07-21 18:44:50 [INFO]   loss: 0.0994,	steps: 200/285,	epoch: 2,	learning_rate: 4.473684210526316e-06
2024-07-21 18:44:54 [INFO]   loss: 0.0006,	steps: 210/285,	epoch: 2,	learning_rate: 3.947368421052632e-06
2024-07-21 18:44:57 [INFO]   loss: 0.0008,	steps: 220/285,	epoch: 2,	learning_rate: 3.421052631578948e-06
2024-07-21 18:45:01 [INFO]   loss: 0.0001,	steps: 230/285,	epoch: 2,	learning_rate: 2.8947368421052634e-06
2024-07-21 18:45:05 [INFO]   loss: 0.0087,	steps: 240/285,	epoch: 2,	learning_rate: 2.368421052631579e-06
2024-07-21 18:45:09 [INFO]   loss: 0.0001,	steps: 250/285,	epoch: 2,	learning_rate: 1.8421052631578948e-06
2024-07-21 18:45:13 [INFO]   loss: 0.0447,	steps: 260/285,	epoch: 2,	learning_rate: 1.3157894736842106e-06
2024-07-21 18:45:17 [INFO]   loss: 0.0000,	steps: 270/285,	epoch: 2,	learning_rate: 7.894736842105263e-07
2024-07-21 18:45:21 [INFO]   loss: 0.0000,	steps: 280/285,	epoch: 2,	learning_rate: 2.6315789473684213e-07
2024-07-21 18:45:24 [INFO]   ------------------------------------------------
2024-07-21 18:45:24 [INFO]   第 2 轮已经训练完成  模型保存在 /mnt/workspace/clir/HIKE/output/epoch_2
2024-07-21 18:45:24 [INFO]   ------------------------------------------------
2024-07-21 18:45:25 [INFO]   ------------------------------------------------
2024-07-21 18:45:25 [INFO]   训练完成!  模型和 tokenizer 保存在 /mnt/workspace/clir/HIKE/output/training_ended
2024-07-21 18:45:25 [INFO]   ------------------------------------------------
