2024-07-22 20:42:25 [INFO]   train_dataset生成中ing......
2024-07-22 20:43:55 [INFO]   train_dataset生成中ing......
2024-07-22 20:44:20 [INFO]   train_dataset生成中ing......
2024-07-22 20:44:48 [INFO]   train_dataset生成中ing......
2024-07-22 20:47:19 [INFO]   ***** Running training *****
2024-07-22 20:47:19 [INFO]   当前时间: 2024-07-22 20:47:19
2024-07-22 20:47:19 [INFO]   Num examples = 758
2024-07-22 20:47:19 [INFO]   Num Epochs = 15
2024-07-22 20:47:19 [INFO]   Instantaneous batch size per device = 8
2024-07-22 20:47:19 [INFO]   Total train batch size (w. parallel, distributed & accumulation) = 16
2024-07-22 20:47:19 [INFO]   Total optimization steps = 1410
2024-07-22 20:47:19 [INFO]   训练的设备: cuda, 设备编号: 0
2024-07-22 20:47:24 [INFO]   loss: 0.3503,	steps: 10/1410,	epoch: 0,	learning_rate: 1.0638297872340427e-06
2024-07-22 20:47:28 [INFO]   loss: 0.0144,	steps: 20/1410,	epoch: 0,	learning_rate: 2.1276595744680853e-06
2024-07-22 20:47:32 [INFO]   loss: 0.2270,	steps: 30/1410,	epoch: 0,	learning_rate: 3.191489361702128e-06
2024-07-22 20:47:36 [INFO]   loss: 0.2411,	steps: 40/1410,	epoch: 0,	learning_rate: 4.255319148936171e-06
2024-07-22 20:47:40 [INFO]   loss: 0.1712,	steps: 50/1410,	epoch: 0,	learning_rate: 5.319148936170213e-06
2024-07-22 20:47:43 [INFO]   loss: 0.0144,	steps: 60/1410,	epoch: 0,	learning_rate: 6.382978723404256e-06
2024-07-22 20:47:47 [INFO]   loss: 0.1944,	steps: 70/1410,	epoch: 0,	learning_rate: 7.446808510638298e-06
2024-07-22 20:47:51 [INFO]   loss: 0.0384,	steps: 80/1410,	epoch: 0,	learning_rate: 8.510638297872341e-06
2024-07-22 20:47:55 [INFO]   loss: 0.0294,	steps: 90/1410,	epoch: 0,	learning_rate: 9.574468085106385e-06
2024-07-22 21:16:36 [INFO]   ***** Running training *****
2024-07-22 21:16:36 [INFO]   当前时间: 2024-07-22 21:16:36
2024-07-22 21:16:36 [INFO]   Num examples = 758
2024-07-22 21:16:36 [INFO]   Num Epochs = 15
2024-07-22 21:16:36 [INFO]   Instantaneous batch size per device = 8
2024-07-22 21:16:36 [INFO]   Total train batch size (w. parallel, distributed & accumulation) = 16
2024-07-22 21:16:36 [INFO]   Total optimization steps = 1410
2024-07-22 21:16:36 [INFO]   训练的设备: cuda, 设备编号: 0
2024-07-22 21:16:41 [INFO]   loss: 0.3503,	steps: 10/1410,	epoch: 0,	learning_rate: 1.0638297872340427e-06
2024-07-22 21:16:45 [INFO]   loss: 0.0144,	steps: 20/1410,	epoch: 0,	learning_rate: 2.1276595744680853e-06
2024-07-22 21:16:49 [INFO]   loss: 0.2270,	steps: 30/1410,	epoch: 0,	learning_rate: 3.191489361702128e-06
2024-07-22 21:16:53 [INFO]   loss: 0.2411,	steps: 40/1410,	epoch: 0,	learning_rate: 4.255319148936171e-06
2024-07-22 21:16:56 [INFO]   loss: 0.1712,	steps: 50/1410,	epoch: 0,	learning_rate: 5.319148936170213e-06
2024-07-22 21:17:00 [INFO]   loss: 0.0144,	steps: 60/1410,	epoch: 0,	learning_rate: 6.382978723404256e-06
2024-07-22 21:17:04 [INFO]   loss: 0.1944,	steps: 70/1410,	epoch: 0,	learning_rate: 7.446808510638298e-06
2024-07-22 21:17:08 [INFO]   loss: 0.0384,	steps: 80/1410,	epoch: 0,	learning_rate: 8.510638297872341e-06
2024-07-22 21:17:12 [INFO]   loss: 0.0294,	steps: 90/1410,	epoch: 0,	learning_rate: 9.574468085106385e-06
2024-07-22 21:21:06 [INFO]   第0轮的训练 测试结果为：{'R@5': 0.6078476255218058, 'R@10': 0.6794919960961184, 'RR@5': 0.8265463917525773, 'RR@10': 0.8318319423989526, 'nDCG@5': 0.6864964471026147, 'nDCG@10': 0.7062711560093833}
2024-07-22 21:21:09 [INFO]   loss: 0.0858,	steps: 100/1410,	epoch: 1,	learning_rate: 9.954407294832828e-06
2024-07-22 21:21:13 [INFO]   loss: 0.1316,	steps: 110/1410,	epoch: 1,	learning_rate: 9.878419452887538e-06
2024-07-22 21:21:17 [INFO]   loss: 0.0852,	steps: 120/1410,	epoch: 1,	learning_rate: 9.80243161094225e-06
2024-07-22 21:21:21 [INFO]   loss: 0.0456,	steps: 130/1410,	epoch: 1,	learning_rate: 9.726443768996962e-06
2024-07-22 21:21:25 [INFO]   loss: 0.0001,	steps: 140/1410,	epoch: 1,	learning_rate: 9.650455927051672e-06
2024-07-22 21:21:28 [INFO]   loss: 0.0016,	steps: 150/1410,	epoch: 1,	learning_rate: 9.574468085106385e-06
2024-07-22 21:21:32 [INFO]   loss: 0.1000,	steps: 160/1410,	epoch: 1,	learning_rate: 9.498480243161095e-06
2024-07-22 21:21:36 [INFO]   loss: 0.1421,	steps: 170/1410,	epoch: 1,	learning_rate: 9.422492401215805e-06
2024-07-22 21:21:40 [INFO]   loss: 0.1754,	steps: 180/1410,	epoch: 1,	learning_rate: 9.346504559270517e-06
2024-07-22 21:25:36 [INFO]   第1轮的训练 测试结果为：{'R@5': 0.6159379005666403, 'R@10': 0.7060338386803681, 'RR@5': 0.8664948453608249, 'RR@10': 0.8697308132875142, 'nDCG@5': 0.7020892217380674, 'nDCG@10': 0.7257958675992865}
2024-07-22 21:25:37 [INFO]   loss: 0.0011,	steps: 190/1410,	epoch: 2,	learning_rate: 9.27051671732523e-06
2024-07-22 21:25:40 [INFO]   loss: 0.0326,	steps: 200/1410,	epoch: 2,	learning_rate: 9.19452887537994e-06
2024-07-22 21:25:44 [INFO]   loss: 0.0308,	steps: 210/1410,	epoch: 2,	learning_rate: 9.118541033434652e-06
2024-07-22 21:25:48 [INFO]   loss: 0.1254,	steps: 220/1410,	epoch: 2,	learning_rate: 9.042553191489362e-06
2024-07-22 21:25:52 [INFO]   loss: 0.0000,	steps: 230/1410,	epoch: 2,	learning_rate: 8.966565349544074e-06
2024-07-22 21:25:56 [INFO]   loss: 0.0004,	steps: 240/1410,	epoch: 2,	learning_rate: 8.890577507598786e-06
2024-07-22 21:26:00 [INFO]   loss: 0.0024,	steps: 250/1410,	epoch: 2,	learning_rate: 8.814589665653496e-06
2024-07-22 21:26:04 [INFO]   loss: 0.0000,	steps: 260/1410,	epoch: 2,	learning_rate: 8.738601823708207e-06
2024-07-22 21:26:08 [INFO]   loss: 0.1250,	steps: 270/1410,	epoch: 2,	learning_rate: 8.662613981762919e-06
2024-07-22 21:26:12 [INFO]   loss: 0.0000,	steps: 280/1410,	epoch: 2,	learning_rate: 8.58662613981763e-06
2024-07-22 21:30:05 [INFO]   第2轮的训练 测试结果为：{'R@5': 0.6261725937324353, 'R@10': 0.7076529474731771, 'RR@5': 0.8493986254295534, 'RR@10': 0.8527634593356244, 'nDCG@5': 0.7073260864116515, 'nDCG@10': 0.7239450809901685}
2024-07-22 21:30:09 [INFO]   loss: 0.0032,	steps: 290/1410,	epoch: 3,	learning_rate: 8.510638297872341e-06
2024-07-22 21:30:13 [INFO]   loss: 0.0002,	steps: 300/1410,	epoch: 3,	learning_rate: 8.434650455927053e-06
2024-07-22 21:30:16 [INFO]   loss: 0.0003,	steps: 310/1410,	epoch: 3,	learning_rate: 8.358662613981764e-06
2024-07-22 21:30:21 [INFO]   loss: 0.0030,	steps: 320/1410,	epoch: 3,	learning_rate: 8.282674772036476e-06
2024-07-22 21:30:24 [INFO]   loss: 0.0034,	steps: 330/1410,	epoch: 3,	learning_rate: 8.206686930091186e-06
2024-07-22 21:30:28 [INFO]   loss: 0.0000,	steps: 340/1410,	epoch: 3,	learning_rate: 8.130699088145896e-06
2024-07-22 21:30:32 [INFO]   loss: 0.0003,	steps: 350/1410,	epoch: 3,	learning_rate: 8.054711246200608e-06
2024-07-22 21:30:36 [INFO]   loss: 0.0496,	steps: 360/1410,	epoch: 3,	learning_rate: 7.97872340425532e-06
2024-07-22 21:30:40 [INFO]   loss: 0.0084,	steps: 370/1410,	epoch: 3,	learning_rate: 7.90273556231003e-06
2024-07-22 21:34:35 [INFO]   第3轮的训练 测试结果为：{'R@5': 0.6376040877199084, 'R@10': 0.7259455766293401, 'RR@5': 0.7939003436426116, 'RR@10': 0.7979504172803142, 'nDCG@5': 0.681991899829591, 'nDCG@10': 0.7084397176265083}
2024-07-22 21:34:37 [INFO]   loss: 0.0061,	steps: 380/1410,	epoch: 4,	learning_rate: 7.826747720364743e-06
2024-07-22 21:34:41 [INFO]   loss: 0.0114,	steps: 390/1410,	epoch: 4,	learning_rate: 7.750759878419453e-06
2024-07-22 21:34:45 [INFO]   loss: 0.0010,	steps: 400/1410,	epoch: 4,	learning_rate: 7.674772036474165e-06
2024-07-22 21:34:49 [INFO]   loss: 0.0756,	steps: 410/1410,	epoch: 4,	learning_rate: 7.598784194528876e-06
2024-07-22 21:34:53 [INFO]   loss: 0.0015,	steps: 420/1410,	epoch: 4,	learning_rate: 7.522796352583587e-06
2024-07-22 21:34:56 [INFO]   loss: 0.0067,	steps: 430/1410,	epoch: 4,	learning_rate: 7.446808510638298e-06
2024-07-22 21:35:00 [INFO]   loss: 0.0058,	steps: 440/1410,	epoch: 4,	learning_rate: 7.370820668693009e-06
2024-07-22 21:35:04 [INFO]   loss: 0.0137,	steps: 450/1410,	epoch: 4,	learning_rate: 7.294832826747721e-06
2024-07-22 21:35:08 [INFO]   loss: 0.0000,	steps: 460/1410,	epoch: 4,	learning_rate: 7.218844984802432e-06
2024-07-22 21:35:12 [INFO]   loss: 0.0000,	steps: 470/1410,	epoch: 4,	learning_rate: 7.1428571428571436e-06
2024-07-22 21:39:04 [INFO]   第4轮的训练 测试结果为：{'R@5': 0.6307991072337646, 'R@10': 0.7104926599278216, 'RR@5': 0.8956185567010311, 'RR@10': 0.8970504009163806, 'nDCG@5': 0.7382916282366182, 'nDCG@10': 0.7516312702485433}
2024-07-22 21:39:05 [INFO]   ------------------------------------------------
2024-07-22 21:39:05 [INFO]   第 4 轮已经训练完成  模型保存在 /mnt/workspace/clir/HIKE/output/epoch_4
2024-07-22 21:39:05 [INFO]   ------------------------------------------------
2024-07-22 21:39:09 [INFO]   loss: 0.1278,	steps: 480/1410,	epoch: 5,	learning_rate: 7.066869300911855e-06
2024-07-22 21:39:13 [INFO]   loss: 0.0000,	steps: 490/1410,	epoch: 5,	learning_rate: 6.990881458966566e-06
2024-07-22 21:39:17 [INFO]   loss: 0.0001,	steps: 500/1410,	epoch: 5,	learning_rate: 6.914893617021278e-06
2024-07-22 21:39:21 [INFO]   loss: 0.0672,	steps: 510/1410,	epoch: 5,	learning_rate: 6.838905775075988e-06
2024-07-22 21:39:24 [INFO]   loss: 0.0005,	steps: 520/1410,	epoch: 5,	learning_rate: 6.7629179331306995e-06
2024-07-22 21:39:28 [INFO]   loss: 0.0146,	steps: 530/1410,	epoch: 5,	learning_rate: 6.686930091185411e-06
2024-07-22 21:39:32 [INFO]   loss: 0.0072,	steps: 540/1410,	epoch: 5,	learning_rate: 6.610942249240122e-06
2024-07-22 21:39:36 [INFO]   loss: 0.0001,	steps: 550/1410,	epoch: 5,	learning_rate: 6.534954407294833e-06
2024-07-22 21:39:40 [INFO]   loss: 0.0396,	steps: 560/1410,	epoch: 5,	learning_rate: 6.458966565349545e-06
2024-07-22 21:43:34 [INFO]   第5轮的训练 测试结果为：{'R@5': 0.6323637785889071, 'R@10': 0.7233965473290381, 'RR@5': 0.8878006872852234, 'RR@10': 0.8895189003436426, 'nDCG@5': 0.7428009854675834, 'nDCG@10': 0.760618687164919}
2024-07-22 21:43:36 [INFO]   loss: 0.0002,	steps: 570/1410,	epoch: 6,	learning_rate: 6.382978723404256e-06
2024-07-22 21:43:40 [INFO]   loss: 0.0000,	steps: 580/1410,	epoch: 6,	learning_rate: 6.3069908814589675e-06
2024-07-22 21:43:44 [INFO]   loss: 0.0000,	steps: 590/1410,	epoch: 6,	learning_rate: 6.231003039513678e-06
2024-07-22 21:43:48 [INFO]   loss: 0.0000,	steps: 600/1410,	epoch: 6,	learning_rate: 6.155015197568389e-06
2024-07-22 21:43:52 [INFO]   loss: 0.0001,	steps: 610/1410,	epoch: 6,	learning_rate: 6.0790273556231e-06
2024-07-22 21:43:56 [INFO]   loss: 0.0000,	steps: 620/1410,	epoch: 6,	learning_rate: 6.003039513677812e-06
2024-07-22 21:44:00 [INFO]   loss: 0.0237,	steps: 630/1410,	epoch: 6,	learning_rate: 5.9270516717325235e-06
2024-07-22 21:44:04 [INFO]   loss: 0.0000,	steps: 640/1410,	epoch: 6,	learning_rate: 5.851063829787235e-06
2024-07-22 21:44:08 [INFO]   loss: 0.0630,	steps: 650/1410,	epoch: 6,	learning_rate: 5.775075987841946e-06
2024-07-22 21:48:03 [INFO]   第6轮的训练 测试结果为：{'R@5': 0.6340351554616522, 'R@10': 0.7157119351788407, 'RR@5': 0.8891752577319587, 'RR@10': 0.8906480117820325, 'nDCG@5': 0.7401599016375917, 'nDCG@10': 0.7532153399070758}
2024-07-22 21:48:04 [INFO]   loss: 0.0607,	steps: 660/1410,	epoch: 7,	learning_rate: 5.699088145896657e-06
2024-07-22 21:48:08 [INFO]   loss: 0.0000,	steps: 670/1410,	epoch: 7,	learning_rate: 5.623100303951369e-06
2024-07-22 21:48:12 [INFO]   loss: 0.0000,	steps: 680/1410,	epoch: 7,	learning_rate: 5.547112462006079e-06
2024-07-22 21:48:16 [INFO]   loss: 0.0000,	steps: 690/1410,	epoch: 7,	learning_rate: 5.471124620060791e-06
2024-07-22 21:48:19 [INFO]   loss: 0.0005,	steps: 700/1410,	epoch: 7,	learning_rate: 5.395136778115502e-06
2024-07-22 21:48:23 [INFO]   loss: 0.0000,	steps: 710/1410,	epoch: 7,	learning_rate: 5.319148936170213e-06
2024-07-22 21:48:27 [INFO]   loss: 0.0000,	steps: 720/1410,	epoch: 7,	learning_rate: 5.243161094224924e-06
2024-07-22 21:48:31 [INFO]   loss: 0.0011,	steps: 730/1410,	epoch: 7,	learning_rate: 5.1671732522796354e-06
2024-07-22 21:48:35 [INFO]   loss: 0.0000,	steps: 740/1410,	epoch: 7,	learning_rate: 5.0911854103343475e-06
2024-07-22 21:48:39 [INFO]   loss: 0.0000,	steps: 750/1410,	epoch: 7,	learning_rate: 5.015197568389059e-06
2024-07-22 21:52:32 [INFO]   第7轮的训练 测试结果为：{'R@5': 0.6373624750539235, 'R@10': 0.7208880139117472, 'RR@5': 0.897680412371134, 'RR@10': 0.8993986254295535, 'nDCG@5': 0.7412760711453481, 'nDCG@10': 0.7595037752416126}
2024-07-22 21:52:36 [INFO]   loss: 0.0001,	steps: 760/1410,	epoch: 8,	learning_rate: 4.939209726443769e-06
2024-07-22 21:52:40 [INFO]   loss: 0.0004,	steps: 770/1410,	epoch: 8,	learning_rate: 4.863221884498481e-06
2024-07-22 21:52:44 [INFO]   loss: 0.0002,	steps: 780/1410,	epoch: 8,	learning_rate: 4.787234042553192e-06
2024-07-22 21:52:47 [INFO]   loss: 0.0001,	steps: 790/1410,	epoch: 8,	learning_rate: 4.711246200607903e-06
2024-07-22 21:52:51 [INFO]   loss: 0.0000,	steps: 800/1410,	epoch: 8,	learning_rate: 4.635258358662615e-06
2024-07-22 21:52:55 [INFO]   loss: 0.0000,	steps: 810/1410,	epoch: 8,	learning_rate: 4.559270516717326e-06
2024-07-22 21:52:59 [INFO]   loss: 0.0007,	steps: 820/1410,	epoch: 8,	learning_rate: 4.483282674772037e-06
2024-07-22 21:53:03 [INFO]   loss: 0.0000,	steps: 830/1410,	epoch: 8,	learning_rate: 4.407294832826748e-06
2024-07-22 21:53:07 [INFO]   loss: 0.0001,	steps: 840/1410,	epoch: 8,	learning_rate: 4.331306990881459e-06
2024-07-22 21:57:02 [INFO]   第8轮的训练 测试结果为：{'R@5': 0.6438840301037478, 'R@10': 0.7237422918147972, 'RR@5': 0.8889175257731959, 'RR@10': 0.891151202749141, 'nDCG@5': 0.7472804707830619, 'nDCG@10': 0.7596493216447024}
2024-07-22 21:57:04 [INFO]   loss: 0.0002,	steps: 850/1410,	epoch: 9,	learning_rate: 4.255319148936171e-06
2024-07-22 21:57:07 [INFO]   loss: 0.0003,	steps: 860/1410,	epoch: 9,	learning_rate: 4.179331306990882e-06
2024-07-22 21:57:11 [INFO]   loss: 0.0003,	steps: 870/1410,	epoch: 9,	learning_rate: 4.103343465045593e-06
2024-07-22 21:57:15 [INFO]   loss: 0.0000,	steps: 880/1410,	epoch: 9,	learning_rate: 4.027355623100304e-06
2024-07-22 21:57:19 [INFO]   loss: 0.0001,	steps: 890/1410,	epoch: 9,	learning_rate: 3.951367781155015e-06
2024-07-22 21:57:23 [INFO]   loss: 0.0019,	steps: 900/1410,	epoch: 9,	learning_rate: 3.875379939209727e-06
2024-07-22 21:57:27 [INFO]   loss: 0.0000,	steps: 910/1410,	epoch: 9,	learning_rate: 3.799392097264438e-06
2024-07-22 21:57:31 [INFO]   loss: 0.0000,	steps: 920/1410,	epoch: 9,	learning_rate: 3.723404255319149e-06
2024-07-22 21:57:35 [INFO]   loss: 0.0000,	steps: 930/1410,	epoch: 9,	learning_rate: 3.6474164133738606e-06
2024-07-22 21:57:39 [INFO]   loss: 0.0007,	steps: 940/1410,	epoch: 9,	learning_rate: 3.5714285714285718e-06
2024-07-22 22:01:31 [INFO]   第9轮的训练 测试结果为：{'R@5': 0.6439196810642017, 'R@10': 0.7272414218400498, 'RR@5': 0.8923539518900345, 'RR@10': 0.8944648993618068, 'nDCG@5': 0.7494031421369389, 'nDCG@10': 0.7631936862456321}
2024-07-22 22:01:32 [INFO]   ------------------------------------------------
2024-07-22 22:01:32 [INFO]   第 9 轮已经训练完成  模型保存在 /mnt/workspace/clir/HIKE/output/epoch_9
2024-07-22 22:01:32 [INFO]   ------------------------------------------------
2024-07-22 22:01:36 [INFO]   loss: 0.0000,	steps: 950/1410,	epoch: 10,	learning_rate: 3.495440729483283e-06
2024-07-22 22:01:39 [INFO]   loss: 0.0000,	steps: 960/1410,	epoch: 10,	learning_rate: 3.419452887537994e-06
2024-07-22 22:01:43 [INFO]   loss: 0.0025,	steps: 970/1410,	epoch: 10,	learning_rate: 3.3434650455927054e-06
2024-07-22 22:01:47 [INFO]   loss: 0.0000,	steps: 980/1410,	epoch: 10,	learning_rate: 3.2674772036474166e-06
2024-07-22 22:01:51 [INFO]   loss: 0.0000,	steps: 990/1410,	epoch: 10,	learning_rate: 3.191489361702128e-06
2024-07-22 22:01:55 [INFO]   loss: 0.0000,	steps: 1000/1410,	epoch: 10,	learning_rate: 3.115501519756839e-06
2024-07-22 22:01:59 [INFO]   loss: 0.0000,	steps: 1010/1410,	epoch: 10,	learning_rate: 3.03951367781155e-06
2024-07-22 22:02:03 [INFO]   loss: 0.1790,	steps: 1020/1410,	epoch: 10,	learning_rate: 2.9635258358662618e-06
2024-07-22 22:02:07 [INFO]   loss: 0.0000,	steps: 1030/1410,	epoch: 10,	learning_rate: 2.887537993920973e-06
2024-07-22 22:06:01 [INFO]   第10轮的训练 测试结果为：{'R@5': 0.6352848254973944, 'R@10': 0.7214337072078898, 'RR@5': 0.879725085910653, 'RR@10': 0.8831185567010309, 'nDCG@5': 0.731247723013397, 'nDCG@10': 0.7505877837358067}
2024-07-22 22:06:04 [INFO]   loss: 0.0000,	steps: 1040/1410,	epoch: 11,	learning_rate: 2.8115501519756846e-06
2024-07-22 22:06:08 [INFO]   loss: 0.0000,	steps: 1050/1410,	epoch: 11,	learning_rate: 2.7355623100303953e-06
2024-07-22 22:06:12 [INFO]   loss: 0.0000,	steps: 1060/1410,	epoch: 11,	learning_rate: 2.6595744680851065e-06
2024-07-22 22:06:16 [INFO]   loss: 0.0000,	steps: 1070/1410,	epoch: 11,	learning_rate: 2.5835866261398177e-06
2024-07-22 22:06:20 [INFO]   loss: 0.0007,	steps: 1080/1410,	epoch: 11,	learning_rate: 2.5075987841945293e-06
2024-07-22 22:06:23 [INFO]   loss: 0.0000,	steps: 1090/1410,	epoch: 11,	learning_rate: 2.4316109422492405e-06
2024-07-22 22:06:27 [INFO]   loss: 0.0000,	steps: 1100/1410,	epoch: 11,	learning_rate: 2.3556231003039513e-06
2024-07-22 22:06:31 [INFO]   loss: 0.0000,	steps: 1110/1410,	epoch: 11,	learning_rate: 2.279635258358663e-06
2024-07-22 22:06:35 [INFO]   loss: 0.0000,	steps: 1120/1410,	epoch: 11,	learning_rate: 2.203647416413374e-06
2024-07-22 22:10:31 [INFO]   第11轮的训练 测试结果为：{'R@5': 0.6368424072929992, 'R@10': 0.7285969595783881, 'RR@5': 0.8951030927835052, 'RR@10': 0.8978583701521845, 'nDCG@5': 0.7415056689735084, 'nDCG@10': 0.759277621194706}
2024-07-22 22:10:32 [INFO]   loss: 0.0000,	steps: 1130/1410,	epoch: 12,	learning_rate: 2.1276595744680853e-06
2024-07-22 22:10:36 [INFO]   loss: 0.0003,	steps: 1140/1410,	epoch: 12,	learning_rate: 2.0516717325227965e-06
2024-07-22 22:10:40 [INFO]   loss: 0.0005,	steps: 1150/1410,	epoch: 12,	learning_rate: 1.9756838905775077e-06
2024-07-22 22:10:43 [INFO]   loss: 0.0022,	steps: 1160/1410,	epoch: 12,	learning_rate: 1.899696048632219e-06
2024-07-22 22:10:47 [INFO]   loss: 0.0000,	steps: 1170/1410,	epoch: 12,	learning_rate: 1.8237082066869303e-06
2024-07-22 22:10:51 [INFO]   loss: 0.0000,	steps: 1180/1410,	epoch: 12,	learning_rate: 1.7477203647416415e-06
2024-07-22 22:10:55 [INFO]   loss: 0.0003,	steps: 1190/1410,	epoch: 12,	learning_rate: 1.6717325227963527e-06
2024-07-22 22:10:59 [INFO]   loss: 0.0000,	steps: 1200/1410,	epoch: 12,	learning_rate: 1.595744680851064e-06
2024-07-22 22:11:03 [INFO]   loss: 0.0000,	steps: 1210/1410,	epoch: 12,	learning_rate: 1.519756838905775e-06
2024-07-22 22:11:07 [INFO]   loss: 0.0000,	steps: 1220/1410,	epoch: 12,	learning_rate: 1.4437689969604865e-06
2024-07-22 22:15:00 [INFO]   第12轮的训练 测试结果为：{'R@5': 0.6383490769157314, 'R@10': 0.7319571348525623, 'RR@5': 0.8953608247422681, 'RR@10': 0.8973858615611193, 'nDCG@5': 0.7435390157278394, 'nDCG@10': 0.7633495757867288}
2024-07-22 22:15:03 [INFO]   loss: 0.0002,	steps: 1230/1410,	epoch: 13,	learning_rate: 1.3677811550151977e-06
2024-07-22 22:15:07 [INFO]   loss: 0.0000,	steps: 1240/1410,	epoch: 13,	learning_rate: 1.2917933130699089e-06
2024-07-22 22:15:11 [INFO]   loss: 0.0000,	steps: 1250/1410,	epoch: 13,	learning_rate: 1.2158054711246203e-06
2024-07-22 22:15:15 [INFO]   loss: 0.0000,	steps: 1260/1410,	epoch: 13,	learning_rate: 1.1398176291793315e-06
2024-07-22 22:15:19 [INFO]   loss: 0.0000,	steps: 1270/1410,	epoch: 13,	learning_rate: 1.0638297872340427e-06
2024-07-22 22:15:23 [INFO]   loss: 0.0000,	steps: 1280/1410,	epoch: 13,	learning_rate: 9.878419452887538e-07
2024-07-22 22:15:26 [INFO]   loss: 0.0029,	steps: 1290/1410,	epoch: 13,	learning_rate: 9.118541033434651e-07
2024-07-22 22:15:30 [INFO]   loss: 0.0003,	steps: 1300/1410,	epoch: 13,	learning_rate: 8.358662613981763e-07
2024-07-22 22:15:34 [INFO]   loss: 0.0006,	steps: 1310/1410,	epoch: 13,	learning_rate: 7.598784194528875e-07
2024-07-22 22:19:29 [INFO]   第13轮的训练 测试结果为：{'R@5': 0.6409263965033603, 'R@10': 0.7303737277992666, 'RR@5': 0.8927835051546392, 'RR@10': 0.89490058910162, 'nDCG@5': 0.7442664827409717, 'nDCG@10': 0.7620363608721127}
2024-07-22 22:19:31 [INFO]   loss: 0.0000,	steps: 1320/1410,	epoch: 14,	learning_rate: 6.838905775075988e-07
2024-07-22 22:19:35 [INFO]   loss: 0.0000,	steps: 1330/1410,	epoch: 14,	learning_rate: 6.079027355623101e-07
2024-07-22 22:19:39 [INFO]   loss: 0.0004,	steps: 1340/1410,	epoch: 14,	learning_rate: 5.319148936170213e-07
2024-07-22 22:19:43 [INFO]   loss: 0.0000,	steps: 1350/1410,	epoch: 14,	learning_rate: 4.5592705167173257e-07
2024-07-22 22:19:47 [INFO]   loss: 0.0000,	steps: 1360/1410,	epoch: 14,	learning_rate: 3.7993920972644377e-07
2024-07-22 22:19:50 [INFO]   loss: 0.0000,	steps: 1370/1410,	epoch: 14,	learning_rate: 3.0395136778115507e-07
2024-07-22 22:19:54 [INFO]   loss: 0.0000,	steps: 1380/1410,	epoch: 14,	learning_rate: 2.2796352583586629e-07
2024-07-22 22:19:58 [INFO]   loss: 0.0000,	steps: 1390/1410,	epoch: 14,	learning_rate: 1.5197568389057753e-07
2024-07-22 22:20:02 [INFO]   loss: 0.0000,	steps: 1400/1410,	epoch: 14,	learning_rate: 7.598784194528877e-08
2024-07-22 22:20:06 [INFO]   loss: 0.0000,	steps: 1410/1410,	epoch: 14,	learning_rate: 0.0
2024-07-22 22:23:58 [INFO]   第14轮的训练 测试结果为：{'R@5': 0.6400672899741506, 'R@10': 0.7282590040350584, 'RR@5': 0.8957903780068729, 'RR@10': 0.8979074619538538, 'nDCG@5': 0.7437359401535304, 'nDCG@10': 0.7615644441854496}
2024-07-22 22:23:59 [INFO]   ------------------------------------------------
2024-07-22 22:23:59 [INFO]   第 14 轮已经训练完成  模型保存在 /mnt/workspace/clir/HIKE/output/epoch_14
2024-07-22 22:23:59 [INFO]   ------------------------------------------------
2024-07-22 22:24:00 [INFO]   ------------------------------------------------
2024-07-22 22:24:00 [INFO]   训练完成!  模型和 tokenizer 保存在 /mnt/workspace/clir/HIKE/output/training_ended
2024-07-22 22:24:00 [INFO]   ------------------------------------------------
