2024-09-11 18:17:23 [INFO]   ***** Running training *****
2024-09-11 18:17:23 [INFO]   当前时间: 2024-09-11 18:17:23
2024-09-11 18:17:23 [INFO]   Num examples = 5087
2024-09-11 18:17:23 [INFO]   Num Epochs = 16
2024-09-11 18:17:23 [INFO]   Instantaneous batch size per device = 8
2024-09-11 18:17:23 [INFO]   Total train batch size (w. parallel, distributed & accumulation) = 16
2024-09-11 18:17:23 [INFO]   Total optimization steps = 10160
2024-09-11 18:17:23 [INFO]   训练的设备: cuda, 设备编号: 0
2024-09-11 18:17:45 [INFO]   loss: 0.2300,	steps: 50/10160,	epoch: 0,	learning_rate: 7.874015748031496e-07
2024-09-11 18:18:06 [INFO]   loss: 0.2399,	steps: 100/10160,	epoch: 0,	learning_rate: 1.5748031496062992e-06
2024-09-11 18:18:26 [INFO]   loss: 0.0020,	steps: 150/10160,	epoch: 0,	learning_rate: 2.362204724409449e-06
2024-09-11 18:18:47 [INFO]   loss: 0.0240,	steps: 200/10160,	epoch: 0,	learning_rate: 3.1496062992125985e-06
2024-09-11 18:19:07 [INFO]   loss: 0.1568,	steps: 250/10160,	epoch: 0,	learning_rate: 3.937007874015748e-06
2024-09-11 18:19:27 [INFO]   loss: 0.0227,	steps: 300/10160,	epoch: 0,	learning_rate: 4.724409448818898e-06
2024-09-11 18:19:48 [INFO]   loss: 0.0784,	steps: 350/10160,	epoch: 0,	learning_rate: 5.511811023622048e-06
2024-09-11 18:20:08 [INFO]   loss: 0.2284,	steps: 400/10160,	epoch: 0,	learning_rate: 6.299212598425197e-06
2024-09-11 18:20:29 [INFO]   loss: 0.3310,	steps: 450/10160,	epoch: 0,	learning_rate: 7.086614173228347e-06
2024-09-11 18:20:49 [INFO]   loss: 0.0646,	steps: 500/10160,	epoch: 0,	learning_rate: 7.874015748031496e-06
2024-09-11 18:21:10 [INFO]   loss: 0.0595,	steps: 550/10160,	epoch: 0,	learning_rate: 8.661417322834647e-06
2024-09-11 18:21:31 [INFO]   loss: 0.1036,	steps: 600/10160,	epoch: 0,	learning_rate: 9.448818897637797e-06
2024-09-11 18:45:31 [INFO]   第0轮的训练 测试结果为：{'R@5': 0.4920858776897648, 'R@10': 0.6424526197702494, 'RR@5': 0.813756127450981, 'RR@10': 0.8180942168534084, 'nDCG@5': 0.6029594708249411, 'nDCG@10': 0.6431493044343576}
2024-09-11 18:45:32 [INFO]   ------------------------------------------------
2024-09-11 18:45:32 [INFO]   第 0 轮已经训练完成  模型保存在 /mnt/workspace/clir/baselines/HIKE/output/2024-09-11/best_model
2024-09-11 18:45:32 [INFO]   ------------------------------------------------
2024-09-11 18:45:38 [INFO]   loss: 0.1400,	steps: 650/10160,	epoch: 1,	learning_rate: 9.984251968503938e-06
2024-09-11 18:45:59 [INFO]   loss: 0.0293,	steps: 700/10160,	epoch: 1,	learning_rate: 9.931758530183728e-06
2024-09-11 18:46:19 [INFO]   loss: 0.0019,	steps: 750/10160,	epoch: 1,	learning_rate: 9.879265091863518e-06
2024-09-11 18:46:39 [INFO]   loss: 0.1257,	steps: 800/10160,	epoch: 1,	learning_rate: 9.826771653543308e-06
2024-09-11 18:47:00 [INFO]   loss: 0.0002,	steps: 850/10160,	epoch: 1,	learning_rate: 9.774278215223098e-06
2024-09-11 18:47:20 [INFO]   loss: 0.1107,	steps: 900/10160,	epoch: 1,	learning_rate: 9.721784776902888e-06
2024-09-11 18:47:40 [INFO]   loss: 0.2656,	steps: 950/10160,	epoch: 1,	learning_rate: 9.669291338582679e-06
2024-09-11 18:48:01 [INFO]   loss: 0.0007,	steps: 1000/10160,	epoch: 1,	learning_rate: 9.616797900262467e-06
2024-09-11 18:48:21 [INFO]   loss: 0.0000,	steps: 1050/10160,	epoch: 1,	learning_rate: 9.564304461942257e-06
2024-09-11 18:48:42 [INFO]   loss: 0.0465,	steps: 1100/10160,	epoch: 1,	learning_rate: 9.511811023622049e-06
2024-09-11 18:49:02 [INFO]   loss: 0.1250,	steps: 1150/10160,	epoch: 1,	learning_rate: 9.459317585301838e-06
2024-09-11 18:49:23 [INFO]   loss: 0.1029,	steps: 1200/10160,	epoch: 1,	learning_rate: 9.406824146981628e-06
2024-09-11 18:49:43 [INFO]   loss: 0.0015,	steps: 1250/10160,	epoch: 1,	learning_rate: 9.354330708661418e-06
2024-09-11 19:13:33 [INFO]   第1轮的训练 测试结果为：{'R@5': 0.49440910094571866, 'R@10': 0.6618481359000389, 'RR@5': 0.8185661764705889, 'RR@10': 0.8245896796218491, 'nDCG@5': 0.6038521069311078, 'nDCG@10': 0.6516280552639471}
2024-09-11 19:13:36 [INFO]   ------------------------------------------------
2024-09-11 19:13:36 [INFO]   第 1 轮已经训练完成  模型保存在 /mnt/workspace/clir/baselines/HIKE/output/2024-09-11/best_model
2024-09-11 19:13:36 [INFO]   ------------------------------------------------
2024-09-11 19:13:48 [INFO]   loss: 0.0000,	steps: 1300/10160,	epoch: 2,	learning_rate: 9.301837270341208e-06
2024-09-11 19:14:09 [INFO]   loss: 0.0000,	steps: 1350/10160,	epoch: 2,	learning_rate: 9.249343832020998e-06
2024-09-11 19:14:29 [INFO]   loss: 0.0000,	steps: 1400/10160,	epoch: 2,	learning_rate: 9.196850393700788e-06
2024-09-11 19:14:49 [INFO]   loss: 0.0000,	steps: 1450/10160,	epoch: 2,	learning_rate: 9.144356955380579e-06
2024-09-11 19:15:10 [INFO]   loss: 0.0000,	steps: 1500/10160,	epoch: 2,	learning_rate: 9.091863517060369e-06
2024-09-11 19:15:30 [INFO]   loss: 0.0001,	steps: 1550/10160,	epoch: 2,	learning_rate: 9.039370078740159e-06
2024-09-11 19:15:50 [INFO]   loss: 0.0075,	steps: 1600/10160,	epoch: 2,	learning_rate: 8.986876640419947e-06
2024-09-11 19:16:11 [INFO]   loss: 0.0000,	steps: 1650/10160,	epoch: 2,	learning_rate: 8.934383202099738e-06
2024-09-11 19:16:31 [INFO]   loss: 0.0000,	steps: 1700/10160,	epoch: 2,	learning_rate: 8.88188976377953e-06
2024-09-11 19:16:51 [INFO]   loss: 0.0004,	steps: 1750/10160,	epoch: 2,	learning_rate: 8.829396325459318e-06
2024-09-11 19:17:12 [INFO]   loss: 0.0000,	steps: 1800/10160,	epoch: 2,	learning_rate: 8.776902887139108e-06
2024-09-11 19:17:32 [INFO]   loss: 0.0000,	steps: 1850/10160,	epoch: 2,	learning_rate: 8.724409448818898e-06
2024-09-11 19:17:53 [INFO]   loss: 0.0000,	steps: 1900/10160,	epoch: 2,	learning_rate: 8.671916010498688e-06
2024-09-11 19:41:40 [INFO]   第2轮的训练 测试结果为：{'R@5': 0.4737456535834017, 'R@10': 0.6460161612341572, 'RR@5': 0.7711090686274515, 'RR@10': 0.7775374212184878, 'nDCG@5': 0.5669756535212024, 'nDCG@10': 0.6214375972113814}
2024-09-11 19:41:58 [INFO]   loss: 0.0000,	steps: 1950/10160,	epoch: 3,	learning_rate: 8.619422572178478e-06
2024-09-11 19:42:19 [INFO]   loss: 0.1207,	steps: 2000/10160,	epoch: 3,	learning_rate: 8.566929133858269e-06
2024-09-11 19:42:39 [INFO]   loss: 0.0000,	steps: 2050/10160,	epoch: 3,	learning_rate: 8.514435695538059e-06
2024-09-11 19:42:59 [INFO]   loss: 0.0000,	steps: 2100/10160,	epoch: 3,	learning_rate: 8.461942257217849e-06
2024-09-11 19:43:20 [INFO]   loss: 0.1205,	steps: 2150/10160,	epoch: 3,	learning_rate: 8.409448818897639e-06
2024-09-11 19:43:40 [INFO]   loss: 0.0036,	steps: 2200/10160,	epoch: 3,	learning_rate: 8.356955380577428e-06
2024-09-11 19:44:01 [INFO]   loss: 0.0000,	steps: 2250/10160,	epoch: 3,	learning_rate: 8.304461942257218e-06
2024-09-11 19:44:22 [INFO]   loss: 0.1250,	steps: 2300/10160,	epoch: 3,	learning_rate: 8.25196850393701e-06
2024-09-11 19:44:42 [INFO]   loss: 0.0000,	steps: 2350/10160,	epoch: 3,	learning_rate: 8.199475065616798e-06
2024-09-11 19:45:02 [INFO]   loss: 0.0000,	steps: 2400/10160,	epoch: 3,	learning_rate: 8.146981627296588e-06
2024-09-11 19:45:22 [INFO]   loss: 0.0004,	steps: 2450/10160,	epoch: 3,	learning_rate: 8.094488188976378e-06
2024-09-11 19:45:43 [INFO]   loss: 0.0084,	steps: 2500/10160,	epoch: 3,	learning_rate: 8.041994750656169e-06
2024-09-11 20:09:42 [INFO]   第3轮的训练 测试结果为：{'R@5': 0.4975211234008448, 'R@10': 0.66191266094432, 'RR@5': 0.8216911764705888, 'RR@10': 0.8271223593604111, 'nDCG@5': 0.6125070869071918, 'nDCG@10': 0.6581426863393903}
2024-09-11 20:09:45 [INFO]   ------------------------------------------------
2024-09-11 20:09:45 [INFO]   第 3 轮已经训练完成  模型保存在 /mnt/workspace/clir/baselines/HIKE/output/2024-09-11/best_model
2024-09-11 20:09:45 [INFO]   ------------------------------------------------
2024-09-11 20:09:49 [INFO]   loss: 0.0004,	steps: 2550/10160,	epoch: 4,	learning_rate: 7.989501312335959e-06
2024-09-11 20:10:09 [INFO]   loss: 0.0000,	steps: 2600/10160,	epoch: 4,	learning_rate: 7.937007874015749e-06
2024-09-11 20:10:30 [INFO]   loss: 0.0000,	steps: 2650/10160,	epoch: 4,	learning_rate: 7.884514435695539e-06
2024-09-11 20:10:51 [INFO]   loss: 0.0000,	steps: 2700/10160,	epoch: 4,	learning_rate: 7.83202099737533e-06
2024-09-11 20:11:11 [INFO]   loss: 0.0000,	steps: 2750/10160,	epoch: 4,	learning_rate: 7.77952755905512e-06
2024-09-11 20:11:32 [INFO]   loss: 0.1250,	steps: 2800/10160,	epoch: 4,	learning_rate: 7.72703412073491e-06
2024-09-11 20:11:52 [INFO]   loss: 0.1208,	steps: 2850/10160,	epoch: 4,	learning_rate: 7.674540682414698e-06
2024-09-11 20:12:12 [INFO]   loss: 0.0002,	steps: 2900/10160,	epoch: 4,	learning_rate: 7.622047244094489e-06
2024-09-11 20:12:33 [INFO]   loss: 0.0000,	steps: 2950/10160,	epoch: 4,	learning_rate: 7.569553805774279e-06
2024-09-11 20:12:53 [INFO]   loss: 0.0001,	steps: 3000/10160,	epoch: 4,	learning_rate: 7.5170603674540684e-06
2024-09-11 20:13:14 [INFO]   loss: 0.0015,	steps: 3050/10160,	epoch: 4,	learning_rate: 7.464566929133859e-06
2024-09-11 20:13:34 [INFO]   loss: 0.0002,	steps: 3100/10160,	epoch: 4,	learning_rate: 7.41207349081365e-06
2024-09-11 20:13:54 [INFO]   loss: 0.0000,	steps: 3150/10160,	epoch: 4,	learning_rate: 7.359580052493439e-06
2024-09-11 20:37:48 [INFO]   第4轮的训练 测试结果为：{'R@5': 0.5150126342283105, 'R@10': 0.6719817510305316, 'RR@5': 0.8455116421568635, 'RR@10': 0.8498055993230632, 'nDCG@5': 0.6358985597203465, 'nDCG@10': 0.6780413273967238}
2024-09-11 20:37:51 [INFO]   ------------------------------------------------
2024-09-11 20:37:51 [INFO]   第 4 轮已经训练完成  模型保存在 /mnt/workspace/clir/baselines/HIKE/output/2024-09-11/best_model
2024-09-11 20:37:51 [INFO]   ------------------------------------------------
2024-09-11 20:38:01 [INFO]   loss: 0.0001,	steps: 3200/10160,	epoch: 5,	learning_rate: 7.307086614173229e-06
2024-09-11 20:38:22 [INFO]   loss: 0.0000,	steps: 3250/10160,	epoch: 5,	learning_rate: 7.254593175853018e-06
2024-09-11 20:38:42 [INFO]   loss: 0.0000,	steps: 3300/10160,	epoch: 5,	learning_rate: 7.202099737532809e-06
2024-09-11 20:39:02 [INFO]   loss: 0.0000,	steps: 3350/10160,	epoch: 5,	learning_rate: 7.1496062992125995e-06
2024-09-11 20:39:23 [INFO]   loss: 0.0928,	steps: 3400/10160,	epoch: 5,	learning_rate: 7.097112860892389e-06
2024-09-11 20:39:43 [INFO]   loss: 0.0000,	steps: 3450/10160,	epoch: 5,	learning_rate: 7.044619422572179e-06
2024-09-11 20:40:04 [INFO]   loss: 0.0507,	steps: 3500/10160,	epoch: 5,	learning_rate: 6.992125984251969e-06
2024-09-11 20:40:24 [INFO]   loss: 0.0002,	steps: 3550/10160,	epoch: 5,	learning_rate: 6.939632545931759e-06
2024-09-11 20:40:44 [INFO]   loss: 0.0000,	steps: 3600/10160,	epoch: 5,	learning_rate: 6.887139107611549e-06
2024-09-11 20:41:05 [INFO]   loss: 0.0040,	steps: 3650/10160,	epoch: 5,	learning_rate: 6.834645669291339e-06
2024-09-11 20:41:25 [INFO]   loss: 0.0041,	steps: 3700/10160,	epoch: 5,	learning_rate: 6.78215223097113e-06
2024-09-11 20:41:45 [INFO]   loss: 0.0000,	steps: 3750/10160,	epoch: 5,	learning_rate: 6.729658792650919e-06
2024-09-11 20:42:06 [INFO]   loss: 0.0987,	steps: 3800/10160,	epoch: 5,	learning_rate: 6.677165354330709e-06
2024-09-11 21:05:56 [INFO]   第5轮的训练 测试结果为：{'R@5': 0.5139530732456804, 'R@10': 0.6808946966233028, 'RR@5': 0.8340379901960793, 'RR@10': 0.8396030287114852, 'nDCG@5': 0.6214245684070037, 'nDCG@10': 0.671761048233116}
2024-09-11 21:06:12 [INFO]   loss: 0.0000,	steps: 3850/10160,	epoch: 6,	learning_rate: 6.624671916010499e-06
2024-09-11 21:06:32 [INFO]   loss: 0.0000,	steps: 3900/10160,	epoch: 6,	learning_rate: 6.57217847769029e-06
2024-09-11 21:06:52 [INFO]   loss: 0.0000,	steps: 3950/10160,	epoch: 6,	learning_rate: 6.51968503937008e-06
2024-09-11 21:07:12 [INFO]   loss: 0.0000,	steps: 4000/10160,	epoch: 6,	learning_rate: 6.467191601049869e-06
2024-09-11 21:07:33 [INFO]   loss: 0.0001,	steps: 4050/10160,	epoch: 6,	learning_rate: 6.414698162729659e-06
2024-09-11 21:07:53 [INFO]   loss: 0.0071,	steps: 4100/10160,	epoch: 6,	learning_rate: 6.362204724409449e-06
2024-09-11 21:08:14 [INFO]   loss: 0.0000,	steps: 4150/10160,	epoch: 6,	learning_rate: 6.3097112860892396e-06
2024-09-11 21:08:34 [INFO]   loss: 0.0000,	steps: 4200/10160,	epoch: 6,	learning_rate: 6.257217847769029e-06
2024-09-11 21:08:54 [INFO]   loss: 0.0000,	steps: 4250/10160,	epoch: 6,	learning_rate: 6.204724409448819e-06
2024-09-11 21:09:15 [INFO]   loss: 0.1074,	steps: 4300/10160,	epoch: 6,	learning_rate: 6.15223097112861e-06
2024-09-11 21:09:35 [INFO]   loss: 0.0000,	steps: 4350/10160,	epoch: 6,	learning_rate: 6.099737532808399e-06
2024-09-11 21:09:56 [INFO]   loss: 0.0000,	steps: 4400/10160,	epoch: 6,	learning_rate: 6.0472440944881895e-06
2024-09-11 21:33:59 [INFO]   第6轮的训练 测试结果为：{'R@5': 0.5136756949202036, 'R@10': 0.6804864365804641, 'RR@5': 0.8351256127450987, 'RR@10': 0.8390945961718026, 'nDCG@5': 0.624853414458258, 'nDCG@10': 0.6750834723240734}
2024-09-11 21:34:01 [INFO]   loss: 0.0012,	steps: 4450/10160,	epoch: 7,	learning_rate: 5.994750656167979e-06
2024-09-11 21:34:22 [INFO]   loss: 0.0000,	steps: 4500/10160,	epoch: 7,	learning_rate: 5.94225721784777e-06
2024-09-11 21:34:42 [INFO]   loss: 0.0000,	steps: 4550/10160,	epoch: 7,	learning_rate: 5.88976377952756e-06
2024-09-11 21:35:03 [INFO]   loss: 0.0000,	steps: 4600/10160,	epoch: 7,	learning_rate: 5.837270341207349e-06
2024-09-11 21:35:23 [INFO]   loss: 0.0001,	steps: 4650/10160,	epoch: 7,	learning_rate: 5.7847769028871395e-06
2024-09-11 21:35:43 [INFO]   loss: 0.0000,	steps: 4700/10160,	epoch: 7,	learning_rate: 5.7322834645669305e-06
2024-09-11 21:36:03 [INFO]   loss: 0.0000,	steps: 4750/10160,	epoch: 7,	learning_rate: 5.67979002624672e-06
2024-09-11 21:36:23 [INFO]   loss: 0.0000,	steps: 4800/10160,	epoch: 7,	learning_rate: 5.62729658792651e-06
2024-09-11 21:36:44 [INFO]   loss: 0.0000,	steps: 4850/10160,	epoch: 7,	learning_rate: 5.574803149606299e-06
2024-09-11 21:37:03 [INFO]   loss: 0.0000,	steps: 4900/10160,	epoch: 7,	learning_rate: 5.52230971128609e-06
2024-09-11 21:37:24 [INFO]   loss: 0.0026,	steps: 4950/10160,	epoch: 7,	learning_rate: 5.46981627296588e-06
2024-09-11 21:37:44 [INFO]   loss: 0.0000,	steps: 5000/10160,	epoch: 7,	learning_rate: 5.41732283464567e-06
2024-09-11 21:38:05 [INFO]   loss: 0.0007,	steps: 5050/10160,	epoch: 7,	learning_rate: 5.364829396325459e-06
2024-09-11 22:01:59 [INFO]   第7轮的训练 测试结果为：{'R@5': 0.510947421502281, 'R@10': 0.6819217877944359, 'RR@5': 0.8337622549019617, 'RR@10': 0.8375685690943049, 'nDCG@5': 0.6269173716737688, 'nDCG@10': 0.6776486335239824}
2024-09-11 22:02:07 [INFO]   loss: 0.0000,	steps: 5100/10160,	epoch: 8,	learning_rate: 5.31233595800525e-06
2024-09-11 22:02:28 [INFO]   loss: 0.0021,	steps: 5150/10160,	epoch: 8,	learning_rate: 5.25984251968504e-06
2024-09-11 22:02:48 [INFO]   loss: 0.0000,	steps: 5200/10160,	epoch: 8,	learning_rate: 5.2073490813648295e-06
2024-09-11 22:03:08 [INFO]   loss: 0.0000,	steps: 5250/10160,	epoch: 8,	learning_rate: 5.15485564304462e-06
2024-09-11 22:03:28 [INFO]   loss: 0.0000,	steps: 5300/10160,	epoch: 8,	learning_rate: 5.102362204724411e-06
2024-09-11 22:03:48 [INFO]   loss: 0.0000,	steps: 5350/10160,	epoch: 8,	learning_rate: 5.0498687664042e-06
2024-09-11 22:04:09 [INFO]   loss: 0.0000,	steps: 5400/10160,	epoch: 8,	learning_rate: 4.99737532808399e-06
2024-09-11 22:04:29 [INFO]   loss: 0.0000,	steps: 5450/10160,	epoch: 8,	learning_rate: 4.94488188976378e-06
2024-09-11 22:04:50 [INFO]   loss: 0.0000,	steps: 5500/10160,	epoch: 8,	learning_rate: 4.89238845144357e-06
2024-09-11 22:05:10 [INFO]   loss: 0.0000,	steps: 5550/10160,	epoch: 8,	learning_rate: 4.83989501312336e-06
2024-09-11 22:05:31 [INFO]   loss: 0.0727,	steps: 5600/10160,	epoch: 8,	learning_rate: 4.78740157480315e-06
2024-09-11 22:05:51 [INFO]   loss: 0.0000,	steps: 5650/10160,	epoch: 8,	learning_rate: 4.73490813648294e-06
2024-09-11 22:06:11 [INFO]   loss: 0.0911,	steps: 5700/10160,	epoch: 8,	learning_rate: 4.68241469816273e-06
2024-09-11 22:29:55 [INFO]   第8轮的训练 测试结果为：{'R@5': 0.5272165763990876, 'R@10': 0.6989648887622528, 'RR@5': 0.8449295343137263, 'RR@10': 0.8481267507002809, 'nDCG@5': 0.642091923218279, 'nDCG@10': 0.6908882078658364}
2024-09-11 22:29:58 [INFO]   ------------------------------------------------
2024-09-11 22:29:58 [INFO]   第 8 轮已经训练完成  模型保存在 /mnt/workspace/clir/baselines/HIKE/output/2024-09-11/best_model
2024-09-11 22:29:58 [INFO]   ------------------------------------------------
2024-09-11 22:30:12 [INFO]   loss: 0.0000,	steps: 5750/10160,	epoch: 9,	learning_rate: 4.6299212598425204e-06
2024-09-11 22:30:32 [INFO]   loss: 0.0000,	steps: 5800/10160,	epoch: 9,	learning_rate: 4.57742782152231e-06
2024-09-11 22:30:52 [INFO]   loss: 0.0000,	steps: 5850/10160,	epoch: 9,	learning_rate: 4.5249343832021e-06
2024-09-11 22:31:13 [INFO]   loss: 0.0668,	steps: 5900/10160,	epoch: 9,	learning_rate: 4.47244094488189e-06
2024-09-11 22:31:33 [INFO]   loss: 0.0000,	steps: 5950/10160,	epoch: 9,	learning_rate: 4.41994750656168e-06
2024-09-11 22:31:53 [INFO]   loss: 0.0000,	steps: 6000/10160,	epoch: 9,	learning_rate: 4.36745406824147e-06
2024-09-11 22:32:13 [INFO]   loss: 0.0000,	steps: 6050/10160,	epoch: 9,	learning_rate: 4.3149606299212606e-06
2024-09-11 22:32:34 [INFO]   loss: 0.0029,	steps: 6100/10160,	epoch: 9,	learning_rate: 4.26246719160105e-06
2024-09-11 22:32:54 [INFO]   loss: 0.0000,	steps: 6150/10160,	epoch: 9,	learning_rate: 4.209973753280841e-06
2024-09-11 22:33:15 [INFO]   loss: 0.0000,	steps: 6200/10160,	epoch: 9,	learning_rate: 4.15748031496063e-06
2024-09-11 22:33:35 [INFO]   loss: 0.0002,	steps: 6250/10160,	epoch: 9,	learning_rate: 4.10498687664042e-06
2024-09-11 22:33:56 [INFO]   loss: 0.0000,	steps: 6300/10160,	epoch: 9,	learning_rate: 4.0524934383202105e-06
2024-09-11 22:34:16 [INFO]   loss: 0.0000,	steps: 6350/10160,	epoch: 9,	learning_rate: 4.000000000000001e-06
2024-09-11 22:58:02 [INFO]   第9轮的训练 测试结果为：{'R@5': 0.5312110149847173, 'R@10': 0.6992100029110769, 'RR@5': 0.851164215686275, 'RR@10': 0.8554279003267977, 'nDCG@5': 0.6524321217233628, 'nDCG@10': 0.6984391268710508}
2024-09-11 22:58:05 [INFO]   ------------------------------------------------
2024-09-11 22:58:05 [INFO]   第 9 轮已经训练完成  模型保存在 /mnt/workspace/clir/baselines/HIKE/output/2024-09-11/best_model
2024-09-11 22:58:05 [INFO]   ------------------------------------------------
2024-09-11 22:58:25 [INFO]   loss: 0.0001,	steps: 6400/10160,	epoch: 10,	learning_rate: 3.94750656167979e-06
2024-09-11 22:58:46 [INFO]   loss: 0.0000,	steps: 6450/10160,	epoch: 10,	learning_rate: 3.895013123359581e-06
2024-09-11 22:59:06 [INFO]   loss: 0.0009,	steps: 6500/10160,	epoch: 10,	learning_rate: 3.84251968503937e-06
2024-09-11 22:59:27 [INFO]   loss: 0.0000,	steps: 6550/10160,	epoch: 10,	learning_rate: 3.7900262467191605e-06
2024-09-11 22:59:47 [INFO]   loss: 0.0000,	steps: 6600/10160,	epoch: 10,	learning_rate: 3.73753280839895e-06
2024-09-11 23:00:08 [INFO]   loss: 0.0000,	steps: 6650/10160,	epoch: 10,	learning_rate: 3.6850393700787408e-06
2024-09-11 23:00:28 [INFO]   loss: 0.0000,	steps: 6700/10160,	epoch: 10,	learning_rate: 3.6325459317585305e-06
2024-09-11 23:00:48 [INFO]   loss: 0.0000,	steps: 6750/10160,	epoch: 10,	learning_rate: 3.5800524934383207e-06
2024-09-11 23:01:09 [INFO]   loss: 0.0000,	steps: 6800/10160,	epoch: 10,	learning_rate: 3.5275590551181104e-06
2024-09-11 23:01:29 [INFO]   loss: 0.0000,	steps: 6850/10160,	epoch: 10,	learning_rate: 3.4750656167979006e-06
2024-09-11 23:01:49 [INFO]   loss: 0.0000,	steps: 6900/10160,	epoch: 10,	learning_rate: 3.4225721784776907e-06
2024-09-11 23:02:09 [INFO]   loss: 0.0000,	steps: 6950/10160,	epoch: 10,	learning_rate: 3.370078740157481e-06
2024-09-11 23:26:09 [INFO]   第10轮的训练 测试结果为：{'R@5': 0.5291195355462589, 'R@10': 0.6942892782072096, 'RR@5': 0.8594362745098042, 'RR@10': 0.8633009453781515, 'nDCG@5': 0.6504535127262018, 'nDCG@10': 0.6961030580812807}
2024-09-11 23:26:15 [INFO]   loss: 0.0000,	steps: 7000/10160,	epoch: 11,	learning_rate: 3.3175853018372706e-06
2024-09-11 23:26:35 [INFO]   loss: 0.0000,	steps: 7050/10160,	epoch: 11,	learning_rate: 3.2650918635170608e-06
2024-09-11 23:26:56 [INFO]   loss: 0.0000,	steps: 7100/10160,	epoch: 11,	learning_rate: 3.2125984251968505e-06
2024-09-11 23:27:16 [INFO]   loss: 0.0020,	steps: 7150/10160,	epoch: 11,	learning_rate: 3.160104986876641e-06
2024-09-11 23:27:36 [INFO]   loss: 0.0000,	steps: 7200/10160,	epoch: 11,	learning_rate: 3.107611548556431e-06
2024-09-11 23:27:56 [INFO]   loss: 0.0084,	steps: 7250/10160,	epoch: 11,	learning_rate: 3.055118110236221e-06
2024-09-11 23:28:17 [INFO]   loss: 0.0000,	steps: 7300/10160,	epoch: 11,	learning_rate: 3.0026246719160107e-06
2024-09-11 23:28:37 [INFO]   loss: 0.0000,	steps: 7350/10160,	epoch: 11,	learning_rate: 2.950131233595801e-06
2024-09-11 23:28:57 [INFO]   loss: 0.0000,	steps: 7400/10160,	epoch: 11,	learning_rate: 2.8976377952755906e-06
2024-09-11 23:29:17 [INFO]   loss: 0.0000,	steps: 7450/10160,	epoch: 11,	learning_rate: 2.8451443569553812e-06
2024-09-11 23:29:38 [INFO]   loss: 0.0000,	steps: 7500/10160,	epoch: 11,	learning_rate: 2.792650918635171e-06
2024-09-11 23:29:58 [INFO]   loss: 0.0000,	steps: 7550/10160,	epoch: 11,	learning_rate: 2.740157480314961e-06
2024-09-11 23:30:19 [INFO]   loss: 0.0000,	steps: 7600/10160,	epoch: 11,	learning_rate: 2.687664041994751e-06
2024-09-11 23:54:13 [INFO]   第11轮的训练 测试结果为：{'R@5': 0.5246632619412104, 'R@10': 0.6924767493264928, 'RR@5': 0.8525122549019611, 'RR@10': 0.8573317868814194, 'nDCG@5': 0.6463751932916754, 'nDCG@10': 0.6936323154776427}
2024-09-11 23:54:25 [INFO]   loss: 0.0000,	steps: 7650/10160,	epoch: 12,	learning_rate: 2.635170603674541e-06
2024-09-11 23:54:46 [INFO]   loss: 0.0000,	steps: 7700/10160,	epoch: 12,	learning_rate: 2.5826771653543307e-06
2024-09-11 23:55:06 [INFO]   loss: 0.0000,	steps: 7750/10160,	epoch: 12,	learning_rate: 2.5301837270341213e-06
2024-09-11 23:55:26 [INFO]   loss: 0.0000,	steps: 7800/10160,	epoch: 12,	learning_rate: 2.477690288713911e-06
2024-09-11 23:55:47 [INFO]   loss: 0.0000,	steps: 7850/10160,	epoch: 12,	learning_rate: 2.425196850393701e-06
2024-09-11 23:56:07 [INFO]   loss: 0.0000,	steps: 7900/10160,	epoch: 12,	learning_rate: 2.372703412073491e-06
2024-09-11 23:56:27 [INFO]   loss: 0.0000,	steps: 7950/10160,	epoch: 12,	learning_rate: 2.320209973753281e-06
2024-09-11 23:56:47 [INFO]   loss: 0.0000,	steps: 8000/10160,	epoch: 12,	learning_rate: 2.267716535433071e-06
2024-09-11 23:57:07 [INFO]   loss: 0.0007,	steps: 8050/10160,	epoch: 12,	learning_rate: 2.215223097112861e-06
2024-09-11 23:57:28 [INFO]   loss: 0.0000,	steps: 8100/10160,	epoch: 12,	learning_rate: 2.162729658792651e-06
2024-09-11 23:57:48 [INFO]   loss: 0.0000,	steps: 8150/10160,	epoch: 12,	learning_rate: 2.110236220472441e-06
2024-09-11 23:58:09 [INFO]   loss: 0.0000,	steps: 8200/10160,	epoch: 12,	learning_rate: 2.057742782152231e-06
2024-09-11 23:58:29 [INFO]   loss: 0.0000,	steps: 8250/10160,	epoch: 12,	learning_rate: 2.0052493438320212e-06
2024-09-12 00:22:17 [INFO]   第12轮的训练 测试结果为：{'R@5': 0.5329094812573059, 'R@10': 0.6984115126640614, 'RR@5': 0.8548713235294124, 'RR@10': 0.858962126517274, 'nDCG@5': 0.650861401907257, 'nDCG@10': 0.696820080054369}
2024-09-12 00:22:35 [INFO]   loss: 0.0000,	steps: 8300/10160,	epoch: 13,	learning_rate: 1.952755905511811e-06
2024-09-12 00:22:55 [INFO]   loss: 0.0000,	steps: 8350/10160,	epoch: 13,	learning_rate: 1.9002624671916011e-06
2024-09-12 00:23:16 [INFO]   loss: 0.0000,	steps: 8400/10160,	epoch: 13,	learning_rate: 1.8477690288713913e-06
2024-09-12 00:23:36 [INFO]   loss: 0.0000,	steps: 8450/10160,	epoch: 13,	learning_rate: 1.7952755905511812e-06
2024-09-12 00:23:57 [INFO]   loss: 0.0001,	steps: 8500/10160,	epoch: 13,	learning_rate: 1.7427821522309712e-06
2024-09-12 00:24:17 [INFO]   loss: 0.0000,	steps: 8550/10160,	epoch: 13,	learning_rate: 1.6902887139107613e-06
2024-09-12 00:24:37 [INFO]   loss: 0.0000,	steps: 8600/10160,	epoch: 13,	learning_rate: 1.6377952755905513e-06
2024-09-12 00:24:57 [INFO]   loss: 0.0000,	steps: 8650/10160,	epoch: 13,	learning_rate: 1.5853018372703412e-06
2024-09-12 00:25:18 [INFO]   loss: 0.0020,	steps: 8700/10160,	epoch: 13,	learning_rate: 1.5328083989501314e-06
2024-09-12 00:25:38 [INFO]   loss: 0.0000,	steps: 8750/10160,	epoch: 13,	learning_rate: 1.4803149606299213e-06
2024-09-12 00:25:58 [INFO]   loss: 0.0000,	steps: 8800/10160,	epoch: 13,	learning_rate: 1.4278215223097113e-06
2024-09-12 00:26:18 [INFO]   loss: 0.0000,	steps: 8850/10160,	epoch: 13,	learning_rate: 1.3753280839895015e-06
2024-09-12 00:50:19 [INFO]   第13轮的训练 测试结果为：{'R@5': 0.5336406726615406, 'R@10': 0.6958753169977081, 'RR@5': 0.8530330882352948, 'RR@10': 0.856585915616247, 'nDCG@5': 0.6515739559730224, 'nDCG@10': 0.695353626685036}
2024-09-12 00:50:23 [INFO]   loss: 0.0000,	steps: 8900/10160,	epoch: 14,	learning_rate: 1.3228346456692914e-06
2024-09-12 00:50:43 [INFO]   loss: 0.0000,	steps: 8950/10160,	epoch: 14,	learning_rate: 1.2703412073490814e-06
2024-09-12 00:51:04 [INFO]   loss: 0.0000,	steps: 9000/10160,	epoch: 14,	learning_rate: 1.2178477690288715e-06
2024-09-12 00:51:24 [INFO]   loss: 0.0000,	steps: 9050/10160,	epoch: 14,	learning_rate: 1.1653543307086615e-06
2024-09-12 00:51:44 [INFO]   loss: 0.0000,	steps: 9100/10160,	epoch: 14,	learning_rate: 1.1128608923884516e-06
2024-09-12 00:52:04 [INFO]   loss: 0.0000,	steps: 9150/10160,	epoch: 14,	learning_rate: 1.0603674540682416e-06
2024-09-12 00:52:25 [INFO]   loss: 0.0000,	steps: 9200/10160,	epoch: 14,	learning_rate: 1.0078740157480315e-06
2024-09-12 00:52:45 [INFO]   loss: 0.0000,	steps: 9250/10160,	epoch: 14,	learning_rate: 9.553805774278217e-07
2024-09-12 00:53:05 [INFO]   loss: 0.0000,	steps: 9300/10160,	epoch: 14,	learning_rate: 9.028871391076116e-07
2024-09-12 00:53:25 [INFO]   loss: 0.0000,	steps: 9350/10160,	epoch: 14,	learning_rate: 8.503937007874017e-07
2024-09-12 00:53:46 [INFO]   loss: 0.0000,	steps: 9400/10160,	epoch: 14,	learning_rate: 7.979002624671916e-07
2024-09-12 00:54:06 [INFO]   loss: 0.0000,	steps: 9450/10160,	epoch: 14,	learning_rate: 7.454068241469817e-07
2024-09-12 00:54:26 [INFO]   loss: 0.0000,	steps: 9500/10160,	epoch: 14,	learning_rate: 6.929133858267717e-07
2024-09-12 01:18:24 [INFO]   第14轮的训练 测试结果为：{'R@5': 0.5319898939470158, 'R@10': 0.6984553053295207, 'RR@5': 0.8580729166666673, 'RR@10': 0.8619795313958922, 'nDCG@5': 0.6501631363045735, 'nDCG@10': 0.696890677434353}
2024-09-12 01:18:34 [INFO]   loss: 0.0625,	steps: 9550/10160,	epoch: 15,	learning_rate: 6.404199475065617e-07
2024-09-12 01:18:54 [INFO]   loss: 0.0000,	steps: 9600/10160,	epoch: 15,	learning_rate: 5.879265091863517e-07
2024-09-12 01:19:15 [INFO]   loss: 0.0000,	steps: 9650/10160,	epoch: 15,	learning_rate: 5.354330708661418e-07
2024-09-12 01:19:35 [INFO]   loss: 0.0000,	steps: 9700/10160,	epoch: 15,	learning_rate: 4.829396325459318e-07
2024-09-12 01:19:55 [INFO]   loss: 0.0000,	steps: 9750/10160,	epoch: 15,	learning_rate: 4.304461942257218e-07
2024-09-12 01:20:16 [INFO]   loss: 0.0000,	steps: 9800/10160,	epoch: 15,	learning_rate: 3.7795275590551184e-07
2024-09-12 01:20:36 [INFO]   loss: 0.0000,	steps: 9850/10160,	epoch: 15,	learning_rate: 3.2545931758530185e-07
2024-09-12 01:20:56 [INFO]   loss: 0.0000,	steps: 9900/10160,	epoch: 15,	learning_rate: 2.729658792650919e-07
2024-09-12 01:21:17 [INFO]   loss: 0.0000,	steps: 9950/10160,	epoch: 15,	learning_rate: 2.204724409448819e-07
2024-09-12 01:21:37 [INFO]   loss: 0.1243,	steps: 10000/10160,	epoch: 15,	learning_rate: 1.6797900262467193e-07
2024-09-12 01:21:57 [INFO]   loss: 0.0000,	steps: 10050/10160,	epoch: 15,	learning_rate: 1.1548556430446196e-07
2024-09-12 01:22:18 [INFO]   loss: 0.0048,	steps: 10100/10160,	epoch: 15,	learning_rate: 6.299212598425197e-08
2024-09-12 01:22:38 [INFO]   loss: 0.0000,	steps: 10150/10160,	epoch: 15,	learning_rate: 1.0498687664041996e-08
2024-09-12 01:46:27 [INFO]   第15轮的训练 测试结果为：{'R@5': 0.5347761445437493, 'R@10': 0.698381251491907, 'RR@5': 0.8579810049019615, 'RR@10': 0.8614747461484602, 'nDCG@5': 0.6535981351668667, 'nDCG@10': 0.6994316380666814}
2024-09-12 01:46:30 [INFO]   ------------------------------------------------
2024-09-12 01:46:30 [INFO]   第 15 轮已经训练完成  模型保存在 /mnt/workspace/clir/baselines/HIKE/output/2024-09-11/best_model
2024-09-12 01:46:30 [INFO]   ------------------------------------------------
2024-09-12 01:46:30 [INFO]   ------------------------------------------------
2024-09-12 01:46:30 [INFO]   所有epoch的平均评测指标为: {'R@5': 0.5160548225498183, 'R@10': 0.681473659722983, 'RR@5': 0.8378475413602948, 'RR@10': 0.8422878233324584, 'nDCG@5': 0.6308086007971911, 'nDCG@10': 0.6777781784539514}
2024-09-12 01:46:30 [INFO]   ------------------------------------------------
