2024-09-09 19:55:35 [INFO]   ***** Running training *****
2024-09-09 19:55:35 [INFO]   当前时间: 2024-09-09 19:55:35
2024-09-09 19:55:35 [INFO]   Num examples = 5087
2024-09-09 19:55:35 [INFO]   Num Epochs = 12
2024-09-09 19:55:35 [INFO]   Instantaneous batch size per device = 8
2024-09-09 19:55:35 [INFO]   Total train batch size (w. parallel, distributed & accumulation) = 16
2024-09-09 19:55:35 [INFO]   Total optimization steps = 7620
2024-09-09 19:55:35 [INFO]   训练的设备: cuda, 设备编号: 0
2024-09-09 19:55:39 [INFO]   loss: 0.5124,	steps: 10/7620,	epoch: 0,	learning_rate: 1.5748031496062994e-07
2024-09-09 19:55:41 [INFO]   loss: 0.5430,	steps: 20/7620,	epoch: 0,	learning_rate: 3.149606299212599e-07
2024-09-09 19:55:44 [INFO]   loss: 0.5197,	steps: 30/7620,	epoch: 0,	learning_rate: 4.724409448818898e-07
2024-09-09 19:55:47 [INFO]   loss: 0.5461,	steps: 40/7620,	epoch: 0,	learning_rate: 6.299212598425198e-07
2024-09-09 19:55:49 [INFO]   loss: 0.5700,	steps: 50/7620,	epoch: 0,	learning_rate: 7.874015748031496e-07
2024-09-09 19:55:52 [INFO]   loss: 0.4967,	steps: 60/7620,	epoch: 0,	learning_rate: 9.448818897637796e-07
2024-09-09 19:55:54 [INFO]   loss: 0.4939,	steps: 70/7620,	epoch: 0,	learning_rate: 1.1023622047244096e-06
2024-09-09 19:55:57 [INFO]   loss: 0.5228,	steps: 80/7620,	epoch: 0,	learning_rate: 1.2598425196850396e-06
2024-09-09 19:56:00 [INFO]   loss: 0.4662,	steps: 90/7620,	epoch: 0,	learning_rate: 1.4173228346456693e-06
2024-09-09 19:56:02 [INFO]   loss: 0.4913,	steps: 100/7620,	epoch: 0,	learning_rate: 1.5748031496062992e-06
2024-09-09 19:56:05 [INFO]   loss: 0.5059,	steps: 110/7620,	epoch: 0,	learning_rate: 1.7322834645669292e-06
2024-09-09 19:56:08 [INFO]   loss: 0.5092,	steps: 120/7620,	epoch: 0,	learning_rate: 1.8897637795275591e-06
2024-09-09 19:56:10 [INFO]   loss: 0.4889,	steps: 130/7620,	epoch: 0,	learning_rate: 2.0472440944881893e-06
2024-09-09 19:56:13 [INFO]   loss: 0.4481,	steps: 140/7620,	epoch: 0,	learning_rate: 2.2047244094488192e-06
2024-09-09 19:56:15 [INFO]   loss: 0.5050,	steps: 150/7620,	epoch: 0,	learning_rate: 2.362204724409449e-06
2024-09-09 19:56:18 [INFO]   loss: 0.4784,	steps: 160/7620,	epoch: 0,	learning_rate: 2.519685039370079e-06
2024-09-09 19:56:21 [INFO]   loss: 0.4105,	steps: 170/7620,	epoch: 0,	learning_rate: 2.677165354330709e-06
2024-09-09 19:56:23 [INFO]   loss: 0.4224,	steps: 180/7620,	epoch: 0,	learning_rate: 2.8346456692913386e-06
2024-09-09 19:56:26 [INFO]   loss: 0.4040,	steps: 190/7620,	epoch: 0,	learning_rate: 2.992125984251969e-06
2024-09-09 19:56:29 [INFO]   loss: 0.4934,	steps: 200/7620,	epoch: 0,	learning_rate: 3.1496062992125985e-06
2024-09-09 19:56:31 [INFO]   loss: 0.3110,	steps: 210/7620,	epoch: 0,	learning_rate: 3.307086614173229e-06
2024-09-09 19:56:34 [INFO]   loss: 0.2508,	steps: 220/7620,	epoch: 0,	learning_rate: 3.4645669291338583e-06
2024-09-09 19:56:37 [INFO]   loss: 0.3294,	steps: 230/7620,	epoch: 0,	learning_rate: 3.6220472440944887e-06
2024-09-09 19:56:39 [INFO]   loss: 0.3196,	steps: 240/7620,	epoch: 0,	learning_rate: 3.7795275590551182e-06
2024-09-09 19:56:42 [INFO]   loss: 0.3888,	steps: 250/7620,	epoch: 0,	learning_rate: 3.937007874015748e-06
2024-09-09 19:56:45 [INFO]   loss: 0.2810,	steps: 260/7620,	epoch: 0,	learning_rate: 4.0944881889763785e-06
2024-09-09 19:56:47 [INFO]   loss: 0.2726,	steps: 270/7620,	epoch: 0,	learning_rate: 4.251968503937008e-06
2024-09-09 19:56:50 [INFO]   loss: 0.2195,	steps: 280/7620,	epoch: 0,	learning_rate: 4.4094488188976384e-06
2024-09-09 19:56:52 [INFO]   loss: 0.0678,	steps: 290/7620,	epoch: 0,	learning_rate: 4.566929133858268e-06
2024-09-09 19:56:55 [INFO]   loss: 0.3895,	steps: 300/7620,	epoch: 0,	learning_rate: 4.724409448818898e-06
2024-09-09 19:56:58 [INFO]   loss: 0.3165,	steps: 310/7620,	epoch: 0,	learning_rate: 4.881889763779528e-06
2024-09-09 19:57:00 [INFO]   loss: 0.3668,	steps: 320/7620,	epoch: 0,	learning_rate: 5.039370078740158e-06
2024-09-09 19:57:03 [INFO]   loss: 0.1301,	steps: 330/7620,	epoch: 0,	learning_rate: 5.196850393700788e-06
2024-09-09 19:57:06 [INFO]   loss: 0.2575,	steps: 340/7620,	epoch: 0,	learning_rate: 5.354330708661418e-06
2024-09-09 19:57:08 [INFO]   loss: 0.1981,	steps: 350/7620,	epoch: 0,	learning_rate: 5.511811023622048e-06
2024-09-09 19:57:11 [INFO]   loss: 0.2919,	steps: 360/7620,	epoch: 0,	learning_rate: 5.669291338582677e-06
2024-09-09 19:57:14 [INFO]   loss: 0.0719,	steps: 370/7620,	epoch: 0,	learning_rate: 5.8267716535433075e-06
2024-09-09 19:57:16 [INFO]   loss: 0.3040,	steps: 380/7620,	epoch: 0,	learning_rate: 5.984251968503938e-06
2024-09-09 19:57:19 [INFO]   loss: 0.0814,	steps: 390/7620,	epoch: 0,	learning_rate: 6.141732283464567e-06
2024-09-09 19:57:22 [INFO]   loss: 0.2474,	steps: 400/7620,	epoch: 0,	learning_rate: 6.299212598425197e-06
2024-09-09 19:57:24 [INFO]   loss: 0.1089,	steps: 410/7620,	epoch: 0,	learning_rate: 6.456692913385827e-06
2024-09-09 19:57:27 [INFO]   loss: 0.1078,	steps: 420/7620,	epoch: 0,	learning_rate: 6.614173228346458e-06
2024-09-09 19:57:29 [INFO]   loss: 0.1797,	steps: 430/7620,	epoch: 0,	learning_rate: 6.771653543307087e-06
2024-09-09 19:57:32 [INFO]   loss: 0.1502,	steps: 440/7620,	epoch: 0,	learning_rate: 6.929133858267717e-06
2024-09-09 19:57:35 [INFO]   loss: 0.4503,	steps: 450/7620,	epoch: 0,	learning_rate: 7.086614173228347e-06
2024-09-09 19:57:37 [INFO]   loss: 0.0242,	steps: 460/7620,	epoch: 0,	learning_rate: 7.2440944881889774e-06
2024-09-09 19:57:40 [INFO]   loss: 0.1972,	steps: 470/7620,	epoch: 0,	learning_rate: 7.401574803149607e-06
2024-09-09 19:57:43 [INFO]   loss: 0.1035,	steps: 480/7620,	epoch: 0,	learning_rate: 7.5590551181102365e-06
2024-09-09 19:57:45 [INFO]   loss: 0.0193,	steps: 490/7620,	epoch: 0,	learning_rate: 7.716535433070867e-06
2024-09-09 19:57:48 [INFO]   loss: 0.1067,	steps: 500/7620,	epoch: 0,	learning_rate: 7.874015748031496e-06
2024-09-09 19:57:51 [INFO]   loss: 0.0026,	steps: 510/7620,	epoch: 0,	learning_rate: 8.031496062992128e-06
2024-09-09 19:57:53 [INFO]   loss: 0.1067,	steps: 520/7620,	epoch: 0,	learning_rate: 8.188976377952757e-06
2024-09-09 19:57:56 [INFO]   loss: 0.0469,	steps: 530/7620,	epoch: 0,	learning_rate: 8.346456692913387e-06
2024-09-09 19:57:59 [INFO]   loss: 0.0159,	steps: 540/7620,	epoch: 0,	learning_rate: 8.503937007874016e-06
2024-09-09 19:58:01 [INFO]   loss: 0.1794,	steps: 550/7620,	epoch: 0,	learning_rate: 8.661417322834647e-06
2024-09-09 19:58:04 [INFO]   loss: 0.0892,	steps: 560/7620,	epoch: 0,	learning_rate: 8.818897637795277e-06
2024-09-09 19:58:07 [INFO]   loss: 0.2340,	steps: 570/7620,	epoch: 0,	learning_rate: 8.976377952755906e-06
2024-09-09 19:58:09 [INFO]   loss: 0.1166,	steps: 580/7620,	epoch: 0,	learning_rate: 9.133858267716536e-06
2024-09-09 19:58:12 [INFO]   loss: 0.0985,	steps: 590/7620,	epoch: 0,	learning_rate: 9.291338582677165e-06
2024-09-09 19:58:15 [INFO]   loss: 0.0064,	steps: 600/7620,	epoch: 0,	learning_rate: 9.448818897637797e-06
2024-09-09 19:58:17 [INFO]   loss: 0.0068,	steps: 610/7620,	epoch: 0,	learning_rate: 9.606299212598426e-06
2024-09-09 19:58:20 [INFO]   loss: 0.0496,	steps: 620/7620,	epoch: 0,	learning_rate: 9.763779527559056e-06
2024-09-09 19:58:23 [INFO]   loss: 0.1096,	steps: 630/7620,	epoch: 0,	learning_rate: 9.921259842519685e-06
2024-09-09 20:09:14 [INFO]   第0轮的训练 测试结果为：{'R@5': 0.47216515468432396, 'R@10': 0.638402760307458, 'RR@5': 0.7686580882352948, 'RR@10': 0.7741341328197953, 'nDCG@5': 0.5491632423455783, 'nDCG@10': 0.6033191525379088}
2024-09-09 20:09:14 [INFO]   ------------------------------------------------
2024-09-09 20:09:14 [INFO]   第 0 轮已经训练完成  模型保存在 /mnt/workspace/clir/baselines/cross-mbert/output/epoch_0_best
2024-09-09 20:09:14 [INFO]   ------------------------------------------------
2024-09-09 20:09:16 [INFO]   loss: 0.1068,	steps: 640/7620,	epoch: 1,	learning_rate: 9.992841803865427e-06
2024-09-09 20:09:18 [INFO]   loss: 0.1091,	steps: 650/7620,	epoch: 1,	learning_rate: 9.978525411596278e-06
2024-09-09 20:09:21 [INFO]   loss: 0.1722,	steps: 660/7620,	epoch: 1,	learning_rate: 9.96420901932713e-06
2024-09-09 20:09:24 [INFO]   loss: 0.0095,	steps: 670/7620,	epoch: 1,	learning_rate: 9.949892627057982e-06
2024-09-09 20:09:26 [INFO]   loss: 0.0500,	steps: 680/7620,	epoch: 1,	learning_rate: 9.935576234788834e-06
2024-09-09 20:09:29 [INFO]   loss: 0.1324,	steps: 690/7620,	epoch: 1,	learning_rate: 9.921259842519685e-06
2024-09-09 20:09:32 [INFO]   loss: 0.1077,	steps: 700/7620,	epoch: 1,	learning_rate: 9.906943450250539e-06
2024-09-09 20:09:34 [INFO]   loss: 0.0066,	steps: 710/7620,	epoch: 1,	learning_rate: 9.89262705798139e-06
2024-09-09 20:09:37 [INFO]   loss: 0.0762,	steps: 720/7620,	epoch: 1,	learning_rate: 9.878310665712242e-06
2024-09-09 20:09:40 [INFO]   loss: 0.0349,	steps: 730/7620,	epoch: 1,	learning_rate: 9.863994273443092e-06
2024-09-09 20:09:42 [INFO]   loss: 0.0360,	steps: 740/7620,	epoch: 1,	learning_rate: 9.849677881173945e-06
2024-09-09 20:09:45 [INFO]   loss: 0.1955,	steps: 750/7620,	epoch: 1,	learning_rate: 9.835361488904797e-06
2024-09-09 20:09:48 [INFO]   loss: 0.1667,	steps: 760/7620,	epoch: 1,	learning_rate: 9.821045096635649e-06
2024-09-09 20:09:50 [INFO]   loss: 0.0061,	steps: 770/7620,	epoch: 1,	learning_rate: 9.8067287043665e-06
2024-09-09 20:09:53 [INFO]   loss: 0.0347,	steps: 780/7620,	epoch: 1,	learning_rate: 9.792412312097352e-06
2024-09-09 20:09:56 [INFO]   loss: 0.0121,	steps: 790/7620,	epoch: 1,	learning_rate: 9.778095919828204e-06
2024-09-09 20:09:58 [INFO]   loss: 0.0932,	steps: 800/7620,	epoch: 1,	learning_rate: 9.763779527559056e-06
2024-09-09 20:10:01 [INFO]   loss: 0.0840,	steps: 810/7620,	epoch: 1,	learning_rate: 9.749463135289909e-06
2024-09-09 20:10:04 [INFO]   loss: 0.0261,	steps: 820/7620,	epoch: 1,	learning_rate: 9.735146743020759e-06
2024-09-09 20:10:06 [INFO]   loss: 0.0858,	steps: 830/7620,	epoch: 1,	learning_rate: 9.72083035075161e-06
2024-09-09 20:10:09 [INFO]   loss: 0.2371,	steps: 840/7620,	epoch: 1,	learning_rate: 9.706513958482463e-06
2024-09-09 20:10:12 [INFO]   loss: 0.0019,	steps: 850/7620,	epoch: 1,	learning_rate: 9.692197566213314e-06
2024-09-09 20:10:14 [INFO]   loss: 0.1618,	steps: 860/7620,	epoch: 1,	learning_rate: 9.677881173944168e-06
2024-09-09 20:10:17 [INFO]   loss: 0.0357,	steps: 870/7620,	epoch: 1,	learning_rate: 9.66356478167502e-06
2024-09-09 20:10:20 [INFO]   loss: 0.0203,	steps: 880/7620,	epoch: 1,	learning_rate: 9.649248389405871e-06
2024-09-09 20:10:22 [INFO]   loss: 0.0858,	steps: 890/7620,	epoch: 1,	learning_rate: 9.634931997136723e-06
2024-09-09 20:10:25 [INFO]   loss: 0.0517,	steps: 900/7620,	epoch: 1,	learning_rate: 9.620615604867574e-06
2024-09-09 20:10:28 [INFO]   loss: 0.1159,	steps: 910/7620,	epoch: 1,	learning_rate: 9.606299212598426e-06
2024-09-09 20:10:30 [INFO]   loss: 0.2188,	steps: 920/7620,	epoch: 1,	learning_rate: 9.591982820329278e-06
2024-09-09 20:10:33 [INFO]   loss: 0.0034,	steps: 930/7620,	epoch: 1,	learning_rate: 9.57766642806013e-06
2024-09-09 20:10:36 [INFO]   loss: 0.0100,	steps: 940/7620,	epoch: 1,	learning_rate: 9.563350035790981e-06
2024-09-09 20:10:38 [INFO]   loss: 0.0220,	steps: 950/7620,	epoch: 1,	learning_rate: 9.549033643521833e-06
2024-09-09 20:10:41 [INFO]   loss: 0.0707,	steps: 960/7620,	epoch: 1,	learning_rate: 9.534717251252685e-06
2024-09-09 20:10:44 [INFO]   loss: 0.0216,	steps: 970/7620,	epoch: 1,	learning_rate: 9.520400858983538e-06
2024-09-09 20:10:47 [INFO]   loss: 0.0416,	steps: 980/7620,	epoch: 1,	learning_rate: 9.50608446671439e-06
2024-09-09 20:10:49 [INFO]   loss: 0.0959,	steps: 990/7620,	epoch: 1,	learning_rate: 9.49176807444524e-06
2024-09-09 20:10:52 [INFO]   loss: 0.1252,	steps: 1000/7620,	epoch: 1,	learning_rate: 9.477451682176092e-06
2024-09-09 20:10:55 [INFO]   loss: 0.0319,	steps: 1010/7620,	epoch: 1,	learning_rate: 9.463135289906943e-06
2024-09-09 20:10:57 [INFO]   loss: 0.0008,	steps: 1020/7620,	epoch: 1,	learning_rate: 9.448818897637797e-06
2024-09-09 20:11:00 [INFO]   loss: 0.0346,	steps: 1030/7620,	epoch: 1,	learning_rate: 9.434502505368648e-06
2024-09-09 20:11:03 [INFO]   loss: 0.0187,	steps: 1040/7620,	epoch: 1,	learning_rate: 9.4201861130995e-06
2024-09-09 20:11:05 [INFO]   loss: 0.0807,	steps: 1050/7620,	epoch: 1,	learning_rate: 9.405869720830352e-06
2024-09-09 20:11:08 [INFO]   loss: 0.0074,	steps: 1060/7620,	epoch: 1,	learning_rate: 9.391553328561203e-06
2024-09-09 20:11:11 [INFO]   loss: 0.0318,	steps: 1070/7620,	epoch: 1,	learning_rate: 9.377236936292055e-06
2024-09-09 20:11:13 [INFO]   loss: 0.0583,	steps: 1080/7620,	epoch: 1,	learning_rate: 9.362920544022907e-06
2024-09-09 20:11:16 [INFO]   loss: 0.0012,	steps: 1090/7620,	epoch: 1,	learning_rate: 9.348604151753759e-06
2024-09-09 20:11:19 [INFO]   loss: 0.0173,	steps: 1100/7620,	epoch: 1,	learning_rate: 9.33428775948461e-06
2024-09-09 20:11:21 [INFO]   loss: 0.1440,	steps: 1110/7620,	epoch: 1,	learning_rate: 9.319971367215462e-06
2024-09-09 20:11:24 [INFO]   loss: 0.0009,	steps: 1120/7620,	epoch: 1,	learning_rate: 9.305654974946314e-06
2024-09-09 20:11:27 [INFO]   loss: 0.0027,	steps: 1130/7620,	epoch: 1,	learning_rate: 9.291338582677165e-06
2024-09-09 20:11:29 [INFO]   loss: 0.0967,	steps: 1140/7620,	epoch: 1,	learning_rate: 9.277022190408019e-06
2024-09-09 20:11:32 [INFO]   loss: 0.0279,	steps: 1150/7620,	epoch: 1,	learning_rate: 9.26270579813887e-06
2024-09-09 20:11:35 [INFO]   loss: 0.1206,	steps: 1160/7620,	epoch: 1,	learning_rate: 9.248389405869722e-06
2024-09-09 20:11:37 [INFO]   loss: 0.0421,	steps: 1170/7620,	epoch: 1,	learning_rate: 9.234073013600572e-06
2024-09-09 20:11:40 [INFO]   loss: 0.0390,	steps: 1180/7620,	epoch: 1,	learning_rate: 9.219756621331426e-06
2024-09-09 20:11:43 [INFO]   loss: 0.0736,	steps: 1190/7620,	epoch: 1,	learning_rate: 9.205440229062277e-06
2024-09-09 20:11:45 [INFO]   loss: 0.1091,	steps: 1200/7620,	epoch: 1,	learning_rate: 9.191123836793129e-06
2024-09-09 20:11:48 [INFO]   loss: 0.1143,	steps: 1210/7620,	epoch: 1,	learning_rate: 9.17680744452398e-06
2024-09-09 20:11:51 [INFO]   loss: 0.0617,	steps: 1220/7620,	epoch: 1,	learning_rate: 9.162491052254832e-06
2024-09-09 20:11:53 [INFO]   loss: 0.0035,	steps: 1230/7620,	epoch: 1,	learning_rate: 9.148174659985684e-06
2024-09-09 20:11:56 [INFO]   loss: 0.0118,	steps: 1240/7620,	epoch: 1,	learning_rate: 9.133858267716536e-06
2024-09-09 20:11:59 [INFO]   loss: 0.1174,	steps: 1250/7620,	epoch: 1,	learning_rate: 9.11954187544739e-06
2024-09-09 20:12:01 [INFO]   loss: 0.1580,	steps: 1260/7620,	epoch: 1,	learning_rate: 9.10522548317824e-06
2024-09-09 20:12:04 [INFO]   loss: 0.1098,	steps: 1270/7620,	epoch: 1,	learning_rate: 9.090909090909091e-06
2024-09-09 20:22:54 [INFO]   第1轮的训练 测试结果为：{'R@5': 0.5091876989818994, 'R@10': 0.6666993667290837, 'RR@5': 0.8247242647058828, 'RR@10': 0.8297392915499537, 'nDCG@5': 0.6184346762872317, 'nDCG@10': 0.6619273452559041}
2024-09-09 20:22:55 [INFO]   ------------------------------------------------
2024-09-09 20:22:55 [INFO]   第 1 轮已经训练完成  模型保存在 /mnt/workspace/clir/baselines/cross-mbert/output/epoch_1_best
2024-09-09 20:22:55 [INFO]   ------------------------------------------------
2024-09-09 20:22:58 [INFO]   loss: 0.0240,	steps: 1280/7620,	epoch: 2,	learning_rate: 9.076592698639943e-06
2024-09-09 20:23:00 [INFO]   loss: 0.0005,	steps: 1290/7620,	epoch: 2,	learning_rate: 9.062276306370794e-06
2024-09-09 20:23:03 [INFO]   loss: 0.0480,	steps: 1300/7620,	epoch: 2,	learning_rate: 9.047959914101648e-06
2024-09-09 20:23:06 [INFO]   loss: 0.1210,	steps: 1310/7620,	epoch: 2,	learning_rate: 9.0336435218325e-06
2024-09-09 20:23:08 [INFO]   loss: 0.0005,	steps: 1320/7620,	epoch: 2,	learning_rate: 9.019327129563351e-06
2024-09-09 20:23:11 [INFO]   loss: 0.0753,	steps: 1330/7620,	epoch: 2,	learning_rate: 9.005010737294203e-06
2024-09-09 20:23:14 [INFO]   loss: 0.0825,	steps: 1340/7620,	epoch: 2,	learning_rate: 8.990694345025055e-06
2024-09-09 20:23:16 [INFO]   loss: 0.0142,	steps: 1350/7620,	epoch: 2,	learning_rate: 8.976377952755906e-06
2024-09-09 20:23:19 [INFO]   loss: 0.0009,	steps: 1360/7620,	epoch: 2,	learning_rate: 8.962061560486758e-06
2024-09-09 20:23:22 [INFO]   loss: 0.0170,	steps: 1370/7620,	epoch: 2,	learning_rate: 8.94774516821761e-06
2024-09-09 20:23:24 [INFO]   loss: 0.0005,	steps: 1380/7620,	epoch: 2,	learning_rate: 8.933428775948462e-06
2024-09-09 20:23:27 [INFO]   loss: 0.0226,	steps: 1390/7620,	epoch: 2,	learning_rate: 8.919112383679313e-06
2024-09-09 20:23:30 [INFO]   loss: 0.0007,	steps: 1400/7620,	epoch: 2,	learning_rate: 8.904795991410165e-06
2024-09-09 20:23:32 [INFO]   loss: 0.0260,	steps: 1410/7620,	epoch: 2,	learning_rate: 8.890479599141018e-06
2024-09-09 20:23:35 [INFO]   loss: 0.0036,	steps: 1420/7620,	epoch: 2,	learning_rate: 8.87616320687187e-06
2024-09-09 20:23:38 [INFO]   loss: 0.0291,	steps: 1430/7620,	epoch: 2,	learning_rate: 8.86184681460272e-06
2024-09-09 20:23:40 [INFO]   loss: 0.0751,	steps: 1440/7620,	epoch: 2,	learning_rate: 8.847530422333572e-06
2024-09-09 20:23:43 [INFO]   loss: 0.0009,	steps: 1450/7620,	epoch: 2,	learning_rate: 8.833214030064423e-06
2024-09-09 20:23:46 [INFO]   loss: 0.0034,	steps: 1460/7620,	epoch: 2,	learning_rate: 8.818897637795277e-06
2024-09-09 20:23:48 [INFO]   loss: 0.0391,	steps: 1470/7620,	epoch: 2,	learning_rate: 8.804581245526129e-06
2024-09-09 20:23:51 [INFO]   loss: 0.0007,	steps: 1480/7620,	epoch: 2,	learning_rate: 8.79026485325698e-06
2024-09-09 20:23:54 [INFO]   loss: 0.0554,	steps: 1490/7620,	epoch: 2,	learning_rate: 8.775948460987832e-06
2024-09-09 20:23:56 [INFO]   loss: 0.0001,	steps: 1500/7620,	epoch: 2,	learning_rate: 8.761632068718684e-06
2024-09-09 20:23:59 [INFO]   loss: 0.0766,	steps: 1510/7620,	epoch: 2,	learning_rate: 8.747315676449535e-06
2024-09-09 20:24:02 [INFO]   loss: 0.0070,	steps: 1520/7620,	epoch: 2,	learning_rate: 8.732999284180387e-06
2024-09-09 20:24:04 [INFO]   loss: 0.0159,	steps: 1530/7620,	epoch: 2,	learning_rate: 8.718682891911239e-06
2024-09-09 20:24:07 [INFO]   loss: 0.0062,	steps: 1540/7620,	epoch: 2,	learning_rate: 8.70436649964209e-06
2024-09-09 20:24:10 [INFO]   loss: 0.0347,	steps: 1550/7620,	epoch: 2,	learning_rate: 8.690050107372942e-06
2024-09-09 20:24:12 [INFO]   loss: 0.1169,	steps: 1560/7620,	epoch: 2,	learning_rate: 8.675733715103794e-06
2024-09-09 20:24:15 [INFO]   loss: 0.0274,	steps: 1570/7620,	epoch: 2,	learning_rate: 8.661417322834647e-06
2024-09-09 20:24:18 [INFO]   loss: 0.0035,	steps: 1580/7620,	epoch: 2,	learning_rate: 8.647100930565499e-06
2024-09-09 20:24:20 [INFO]   loss: 0.0079,	steps: 1590/7620,	epoch: 2,	learning_rate: 8.63278453829635e-06
2024-09-09 20:24:23 [INFO]   loss: 0.0054,	steps: 1600/7620,	epoch: 2,	learning_rate: 8.618468146027202e-06
2024-09-09 20:24:26 [INFO]   loss: 0.0436,	steps: 1610/7620,	epoch: 2,	learning_rate: 8.604151753758052e-06
2024-09-09 20:24:28 [INFO]   loss: 0.0382,	steps: 1620/7620,	epoch: 2,	learning_rate: 8.589835361488906e-06
2024-09-09 20:24:31 [INFO]   loss: 0.0143,	steps: 1630/7620,	epoch: 2,	learning_rate: 8.575518969219758e-06
2024-09-09 20:24:34 [INFO]   loss: 0.0014,	steps: 1640/7620,	epoch: 2,	learning_rate: 8.56120257695061e-06
2024-09-09 20:24:36 [INFO]   loss: 0.0652,	steps: 1650/7620,	epoch: 2,	learning_rate: 8.546886184681461e-06
2024-09-09 20:24:39 [INFO]   loss: 0.0091,	steps: 1660/7620,	epoch: 2,	learning_rate: 8.532569792412313e-06
2024-09-09 20:24:42 [INFO]   loss: 0.1037,	steps: 1670/7620,	epoch: 2,	learning_rate: 8.518253400143164e-06
2024-09-09 20:24:44 [INFO]   loss: 0.0021,	steps: 1680/7620,	epoch: 2,	learning_rate: 8.503937007874016e-06
2024-09-09 20:24:47 [INFO]   loss: 0.0259,	steps: 1690/7620,	epoch: 2,	learning_rate: 8.489620615604868e-06
2024-09-09 20:24:50 [INFO]   loss: 0.0026,	steps: 1700/7620,	epoch: 2,	learning_rate: 8.47530422333572e-06
2024-09-09 20:24:52 [INFO]   loss: 0.0200,	steps: 1710/7620,	epoch: 2,	learning_rate: 8.460987831066571e-06
2024-09-09 20:24:55 [INFO]   loss: 0.0001,	steps: 1720/7620,	epoch: 2,	learning_rate: 8.446671438797423e-06
2024-09-09 20:24:58 [INFO]   loss: 0.0268,	steps: 1730/7620,	epoch: 2,	learning_rate: 8.432355046528276e-06
2024-09-09 20:25:00 [INFO]   loss: 0.0006,	steps: 1740/7620,	epoch: 2,	learning_rate: 8.418038654259128e-06
2024-09-09 20:25:03 [INFO]   loss: 0.0077,	steps: 1750/7620,	epoch: 2,	learning_rate: 8.40372226198998e-06
2024-09-09 20:25:06 [INFO]   loss: 0.0022,	steps: 1760/7620,	epoch: 2,	learning_rate: 8.389405869720831e-06
2024-09-09 20:25:08 [INFO]   loss: 0.0007,	steps: 1770/7620,	epoch: 2,	learning_rate: 8.375089477451683e-06
2024-09-09 20:25:11 [INFO]   loss: 0.0051,	steps: 1780/7620,	epoch: 2,	learning_rate: 8.360773085182535e-06
2024-09-09 20:25:14 [INFO]   loss: 0.0554,	steps: 1790/7620,	epoch: 2,	learning_rate: 8.346456692913387e-06
2024-09-09 20:25:16 [INFO]   loss: 0.2531,	steps: 1800/7620,	epoch: 2,	learning_rate: 8.332140300644238e-06
2024-09-09 20:25:19 [INFO]   loss: 0.0003,	steps: 1810/7620,	epoch: 2,	learning_rate: 8.31782390837509e-06
2024-09-09 20:25:22 [INFO]   loss: 0.0012,	steps: 1820/7620,	epoch: 2,	learning_rate: 8.303507516105942e-06
2024-09-09 20:25:24 [INFO]   loss: 0.0618,	steps: 1830/7620,	epoch: 2,	learning_rate: 8.289191123836793e-06
2024-09-09 20:25:27 [INFO]   loss: 0.0044,	steps: 1840/7620,	epoch: 2,	learning_rate: 8.274874731567645e-06
2024-09-09 20:25:30 [INFO]   loss: 0.0671,	steps: 1850/7620,	epoch: 2,	learning_rate: 8.260558339298499e-06
2024-09-09 20:25:33 [INFO]   loss: 0.0217,	steps: 1860/7620,	epoch: 2,	learning_rate: 8.24624194702935e-06
2024-09-09 20:25:35 [INFO]   loss: 0.0001,	steps: 1870/7620,	epoch: 2,	learning_rate: 8.2319255547602e-06
2024-09-09 20:25:38 [INFO]   loss: 0.1260,	steps: 1880/7620,	epoch: 2,	learning_rate: 8.217609162491052e-06
2024-09-09 20:25:41 [INFO]   loss: 0.0337,	steps: 1890/7620,	epoch: 2,	learning_rate: 8.203292770221904e-06
2024-09-09 20:25:43 [INFO]   loss: 0.0139,	steps: 1900/7620,	epoch: 2,	learning_rate: 8.188976377952757e-06
2024-09-09 20:36:35 [INFO]   第2轮的训练 测试结果为：{'R@5': 0.5268246251056012, 'R@10': 0.6860268364281383, 'RR@5': 0.8473345588235303, 'RR@10': 0.8499897875816999, 'nDCG@5': 0.6419196227119313, 'nDCG@10': 0.6861468620688714}
2024-09-09 20:36:36 [INFO]   ------------------------------------------------
2024-09-09 20:36:36 [INFO]   第 2 轮已经训练完成  模型保存在 /mnt/workspace/clir/baselines/cross-mbert/output/epoch_2_best
2024-09-09 20:36:36 [INFO]   ------------------------------------------------
2024-09-09 20:36:37 [INFO]   loss: 0.0041,	steps: 1910/7620,	epoch: 3,	learning_rate: 8.174659985683609e-06
2024-09-09 20:36:40 [INFO]   loss: 0.0020,	steps: 1920/7620,	epoch: 3,	learning_rate: 8.16034359341446e-06
2024-09-09 20:36:42 [INFO]   loss: 0.1296,	steps: 1930/7620,	epoch: 3,	learning_rate: 8.146027201145312e-06
2024-09-09 20:36:45 [INFO]   loss: 0.0001,	steps: 1940/7620,	epoch: 3,	learning_rate: 8.131710808876164e-06
2024-09-09 20:36:48 [INFO]   loss: 0.0090,	steps: 1950/7620,	epoch: 3,	learning_rate: 8.117394416607016e-06
2024-09-09 20:36:50 [INFO]   loss: 0.0239,	steps: 1960/7620,	epoch: 3,	learning_rate: 8.103078024337867e-06
2024-09-09 20:36:53 [INFO]   loss: 0.0003,	steps: 1970/7620,	epoch: 3,	learning_rate: 8.088761632068719e-06
2024-09-09 20:36:56 [INFO]   loss: 0.0001,	steps: 1980/7620,	epoch: 3,	learning_rate: 8.07444523979957e-06
2024-09-09 20:36:58 [INFO]   loss: 0.0012,	steps: 1990/7620,	epoch: 3,	learning_rate: 8.060128847530422e-06
2024-09-09 20:37:01 [INFO]   loss: 0.0003,	steps: 2000/7620,	epoch: 3,	learning_rate: 8.045812455261274e-06
2024-09-09 20:37:04 [INFO]   loss: 0.0002,	steps: 2010/7620,	epoch: 3,	learning_rate: 8.031496062992128e-06
2024-09-09 20:37:06 [INFO]   loss: 0.0181,	steps: 2020/7620,	epoch: 3,	learning_rate: 8.01717967072298e-06
2024-09-09 20:37:09 [INFO]   loss: 0.0005,	steps: 2030/7620,	epoch: 3,	learning_rate: 8.002863278453831e-06
2024-09-09 20:37:12 [INFO]   loss: 0.0005,	steps: 2040/7620,	epoch: 3,	learning_rate: 7.988546886184683e-06
2024-09-09 20:37:14 [INFO]   loss: 0.0032,	steps: 2050/7620,	epoch: 3,	learning_rate: 7.974230493915533e-06
2024-09-09 20:37:17 [INFO]   loss: 0.0367,	steps: 2060/7620,	epoch: 3,	learning_rate: 7.959914101646386e-06
2024-09-09 20:37:20 [INFO]   loss: 0.0000,	steps: 2070/7620,	epoch: 3,	learning_rate: 7.945597709377238e-06
2024-09-09 20:37:22 [INFO]   loss: 0.0002,	steps: 2080/7620,	epoch: 3,	learning_rate: 7.93128131710809e-06
2024-09-09 20:37:25 [INFO]   loss: 0.0001,	steps: 2090/7620,	epoch: 3,	learning_rate: 7.916964924838941e-06
2024-09-09 20:37:28 [INFO]   loss: 0.0010,	steps: 2100/7620,	epoch: 3,	learning_rate: 7.902648532569793e-06
2024-09-09 20:37:30 [INFO]   loss: 0.0425,	steps: 2110/7620,	epoch: 3,	learning_rate: 7.888332140300645e-06
2024-09-09 20:37:33 [INFO]   loss: 0.0002,	steps: 2120/7620,	epoch: 3,	learning_rate: 7.874015748031496e-06
2024-09-09 20:37:36 [INFO]   loss: 0.0117,	steps: 2130/7620,	epoch: 3,	learning_rate: 7.859699355762348e-06
2024-09-09 20:37:38 [INFO]   loss: 0.0007,	steps: 2140/7620,	epoch: 3,	learning_rate: 7.8453829634932e-06
2024-09-09 20:37:41 [INFO]   loss: 0.0048,	steps: 2150/7620,	epoch: 3,	learning_rate: 7.831066571224051e-06
2024-09-09 20:37:44 [INFO]   loss: 0.0002,	steps: 2160/7620,	epoch: 3,	learning_rate: 7.816750178954903e-06
2024-09-09 20:37:46 [INFO]   loss: 0.0056,	steps: 2170/7620,	epoch: 3,	learning_rate: 7.802433786685757e-06
2024-09-09 20:37:49 [INFO]   loss: 0.0002,	steps: 2180/7620,	epoch: 3,	learning_rate: 7.788117394416608e-06
2024-09-09 20:37:52 [INFO]   loss: 0.0040,	steps: 2190/7620,	epoch: 3,	learning_rate: 7.77380100214746e-06
2024-09-09 20:37:54 [INFO]   loss: 0.0000,	steps: 2200/7620,	epoch: 3,	learning_rate: 7.759484609878312e-06
2024-09-09 20:37:57 [INFO]   loss: 0.0064,	steps: 2210/7620,	epoch: 3,	learning_rate: 7.745168217609163e-06
2024-09-09 20:38:00 [INFO]   loss: 0.0066,	steps: 2220/7620,	epoch: 3,	learning_rate: 7.730851825340015e-06
2024-09-09 20:38:02 [INFO]   loss: 0.0001,	steps: 2230/7620,	epoch: 3,	learning_rate: 7.716535433070867e-06
2024-09-09 20:38:05 [INFO]   loss: 0.0000,	steps: 2240/7620,	epoch: 3,	learning_rate: 7.702219040801719e-06
2024-09-09 20:38:08 [INFO]   loss: 0.0440,	steps: 2250/7620,	epoch: 3,	learning_rate: 7.68790264853257e-06
2024-09-09 20:38:10 [INFO]   loss: 0.0772,	steps: 2260/7620,	epoch: 3,	learning_rate: 7.673586256263422e-06
2024-09-09 20:38:13 [INFO]   loss: 0.1203,	steps: 2270/7620,	epoch: 3,	learning_rate: 7.659269863994274e-06
2024-09-09 20:38:16 [INFO]   loss: 0.0038,	steps: 2280/7620,	epoch: 3,	learning_rate: 7.644953471725125e-06
2024-09-09 20:38:18 [INFO]   loss: 0.0000,	steps: 2290/7620,	epoch: 3,	learning_rate: 7.630637079455979e-06
2024-09-09 20:38:21 [INFO]   loss: 0.0026,	steps: 2300/7620,	epoch: 3,	learning_rate: 7.61632068718683e-06
2024-09-09 20:38:24 [INFO]   loss: 0.0133,	steps: 2310/7620,	epoch: 3,	learning_rate: 7.6020042949176805e-06
2024-09-09 20:38:26 [INFO]   loss: 0.0015,	steps: 2320/7620,	epoch: 3,	learning_rate: 7.587687902648533e-06
2024-09-09 20:38:29 [INFO]   loss: 0.0136,	steps: 2330/7620,	epoch: 3,	learning_rate: 7.573371510379385e-06
2024-09-09 20:38:32 [INFO]   loss: 0.0149,	steps: 2340/7620,	epoch: 3,	learning_rate: 7.5590551181102365e-06
2024-09-09 20:38:34 [INFO]   loss: 0.0180,	steps: 2350/7620,	epoch: 3,	learning_rate: 7.544738725841089e-06
2024-09-09 20:38:37 [INFO]   loss: 0.0423,	steps: 2360/7620,	epoch: 3,	learning_rate: 7.530422333571941e-06
2024-09-09 20:38:40 [INFO]   loss: 0.0003,	steps: 2370/7620,	epoch: 3,	learning_rate: 7.5161059413027924e-06
2024-09-09 20:38:42 [INFO]   loss: 0.0095,	steps: 2380/7620,	epoch: 3,	learning_rate: 7.501789549033644e-06
2024-09-09 20:38:45 [INFO]   loss: 0.0004,	steps: 2390/7620,	epoch: 3,	learning_rate: 7.487473156764497e-06
2024-09-09 20:38:48 [INFO]   loss: 0.0036,	steps: 2400/7620,	epoch: 3,	learning_rate: 7.4731567644953476e-06
2024-09-09 20:38:50 [INFO]   loss: 0.1122,	steps: 2410/7620,	epoch: 3,	learning_rate: 7.458840372226199e-06
2024-09-09 20:38:53 [INFO]   loss: 0.0019,	steps: 2420/7620,	epoch: 3,	learning_rate: 7.444523979957051e-06
2024-09-09 20:38:56 [INFO]   loss: 0.0003,	steps: 2430/7620,	epoch: 3,	learning_rate: 7.4302075876879035e-06
2024-09-09 20:38:58 [INFO]   loss: 0.0001,	steps: 2440/7620,	epoch: 3,	learning_rate: 7.415891195418755e-06
2024-09-09 20:39:01 [INFO]   loss: 0.0130,	steps: 2450/7620,	epoch: 3,	learning_rate: 7.401574803149607e-06
2024-09-09 20:39:04 [INFO]   loss: 0.0008,	steps: 2460/7620,	epoch: 3,	learning_rate: 7.387258410880459e-06
2024-09-09 20:39:06 [INFO]   loss: 0.0006,	steps: 2470/7620,	epoch: 3,	learning_rate: 7.372942018611311e-06
2024-09-09 20:39:09 [INFO]   loss: 0.0004,	steps: 2480/7620,	epoch: 3,	learning_rate: 7.358625626342163e-06
2024-09-09 20:39:12 [INFO]   loss: 0.0067,	steps: 2490/7620,	epoch: 3,	learning_rate: 7.344309234073014e-06
2024-09-09 20:39:14 [INFO]   loss: 0.0000,	steps: 2500/7620,	epoch: 3,	learning_rate: 7.3299928418038655e-06
2024-09-09 20:39:17 [INFO]   loss: 0.0007,	steps: 2510/7620,	epoch: 3,	learning_rate: 7.315676449534718e-06
2024-09-09 20:39:20 [INFO]   loss: 0.1293,	steps: 2520/7620,	epoch: 3,	learning_rate: 7.30136005726557e-06
2024-09-09 20:39:22 [INFO]   loss: 0.0001,	steps: 2530/7620,	epoch: 3,	learning_rate: 7.2870436649964215e-06
2024-09-09 20:39:25 [INFO]   loss: 0.0681,	steps: 2540/7620,	epoch: 3,	learning_rate: 7.272727272727273e-06
2024-09-09 20:50:16 [INFO]   第3轮的训练 测试结果为：{'R@5': 0.5307518352104657, 'R@10': 0.693481075094107, 'RR@5': 0.8523743872549023, 'RR@10': 0.855665703781513, 'nDCG@5': 0.6424089057425565, 'nDCG@10': 0.6890834256845869}
2024-09-09 20:50:16 [INFO]   ------------------------------------------------
2024-09-09 20:50:16 [INFO]   第 3 轮已经训练完成  模型保存在 /mnt/workspace/clir/baselines/cross-mbert/output/epoch_3_best
2024-09-09 20:50:16 [INFO]   ------------------------------------------------
2024-09-09 20:50:19 [INFO]   loss: 0.0025,	steps: 2550/7620,	epoch: 4,	learning_rate: 7.258410880458126e-06
2024-09-09 20:50:22 [INFO]   loss: 0.0000,	steps: 2560/7620,	epoch: 4,	learning_rate: 7.2440944881889774e-06
2024-09-09 20:50:24 [INFO]   loss: 0.0004,	steps: 2570/7620,	epoch: 4,	learning_rate: 7.229778095919828e-06
2024-09-09 20:50:27 [INFO]   loss: 0.0000,	steps: 2580/7620,	epoch: 4,	learning_rate: 7.21546170365068e-06
2024-09-09 20:50:29 [INFO]   loss: 0.0001,	steps: 2590/7620,	epoch: 4,	learning_rate: 7.2011453113815326e-06
2024-09-09 20:50:32 [INFO]   loss: 0.0013,	steps: 2600/7620,	epoch: 4,	learning_rate: 7.186828919112384e-06
2024-09-09 20:50:35 [INFO]   loss: 0.1176,	steps: 2610/7620,	epoch: 4,	learning_rate: 7.172512526843236e-06
2024-09-09 20:50:37 [INFO]   loss: 0.1557,	steps: 2620/7620,	epoch: 4,	learning_rate: 7.158196134574088e-06
2024-09-09 20:50:40 [INFO]   loss: 0.0160,	steps: 2630/7620,	epoch: 4,	learning_rate: 7.14387974230494e-06
2024-09-09 20:50:43 [INFO]   loss: 0.0000,	steps: 2640/7620,	epoch: 4,	learning_rate: 7.129563350035792e-06
2024-09-09 20:50:45 [INFO]   loss: 0.0000,	steps: 2650/7620,	epoch: 4,	learning_rate: 7.115246957766644e-06
2024-09-09 20:50:48 [INFO]   loss: 0.0000,	steps: 2660/7620,	epoch: 4,	learning_rate: 7.1009305654974945e-06
2024-09-09 20:50:51 [INFO]   loss: 0.0000,	steps: 2670/7620,	epoch: 4,	learning_rate: 7.086614173228347e-06
2024-09-09 20:50:53 [INFO]   loss: 0.0034,	steps: 2680/7620,	epoch: 4,	learning_rate: 7.072297780959199e-06
2024-09-09 20:50:56 [INFO]   loss: 0.0176,	steps: 2690/7620,	epoch: 4,	learning_rate: 7.0579813886900505e-06
2024-09-09 20:50:59 [INFO]   loss: 0.0000,	steps: 2700/7620,	epoch: 4,	learning_rate: 7.043664996420902e-06
2024-09-09 20:51:01 [INFO]   loss: 0.0000,	steps: 2710/7620,	epoch: 4,	learning_rate: 7.029348604151755e-06
2024-09-09 20:51:04 [INFO]   loss: 0.0000,	steps: 2720/7620,	epoch: 4,	learning_rate: 7.0150322118826064e-06
2024-09-09 20:51:07 [INFO]   loss: 0.0138,	steps: 2730/7620,	epoch: 4,	learning_rate: 7.000715819613458e-06
2024-09-09 20:51:09 [INFO]   loss: 0.0000,	steps: 2740/7620,	epoch: 4,	learning_rate: 6.986399427344311e-06
2024-09-09 20:51:12 [INFO]   loss: 0.0016,	steps: 2750/7620,	epoch: 4,	learning_rate: 6.9720830350751616e-06
2024-09-09 20:51:15 [INFO]   loss: 0.0000,	steps: 2760/7620,	epoch: 4,	learning_rate: 6.957766642806013e-06
2024-09-09 20:51:17 [INFO]   loss: 0.0084,	steps: 2770/7620,	epoch: 4,	learning_rate: 6.943450250536865e-06
2024-09-09 20:51:20 [INFO]   loss: 0.0000,	steps: 2780/7620,	epoch: 4,	learning_rate: 6.929133858267717e-06
2024-09-09 20:51:23 [INFO]   loss: 0.0002,	steps: 2790/7620,	epoch: 4,	learning_rate: 6.914817465998569e-06
2024-09-09 20:51:25 [INFO]   loss: 0.0025,	steps: 2800/7620,	epoch: 4,	learning_rate: 6.900501073729421e-06
2024-09-09 20:51:28 [INFO]   loss: 0.0000,	steps: 2810/7620,	epoch: 4,	learning_rate: 6.886184681460273e-06
2024-09-09 20:51:31 [INFO]   loss: 0.0001,	steps: 2820/7620,	epoch: 4,	learning_rate: 6.871868289191125e-06
2024-09-09 20:51:33 [INFO]   loss: 0.0072,	steps: 2830/7620,	epoch: 4,	learning_rate: 6.857551896921977e-06
2024-09-09 20:51:36 [INFO]   loss: 0.0000,	steps: 2840/7620,	epoch: 4,	learning_rate: 6.843235504652828e-06
2024-09-09 20:51:39 [INFO]   loss: 0.0019,	steps: 2850/7620,	epoch: 4,	learning_rate: 6.8289191123836795e-06
2024-09-09 20:51:41 [INFO]   loss: 0.0007,	steps: 2860/7620,	epoch: 4,	learning_rate: 6.814602720114531e-06
2024-09-09 20:51:44 [INFO]   loss: 0.0000,	steps: 2870/7620,	epoch: 4,	learning_rate: 6.800286327845384e-06
2024-09-09 20:51:47 [INFO]   loss: 0.0000,	steps: 2880/7620,	epoch: 4,	learning_rate: 6.7859699355762355e-06
2024-09-09 20:51:49 [INFO]   loss: 0.1250,	steps: 2890/7620,	epoch: 4,	learning_rate: 6.771653543307087e-06
2024-09-09 20:51:52 [INFO]   loss: 0.1257,	steps: 2900/7620,	epoch: 4,	learning_rate: 6.757337151037939e-06
2024-09-09 20:51:54 [INFO]   loss: 0.0001,	steps: 2910/7620,	epoch: 4,	learning_rate: 6.7430207587687914e-06
2024-09-09 20:51:57 [INFO]   loss: 0.0077,	steps: 2920/7620,	epoch: 4,	learning_rate: 6.728704366499642e-06
2024-09-09 20:52:00 [INFO]   loss: 0.0000,	steps: 2930/7620,	epoch: 4,	learning_rate: 6.714387974230494e-06
2024-09-09 20:52:02 [INFO]   loss: 0.0000,	steps: 2940/7620,	epoch: 4,	learning_rate: 6.700071581961346e-06
2024-09-09 20:52:05 [INFO]   loss: 0.0001,	steps: 2950/7620,	epoch: 4,	learning_rate: 6.685755189692198e-06
2024-09-09 20:52:08 [INFO]   loss: 0.0001,	steps: 2960/7620,	epoch: 4,	learning_rate: 6.67143879742305e-06
2024-09-09 20:52:10 [INFO]   loss: 0.0007,	steps: 2970/7620,	epoch: 4,	learning_rate: 6.657122405153902e-06
2024-09-09 20:52:13 [INFO]   loss: 0.0063,	steps: 2980/7620,	epoch: 4,	learning_rate: 6.642806012884753e-06
2024-09-09 20:52:16 [INFO]   loss: 0.0023,	steps: 2990/7620,	epoch: 4,	learning_rate: 6.628489620615606e-06
2024-09-09 20:52:18 [INFO]   loss: 0.0108,	steps: 3000/7620,	epoch: 4,	learning_rate: 6.614173228346458e-06
2024-09-09 20:52:21 [INFO]   loss: 0.0026,	steps: 3010/7620,	epoch: 4,	learning_rate: 6.5998568360773085e-06
2024-09-09 20:52:24 [INFO]   loss: 0.0048,	steps: 3020/7620,	epoch: 4,	learning_rate: 6.58554044380816e-06
2024-09-09 20:52:26 [INFO]   loss: 0.0005,	steps: 3030/7620,	epoch: 4,	learning_rate: 6.571224051539013e-06
2024-09-09 20:52:29 [INFO]   loss: 0.0000,	steps: 3040/7620,	epoch: 4,	learning_rate: 6.5569076592698645e-06
2024-09-09 20:52:32 [INFO]   loss: 0.0001,	steps: 3050/7620,	epoch: 4,	learning_rate: 6.542591267000716e-06
2024-09-09 20:52:34 [INFO]   loss: 0.0000,	steps: 3060/7620,	epoch: 4,	learning_rate: 6.528274874731568e-06
2024-09-09 20:52:37 [INFO]   loss: 0.0000,	steps: 3070/7620,	epoch: 4,	learning_rate: 6.5139584824624205e-06
2024-09-09 20:52:40 [INFO]   loss: 0.0000,	steps: 3080/7620,	epoch: 4,	learning_rate: 6.499642090193272e-06
2024-09-09 20:52:42 [INFO]   loss: 0.0432,	steps: 3090/7620,	epoch: 4,	learning_rate: 6.485325697924124e-06
2024-09-09 20:52:45 [INFO]   loss: 0.0000,	steps: 3100/7620,	epoch: 4,	learning_rate: 6.471009305654975e-06
2024-09-09 20:52:48 [INFO]   loss: 0.0015,	steps: 3110/7620,	epoch: 4,	learning_rate: 6.456692913385827e-06
2024-09-09 20:52:50 [INFO]   loss: 0.0000,	steps: 3120/7620,	epoch: 4,	learning_rate: 6.442376521116679e-06
2024-09-09 20:52:53 [INFO]   loss: 0.0542,	steps: 3130/7620,	epoch: 4,	learning_rate: 6.428060128847531e-06
2024-09-09 20:52:56 [INFO]   loss: 0.0036,	steps: 3140/7620,	epoch: 4,	learning_rate: 6.413743736578382e-06
2024-09-09 20:52:58 [INFO]   loss: 0.0000,	steps: 3150/7620,	epoch: 4,	learning_rate: 6.399427344309235e-06
2024-09-09 20:53:01 [INFO]   loss: 0.0002,	steps: 3160/7620,	epoch: 4,	learning_rate: 6.385110952040087e-06
2024-09-09 20:53:04 [INFO]   loss: 0.0067,	steps: 3170/7620,	epoch: 4,	learning_rate: 6.370794559770938e-06
2024-09-09 21:03:55 [INFO]   第4轮的训练 测试结果为：{'R@5': 0.5367512217896263, 'R@10': 0.6952316333073653, 'RR@5': 0.8665287990196083, 'RR@10': 0.8690541841736699, 'nDCG@5': 0.6545593599919161, 'nDCG@10': 0.6996244009296915}
2024-09-09 21:03:56 [INFO]   ------------------------------------------------
2024-09-09 21:03:56 [INFO]   第 4 轮已经训练完成  模型保存在 /mnt/workspace/clir/baselines/cross-mbert/output/epoch_4_best
2024-09-09 21:03:56 [INFO]   ------------------------------------------------
2024-09-09 21:03:57 [INFO]   loss: 0.0000,	steps: 3180/7620,	epoch: 5,	learning_rate: 6.356478167501791e-06
2024-09-09 21:03:59 [INFO]   loss: 0.0000,	steps: 3190/7620,	epoch: 5,	learning_rate: 6.342161775232642e-06
2024-09-09 21:04:02 [INFO]   loss: 0.0010,	steps: 3200/7620,	epoch: 5,	learning_rate: 6.3278453829634935e-06
2024-09-09 21:04:05 [INFO]   loss: 0.0000,	steps: 3210/7620,	epoch: 5,	learning_rate: 6.313528990694345e-06
2024-09-09 21:04:07 [INFO]   loss: 0.0003,	steps: 3220/7620,	epoch: 5,	learning_rate: 6.299212598425197e-06
2024-09-09 21:04:10 [INFO]   loss: 0.0005,	steps: 3230/7620,	epoch: 5,	learning_rate: 6.2848962061560495e-06
2024-09-09 21:04:13 [INFO]   loss: 0.0002,	steps: 3240/7620,	epoch: 5,	learning_rate: 6.270579813886901e-06
2024-09-09 21:04:15 [INFO]   loss: 0.0019,	steps: 3250/7620,	epoch: 5,	learning_rate: 6.256263421617753e-06
2024-09-09 21:04:18 [INFO]   loss: 0.0001,	steps: 3260/7620,	epoch: 5,	learning_rate: 6.2419470293486054e-06
2024-09-09 21:04:21 [INFO]   loss: 0.0002,	steps: 3270/7620,	epoch: 5,	learning_rate: 6.227630637079457e-06
2024-09-09 21:04:23 [INFO]   loss: 0.0000,	steps: 3280/7620,	epoch: 5,	learning_rate: 6.213314244810308e-06
2024-09-09 21:04:26 [INFO]   loss: 0.0000,	steps: 3290/7620,	epoch: 5,	learning_rate: 6.19899785254116e-06
2024-09-09 21:04:29 [INFO]   loss: 0.0000,	steps: 3300/7620,	epoch: 5,	learning_rate: 6.1846814602720114e-06
2024-09-09 21:04:31 [INFO]   loss: 0.0001,	steps: 3310/7620,	epoch: 5,	learning_rate: 6.170365068002864e-06
2024-09-09 21:04:34 [INFO]   loss: 0.0003,	steps: 3320/7620,	epoch: 5,	learning_rate: 6.156048675733716e-06
2024-09-09 21:04:37 [INFO]   loss: 0.0001,	steps: 3330/7620,	epoch: 5,	learning_rate: 6.141732283464567e-06
2024-09-09 21:04:39 [INFO]   loss: 0.0000,	steps: 3340/7620,	epoch: 5,	learning_rate: 6.12741589119542e-06
2024-09-09 21:04:42 [INFO]   loss: 0.0000,	steps: 3350/7620,	epoch: 5,	learning_rate: 6.113099498926272e-06
2024-09-09 21:04:44 [INFO]   loss: 0.0000,	steps: 3360/7620,	epoch: 5,	learning_rate: 6.0987831066571225e-06
2024-09-09 21:04:47 [INFO]   loss: 0.0000,	steps: 3370/7620,	epoch: 5,	learning_rate: 6.084466714387974e-06
2024-09-09 21:04:50 [INFO]   loss: 0.0001,	steps: 3380/7620,	epoch: 5,	learning_rate: 6.070150322118826e-06
2024-09-09 21:04:52 [INFO]   loss: 0.0004,	steps: 3390/7620,	epoch: 5,	learning_rate: 6.0558339298496785e-06
2024-09-09 21:04:55 [INFO]   loss: 0.0000,	steps: 3400/7620,	epoch: 5,	learning_rate: 6.04151753758053e-06
2024-09-09 21:04:58 [INFO]   loss: 0.0000,	steps: 3410/7620,	epoch: 5,	learning_rate: 6.027201145311382e-06
2024-09-09 21:05:00 [INFO]   loss: 0.0002,	steps: 3420/7620,	epoch: 5,	learning_rate: 6.0128847530422345e-06
2024-09-09 21:05:03 [INFO]   loss: 0.0000,	steps: 3430/7620,	epoch: 5,	learning_rate: 5.998568360773086e-06
2024-09-09 21:05:06 [INFO]   loss: 0.0003,	steps: 3440/7620,	epoch: 5,	learning_rate: 5.984251968503938e-06
2024-09-09 21:05:08 [INFO]   loss: 0.0001,	steps: 3450/7620,	epoch: 5,	learning_rate: 5.969935576234789e-06
2024-09-09 21:05:11 [INFO]   loss: 0.0000,	steps: 3460/7620,	epoch: 5,	learning_rate: 5.9556191839656404e-06
2024-09-09 21:05:14 [INFO]   loss: 0.0015,	steps: 3470/7620,	epoch: 5,	learning_rate: 5.941302791696493e-06
2024-09-09 21:05:16 [INFO]   loss: 0.0021,	steps: 3480/7620,	epoch: 5,	learning_rate: 5.926986399427345e-06
2024-09-09 21:05:19 [INFO]   loss: 0.0006,	steps: 3490/7620,	epoch: 5,	learning_rate: 5.912670007158196e-06
2024-09-09 21:05:22 [INFO]   loss: 0.0001,	steps: 3500/7620,	epoch: 5,	learning_rate: 5.898353614889049e-06
2024-09-09 21:05:24 [INFO]   loss: 0.0003,	steps: 3510/7620,	epoch: 5,	learning_rate: 5.884037222619901e-06
2024-09-09 21:05:27 [INFO]   loss: 0.0012,	steps: 3520/7620,	epoch: 5,	learning_rate: 5.869720830350752e-06
2024-09-09 21:05:30 [INFO]   loss: 0.0019,	steps: 3530/7620,	epoch: 5,	learning_rate: 5.855404438081604e-06
2024-09-09 21:05:32 [INFO]   loss: 0.0180,	steps: 3540/7620,	epoch: 5,	learning_rate: 5.841088045812455e-06
2024-09-09 21:05:35 [INFO]   loss: 0.0986,	steps: 3550/7620,	epoch: 5,	learning_rate: 5.8267716535433075e-06
2024-09-09 21:05:38 [INFO]   loss: 0.0001,	steps: 3560/7620,	epoch: 5,	learning_rate: 5.812455261274159e-06
2024-09-09 21:05:40 [INFO]   loss: 0.0065,	steps: 3570/7620,	epoch: 5,	learning_rate: 5.798138869005011e-06
2024-09-09 21:05:43 [INFO]   loss: 0.0003,	steps: 3580/7620,	epoch: 5,	learning_rate: 5.783822476735863e-06
2024-09-09 21:05:45 [INFO]   loss: 0.0024,	steps: 3590/7620,	epoch: 5,	learning_rate: 5.769506084466715e-06
2024-09-09 21:05:48 [INFO]   loss: 0.0012,	steps: 3600/7620,	epoch: 5,	learning_rate: 5.755189692197567e-06
2024-09-09 21:05:51 [INFO]   loss: 0.0006,	steps: 3610/7620,	epoch: 5,	learning_rate: 5.740873299928419e-06
2024-09-09 21:05:53 [INFO]   loss: 0.0057,	steps: 3620/7620,	epoch: 5,	learning_rate: 5.726556907659271e-06
2024-09-09 21:05:56 [INFO]   loss: 0.0001,	steps: 3630/7620,	epoch: 5,	learning_rate: 5.712240515390122e-06
2024-09-09 21:05:59 [INFO]   loss: 0.0000,	steps: 3640/7620,	epoch: 5,	learning_rate: 5.697924123120974e-06
2024-09-09 21:06:01 [INFO]   loss: 0.0109,	steps: 3650/7620,	epoch: 5,	learning_rate: 5.6836077308518254e-06
2024-09-09 21:06:04 [INFO]   loss: 0.0000,	steps: 3660/7620,	epoch: 5,	learning_rate: 5.669291338582677e-06
2024-09-09 21:06:07 [INFO]   loss: 0.0002,	steps: 3670/7620,	epoch: 5,	learning_rate: 5.65497494631353e-06
2024-09-09 21:06:09 [INFO]   loss: 0.0002,	steps: 3680/7620,	epoch: 5,	learning_rate: 5.640658554044381e-06
2024-09-09 21:06:12 [INFO]   loss: 0.1114,	steps: 3690/7620,	epoch: 5,	learning_rate: 5.626342161775233e-06
2024-09-09 21:06:15 [INFO]   loss: 0.0000,	steps: 3700/7620,	epoch: 5,	learning_rate: 5.612025769506086e-06
2024-09-09 21:06:17 [INFO]   loss: 0.0005,	steps: 3710/7620,	epoch: 5,	learning_rate: 5.597709377236937e-06
2024-09-09 21:06:20 [INFO]   loss: 0.0003,	steps: 3720/7620,	epoch: 5,	learning_rate: 5.583392984967788e-06
2024-09-09 21:06:23 [INFO]   loss: 0.0000,	steps: 3730/7620,	epoch: 5,	learning_rate: 5.56907659269864e-06
2024-09-09 21:06:25 [INFO]   loss: 0.0033,	steps: 3740/7620,	epoch: 5,	learning_rate: 5.554760200429492e-06
2024-09-09 21:06:28 [INFO]   loss: 0.0009,	steps: 3750/7620,	epoch: 5,	learning_rate: 5.540443808160344e-06
2024-09-09 21:06:31 [INFO]   loss: 0.0074,	steps: 3760/7620,	epoch: 5,	learning_rate: 5.526127415891196e-06
2024-09-09 21:06:33 [INFO]   loss: 0.1342,	steps: 3770/7620,	epoch: 5,	learning_rate: 5.511811023622048e-06
2024-09-09 21:06:36 [INFO]   loss: 0.0042,	steps: 3780/7620,	epoch: 5,	learning_rate: 5.4974946313529e-06
2024-09-09 21:06:38 [INFO]   loss: 0.1251,	steps: 3790/7620,	epoch: 5,	learning_rate: 5.483178239083752e-06
2024-09-09 21:06:41 [INFO]   loss: 0.0005,	steps: 3800/7620,	epoch: 5,	learning_rate: 5.468861846814603e-06
2024-09-09 21:06:44 [INFO]   loss: 0.0000,	steps: 3810/7620,	epoch: 5,	learning_rate: 5.4545454545454545e-06
2024-09-09 21:17:34 [INFO]   第5轮的训练 测试结果为：{'R@5': 0.5298670317209636, 'R@10': 0.6985040208724992, 'RR@5': 0.8421262254901963, 'RR@10': 0.8467192606209151, 'nDCG@5': 0.6410862307200871, 'nDCG@10': 0.6898599146078679}
2024-09-09 21:17:37 [INFO]   loss: 0.0000,	steps: 3820/7620,	epoch: 6,	learning_rate: 5.440229062276306e-06
2024-09-09 21:17:39 [INFO]   loss: 0.0014,	steps: 3830/7620,	epoch: 6,	learning_rate: 5.425912670007159e-06
2024-09-09 21:17:42 [INFO]   loss: 0.0000,	steps: 3840/7620,	epoch: 6,	learning_rate: 5.41159627773801e-06
2024-09-09 21:17:45 [INFO]   loss: 0.0000,	steps: 3850/7620,	epoch: 6,	learning_rate: 5.397279885468862e-06
2024-09-09 21:17:47 [INFO]   loss: 0.0000,	steps: 3860/7620,	epoch: 6,	learning_rate: 5.382963493199715e-06
2024-09-09 21:17:50 [INFO]   loss: 0.0000,	steps: 3870/7620,	epoch: 6,	learning_rate: 5.368647100930566e-06
2024-09-09 21:17:53 [INFO]   loss: 0.0002,	steps: 3880/7620,	epoch: 6,	learning_rate: 5.354330708661418e-06
2024-09-09 21:17:55 [INFO]   loss: 0.0010,	steps: 3890/7620,	epoch: 6,	learning_rate: 5.340014316392269e-06
2024-09-09 21:17:58 [INFO]   loss: 0.0000,	steps: 3900/7620,	epoch: 6,	learning_rate: 5.325697924123121e-06
2024-09-09 21:18:01 [INFO]   loss: 0.0165,	steps: 3910/7620,	epoch: 6,	learning_rate: 5.311381531853973e-06
2024-09-09 21:18:03 [INFO]   loss: 0.0001,	steps: 3920/7620,	epoch: 6,	learning_rate: 5.297065139584825e-06
2024-09-09 21:18:06 [INFO]   loss: 0.1255,	steps: 3930/7620,	epoch: 6,	learning_rate: 5.282748747315677e-06
2024-09-09 21:18:09 [INFO]   loss: 0.0005,	steps: 3940/7620,	epoch: 6,	learning_rate: 5.268432355046529e-06
2024-09-09 21:18:11 [INFO]   loss: 0.0000,	steps: 3950/7620,	epoch: 6,	learning_rate: 5.254115962777381e-06
2024-09-09 21:18:14 [INFO]   loss: 0.0000,	steps: 3960/7620,	epoch: 6,	learning_rate: 5.239799570508233e-06
2024-09-09 21:18:17 [INFO]   loss: 0.0000,	steps: 3970/7620,	epoch: 6,	learning_rate: 5.225483178239084e-06
2024-09-09 21:18:19 [INFO]   loss: 0.0000,	steps: 3980/7620,	epoch: 6,	learning_rate: 5.211166785969935e-06
2024-09-09 21:18:22 [INFO]   loss: 0.0000,	steps: 3990/7620,	epoch: 6,	learning_rate: 5.196850393700788e-06
2024-09-09 21:18:24 [INFO]   loss: 0.0000,	steps: 4000/7620,	epoch: 6,	learning_rate: 5.1825340014316394e-06
2024-09-09 21:18:27 [INFO]   loss: 0.0008,	steps: 4010/7620,	epoch: 6,	learning_rate: 5.168217609162491e-06
2024-09-09 21:18:30 [INFO]   loss: 0.0000,	steps: 4020/7620,	epoch: 6,	learning_rate: 5.153901216893344e-06
2024-09-09 21:18:32 [INFO]   loss: 0.0001,	steps: 4030/7620,	epoch: 6,	learning_rate: 5.139584824624195e-06
2024-09-09 21:18:35 [INFO]   loss: 0.0011,	steps: 4040/7620,	epoch: 6,	learning_rate: 5.125268432355047e-06
2024-09-09 21:18:38 [INFO]   loss: 0.0006,	steps: 4050/7620,	epoch: 6,	learning_rate: 5.110952040085899e-06
2024-09-09 21:18:40 [INFO]   loss: 0.0000,	steps: 4060/7620,	epoch: 6,	learning_rate: 5.096635647816751e-06
2024-09-09 21:18:43 [INFO]   loss: 0.0000,	steps: 4070/7620,	epoch: 6,	learning_rate: 5.082319255547602e-06
2024-09-09 21:18:46 [INFO]   loss: 0.0073,	steps: 4080/7620,	epoch: 6,	learning_rate: 5.068002863278454e-06
2024-09-09 21:18:48 [INFO]   loss: 0.0000,	steps: 4090/7620,	epoch: 6,	learning_rate: 5.053686471009306e-06
2024-09-09 21:18:51 [INFO]   loss: 0.0001,	steps: 4100/7620,	epoch: 6,	learning_rate: 5.039370078740158e-06
2024-09-09 21:18:54 [INFO]   loss: 0.0002,	steps: 4110/7620,	epoch: 6,	learning_rate: 5.02505368647101e-06
2024-09-09 21:18:56 [INFO]   loss: 0.0001,	steps: 4120/7620,	epoch: 6,	learning_rate: 5.010737294201862e-06
2024-09-09 21:18:59 [INFO]   loss: 0.0004,	steps: 4130/7620,	epoch: 6,	learning_rate: 4.996420901932713e-06
2024-09-09 21:19:01 [INFO]   loss: 0.0000,	steps: 4140/7620,	epoch: 6,	learning_rate: 4.982104509663565e-06
2024-09-09 21:19:04 [INFO]   loss: 0.0000,	steps: 4150/7620,	epoch: 6,	learning_rate: 4.967788117394417e-06
2024-09-09 21:19:07 [INFO]   loss: 0.0000,	steps: 4160/7620,	epoch: 6,	learning_rate: 4.953471725125269e-06
2024-09-09 21:19:09 [INFO]   loss: 0.0000,	steps: 4170/7620,	epoch: 6,	learning_rate: 4.939155332856121e-06
2024-09-09 21:19:12 [INFO]   loss: 0.0000,	steps: 4180/7620,	epoch: 6,	learning_rate: 4.924838940586973e-06
2024-09-09 21:19:15 [INFO]   loss: 0.0000,	steps: 4190/7620,	epoch: 6,	learning_rate: 4.9105225483178244e-06
2024-09-09 21:19:17 [INFO]   loss: 0.0000,	steps: 4200/7620,	epoch: 6,	learning_rate: 4.896206156048676e-06
2024-09-09 21:19:20 [INFO]   loss: 0.0000,	steps: 4210/7620,	epoch: 6,	learning_rate: 4.881889763779528e-06
2024-09-09 21:19:23 [INFO]   loss: 0.0029,	steps: 4220/7620,	epoch: 6,	learning_rate: 4.8675733715103796e-06
2024-09-09 21:19:25 [INFO]   loss: 0.0001,	steps: 4230/7620,	epoch: 6,	learning_rate: 4.853256979241231e-06
2024-09-09 21:19:28 [INFO]   loss: 0.0175,	steps: 4240/7620,	epoch: 6,	learning_rate: 4.838940586972084e-06
2024-09-09 21:19:31 [INFO]   loss: 0.0000,	steps: 4250/7620,	epoch: 6,	learning_rate: 4.8246241947029355e-06
2024-09-09 21:19:33 [INFO]   loss: 0.0000,	steps: 4260/7620,	epoch: 6,	learning_rate: 4.810307802433787e-06
2024-09-09 21:19:36 [INFO]   loss: 0.0000,	steps: 4270/7620,	epoch: 6,	learning_rate: 4.795991410164639e-06
2024-09-09 21:19:39 [INFO]   loss: 0.0001,	steps: 4280/7620,	epoch: 6,	learning_rate: 4.781675017895491e-06
2024-09-09 21:19:41 [INFO]   loss: 0.0001,	steps: 4290/7620,	epoch: 6,	learning_rate: 4.767358625626342e-06
2024-09-09 21:19:44 [INFO]   loss: 0.0000,	steps: 4300/7620,	epoch: 6,	learning_rate: 4.753042233357195e-06
2024-09-09 21:19:47 [INFO]   loss: 0.0000,	steps: 4310/7620,	epoch: 6,	learning_rate: 4.738725841088046e-06
2024-09-09 21:19:49 [INFO]   loss: 0.0001,	steps: 4320/7620,	epoch: 6,	learning_rate: 4.724409448818898e-06
2024-09-09 21:19:52 [INFO]   loss: 0.0000,	steps: 4330/7620,	epoch: 6,	learning_rate: 4.71009305654975e-06
2024-09-09 21:19:54 [INFO]   loss: 0.0001,	steps: 4340/7620,	epoch: 6,	learning_rate: 4.695776664280602e-06
2024-09-09 21:19:57 [INFO]   loss: 0.0015,	steps: 4350/7620,	epoch: 6,	learning_rate: 4.6814602720114534e-06
2024-09-09 21:20:00 [INFO]   loss: 0.0000,	steps: 4360/7620,	epoch: 6,	learning_rate: 4.667143879742305e-06
2024-09-09 21:20:02 [INFO]   loss: 0.0000,	steps: 4370/7620,	epoch: 6,	learning_rate: 4.652827487473157e-06
2024-09-09 21:20:05 [INFO]   loss: 0.0000,	steps: 4380/7620,	epoch: 6,	learning_rate: 4.638511095204009e-06
2024-09-09 21:20:08 [INFO]   loss: 0.0000,	steps: 4390/7620,	epoch: 6,	learning_rate: 4.624194702934861e-06
2024-09-09 21:20:10 [INFO]   loss: 0.0000,	steps: 4400/7620,	epoch: 6,	learning_rate: 4.609878310665713e-06
2024-09-09 21:20:13 [INFO]   loss: 0.0006,	steps: 4410/7620,	epoch: 6,	learning_rate: 4.5955619183965645e-06
2024-09-09 21:20:16 [INFO]   loss: 0.0000,	steps: 4420/7620,	epoch: 6,	learning_rate: 4.581245526127416e-06
2024-09-09 21:20:18 [INFO]   loss: 0.0000,	steps: 4430/7620,	epoch: 6,	learning_rate: 4.566929133858268e-06
2024-09-09 21:20:21 [INFO]   loss: 0.0015,	steps: 4440/7620,	epoch: 6,	learning_rate: 4.55261274158912e-06
2024-09-09 21:31:12 [INFO]   第6轮的训练 测试结果为：{'R@5': 0.530459639416193, 'R@10': 0.6956966445798526, 'RR@5': 0.8548100490196084, 'RR@10': 0.8576662435807659, 'nDCG@5': 0.64911163994969, 'nDCG@10': 0.6961802779684543}
2024-09-09 21:31:13 [INFO]   loss: 0.0000,	steps: 4450/7620,	epoch: 7,	learning_rate: 4.538296349319971e-06
2024-09-09 21:31:16 [INFO]   loss: 0.0000,	steps: 4460/7620,	epoch: 7,	learning_rate: 4.523979957050824e-06
2024-09-09 21:31:18 [INFO]   loss: 0.0000,	steps: 4470/7620,	epoch: 7,	learning_rate: 4.509663564781676e-06
2024-09-09 21:31:21 [INFO]   loss: 0.0518,	steps: 4480/7620,	epoch: 7,	learning_rate: 4.495347172512527e-06
2024-09-09 21:31:24 [INFO]   loss: 0.0000,	steps: 4490/7620,	epoch: 7,	learning_rate: 4.481030780243379e-06
2024-09-09 21:31:26 [INFO]   loss: 0.0000,	steps: 4500/7620,	epoch: 7,	learning_rate: 4.466714387974231e-06
2024-09-09 21:31:29 [INFO]   loss: 0.0372,	steps: 4510/7620,	epoch: 7,	learning_rate: 4.4523979957050825e-06
2024-09-09 21:31:32 [INFO]   loss: 0.0000,	steps: 4520/7620,	epoch: 7,	learning_rate: 4.438081603435935e-06
2024-09-09 21:31:34 [INFO]   loss: 0.0000,	steps: 4530/7620,	epoch: 7,	learning_rate: 4.423765211166786e-06
2024-09-09 21:31:37 [INFO]   loss: 0.0006,	steps: 4540/7620,	epoch: 7,	learning_rate: 4.4094488188976384e-06
2024-09-09 21:31:40 [INFO]   loss: 0.0810,	steps: 4550/7620,	epoch: 7,	learning_rate: 4.39513242662849e-06
2024-09-09 21:31:42 [INFO]   loss: 0.0043,	steps: 4560/7620,	epoch: 7,	learning_rate: 4.380816034359342e-06
2024-09-09 21:31:45 [INFO]   loss: 0.0000,	steps: 4570/7620,	epoch: 7,	learning_rate: 4.3664996420901936e-06
2024-09-09 21:31:47 [INFO]   loss: 0.0001,	steps: 4580/7620,	epoch: 7,	learning_rate: 4.352183249821045e-06
2024-09-09 21:31:50 [INFO]   loss: 0.0007,	steps: 4590/7620,	epoch: 7,	learning_rate: 4.337866857551897e-06
2024-09-09 21:31:53 [INFO]   loss: 0.0003,	steps: 4600/7620,	epoch: 7,	learning_rate: 4.3235504652827495e-06
2024-09-09 21:31:55 [INFO]   loss: 0.0001,	steps: 4610/7620,	epoch: 7,	learning_rate: 4.309234073013601e-06
2024-09-09 21:31:58 [INFO]   loss: 0.0002,	steps: 4620/7620,	epoch: 7,	learning_rate: 4.294917680744453e-06
2024-09-09 21:32:01 [INFO]   loss: 0.1250,	steps: 4630/7620,	epoch: 7,	learning_rate: 4.280601288475305e-06
2024-09-09 21:32:03 [INFO]   loss: 0.0022,	steps: 4640/7620,	epoch: 7,	learning_rate: 4.266284896206156e-06
2024-09-09 21:32:06 [INFO]   loss: 0.0000,	steps: 4650/7620,	epoch: 7,	learning_rate: 4.251968503937008e-06
2024-09-09 21:32:09 [INFO]   loss: 0.0004,	steps: 4660/7620,	epoch: 7,	learning_rate: 4.23765211166786e-06
2024-09-09 21:32:11 [INFO]   loss: 0.0000,	steps: 4670/7620,	epoch: 7,	learning_rate: 4.2233357193987115e-06
2024-09-09 21:32:14 [INFO]   loss: 0.0000,	steps: 4680/7620,	epoch: 7,	learning_rate: 4.209019327129564e-06
2024-09-09 21:32:17 [INFO]   loss: 0.0000,	steps: 4690/7620,	epoch: 7,	learning_rate: 4.194702934860416e-06
2024-09-09 21:32:19 [INFO]   loss: 0.0000,	steps: 4700/7620,	epoch: 7,	learning_rate: 4.1803865425912675e-06
2024-09-09 21:32:22 [INFO]   loss: 0.0029,	steps: 4710/7620,	epoch: 7,	learning_rate: 4.166070150322119e-06
2024-09-09 21:32:24 [INFO]   loss: 0.0001,	steps: 4720/7620,	epoch: 7,	learning_rate: 4.151753758052971e-06
2024-09-09 21:32:27 [INFO]   loss: 0.0004,	steps: 4730/7620,	epoch: 7,	learning_rate: 4.137437365783823e-06
2024-09-09 21:32:30 [INFO]   loss: 0.0001,	steps: 4740/7620,	epoch: 7,	learning_rate: 4.123120973514675e-06
2024-09-09 21:32:32 [INFO]   loss: 0.0000,	steps: 4750/7620,	epoch: 7,	learning_rate: 4.108804581245526e-06
2024-09-09 21:32:35 [INFO]   loss: 0.0000,	steps: 4760/7620,	epoch: 7,	learning_rate: 4.0944881889763785e-06
2024-09-09 21:32:38 [INFO]   loss: 0.0000,	steps: 4770/7620,	epoch: 7,	learning_rate: 4.08017179670723e-06
2024-09-09 21:32:40 [INFO]   loss: 0.0000,	steps: 4780/7620,	epoch: 7,	learning_rate: 4.065855404438082e-06
2024-09-09 21:32:43 [INFO]   loss: 0.0000,	steps: 4790/7620,	epoch: 7,	learning_rate: 4.051539012168934e-06
2024-09-09 21:32:46 [INFO]   loss: 0.0007,	steps: 4800/7620,	epoch: 7,	learning_rate: 4.037222619899785e-06
2024-09-09 21:32:48 [INFO]   loss: 0.0004,	steps: 4810/7620,	epoch: 7,	learning_rate: 4.022906227630637e-06
2024-09-09 21:32:51 [INFO]   loss: 0.0000,	steps: 4820/7620,	epoch: 7,	learning_rate: 4.00858983536149e-06
2024-09-09 21:32:54 [INFO]   loss: 0.0008,	steps: 4830/7620,	epoch: 7,	learning_rate: 3.994273443092341e-06
2024-09-09 21:32:56 [INFO]   loss: 0.0000,	steps: 4840/7620,	epoch: 7,	learning_rate: 3.979957050823193e-06
2024-09-09 21:32:59 [INFO]   loss: 0.0000,	steps: 4850/7620,	epoch: 7,	learning_rate: 3.965640658554045e-06
2024-09-09 21:33:02 [INFO]   loss: 0.0008,	steps: 4860/7620,	epoch: 7,	learning_rate: 3.9513242662848965e-06
2024-09-09 21:33:04 [INFO]   loss: 0.0005,	steps: 4870/7620,	epoch: 7,	learning_rate: 3.937007874015748e-06
2024-09-09 21:33:07 [INFO]   loss: 0.0000,	steps: 4880/7620,	epoch: 7,	learning_rate: 3.9226914817466e-06
2024-09-09 21:33:10 [INFO]   loss: 0.0000,	steps: 4890/7620,	epoch: 7,	learning_rate: 3.908375089477452e-06
2024-09-09 21:33:12 [INFO]   loss: 0.0000,	steps: 4900/7620,	epoch: 7,	learning_rate: 3.894058697208304e-06
2024-09-09 21:33:15 [INFO]   loss: 0.0000,	steps: 4910/7620,	epoch: 7,	learning_rate: 3.879742304939156e-06
2024-09-09 21:33:17 [INFO]   loss: 0.0000,	steps: 4920/7620,	epoch: 7,	learning_rate: 3.8654259126700076e-06
2024-09-09 21:33:20 [INFO]   loss: 0.0005,	steps: 4930/7620,	epoch: 7,	learning_rate: 3.851109520400859e-06
2024-09-09 21:33:23 [INFO]   loss: 0.0007,	steps: 4940/7620,	epoch: 7,	learning_rate: 3.836793128131711e-06
2024-09-09 21:33:25 [INFO]   loss: 0.0000,	steps: 4950/7620,	epoch: 7,	learning_rate: 3.822476735862563e-06
2024-09-09 21:33:28 [INFO]   loss: 0.0001,	steps: 4960/7620,	epoch: 7,	learning_rate: 3.808160343593415e-06
2024-09-09 21:33:31 [INFO]   loss: 0.0000,	steps: 4970/7620,	epoch: 7,	learning_rate: 3.7938439513242665e-06
2024-09-09 21:33:33 [INFO]   loss: 0.0000,	steps: 4980/7620,	epoch: 7,	learning_rate: 3.7795275590551182e-06
2024-09-09 21:33:36 [INFO]   loss: 0.0000,	steps: 4990/7620,	epoch: 7,	learning_rate: 3.7652111667859704e-06
2024-09-09 21:33:39 [INFO]   loss: 0.0000,	steps: 5000/7620,	epoch: 7,	learning_rate: 3.750894774516822e-06
2024-09-09 21:33:41 [INFO]   loss: 0.0000,	steps: 5010/7620,	epoch: 7,	learning_rate: 3.7365783822476738e-06
2024-09-09 21:33:44 [INFO]   loss: 0.1250,	steps: 5020/7620,	epoch: 7,	learning_rate: 3.7222619899785255e-06
2024-09-09 21:33:47 [INFO]   loss: 0.1243,	steps: 5030/7620,	epoch: 7,	learning_rate: 3.7079455977093776e-06
2024-09-09 21:33:49 [INFO]   loss: 0.0000,	steps: 5040/7620,	epoch: 7,	learning_rate: 3.6936292054402293e-06
2024-09-09 21:33:52 [INFO]   loss: 0.0000,	steps: 5050/7620,	epoch: 7,	learning_rate: 3.6793128131710815e-06
2024-09-09 21:33:55 [INFO]   loss: 0.0000,	steps: 5060/7620,	epoch: 7,	learning_rate: 3.6649964209019327e-06
2024-09-09 21:33:57 [INFO]   loss: 0.0008,	steps: 5070/7620,	epoch: 7,	learning_rate: 3.650680028632785e-06
2024-09-09 21:34:00 [INFO]   loss: 0.0002,	steps: 5080/7620,	epoch: 7,	learning_rate: 3.6363636363636366e-06
2024-09-09 21:44:50 [INFO]   第7轮的训练 测试结果为：{'R@5': 0.5309468274199515, 'R@10': 0.6934732175000645, 'RR@5': 0.8537990196078437, 'RR@10': 0.8571822478991599, 'nDCG@5': 0.6489493271884844, 'nDCG@10': 0.6939420979665735}
2024-09-09 21:44:53 [INFO]   loss: 0.0002,	steps: 5090/7620,	epoch: 8,	learning_rate: 3.6220472440944887e-06
2024-09-09 21:44:55 [INFO]   loss: 0.0007,	steps: 5100/7620,	epoch: 8,	learning_rate: 3.60773085182534e-06
2024-09-09 21:44:58 [INFO]   loss: 0.0000,	steps: 5110/7620,	epoch: 8,	learning_rate: 3.593414459556192e-06
2024-09-09 21:45:01 [INFO]   loss: 0.0000,	steps: 5120/7620,	epoch: 8,	learning_rate: 3.579098067287044e-06
2024-09-09 21:45:03 [INFO]   loss: 0.0000,	steps: 5130/7620,	epoch: 8,	learning_rate: 3.564781675017896e-06
2024-09-09 21:45:06 [INFO]   loss: 0.0001,	steps: 5140/7620,	epoch: 8,	learning_rate: 3.5504652827487473e-06
2024-09-09 21:45:09 [INFO]   loss: 0.0000,	steps: 5150/7620,	epoch: 8,	learning_rate: 3.5361488904795994e-06
2024-09-09 21:45:11 [INFO]   loss: 0.0005,	steps: 5160/7620,	epoch: 8,	learning_rate: 3.521832498210451e-06
2024-09-09 21:45:14 [INFO]   loss: 0.0008,	steps: 5170/7620,	epoch: 8,	learning_rate: 3.5075161059413032e-06
2024-09-09 21:45:17 [INFO]   loss: 0.0005,	steps: 5180/7620,	epoch: 8,	learning_rate: 3.4931997136721554e-06
2024-09-09 21:45:19 [INFO]   loss: 0.0847,	steps: 5190/7620,	epoch: 8,	learning_rate: 3.4788833214030066e-06
2024-09-09 21:45:22 [INFO]   loss: 0.0004,	steps: 5200/7620,	epoch: 8,	learning_rate: 3.4645669291338583e-06
2024-09-09 21:45:24 [INFO]   loss: 0.0000,	steps: 5210/7620,	epoch: 8,	learning_rate: 3.4502505368647105e-06
2024-09-09 21:45:27 [INFO]   loss: 0.0001,	steps: 5220/7620,	epoch: 8,	learning_rate: 3.4359341445955626e-06
2024-09-09 21:45:30 [INFO]   loss: 0.0000,	steps: 5230/7620,	epoch: 8,	learning_rate: 3.421617752326414e-06
2024-09-09 21:45:32 [INFO]   loss: 0.0000,	steps: 5240/7620,	epoch: 8,	learning_rate: 3.4073013600572656e-06
2024-09-09 21:45:35 [INFO]   loss: 0.0001,	steps: 5250/7620,	epoch: 8,	learning_rate: 3.3929849677881177e-06
2024-09-09 21:45:38 [INFO]   loss: 0.0000,	steps: 5260/7620,	epoch: 8,	learning_rate: 3.3786685755189694e-06
2024-09-09 21:45:40 [INFO]   loss: 0.0001,	steps: 5270/7620,	epoch: 8,	learning_rate: 3.364352183249821e-06
2024-09-09 21:45:43 [INFO]   loss: 0.0000,	steps: 5280/7620,	epoch: 8,	learning_rate: 3.350035790980673e-06
2024-09-09 21:45:46 [INFO]   loss: 0.0000,	steps: 5290/7620,	epoch: 8,	learning_rate: 3.335719398711525e-06
2024-09-09 21:45:48 [INFO]   loss: 0.0001,	steps: 5300/7620,	epoch: 8,	learning_rate: 3.3214030064423767e-06
2024-09-09 21:45:51 [INFO]   loss: 0.0000,	steps: 5310/7620,	epoch: 8,	learning_rate: 3.307086614173229e-06
2024-09-09 21:45:54 [INFO]   loss: 0.0000,	steps: 5320/7620,	epoch: 8,	learning_rate: 3.29277022190408e-06
2024-09-09 21:45:56 [INFO]   loss: 0.0001,	steps: 5330/7620,	epoch: 8,	learning_rate: 3.2784538296349322e-06
2024-09-09 21:45:59 [INFO]   loss: 0.0005,	steps: 5340/7620,	epoch: 8,	learning_rate: 3.264137437365784e-06
2024-09-09 21:46:02 [INFO]   loss: 0.0000,	steps: 5350/7620,	epoch: 8,	learning_rate: 3.249821045096636e-06
2024-09-09 21:46:04 [INFO]   loss: 0.0046,	steps: 5360/7620,	epoch: 8,	learning_rate: 3.2355046528274874e-06
2024-09-09 21:46:07 [INFO]   loss: 0.0006,	steps: 5370/7620,	epoch: 8,	learning_rate: 3.2211882605583395e-06
2024-09-09 21:46:09 [INFO]   loss: 0.0000,	steps: 5380/7620,	epoch: 8,	learning_rate: 3.206871868289191e-06
2024-09-09 21:46:12 [INFO]   loss: 0.0013,	steps: 5390/7620,	epoch: 8,	learning_rate: 3.1925554760200433e-06
2024-09-09 21:46:15 [INFO]   loss: 0.0002,	steps: 5400/7620,	epoch: 8,	learning_rate: 3.1782390837508955e-06
2024-09-09 21:46:17 [INFO]   loss: 0.0001,	steps: 5410/7620,	epoch: 8,	learning_rate: 3.1639226914817468e-06
2024-09-09 21:46:20 [INFO]   loss: 0.0000,	steps: 5420/7620,	epoch: 8,	learning_rate: 3.1496062992125985e-06
2024-09-09 21:46:23 [INFO]   loss: 0.0000,	steps: 5430/7620,	epoch: 8,	learning_rate: 3.1352899069434506e-06
2024-09-09 21:46:25 [INFO]   loss: 0.0000,	steps: 5440/7620,	epoch: 8,	learning_rate: 3.1209735146743027e-06
2024-09-09 21:46:28 [INFO]   loss: 0.0000,	steps: 5450/7620,	epoch: 8,	learning_rate: 3.106657122405154e-06
2024-09-09 21:46:31 [INFO]   loss: 0.0001,	steps: 5460/7620,	epoch: 8,	learning_rate: 3.0923407301360057e-06
2024-09-09 21:46:33 [INFO]   loss: 0.0000,	steps: 5470/7620,	epoch: 8,	learning_rate: 3.078024337866858e-06
2024-09-09 21:46:36 [INFO]   loss: 0.0000,	steps: 5480/7620,	epoch: 8,	learning_rate: 3.06370794559771e-06
2024-09-09 21:46:39 [INFO]   loss: 0.0000,	steps: 5490/7620,	epoch: 8,	learning_rate: 3.0493915533285613e-06
2024-09-09 21:46:41 [INFO]   loss: 0.0039,	steps: 5500/7620,	epoch: 8,	learning_rate: 3.035075161059413e-06
2024-09-09 21:46:44 [INFO]   loss: 0.0004,	steps: 5510/7620,	epoch: 8,	learning_rate: 3.020758768790265e-06
2024-09-09 21:46:47 [INFO]   loss: 0.0000,	steps: 5520/7620,	epoch: 8,	learning_rate: 3.0064423765211172e-06
2024-09-09 21:46:49 [INFO]   loss: 0.0001,	steps: 5530/7620,	epoch: 8,	learning_rate: 2.992125984251969e-06
2024-09-09 21:46:52 [INFO]   loss: 0.0000,	steps: 5540/7620,	epoch: 8,	learning_rate: 2.9778095919828202e-06
2024-09-09 21:46:54 [INFO]   loss: 0.0000,	steps: 5550/7620,	epoch: 8,	learning_rate: 2.9634931997136724e-06
2024-09-09 21:46:57 [INFO]   loss: 0.0000,	steps: 5560/7620,	epoch: 8,	learning_rate: 2.9491768074445245e-06
2024-09-09 21:47:00 [INFO]   loss: 0.0000,	steps: 5570/7620,	epoch: 8,	learning_rate: 2.934860415175376e-06
2024-09-09 21:47:02 [INFO]   loss: 0.0013,	steps: 5580/7620,	epoch: 8,	learning_rate: 2.9205440229062275e-06
2024-09-09 21:47:05 [INFO]   loss: 0.0002,	steps: 5590/7620,	epoch: 8,	learning_rate: 2.9062276306370796e-06
2024-09-09 21:47:08 [INFO]   loss: 0.0000,	steps: 5600/7620,	epoch: 8,	learning_rate: 2.8919112383679313e-06
2024-09-09 21:47:10 [INFO]   loss: 0.0000,	steps: 5610/7620,	epoch: 8,	learning_rate: 2.8775948460987834e-06
2024-09-09 21:47:13 [INFO]   loss: 0.0000,	steps: 5620/7620,	epoch: 8,	learning_rate: 2.8632784538296356e-06
2024-09-09 21:47:16 [INFO]   loss: 0.0000,	steps: 5630/7620,	epoch: 8,	learning_rate: 2.848962061560487e-06
2024-09-09 21:47:18 [INFO]   loss: 0.0001,	steps: 5640/7620,	epoch: 8,	learning_rate: 2.8346456692913386e-06
2024-09-09 21:47:21 [INFO]   loss: 0.0001,	steps: 5650/7620,	epoch: 8,	learning_rate: 2.8203292770221907e-06
2024-09-09 21:47:24 [INFO]   loss: 0.0001,	steps: 5660/7620,	epoch: 8,	learning_rate: 2.806012884753043e-06
2024-09-09 21:47:26 [INFO]   loss: 0.0000,	steps: 5670/7620,	epoch: 8,	learning_rate: 2.791696492483894e-06
2024-09-09 21:47:29 [INFO]   loss: 0.0000,	steps: 5680/7620,	epoch: 8,	learning_rate: 2.777380100214746e-06
2024-09-09 21:47:32 [INFO]   loss: 0.0000,	steps: 5690/7620,	epoch: 8,	learning_rate: 2.763063707945598e-06
2024-09-09 21:47:34 [INFO]   loss: 0.0001,	steps: 5700/7620,	epoch: 8,	learning_rate: 2.74874731567645e-06
2024-09-09 21:47:37 [INFO]   loss: 0.0000,	steps: 5710/7620,	epoch: 8,	learning_rate: 2.7344309234073014e-06
2024-09-09 21:58:28 [INFO]   第8轮的训练 测试结果为：{'R@5': 0.5321349703821778, 'R@10': 0.7008238874124789, 'RR@5': 0.8578584558823534, 'RR@10': 0.8617395395658267, 'nDCG@5': 0.6510370522978066, 'nDCG@10': 0.6990829969605173}
2024-09-09 21:58:30 [INFO]   loss: 0.0002,	steps: 5720/7620,	epoch: 9,	learning_rate: 2.720114531138153e-06
2024-09-09 21:58:32 [INFO]   loss: 0.0001,	steps: 5730/7620,	epoch: 9,	learning_rate: 2.705798138869005e-06
2024-09-09 21:58:35 [INFO]   loss: 0.0000,	steps: 5740/7620,	epoch: 9,	learning_rate: 2.6914817465998573e-06
2024-09-09 21:58:38 [INFO]   loss: 0.0009,	steps: 5750/7620,	epoch: 9,	learning_rate: 2.677165354330709e-06
2024-09-09 21:58:40 [INFO]   loss: 0.0007,	steps: 5760/7620,	epoch: 9,	learning_rate: 2.6628489620615603e-06
2024-09-09 21:58:43 [INFO]   loss: 0.0000,	steps: 5770/7620,	epoch: 9,	learning_rate: 2.6485325697924125e-06
2024-09-09 21:58:46 [INFO]   loss: 0.0000,	steps: 5780/7620,	epoch: 9,	learning_rate: 2.6342161775232646e-06
2024-09-09 21:58:48 [INFO]   loss: 0.0000,	steps: 5790/7620,	epoch: 9,	learning_rate: 2.6198997852541163e-06
2024-09-09 21:58:51 [INFO]   loss: 0.0014,	steps: 5800/7620,	epoch: 9,	learning_rate: 2.6055833929849676e-06
2024-09-09 21:58:53 [INFO]   loss: 0.0012,	steps: 5810/7620,	epoch: 9,	learning_rate: 2.5912670007158197e-06
2024-09-09 21:58:56 [INFO]   loss: 0.0001,	steps: 5820/7620,	epoch: 9,	learning_rate: 2.576950608446672e-06
2024-09-09 21:58:59 [INFO]   loss: 0.0001,	steps: 5830/7620,	epoch: 9,	learning_rate: 2.5626342161775236e-06
2024-09-09 21:59:01 [INFO]   loss: 0.0000,	steps: 5840/7620,	epoch: 9,	learning_rate: 2.5483178239083757e-06
2024-09-09 21:59:04 [INFO]   loss: 0.0000,	steps: 5850/7620,	epoch: 9,	learning_rate: 2.534001431639227e-06
2024-09-09 21:59:07 [INFO]   loss: 0.0000,	steps: 5860/7620,	epoch: 9,	learning_rate: 2.519685039370079e-06
2024-09-09 21:59:09 [INFO]   loss: 0.0000,	steps: 5870/7620,	epoch: 9,	learning_rate: 2.505368647100931e-06
2024-09-09 21:59:12 [INFO]   loss: 0.0001,	steps: 5880/7620,	epoch: 9,	learning_rate: 2.4910522548317825e-06
2024-09-09 21:59:15 [INFO]   loss: 0.0000,	steps: 5890/7620,	epoch: 9,	learning_rate: 2.4767358625626347e-06
2024-09-09 21:59:17 [INFO]   loss: 0.0000,	steps: 5900/7620,	epoch: 9,	learning_rate: 2.4624194702934864e-06
2024-09-09 21:59:20 [INFO]   loss: 0.0000,	steps: 5910/7620,	epoch: 9,	learning_rate: 2.448103078024338e-06
2024-09-09 21:59:23 [INFO]   loss: 0.0000,	steps: 5920/7620,	epoch: 9,	learning_rate: 2.4337866857551898e-06
2024-09-09 21:59:25 [INFO]   loss: 0.0003,	steps: 5930/7620,	epoch: 9,	learning_rate: 2.419470293486042e-06
2024-09-09 21:59:28 [INFO]   loss: 0.0000,	steps: 5940/7620,	epoch: 9,	learning_rate: 2.4051539012168936e-06
2024-09-09 21:59:31 [INFO]   loss: 0.0002,	steps: 5950/7620,	epoch: 9,	learning_rate: 2.3908375089477453e-06
2024-09-09 21:59:33 [INFO]   loss: 0.0000,	steps: 5960/7620,	epoch: 9,	learning_rate: 2.3765211166785975e-06
2024-09-09 21:59:36 [INFO]   loss: 0.0000,	steps: 5970/7620,	epoch: 9,	learning_rate: 2.362204724409449e-06
2024-09-09 21:59:38 [INFO]   loss: 0.0013,	steps: 5980/7620,	epoch: 9,	learning_rate: 2.347888332140301e-06
2024-09-09 21:59:41 [INFO]   loss: 0.0000,	steps: 5990/7620,	epoch: 9,	learning_rate: 2.3335719398711526e-06
2024-09-09 21:59:44 [INFO]   loss: 0.0008,	steps: 6000/7620,	epoch: 9,	learning_rate: 2.3192555476020047e-06
2024-09-09 21:59:46 [INFO]   loss: 0.0000,	steps: 6010/7620,	epoch: 9,	learning_rate: 2.3049391553328564e-06
2024-09-09 21:59:49 [INFO]   loss: 0.0005,	steps: 6020/7620,	epoch: 9,	learning_rate: 2.290622763063708e-06
2024-09-09 21:59:52 [INFO]   loss: 0.0000,	steps: 6030/7620,	epoch: 9,	learning_rate: 2.27630637079456e-06
2024-09-09 21:59:54 [INFO]   loss: 0.0000,	steps: 6040/7620,	epoch: 9,	learning_rate: 2.261989978525412e-06
2024-09-09 21:59:57 [INFO]   loss: 0.0000,	steps: 6050/7620,	epoch: 9,	learning_rate: 2.2476735862562637e-06
2024-09-09 22:00:00 [INFO]   loss: 0.0000,	steps: 6060/7620,	epoch: 9,	learning_rate: 2.2333571939871154e-06
2024-09-09 22:00:02 [INFO]   loss: 0.0000,	steps: 6070/7620,	epoch: 9,	learning_rate: 2.2190408017179675e-06
2024-09-09 22:00:05 [INFO]   loss: 0.0000,	steps: 6080/7620,	epoch: 9,	learning_rate: 2.2047244094488192e-06
2024-09-09 22:00:08 [INFO]   loss: 0.0000,	steps: 6090/7620,	epoch: 9,	learning_rate: 2.190408017179671e-06
2024-09-09 22:00:10 [INFO]   loss: 0.0000,	steps: 6100/7620,	epoch: 9,	learning_rate: 2.1760916249105226e-06
2024-09-09 22:00:13 [INFO]   loss: 0.0000,	steps: 6110/7620,	epoch: 9,	learning_rate: 2.1617752326413748e-06
2024-09-09 22:00:15 [INFO]   loss: 0.0000,	steps: 6120/7620,	epoch: 9,	learning_rate: 2.1474588403722265e-06
2024-09-09 22:00:18 [INFO]   loss: 0.0000,	steps: 6130/7620,	epoch: 9,	learning_rate: 2.133142448103078e-06
2024-09-09 22:00:21 [INFO]   loss: 0.0001,	steps: 6140/7620,	epoch: 9,	learning_rate: 2.11882605583393e-06
2024-09-09 22:00:23 [INFO]   loss: 0.0000,	steps: 6150/7620,	epoch: 9,	learning_rate: 2.104509663564782e-06
2024-09-09 22:00:26 [INFO]   loss: 0.0000,	steps: 6160/7620,	epoch: 9,	learning_rate: 2.0901932712956337e-06
2024-09-09 22:00:29 [INFO]   loss: 0.0001,	steps: 6170/7620,	epoch: 9,	learning_rate: 2.0758768790264854e-06
2024-09-09 22:00:31 [INFO]   loss: 0.0000,	steps: 6180/7620,	epoch: 9,	learning_rate: 2.0615604867573376e-06
2024-09-09 22:00:34 [INFO]   loss: 0.0002,	steps: 6190/7620,	epoch: 9,	learning_rate: 2.0472440944881893e-06
2024-09-09 22:00:37 [INFO]   loss: 0.0000,	steps: 6200/7620,	epoch: 9,	learning_rate: 2.032927702219041e-06
2024-09-09 22:00:39 [INFO]   loss: 0.0000,	steps: 6210/7620,	epoch: 9,	learning_rate: 2.0186113099498927e-06
2024-09-09 22:00:42 [INFO]   loss: 0.0000,	steps: 6220/7620,	epoch: 9,	learning_rate: 2.004294917680745e-06
2024-09-09 22:00:45 [INFO]   loss: 0.0000,	steps: 6230/7620,	epoch: 9,	learning_rate: 1.9899785254115965e-06
2024-09-09 22:00:47 [INFO]   loss: 0.0023,	steps: 6240/7620,	epoch: 9,	learning_rate: 1.9756621331424482e-06
2024-09-09 22:00:50 [INFO]   loss: 0.0001,	steps: 6250/7620,	epoch: 9,	learning_rate: 1.9613457408733e-06
2024-09-09 22:00:53 [INFO]   loss: 0.0000,	steps: 6260/7620,	epoch: 9,	learning_rate: 1.947029348604152e-06
2024-09-09 22:00:55 [INFO]   loss: 0.0001,	steps: 6270/7620,	epoch: 9,	learning_rate: 1.9327129563350038e-06
2024-09-09 22:00:58 [INFO]   loss: 0.0000,	steps: 6280/7620,	epoch: 9,	learning_rate: 1.9183965640658555e-06
2024-09-09 22:01:00 [INFO]   loss: 0.0000,	steps: 6290/7620,	epoch: 9,	learning_rate: 1.9040801717967074e-06
2024-09-09 22:01:03 [INFO]   loss: 0.0006,	steps: 6300/7620,	epoch: 9,	learning_rate: 1.8897637795275591e-06
2024-09-09 22:01:06 [INFO]   loss: 0.0000,	steps: 6310/7620,	epoch: 9,	learning_rate: 1.875447387258411e-06
2024-09-09 22:01:08 [INFO]   loss: 0.0002,	steps: 6320/7620,	epoch: 9,	learning_rate: 1.8611309949892627e-06
2024-09-09 22:01:11 [INFO]   loss: 0.0000,	steps: 6330/7620,	epoch: 9,	learning_rate: 1.8468146027201147e-06
2024-09-09 22:01:14 [INFO]   loss: 0.0001,	steps: 6340/7620,	epoch: 9,	learning_rate: 1.8324982104509664e-06
2024-09-09 22:01:16 [INFO]   loss: 0.0000,	steps: 6350/7620,	epoch: 9,	learning_rate: 1.8181818181818183e-06
2024-09-09 22:12:06 [INFO]   第9轮的训练 测试结果为：{'R@5': 0.5341786589624737, 'R@10': 0.701276108674612, 'RR@5': 0.8624540441176477, 'RR@10': 0.8660882061157803, 'nDCG@5': 0.6547857067452673, 'nDCG@10': 0.7010932616390874}
2024-09-09 22:12:07 [INFO]   ------------------------------------------------
2024-09-09 22:12:07 [INFO]   第 9 轮已经训练完成  模型保存在 /mnt/workspace/clir/baselines/cross-mbert/output/epoch_9_best
2024-09-09 22:12:07 [INFO]   ------------------------------------------------
2024-09-09 22:12:09 [INFO]   loss: 0.0000,	steps: 6360/7620,	epoch: 10,	learning_rate: 1.80386542591267e-06
2024-09-09 22:12:12 [INFO]   loss: 0.0000,	steps: 6370/7620,	epoch: 10,	learning_rate: 1.789549033643522e-06
2024-09-09 22:12:15 [INFO]   loss: 0.0002,	steps: 6380/7620,	epoch: 10,	learning_rate: 1.7752326413743736e-06
2024-09-09 22:12:17 [INFO]   loss: 0.0003,	steps: 6390/7620,	epoch: 10,	learning_rate: 1.7609162491052255e-06
2024-09-09 22:12:20 [INFO]   loss: 0.0000,	steps: 6400/7620,	epoch: 10,	learning_rate: 1.7465998568360777e-06
2024-09-09 22:12:23 [INFO]   loss: 0.0003,	steps: 6410/7620,	epoch: 10,	learning_rate: 1.7322834645669292e-06
2024-09-09 22:12:25 [INFO]   loss: 0.0001,	steps: 6420/7620,	epoch: 10,	learning_rate: 1.7179670722977813e-06
2024-09-09 22:12:28 [INFO]   loss: 0.0000,	steps: 6430/7620,	epoch: 10,	learning_rate: 1.7036506800286328e-06
2024-09-09 22:12:31 [INFO]   loss: 0.0000,	steps: 6440/7620,	epoch: 10,	learning_rate: 1.6893342877594847e-06
2024-09-09 22:12:33 [INFO]   loss: 0.0002,	steps: 6450/7620,	epoch: 10,	learning_rate: 1.6750178954903364e-06
2024-09-09 22:12:36 [INFO]   loss: 0.0000,	steps: 6460/7620,	epoch: 10,	learning_rate: 1.6607015032211883e-06
2024-09-09 22:12:38 [INFO]   loss: 0.0000,	steps: 6470/7620,	epoch: 10,	learning_rate: 1.64638511095204e-06
2024-09-09 22:12:41 [INFO]   loss: 0.1247,	steps: 6480/7620,	epoch: 10,	learning_rate: 1.632068718682892e-06
2024-09-09 22:12:44 [INFO]   loss: 0.0000,	steps: 6490/7620,	epoch: 10,	learning_rate: 1.6177523264137437e-06
2024-09-09 22:12:47 [INFO]   loss: 0.0035,	steps: 6500/7620,	epoch: 10,	learning_rate: 1.6034359341445956e-06
2024-09-09 22:12:49 [INFO]   loss: 0.0000,	steps: 6510/7620,	epoch: 10,	learning_rate: 1.5891195418754477e-06
2024-09-09 22:12:52 [INFO]   loss: 0.0021,	steps: 6520/7620,	epoch: 10,	learning_rate: 1.5748031496062992e-06
2024-09-09 22:12:55 [INFO]   loss: 0.0000,	steps: 6530/7620,	epoch: 10,	learning_rate: 1.5604867573371514e-06
2024-09-09 22:12:57 [INFO]   loss: 0.0000,	steps: 6540/7620,	epoch: 10,	learning_rate: 1.5461703650680029e-06
2024-09-09 22:13:00 [INFO]   loss: 0.0000,	steps: 6550/7620,	epoch: 10,	learning_rate: 1.531853972798855e-06
2024-09-09 22:13:02 [INFO]   loss: 0.0002,	steps: 6560/7620,	epoch: 10,	learning_rate: 1.5175375805297065e-06
2024-09-09 22:13:05 [INFO]   loss: 0.0015,	steps: 6570/7620,	epoch: 10,	learning_rate: 1.5032211882605586e-06
2024-09-09 22:13:08 [INFO]   loss: 0.0000,	steps: 6580/7620,	epoch: 10,	learning_rate: 1.4889047959914101e-06
2024-09-09 22:13:10 [INFO]   loss: 0.0001,	steps: 6590/7620,	epoch: 10,	learning_rate: 1.4745884037222622e-06
2024-09-09 22:13:13 [INFO]   loss: 0.0004,	steps: 6600/7620,	epoch: 10,	learning_rate: 1.4602720114531137e-06
2024-09-09 22:13:16 [INFO]   loss: 0.0000,	steps: 6610/7620,	epoch: 10,	learning_rate: 1.4459556191839657e-06
2024-09-09 22:13:18 [INFO]   loss: 0.0000,	steps: 6620/7620,	epoch: 10,	learning_rate: 1.4316392269148178e-06
2024-09-09 22:13:21 [INFO]   loss: 0.0009,	steps: 6630/7620,	epoch: 10,	learning_rate: 1.4173228346456693e-06
2024-09-09 22:13:24 [INFO]   loss: 0.0000,	steps: 6640/7620,	epoch: 10,	learning_rate: 1.4030064423765214e-06
2024-09-09 22:13:26 [INFO]   loss: 0.0000,	steps: 6650/7620,	epoch: 10,	learning_rate: 1.388690050107373e-06
2024-09-09 22:13:29 [INFO]   loss: 0.0000,	steps: 6660/7620,	epoch: 10,	learning_rate: 1.374373657838225e-06
2024-09-09 22:13:32 [INFO]   loss: 0.0000,	steps: 6670/7620,	epoch: 10,	learning_rate: 1.3600572655690765e-06
2024-09-09 22:13:34 [INFO]   loss: 0.0003,	steps: 6680/7620,	epoch: 10,	learning_rate: 1.3457408732999287e-06
2024-09-09 22:13:37 [INFO]   loss: 0.0000,	steps: 6690/7620,	epoch: 10,	learning_rate: 1.3314244810307802e-06
2024-09-09 22:13:39 [INFO]   loss: 0.0004,	steps: 6700/7620,	epoch: 10,	learning_rate: 1.3171080887616323e-06
2024-09-09 22:13:42 [INFO]   loss: 0.0000,	steps: 6710/7620,	epoch: 10,	learning_rate: 1.3027916964924838e-06
2024-09-09 22:13:45 [INFO]   loss: 0.0000,	steps: 6720/7620,	epoch: 10,	learning_rate: 1.288475304223336e-06
2024-09-09 22:13:47 [INFO]   loss: 0.0000,	steps: 6730/7620,	epoch: 10,	learning_rate: 1.2741589119541878e-06
2024-09-09 22:13:50 [INFO]   loss: 0.0009,	steps: 6740/7620,	epoch: 10,	learning_rate: 1.2598425196850396e-06
2024-09-09 22:13:53 [INFO]   loss: 0.0000,	steps: 6750/7620,	epoch: 10,	learning_rate: 1.2455261274158913e-06
2024-09-09 22:13:55 [INFO]   loss: 0.0000,	steps: 6760/7620,	epoch: 10,	learning_rate: 1.2312097351467432e-06
2024-09-09 22:13:58 [INFO]   loss: 0.0000,	steps: 6770/7620,	epoch: 10,	learning_rate: 1.2168933428775949e-06
2024-09-09 22:14:01 [INFO]   loss: 0.0000,	steps: 6780/7620,	epoch: 10,	learning_rate: 1.2025769506084468e-06
2024-09-09 22:14:03 [INFO]   loss: 0.0000,	steps: 6790/7620,	epoch: 10,	learning_rate: 1.1882605583392987e-06
2024-09-09 22:14:06 [INFO]   loss: 0.0000,	steps: 6800/7620,	epoch: 10,	learning_rate: 1.1739441660701504e-06
2024-09-09 22:14:09 [INFO]   loss: 0.0007,	steps: 6810/7620,	epoch: 10,	learning_rate: 1.1596277738010024e-06
2024-09-09 22:14:11 [INFO]   loss: 0.0001,	steps: 6820/7620,	epoch: 10,	learning_rate: 1.145311381531854e-06
2024-09-09 22:14:14 [INFO]   loss: 0.0001,	steps: 6830/7620,	epoch: 10,	learning_rate: 1.130994989262706e-06
2024-09-09 22:14:17 [INFO]   loss: 0.0000,	steps: 6840/7620,	epoch: 10,	learning_rate: 1.1166785969935577e-06
2024-09-09 22:14:19 [INFO]   loss: 0.0001,	steps: 6850/7620,	epoch: 10,	learning_rate: 1.1023622047244096e-06
2024-09-09 22:14:22 [INFO]   loss: 0.0002,	steps: 6860/7620,	epoch: 10,	learning_rate: 1.0880458124552613e-06
2024-09-09 22:14:24 [INFO]   loss: 0.0000,	steps: 6870/7620,	epoch: 10,	learning_rate: 1.0737294201861132e-06
2024-09-09 22:14:27 [INFO]   loss: 0.0000,	steps: 6880/7620,	epoch: 10,	learning_rate: 1.059413027916965e-06
2024-09-09 22:14:30 [INFO]   loss: 0.0000,	steps: 6890/7620,	epoch: 10,	learning_rate: 1.0450966356478169e-06
2024-09-09 22:14:32 [INFO]   loss: 0.0000,	steps: 6900/7620,	epoch: 10,	learning_rate: 1.0307802433786688e-06
2024-09-09 22:14:35 [INFO]   loss: 0.0000,	steps: 6910/7620,	epoch: 10,	learning_rate: 1.0164638511095205e-06
2024-09-09 22:14:38 [INFO]   loss: 0.0000,	steps: 6920/7620,	epoch: 10,	learning_rate: 1.0021474588403724e-06
2024-09-09 22:14:40 [INFO]   loss: 0.0000,	steps: 6930/7620,	epoch: 10,	learning_rate: 9.878310665712241e-07
2024-09-09 22:14:43 [INFO]   loss: 0.0000,	steps: 6940/7620,	epoch: 10,	learning_rate: 9.73514674302076e-07
2024-09-09 22:14:46 [INFO]   loss: 0.0000,	steps: 6950/7620,	epoch: 10,	learning_rate: 9.591982820329277e-07
2024-09-09 22:14:48 [INFO]   loss: 0.0000,	steps: 6960/7620,	epoch: 10,	learning_rate: 9.448818897637796e-07
2024-09-09 22:14:51 [INFO]   loss: 0.0000,	steps: 6970/7620,	epoch: 10,	learning_rate: 9.305654974946314e-07
2024-09-09 22:14:54 [INFO]   loss: 0.0000,	steps: 6980/7620,	epoch: 10,	learning_rate: 9.162491052254832e-07
2024-09-09 22:25:45 [INFO]   第10轮的训练 测试结果为：{'R@5': 0.5356306341239501, 'R@10': 0.7005246646632418, 'RR@5': 0.8614583333333337, 'RR@10': 0.8645986519607844, 'nDCG@5': 0.6538625835219444, 'nDCG@10': 0.6989197827986774}
2024-09-09 22:25:46 [INFO]   loss: 0.0000,	steps: 6990/7620,	epoch: 11,	learning_rate: 9.01932712956335e-07
2024-09-09 22:25:49 [INFO]   loss: 0.0000,	steps: 7000/7620,	epoch: 11,	learning_rate: 8.876163206871868e-07
2024-09-09 22:25:52 [INFO]   loss: 0.0000,	steps: 7010/7620,	epoch: 11,	learning_rate: 8.732999284180388e-07
2024-09-09 22:25:54 [INFO]   loss: 0.0026,	steps: 7020/7620,	epoch: 11,	learning_rate: 8.589835361488907e-07
2024-09-09 22:25:57 [INFO]   loss: 0.0000,	steps: 7030/7620,	epoch: 11,	learning_rate: 8.446671438797424e-07
2024-09-09 22:25:59 [INFO]   loss: 0.0001,	steps: 7040/7620,	epoch: 11,	learning_rate: 8.303507516105942e-07
2024-09-09 22:26:02 [INFO]   loss: 0.0000,	steps: 7050/7620,	epoch: 11,	learning_rate: 8.16034359341446e-07
2024-09-09 22:26:05 [INFO]   loss: 0.0001,	steps: 7060/7620,	epoch: 11,	learning_rate: 8.017179670722978e-07
2024-09-09 22:26:07 [INFO]   loss: 0.0001,	steps: 7070/7620,	epoch: 11,	learning_rate: 7.874015748031496e-07
2024-09-09 22:26:10 [INFO]   loss: 0.0001,	steps: 7080/7620,	epoch: 11,	learning_rate: 7.730851825340014e-07
2024-09-09 22:26:13 [INFO]   loss: 0.0002,	steps: 7090/7620,	epoch: 11,	learning_rate: 7.587687902648532e-07
2024-09-09 22:26:15 [INFO]   loss: 0.0000,	steps: 7100/7620,	epoch: 11,	learning_rate: 7.444523979957051e-07
2024-09-09 22:26:18 [INFO]   loss: 0.0000,	steps: 7110/7620,	epoch: 11,	learning_rate: 7.301360057265569e-07
2024-09-09 22:26:21 [INFO]   loss: 0.1250,	steps: 7120/7620,	epoch: 11,	learning_rate: 7.158196134574089e-07
2024-09-09 22:26:23 [INFO]   loss: 0.0000,	steps: 7130/7620,	epoch: 11,	learning_rate: 7.015032211882607e-07
2024-09-09 22:26:26 [INFO]   loss: 0.0001,	steps: 7140/7620,	epoch: 11,	learning_rate: 6.871868289191125e-07
2024-09-09 22:26:28 [INFO]   loss: 0.0000,	steps: 7150/7620,	epoch: 11,	learning_rate: 6.728704366499643e-07
2024-09-09 22:26:31 [INFO]   loss: 0.0000,	steps: 7160/7620,	epoch: 11,	learning_rate: 6.585540443808161e-07
2024-09-09 22:26:34 [INFO]   loss: 0.0018,	steps: 7170/7620,	epoch: 11,	learning_rate: 6.44237652111668e-07
2024-09-09 22:26:36 [INFO]   loss: 0.0000,	steps: 7180/7620,	epoch: 11,	learning_rate: 6.299212598425198e-07
2024-09-09 22:26:39 [INFO]   loss: 0.0000,	steps: 7190/7620,	epoch: 11,	learning_rate: 6.156048675733716e-07
2024-09-09 22:26:42 [INFO]   loss: 0.1205,	steps: 7200/7620,	epoch: 11,	learning_rate: 6.012884753042234e-07
2024-09-09 22:26:44 [INFO]   loss: 0.0029,	steps: 7210/7620,	epoch: 11,	learning_rate: 5.869720830350752e-07
2024-09-09 22:26:47 [INFO]   loss: 0.0002,	steps: 7220/7620,	epoch: 11,	learning_rate: 5.72655690765927e-07
2024-09-09 22:26:50 [INFO]   loss: 0.0000,	steps: 7230/7620,	epoch: 11,	learning_rate: 5.583392984967788e-07
2024-09-09 22:26:52 [INFO]   loss: 0.0000,	steps: 7240/7620,	epoch: 11,	learning_rate: 5.440229062276307e-07
2024-09-09 22:26:55 [INFO]   loss: 0.0000,	steps: 7250/7620,	epoch: 11,	learning_rate: 5.297065139584825e-07
2024-09-09 22:26:58 [INFO]   loss: 0.0000,	steps: 7260/7620,	epoch: 11,	learning_rate: 5.153901216893344e-07
2024-09-09 22:27:00 [INFO]   loss: 0.0000,	steps: 7270/7620,	epoch: 11,	learning_rate: 5.010737294201862e-07
2024-09-09 22:27:03 [INFO]   loss: 0.0000,	steps: 7280/7620,	epoch: 11,	learning_rate: 4.86757337151038e-07
2024-09-09 22:27:05 [INFO]   loss: 0.0000,	steps: 7290/7620,	epoch: 11,	learning_rate: 4.724409448818898e-07
2024-09-09 22:27:08 [INFO]   loss: 0.0000,	steps: 7300/7620,	epoch: 11,	learning_rate: 4.581245526127416e-07
2024-09-09 22:27:11 [INFO]   loss: 0.0000,	steps: 7310/7620,	epoch: 11,	learning_rate: 4.438081603435934e-07
2024-09-09 22:27:13 [INFO]   loss: 0.0000,	steps: 7320/7620,	epoch: 11,	learning_rate: 4.294917680744453e-07
2024-09-09 22:27:16 [INFO]   loss: 0.0000,	steps: 7330/7620,	epoch: 11,	learning_rate: 4.151753758052971e-07
2024-09-09 22:27:19 [INFO]   loss: 0.0000,	steps: 7340/7620,	epoch: 11,	learning_rate: 4.008589835361489e-07
2024-09-09 22:27:21 [INFO]   loss: 0.0000,	steps: 7350/7620,	epoch: 11,	learning_rate: 3.865425912670007e-07
2024-09-09 22:27:24 [INFO]   loss: 0.0000,	steps: 7360/7620,	epoch: 11,	learning_rate: 3.7222619899785253e-07
2024-09-09 22:27:27 [INFO]   loss: 0.0000,	steps: 7370/7620,	epoch: 11,	learning_rate: 3.5790980672870445e-07
2024-09-09 22:27:29 [INFO]   loss: 0.0000,	steps: 7380/7620,	epoch: 11,	learning_rate: 3.4359341445955626e-07
2024-09-09 22:27:32 [INFO]   loss: 0.0000,	steps: 7390/7620,	epoch: 11,	learning_rate: 3.292770221904081e-07
2024-09-09 22:27:35 [INFO]   loss: 0.0000,	steps: 7400/7620,	epoch: 11,	learning_rate: 3.149606299212599e-07
2024-09-09 22:27:37 [INFO]   loss: 0.0000,	steps: 7410/7620,	epoch: 11,	learning_rate: 3.006442376521117e-07
2024-09-09 22:27:40 [INFO]   loss: 0.0000,	steps: 7420/7620,	epoch: 11,	learning_rate: 2.863278453829635e-07
2024-09-09 22:27:42 [INFO]   loss: 0.0000,	steps: 7430/7620,	epoch: 11,	learning_rate: 2.7201145311381533e-07
2024-09-09 22:27:45 [INFO]   loss: 0.0000,	steps: 7440/7620,	epoch: 11,	learning_rate: 2.576950608446672e-07
2024-09-09 22:27:48 [INFO]   loss: 0.0000,	steps: 7450/7620,	epoch: 11,	learning_rate: 2.43378668575519e-07
2024-09-09 22:27:50 [INFO]   loss: 0.0001,	steps: 7460/7620,	epoch: 11,	learning_rate: 2.290622763063708e-07
2024-09-09 22:27:53 [INFO]   loss: 0.0000,	steps: 7470/7620,	epoch: 11,	learning_rate: 2.1474588403722266e-07
2024-09-09 22:27:56 [INFO]   loss: 0.0001,	steps: 7480/7620,	epoch: 11,	learning_rate: 2.0042949176807445e-07
2024-09-09 22:27:58 [INFO]   loss: 0.0000,	steps: 7490/7620,	epoch: 11,	learning_rate: 1.8611309949892626e-07
2024-09-09 22:28:01 [INFO]   loss: 0.0000,	steps: 7500/7620,	epoch: 11,	learning_rate: 1.7179670722977813e-07
2024-09-09 22:28:04 [INFO]   loss: 0.0000,	steps: 7510/7620,	epoch: 11,	learning_rate: 1.5748031496062994e-07
2024-09-09 22:28:06 [INFO]   loss: 0.0000,	steps: 7520/7620,	epoch: 11,	learning_rate: 1.4316392269148176e-07
2024-09-09 22:28:09 [INFO]   loss: 0.0000,	steps: 7530/7620,	epoch: 11,	learning_rate: 1.288475304223336e-07
2024-09-09 22:28:12 [INFO]   loss: 0.0000,	steps: 7540/7620,	epoch: 11,	learning_rate: 1.145311381531854e-07
2024-09-09 22:28:14 [INFO]   loss: 0.0000,	steps: 7550/7620,	epoch: 11,	learning_rate: 1.0021474588403723e-07
2024-09-09 22:28:17 [INFO]   loss: 0.0009,	steps: 7560/7620,	epoch: 11,	learning_rate: 8.589835361488907e-08
2024-09-09 22:28:19 [INFO]   loss: 0.0000,	steps: 7570/7620,	epoch: 11,	learning_rate: 7.158196134574088e-08
2024-09-09 22:28:22 [INFO]   loss: 0.0017,	steps: 7580/7620,	epoch: 11,	learning_rate: 5.72655690765927e-08
2024-09-09 22:28:25 [INFO]   loss: 0.0001,	steps: 7590/7620,	epoch: 11,	learning_rate: 4.294917680744453e-08
2024-09-09 22:28:27 [INFO]   loss: 0.0000,	steps: 7600/7620,	epoch: 11,	learning_rate: 2.863278453829635e-08
2024-09-09 22:28:30 [INFO]   loss: 0.0006,	steps: 7610/7620,	epoch: 11,	learning_rate: 1.4316392269148175e-08
2024-09-09 22:28:33 [INFO]   loss: 0.0082,	steps: 7620/7620,	epoch: 11,	learning_rate: 0.0
2024-09-09 22:39:22 [INFO]   第11轮的训练 测试结果为：{'R@5': 0.5389520979362271, 'R@10': 0.7004628474460584, 'RR@5': 0.863602941176471, 'RR@10': 0.8661235848506071, 'nDCG@5': 0.6585593738625657, 'nDCG@10': 0.7026581886088024}
2024-09-09 22:39:23 [INFO]   ------------------------------------------------
2024-09-09 22:39:23 [INFO]   第 11 轮已经训练完成  模型保存在 /mnt/workspace/clir/baselines/cross-mbert/output/epoch_11_best
2024-09-09 22:39:23 [INFO]   ------------------------------------------------
2024-09-09 22:39:23 [INFO]   ------------------------------------------------
2024-09-09 22:39:23 [INFO]   训练完成!  模型和 tokenizer 保存在 /mnt/workspace/clir/baselines/cross-mbert/output/training_ended
2024-09-09 22:39:23 [INFO]   ------------------------------------------------
