2024-11-21 23:25:13 [INFO]   batch_size: 16, epoch: 16
2024-11-21 23:25:13 [INFO]   知识对比学习损失的权重: 0.6
2024-11-21 23:25:13 [INFO]   学习率:
2024-11-21 23:25:13 [INFO]       mbert 编码器: 1e-5
2024-11-21 23:25:13 [INFO]       query_knowledge_fusion: 1e-3
2024-11-21 23:25:13 [INFO]       GCN: 1e-3
2024-11-21 23:25:13 [INFO]       classifier: 1e-3
2024-11-21 23:25:13 [INFO]   v_kg: mean pooling
2024-11-21 23:25:13 [INFO]   相邻实体数量 3
2024-11-21 23:25:13 [INFO]   模块消融 只有实体信息对齐
2024-11-21 23:25:13 [INFO]   ***** Running training *****
2024-11-21 23:25:13 [INFO]   当前时间: 2024-11-21 23:25:13
2024-11-21 23:25:13 [INFO]   Num examples = 5087
2024-11-21 23:25:13 [INFO]   Num Epochs = 16
2024-11-21 23:25:13 [INFO]   Instantaneous batch size per device = 8
2024-11-21 23:25:13 [INFO]   Total train batch size (w. parallel, distributed & accumulation) = 16
2024-11-21 23:25:13 [INFO]   Total optimization steps = 10160
2024-11-21 23:25:13 [INFO]   训练的设备: cuda, 设备编号: 0
2024-11-21 23:25:37 [INFO]   loss: 2.4783,	steps: 50/10160,	epoch: 0,	learning_rate: 7.874015748031496e-07
2024-11-21 23:26:01 [INFO]   loss: 1.6294,	steps: 100/10160,	epoch: 0,	learning_rate: 1.5748031496062992e-06
2024-11-21 23:26:25 [INFO]   loss: 0.7904,	steps: 150/10160,	epoch: 0,	learning_rate: 2.362204724409449e-06
2024-11-21 23:26:49 [INFO]   loss: 0.4298,	steps: 200/10160,	epoch: 0,	learning_rate: 3.1496062992125985e-06
2024-11-21 23:27:13 [INFO]   loss: 0.3640,	steps: 250/10160,	epoch: 0,	learning_rate: 3.937007874015748e-06
2024-11-21 23:27:37 [INFO]   loss: 0.3534,	steps: 300/10160,	epoch: 0,	learning_rate: 4.724409448818898e-06
2024-11-21 23:28:01 [INFO]   loss: 0.4205,	steps: 350/10160,	epoch: 0,	learning_rate: 5.511811023622048e-06
2024-11-21 23:28:25 [INFO]   loss: 0.2821,	steps: 400/10160,	epoch: 0,	learning_rate: 6.299212598425197e-06
2024-11-21 23:28:50 [INFO]   loss: 0.2874,	steps: 450/10160,	epoch: 0,	learning_rate: 7.086614173228347e-06
2024-11-21 23:29:14 [INFO]   loss: 0.1818,	steps: 500/10160,	epoch: 0,	learning_rate: 7.874015748031496e-06
2024-11-21 23:29:38 [INFO]   loss: 0.3139,	steps: 550/10160,	epoch: 0,	learning_rate: 8.661417322834647e-06
2024-11-21 23:30:03 [INFO]   loss: 0.3554,	steps: 600/10160,	epoch: 0,	learning_rate: 9.448818897637797e-06
2024-11-21 23:56:26 [INFO]   第0轮的训练 测试结果为：{'R@5': 0.4545449061849516, 'R@10': 0.6376615148689129, 'RR@5': 0.733226102941177, 'RR@10': 0.7415083741830069, 'nDCG@5': 0.5303987577974932, 'nDCG@10': 0.5920562095825219}
2024-11-21 23:56:26 [INFO]   ------------------------------------------------
2024-11-21 23:56:26 [INFO]   第 0 轮已经训练完成  模型保存在 /mnt/workspace/clir/myself/output/2024-11-21/best_model
2024-11-21 23:56:26 [INFO]   ------------------------------------------------
2024-11-21 23:56:34 [INFO]   loss: 0.1629,	steps: 650/10160,	epoch: 1,	learning_rate: 9.984251968503938e-06
2024-11-21 23:56:58 [INFO]   loss: 0.3949,	steps: 700/10160,	epoch: 1,	learning_rate: 9.931758530183728e-06
2024-11-21 23:57:22 [INFO]   loss: 0.2016,	steps: 750/10160,	epoch: 1,	learning_rate: 9.879265091863518e-06
2024-11-21 23:57:46 [INFO]   loss: 0.1473,	steps: 800/10160,	epoch: 1,	learning_rate: 9.826771653543308e-06
2024-11-21 23:58:10 [INFO]   loss: 0.1217,	steps: 850/10160,	epoch: 1,	learning_rate: 9.774278215223098e-06
2024-11-21 23:58:34 [INFO]   loss: 0.3245,	steps: 900/10160,	epoch: 1,	learning_rate: 9.721784776902888e-06
2024-11-21 23:58:58 [INFO]   loss: 0.3165,	steps: 950/10160,	epoch: 1,	learning_rate: 9.669291338582679e-06
2024-11-21 23:59:22 [INFO]   loss: 0.2361,	steps: 1000/10160,	epoch: 1,	learning_rate: 9.616797900262467e-06
2024-11-21 23:59:47 [INFO]   loss: 0.3818,	steps: 1050/10160,	epoch: 1,	learning_rate: 9.564304461942257e-06
2024-11-22 00:00:11 [INFO]   loss: 0.3238,	steps: 1100/10160,	epoch: 1,	learning_rate: 9.511811023622049e-06
2024-11-22 00:00:35 [INFO]   loss: 0.0785,	steps: 1150/10160,	epoch: 1,	learning_rate: 9.459317585301838e-06
2024-11-22 00:00:59 [INFO]   loss: 0.2257,	steps: 1200/10160,	epoch: 1,	learning_rate: 9.406824146981628e-06
2024-11-22 00:01:23 [INFO]   loss: 0.2943,	steps: 1250/10160,	epoch: 1,	learning_rate: 9.354330708661418e-06
2024-11-22 00:27:33 [INFO]   第1轮的训练 测试结果为：{'R@5': 0.505954199541486, 'R@10': 0.6741496744631749, 'RR@5': 0.8220588235294122, 'RR@10': 0.8272514735060693, 'nDCG@5': 0.6133897046947344, 'nDCG@10': 0.6630018889825121}
2024-11-22 00:27:36 [INFO]   ------------------------------------------------
2024-11-22 00:27:36 [INFO]   第 1 轮已经训练完成  模型保存在 /mnt/workspace/clir/myself/output/2024-11-21/best_model
2024-11-22 00:27:36 [INFO]   ------------------------------------------------
2024-11-22 00:27:51 [INFO]   loss: 0.0945,	steps: 1300/10160,	epoch: 2,	learning_rate: 9.301837270341208e-06
2024-11-22 00:28:15 [INFO]   loss: 0.0361,	steps: 1350/10160,	epoch: 2,	learning_rate: 9.249343832020998e-06
2024-11-22 00:28:39 [INFO]   loss: 0.0677,	steps: 1400/10160,	epoch: 2,	learning_rate: 9.196850393700788e-06
2024-11-22 00:29:03 [INFO]   loss: 0.1374,	steps: 1450/10160,	epoch: 2,	learning_rate: 9.144356955380579e-06
2024-11-22 00:29:28 [INFO]   loss: 0.0443,	steps: 1500/10160,	epoch: 2,	learning_rate: 9.091863517060369e-06
2024-11-22 00:29:52 [INFO]   loss: 0.2573,	steps: 1550/10160,	epoch: 2,	learning_rate: 9.039370078740159e-06
2024-11-22 00:30:16 [INFO]   loss: 0.1419,	steps: 1600/10160,	epoch: 2,	learning_rate: 8.986876640419947e-06
2024-11-22 00:30:40 [INFO]   loss: 0.1652,	steps: 1650/10160,	epoch: 2,	learning_rate: 8.934383202099738e-06
2024-11-22 00:31:03 [INFO]   loss: 0.1704,	steps: 1700/10160,	epoch: 2,	learning_rate: 8.88188976377953e-06
2024-11-22 00:31:27 [INFO]   loss: 0.1973,	steps: 1750/10160,	epoch: 2,	learning_rate: 8.829396325459318e-06
2024-11-22 00:31:51 [INFO]   loss: 0.2244,	steps: 1800/10160,	epoch: 2,	learning_rate: 8.776902887139108e-06
2024-11-22 00:32:15 [INFO]   loss: 0.1489,	steps: 1850/10160,	epoch: 2,	learning_rate: 8.724409448818898e-06
2024-11-22 00:32:39 [INFO]   loss: 0.0864,	steps: 1900/10160,	epoch: 2,	learning_rate: 8.671916010498688e-06
2024-11-22 00:58:39 [INFO]   第2轮的训练 测试结果为：{'R@5': 0.5101122563008542, 'R@10': 0.6718175339389628, 'RR@5': 0.8446997549019614, 'RR@10': 0.8504012021475259, 'nDCG@5': 0.6335812045743987, 'nDCG@10': 0.6772830002694716}
2024-11-22 00:58:42 [INFO]   ------------------------------------------------
2024-11-22 00:58:42 [INFO]   第 2 轮已经训练完成  模型保存在 /mnt/workspace/clir/myself/output/2024-11-21/best_model
2024-11-22 00:58:42 [INFO]   ------------------------------------------------
2024-11-22 00:59:04 [INFO]   loss: 0.0910,	steps: 1950/10160,	epoch: 3,	learning_rate: 8.619422572178478e-06
2024-11-22 00:59:28 [INFO]   loss: 0.0288,	steps: 2000/10160,	epoch: 3,	learning_rate: 8.566929133858269e-06
2024-11-22 00:59:52 [INFO]   loss: 0.0670,	steps: 2050/10160,	epoch: 3,	learning_rate: 8.514435695538059e-06
2024-11-22 01:00:16 [INFO]   loss: 0.2163,	steps: 2100/10160,	epoch: 3,	learning_rate: 8.461942257217849e-06
2024-11-22 01:00:39 [INFO]   loss: 0.1974,	steps: 2150/10160,	epoch: 3,	learning_rate: 8.409448818897639e-06
2024-11-22 01:01:04 [INFO]   loss: 0.1853,	steps: 2200/10160,	epoch: 3,	learning_rate: 8.356955380577428e-06
2024-11-22 01:01:28 [INFO]   loss: 0.0530,	steps: 2250/10160,	epoch: 3,	learning_rate: 8.304461942257218e-06
2024-11-22 01:01:52 [INFO]   loss: 0.1578,	steps: 2300/10160,	epoch: 3,	learning_rate: 8.25196850393701e-06
2024-11-22 01:02:16 [INFO]   loss: 0.1448,	steps: 2350/10160,	epoch: 3,	learning_rate: 8.199475065616798e-06
2024-11-22 01:02:40 [INFO]   loss: 0.1198,	steps: 2400/10160,	epoch: 3,	learning_rate: 8.146981627296588e-06
2024-11-22 01:03:03 [INFO]   loss: 0.0496,	steps: 2450/10160,	epoch: 3,	learning_rate: 8.094488188976378e-06
2024-11-22 01:03:27 [INFO]   loss: 0.4267,	steps: 2500/10160,	epoch: 3,	learning_rate: 8.041994750656169e-06
2024-11-22 01:29:45 [INFO]   第3轮的训练 测试结果为：{'R@5': 0.5261931843378926, 'R@10': 0.6918280138577748, 'RR@5': 0.8447763480392163, 'RR@10': 0.8496899801587307, 'nDCG@5': 0.6475780333308618, 'nDCG@10': 0.6923371856245909}
2024-11-22 01:29:49 [INFO]   ------------------------------------------------
2024-11-22 01:29:49 [INFO]   第 3 轮已经训练完成  模型保存在 /mnt/workspace/clir/myself/output/2024-11-21/best_model
2024-11-22 01:29:49 [INFO]   ------------------------------------------------
2024-11-22 01:29:54 [INFO]   loss: 0.0966,	steps: 2550/10160,	epoch: 4,	learning_rate: 7.989501312335959e-06
2024-11-22 01:30:18 [INFO]   loss: 0.0762,	steps: 2600/10160,	epoch: 4,	learning_rate: 7.937007874015749e-06
2024-11-22 01:30:42 [INFO]   loss: 0.0619,	steps: 2650/10160,	epoch: 4,	learning_rate: 7.884514435695539e-06
2024-11-22 01:31:06 [INFO]   loss: 0.1408,	steps: 2700/10160,	epoch: 4,	learning_rate: 7.83202099737533e-06
2024-11-22 01:31:30 [INFO]   loss: 0.0276,	steps: 2750/10160,	epoch: 4,	learning_rate: 7.77952755905512e-06
2024-11-22 01:31:54 [INFO]   loss: 0.1368,	steps: 2800/10160,	epoch: 4,	learning_rate: 7.72703412073491e-06
2024-11-22 01:32:18 [INFO]   loss: 0.1068,	steps: 2850/10160,	epoch: 4,	learning_rate: 7.674540682414698e-06
2024-11-22 01:32:42 [INFO]   loss: 0.1151,	steps: 2900/10160,	epoch: 4,	learning_rate: 7.622047244094489e-06
2024-11-22 01:33:06 [INFO]   loss: 0.0705,	steps: 2950/10160,	epoch: 4,	learning_rate: 7.569553805774279e-06
2024-11-22 01:33:30 [INFO]   loss: 0.2013,	steps: 3000/10160,	epoch: 4,	learning_rate: 7.5170603674540684e-06
2024-11-22 01:33:54 [INFO]   loss: 0.1016,	steps: 3050/10160,	epoch: 4,	learning_rate: 7.464566929133859e-06
2024-11-22 01:34:18 [INFO]   loss: 0.1438,	steps: 3100/10160,	epoch: 4,	learning_rate: 7.41207349081365e-06
2024-11-22 01:34:42 [INFO]   loss: 0.0396,	steps: 3150/10160,	epoch: 4,	learning_rate: 7.359580052493439e-06
2024-11-22 02:00:54 [INFO]   第4轮的训练 测试结果为：{'R@5': 0.5187365397614578, 'R@10': 0.6915441260885193, 'RR@5': 0.8386642156862748, 'RR@10': 0.8432357317927175, 'nDCG@5': 0.6366555727338645, 'nDCG@10': 0.687401321742804}
2024-11-22 02:01:06 [INFO]   loss: 0.0978,	steps: 3200/10160,	epoch: 5,	learning_rate: 7.307086614173229e-06
2024-11-22 02:01:30 [INFO]   loss: 0.1410,	steps: 3250/10160,	epoch: 5,	learning_rate: 7.254593175853018e-06
2024-11-22 02:01:54 [INFO]   loss: 0.0028,	steps: 3300/10160,	epoch: 5,	learning_rate: 7.202099737532809e-06
2024-11-22 02:02:18 [INFO]   loss: 0.1802,	steps: 3350/10160,	epoch: 5,	learning_rate: 7.1496062992125995e-06
2024-11-22 02:02:42 [INFO]   loss: 0.0747,	steps: 3400/10160,	epoch: 5,	learning_rate: 7.097112860892389e-06
2024-11-22 02:03:06 [INFO]   loss: 0.0691,	steps: 3450/10160,	epoch: 5,	learning_rate: 7.044619422572179e-06
2024-11-22 02:03:29 [INFO]   loss: 0.0699,	steps: 3500/10160,	epoch: 5,	learning_rate: 6.992125984251969e-06
2024-11-22 02:03:54 [INFO]   loss: 0.1172,	steps: 3550/10160,	epoch: 5,	learning_rate: 6.939632545931759e-06
2024-11-22 02:04:18 [INFO]   loss: 0.0799,	steps: 3600/10160,	epoch: 5,	learning_rate: 6.887139107611549e-06
2024-11-22 02:04:42 [INFO]   loss: 0.0700,	steps: 3650/10160,	epoch: 5,	learning_rate: 6.834645669291339e-06
2024-11-22 02:05:06 [INFO]   loss: 0.1387,	steps: 3700/10160,	epoch: 5,	learning_rate: 6.78215223097113e-06
2024-11-22 02:05:30 [INFO]   loss: 0.0069,	steps: 3750/10160,	epoch: 5,	learning_rate: 6.729658792650919e-06
2024-11-22 02:05:53 [INFO]   loss: 0.0737,	steps: 3800/10160,	epoch: 5,	learning_rate: 6.677165354330709e-06
2024-11-22 02:31:56 [INFO]   第5轮的训练 测试结果为：{'R@5': 0.5130850188267048, 'R@10': 0.6830101164867691, 'RR@5': 0.8231004901960793, 'RR@10': 0.827407212885155, 'nDCG@5': 0.6121323280256616, 'nDCG@10': 0.6641734149868693}
2024-11-22 02:32:16 [INFO]   loss: 0.0351,	steps: 3850/10160,	epoch: 6,	learning_rate: 6.624671916010499e-06
2024-11-22 02:32:40 [INFO]   loss: 0.0201,	steps: 3900/10160,	epoch: 6,	learning_rate: 6.57217847769029e-06
2024-11-22 02:33:03 [INFO]   loss: 0.0484,	steps: 3950/10160,	epoch: 6,	learning_rate: 6.51968503937008e-06
2024-11-22 02:33:27 [INFO]   loss: 0.0457,	steps: 4000/10160,	epoch: 6,	learning_rate: 6.467191601049869e-06
2024-11-22 02:33:51 [INFO]   loss: 0.0511,	steps: 4050/10160,	epoch: 6,	learning_rate: 6.414698162729659e-06
2024-11-22 02:34:15 [INFO]   loss: 0.0851,	steps: 4100/10160,	epoch: 6,	learning_rate: 6.362204724409449e-06
2024-11-22 02:34:39 [INFO]   loss: 0.0644,	steps: 4150/10160,	epoch: 6,	learning_rate: 6.3097112860892396e-06
2024-11-22 02:35:03 [INFO]   loss: 0.0664,	steps: 4200/10160,	epoch: 6,	learning_rate: 6.257217847769029e-06
2024-11-22 02:35:28 [INFO]   loss: 0.0584,	steps: 4250/10160,	epoch: 6,	learning_rate: 6.204724409448819e-06
2024-11-22 02:35:51 [INFO]   loss: 0.1070,	steps: 4300/10160,	epoch: 6,	learning_rate: 6.15223097112861e-06
2024-11-22 02:36:16 [INFO]   loss: 0.0362,	steps: 4350/10160,	epoch: 6,	learning_rate: 6.099737532808399e-06
2024-11-22 02:36:40 [INFO]   loss: 0.0945,	steps: 4400/10160,	epoch: 6,	learning_rate: 6.0472440944881895e-06
2024-11-22 03:02:59 [INFO]   第6轮的训练 测试结果为：{'R@5': 0.5377846363207733, 'R@10': 0.7044813901119917, 'RR@5': 0.853630514705883, 'RR@10': 0.856960857259571, 'nDCG@5': 0.6492863211170267, 'nDCG@10': 0.6995028471873455}
2024-11-22 03:03:02 [INFO]   ------------------------------------------------
2024-11-22 03:03:02 [INFO]   第 6 轮已经训练完成  模型保存在 /mnt/workspace/clir/myself/output/2024-11-21/best_model
2024-11-22 03:03:02 [INFO]   ------------------------------------------------
2024-11-22 03:03:05 [INFO]   loss: 0.0460,	steps: 4450/10160,	epoch: 7,	learning_rate: 5.994750656167979e-06
2024-11-22 03:03:28 [INFO]   loss: 0.1262,	steps: 4500/10160,	epoch: 7,	learning_rate: 5.94225721784777e-06
2024-11-22 03:03:52 [INFO]   loss: 0.0288,	steps: 4550/10160,	epoch: 7,	learning_rate: 5.88976377952756e-06
2024-11-22 03:04:17 [INFO]   loss: 0.0297,	steps: 4600/10160,	epoch: 7,	learning_rate: 5.837270341207349e-06
2024-11-22 03:04:40 [INFO]   loss: 0.0486,	steps: 4650/10160,	epoch: 7,	learning_rate: 5.7847769028871395e-06
2024-11-22 03:05:04 [INFO]   loss: 0.0481,	steps: 4700/10160,	epoch: 7,	learning_rate: 5.7322834645669305e-06
2024-11-22 03:05:28 [INFO]   loss: 0.0266,	steps: 4750/10160,	epoch: 7,	learning_rate: 5.67979002624672e-06
2024-11-22 03:05:52 [INFO]   loss: 0.0813,	steps: 4800/10160,	epoch: 7,	learning_rate: 5.62729658792651e-06
2024-11-22 03:06:16 [INFO]   loss: 0.1079,	steps: 4850/10160,	epoch: 7,	learning_rate: 5.574803149606299e-06
2024-11-22 03:06:40 [INFO]   loss: 0.0204,	steps: 4900/10160,	epoch: 7,	learning_rate: 5.52230971128609e-06
2024-11-22 03:07:04 [INFO]   loss: 0.0523,	steps: 4950/10160,	epoch: 7,	learning_rate: 5.46981627296588e-06
2024-11-22 03:07:28 [INFO]   loss: 0.0236,	steps: 5000/10160,	epoch: 7,	learning_rate: 5.41732283464567e-06
2024-11-22 03:07:52 [INFO]   loss: 0.0366,	steps: 5050/10160,	epoch: 7,	learning_rate: 5.364829396325459e-06
2024-11-22 03:34:06 [INFO]   第7轮的训练 测试结果为：{'R@5': 0.5338842316057424, 'R@10': 0.70294283547162, 'RR@5': 0.852726715686275, 'RR@10': 0.8563951622315595, 'nDCG@5': 0.6463516029188549, 'nDCG@10': 0.6964590842884469}
2024-11-22 03:34:15 [INFO]   loss: 0.0065,	steps: 5100/10160,	epoch: 8,	learning_rate: 5.31233595800525e-06
2024-11-22 03:34:39 [INFO]   loss: 0.0117,	steps: 5150/10160,	epoch: 8,	learning_rate: 5.25984251968504e-06
2024-11-22 03:35:02 [INFO]   loss: 0.0440,	steps: 5200/10160,	epoch: 8,	learning_rate: 5.2073490813648295e-06
2024-11-22 03:35:27 [INFO]   loss: 0.0855,	steps: 5250/10160,	epoch: 8,	learning_rate: 5.15485564304462e-06
2024-11-22 03:35:51 [INFO]   loss: 0.0668,	steps: 5300/10160,	epoch: 8,	learning_rate: 5.102362204724411e-06
2024-11-22 03:36:16 [INFO]   loss: 0.2187,	steps: 5350/10160,	epoch: 8,	learning_rate: 5.0498687664042e-06
2024-11-22 03:36:40 [INFO]   loss: 0.1239,	steps: 5400/10160,	epoch: 8,	learning_rate: 4.99737532808399e-06
2024-11-22 03:37:04 [INFO]   loss: 0.0354,	steps: 5450/10160,	epoch: 8,	learning_rate: 4.94488188976378e-06
2024-11-22 03:37:28 [INFO]   loss: 0.0329,	steps: 5500/10160,	epoch: 8,	learning_rate: 4.89238845144357e-06
2024-11-22 03:37:52 [INFO]   loss: 0.0968,	steps: 5550/10160,	epoch: 8,	learning_rate: 4.83989501312336e-06
2024-11-22 03:38:15 [INFO]   loss: 0.0312,	steps: 5600/10160,	epoch: 8,	learning_rate: 4.78740157480315e-06
2024-11-22 03:38:39 [INFO]   loss: 0.0614,	steps: 5650/10160,	epoch: 8,	learning_rate: 4.73490813648294e-06
2024-11-22 03:39:03 [INFO]   loss: 0.0325,	steps: 5700/10160,	epoch: 8,	learning_rate: 4.68241469816273e-06
2024-11-22 04:05:10 [INFO]   第8轮的训练 测试结果为：{'R@5': 0.5377803158321309, 'R@10': 0.7023604312093203, 'RR@5': 0.8501838235294124, 'RR@10': 0.8536772000466859, 'nDCG@5': 0.6529275842683235, 'nDCG@10': 0.6987948341888703}
2024-11-22 04:05:26 [INFO]   loss: 0.0664,	steps: 5750/10160,	epoch: 9,	learning_rate: 4.6299212598425204e-06
2024-11-22 04:05:50 [INFO]   loss: 0.0879,	steps: 5800/10160,	epoch: 9,	learning_rate: 4.57742782152231e-06
2024-11-22 04:06:14 [INFO]   loss: 0.0175,	steps: 5850/10160,	epoch: 9,	learning_rate: 4.5249343832021e-06
2024-11-22 04:06:38 [INFO]   loss: 0.0812,	steps: 5900/10160,	epoch: 9,	learning_rate: 4.47244094488189e-06
2024-11-22 04:07:02 [INFO]   loss: 0.0602,	steps: 5950/10160,	epoch: 9,	learning_rate: 4.41994750656168e-06
2024-11-22 04:07:26 [INFO]   loss: 0.0365,	steps: 6000/10160,	epoch: 9,	learning_rate: 4.36745406824147e-06
2024-11-22 04:07:50 [INFO]   loss: 0.0386,	steps: 6050/10160,	epoch: 9,	learning_rate: 4.3149606299212606e-06
2024-11-22 04:08:13 [INFO]   loss: 0.0531,	steps: 6100/10160,	epoch: 9,	learning_rate: 4.26246719160105e-06
2024-11-22 04:08:37 [INFO]   loss: 0.0039,	steps: 6150/10160,	epoch: 9,	learning_rate: 4.209973753280841e-06
2024-11-22 04:09:01 [INFO]   loss: 0.0282,	steps: 6200/10160,	epoch: 9,	learning_rate: 4.15748031496063e-06
2024-11-22 04:09:25 [INFO]   loss: 0.1443,	steps: 6250/10160,	epoch: 9,	learning_rate: 4.10498687664042e-06
2024-11-22 04:09:49 [INFO]   loss: 0.0251,	steps: 6300/10160,	epoch: 9,	learning_rate: 4.0524934383202105e-06
2024-11-22 04:10:13 [INFO]   loss: 0.0696,	steps: 6350/10160,	epoch: 9,	learning_rate: 4.000000000000001e-06
2024-11-22 04:36:14 [INFO]   第9轮的训练 测试结果为：{'R@5': 0.5357806785431161, 'R@10': 0.7078933967936711, 'RR@5': 0.8577512254901964, 'RR@10': 0.8623158117413635, 'nDCG@5': 0.6550630590995031, 'nDCG@10': 0.7045479800792203}
2024-11-22 04:36:17 [INFO]   ------------------------------------------------
2024-11-22 04:36:17 [INFO]   第 9 轮已经训练完成  模型保存在 /mnt/workspace/clir/myself/output/2024-11-21/best_model
2024-11-22 04:36:17 [INFO]   ------------------------------------------------
2024-11-22 04:36:40 [INFO]   loss: 0.0327,	steps: 6400/10160,	epoch: 10,	learning_rate: 3.94750656167979e-06
2024-11-22 04:37:04 [INFO]   loss: 0.0443,	steps: 6450/10160,	epoch: 10,	learning_rate: 3.895013123359581e-06
2024-11-22 04:37:28 [INFO]   loss: 0.0803,	steps: 6500/10160,	epoch: 10,	learning_rate: 3.84251968503937e-06
2024-11-22 04:37:52 [INFO]   loss: 0.0070,	steps: 6550/10160,	epoch: 10,	learning_rate: 3.7900262467191605e-06
2024-11-22 04:38:16 [INFO]   loss: 0.0344,	steps: 6600/10160,	epoch: 10,	learning_rate: 3.73753280839895e-06
2024-11-22 04:38:40 [INFO]   loss: 0.0552,	steps: 6650/10160,	epoch: 10,	learning_rate: 3.6850393700787408e-06
2024-11-22 04:39:03 [INFO]   loss: 0.0111,	steps: 6700/10160,	epoch: 10,	learning_rate: 3.6325459317585305e-06
2024-11-22 04:39:28 [INFO]   loss: 0.0473,	steps: 6750/10160,	epoch: 10,	learning_rate: 3.5800524934383207e-06
2024-11-22 04:39:52 [INFO]   loss: 0.0052,	steps: 6800/10160,	epoch: 10,	learning_rate: 3.5275590551181104e-06
2024-11-22 04:40:16 [INFO]   loss: 0.0431,	steps: 6850/10160,	epoch: 10,	learning_rate: 3.4750656167979006e-06
2024-11-22 04:40:40 [INFO]   loss: 0.0821,	steps: 6900/10160,	epoch: 10,	learning_rate: 3.4225721784776907e-06
2024-11-22 04:41:04 [INFO]   loss: 0.0789,	steps: 6950/10160,	epoch: 10,	learning_rate: 3.370078740157481e-06
2024-11-22 05:07:21 [INFO]   第10轮的训练 测试结果为：{'R@5': 0.5402794055247854, 'R@10': 0.7029825875865803, 'RR@5': 0.8546721813725494, 'RR@10': 0.8580907883986932, 'nDCG@5': 0.6546533092990123, 'nDCG@10': 0.6985081245957724}
2024-11-22 05:07:28 [INFO]   loss: 0.0426,	steps: 7000/10160,	epoch: 11,	learning_rate: 3.3175853018372706e-06
2024-11-22 05:07:52 [INFO]   loss: 0.0252,	steps: 7050/10160,	epoch: 11,	learning_rate: 3.2650918635170608e-06
2024-11-22 05:08:15 [INFO]   loss: 0.0533,	steps: 7100/10160,	epoch: 11,	learning_rate: 3.2125984251968505e-06
2024-11-22 05:08:39 [INFO]   loss: 0.0567,	steps: 7150/10160,	epoch: 11,	learning_rate: 3.160104986876641e-06
2024-11-22 05:09:04 [INFO]   loss: 0.0357,	steps: 7200/10160,	epoch: 11,	learning_rate: 3.107611548556431e-06
2024-11-22 05:09:28 [INFO]   loss: 0.0393,	steps: 7250/10160,	epoch: 11,	learning_rate: 3.055118110236221e-06
2024-11-22 05:09:51 [INFO]   loss: 0.1446,	steps: 7300/10160,	epoch: 11,	learning_rate: 3.0026246719160107e-06
2024-11-22 05:10:16 [INFO]   loss: 0.0508,	steps: 7350/10160,	epoch: 11,	learning_rate: 2.950131233595801e-06
2024-11-22 05:10:40 [INFO]   loss: 0.0610,	steps: 7400/10160,	epoch: 11,	learning_rate: 2.8976377952755906e-06
2024-11-22 05:11:03 [INFO]   loss: 0.0611,	steps: 7450/10160,	epoch: 11,	learning_rate: 2.8451443569553812e-06
2024-11-22 05:11:27 [INFO]   loss: 0.0411,	steps: 7500/10160,	epoch: 11,	learning_rate: 2.792650918635171e-06
2024-11-22 05:11:51 [INFO]   loss: 0.0932,	steps: 7550/10160,	epoch: 11,	learning_rate: 2.740157480314961e-06
2024-11-22 05:12:15 [INFO]   loss: 0.0073,	steps: 7600/10160,	epoch: 11,	learning_rate: 2.687664041994751e-06
2024-11-22 05:38:24 [INFO]   第11轮的训练 测试结果为：{'R@5': 0.5380152896607251, 'R@10': 0.6994402172070917, 'RR@5': 0.8586703431372553, 'RR@10': 0.8624722805788986, 'nDCG@5': 0.6586738020665812, 'nDCG@10': 0.7015094220140776}
2024-11-22 05:38:38 [INFO]   loss: 0.1058,	steps: 7650/10160,	epoch: 12,	learning_rate: 2.635170603674541e-06
2024-11-22 05:39:02 [INFO]   loss: 0.0450,	steps: 7700/10160,	epoch: 12,	learning_rate: 2.5826771653543307e-06
2024-11-22 05:39:26 [INFO]   loss: 0.0221,	steps: 7750/10160,	epoch: 12,	learning_rate: 2.5301837270341213e-06
2024-11-22 05:39:50 [INFO]   loss: 0.0435,	steps: 7800/10160,	epoch: 12,	learning_rate: 2.477690288713911e-06
2024-11-22 05:40:14 [INFO]   loss: 0.1257,	steps: 7850/10160,	epoch: 12,	learning_rate: 2.425196850393701e-06
2024-11-22 05:40:38 [INFO]   loss: 0.1013,	steps: 7900/10160,	epoch: 12,	learning_rate: 2.372703412073491e-06
2024-11-22 05:41:02 [INFO]   loss: 0.0436,	steps: 7950/10160,	epoch: 12,	learning_rate: 2.320209973753281e-06
2024-11-22 05:41:25 [INFO]   loss: 0.0243,	steps: 8000/10160,	epoch: 12,	learning_rate: 2.267716535433071e-06
2024-11-22 05:41:49 [INFO]   loss: 0.1019,	steps: 8050/10160,	epoch: 12,	learning_rate: 2.215223097112861e-06
2024-11-22 05:42:13 [INFO]   loss: 0.0712,	steps: 8100/10160,	epoch: 12,	learning_rate: 2.162729658792651e-06
2024-11-22 05:42:37 [INFO]   loss: 0.0163,	steps: 8150/10160,	epoch: 12,	learning_rate: 2.110236220472441e-06
2024-11-22 05:43:01 [INFO]   loss: 0.1097,	steps: 8200/10160,	epoch: 12,	learning_rate: 2.057742782152231e-06
2024-11-22 05:43:25 [INFO]   loss: 0.1738,	steps: 8250/10160,	epoch: 12,	learning_rate: 2.0052493438320212e-06
2024-11-22 06:09:28 [INFO]   第12轮的训练 测试结果为：{'R@5': 0.54789359975302, 'R@10': 0.7120791314967242, 'RR@5': 0.8679381127450985, 'RR@10': 0.8711159984827268, 'nDCG@5': 0.6667972647829691, 'nDCG@10': 0.7129772626652428}
2024-11-22 06:09:31 [INFO]   ------------------------------------------------
2024-11-22 06:09:31 [INFO]   第 12 轮已经训练完成  模型保存在 /mnt/workspace/clir/myself/output/2024-11-21/best_model
2024-11-22 06:09:31 [INFO]   ------------------------------------------------
2024-11-22 06:09:52 [INFO]   loss: 0.0421,	steps: 8300/10160,	epoch: 13,	learning_rate: 1.952755905511811e-06
2024-11-22 06:10:17 [INFO]   loss: 0.0365,	steps: 8350/10160,	epoch: 13,	learning_rate: 1.9002624671916011e-06
2024-11-22 06:10:41 [INFO]   loss: 0.0338,	steps: 8400/10160,	epoch: 13,	learning_rate: 1.8477690288713913e-06
2024-11-22 06:11:05 [INFO]   loss: 0.0446,	steps: 8450/10160,	epoch: 13,	learning_rate: 1.7952755905511812e-06
2024-11-22 06:11:29 [INFO]   loss: 0.1091,	steps: 8500/10160,	epoch: 13,	learning_rate: 1.7427821522309712e-06
2024-11-22 06:11:53 [INFO]   loss: 0.1671,	steps: 8550/10160,	epoch: 13,	learning_rate: 1.6902887139107613e-06
2024-11-22 06:12:16 [INFO]   loss: 0.0134,	steps: 8600/10160,	epoch: 13,	learning_rate: 1.6377952755905513e-06
2024-11-22 06:12:40 [INFO]   loss: 0.0300,	steps: 8650/10160,	epoch: 13,	learning_rate: 1.5853018372703412e-06
2024-11-22 06:13:04 [INFO]   loss: 0.0923,	steps: 8700/10160,	epoch: 13,	learning_rate: 1.5328083989501314e-06
2024-11-22 06:13:28 [INFO]   loss: 0.0851,	steps: 8750/10160,	epoch: 13,	learning_rate: 1.4803149606299213e-06
2024-11-22 06:13:53 [INFO]   loss: 0.0293,	steps: 8800/10160,	epoch: 13,	learning_rate: 1.4278215223097113e-06
2024-11-22 06:14:16 [INFO]   loss: 0.1783,	steps: 8850/10160,	epoch: 13,	learning_rate: 1.3753280839895015e-06
2024-11-22 06:40:36 [INFO]   第13轮的训练 测试结果为：{'R@5': 0.5429615499484733, 'R@10': 0.7075594939397427, 'RR@5': 0.8625459558823532, 'RR@10': 0.8658215890522878, 'nDCG@5': 0.660035920844348, 'nDCG@10': 0.7060504607254094}
2024-11-22 06:40:40 [INFO]   loss: 0.0871,	steps: 8900/10160,	epoch: 14,	learning_rate: 1.3228346456692914e-06
2024-11-22 06:41:04 [INFO]   loss: 0.0353,	steps: 8950/10160,	epoch: 14,	learning_rate: 1.2703412073490814e-06
2024-11-22 06:41:28 [INFO]   loss: 0.1306,	steps: 9000/10160,	epoch: 14,	learning_rate: 1.2178477690288715e-06
2024-11-22 06:41:53 [INFO]   loss: 0.0208,	steps: 9050/10160,	epoch: 14,	learning_rate: 1.1653543307086615e-06
2024-11-22 06:42:16 [INFO]   loss: 0.0703,	steps: 9100/10160,	epoch: 14,	learning_rate: 1.1128608923884516e-06
2024-11-22 06:42:40 [INFO]   loss: 0.0590,	steps: 9150/10160,	epoch: 14,	learning_rate: 1.0603674540682416e-06
2024-11-22 06:43:04 [INFO]   loss: 0.0906,	steps: 9200/10160,	epoch: 14,	learning_rate: 1.0078740157480315e-06
2024-11-22 06:43:28 [INFO]   loss: 0.1590,	steps: 9250/10160,	epoch: 14,	learning_rate: 9.553805774278217e-07
2024-11-22 06:43:52 [INFO]   loss: 0.0200,	steps: 9300/10160,	epoch: 14,	learning_rate: 9.028871391076116e-07
2024-11-22 06:44:16 [INFO]   loss: 0.0541,	steps: 9350/10160,	epoch: 14,	learning_rate: 8.503937007874017e-07
2024-11-22 06:44:40 [INFO]   loss: 0.0097,	steps: 9400/10160,	epoch: 14,	learning_rate: 7.979002624671916e-07
2024-11-22 06:45:03 [INFO]   loss: 0.0937,	steps: 9450/10160,	epoch: 14,	learning_rate: 7.454068241469817e-07
2024-11-22 06:45:28 [INFO]   loss: 0.0087,	steps: 9500/10160,	epoch: 14,	learning_rate: 6.929133858267717e-07
2024-11-22 07:11:39 [INFO]   第14轮的训练 测试结果为：{'R@5': 0.549309764279829, 'R@10': 0.7091755825158857, 'RR@5': 0.8698682598039219, 'RR@10': 0.872793388188609, 'nDCG@5': 0.6685693969821423, 'nDCG@10': 0.711961790815576}
2024-11-22 07:11:51 [INFO]   loss: 0.0348,	steps: 9550/10160,	epoch: 15,	learning_rate: 6.404199475065617e-07
2024-11-22 07:12:15 [INFO]   loss: 0.0706,	steps: 9600/10160,	epoch: 15,	learning_rate: 5.879265091863517e-07
2024-11-22 07:12:39 [INFO]   loss: 0.0059,	steps: 9650/10160,	epoch: 15,	learning_rate: 5.354330708661418e-07
2024-11-22 07:13:03 [INFO]   loss: 0.0749,	steps: 9700/10160,	epoch: 15,	learning_rate: 4.829396325459318e-07
2024-11-22 07:13:27 [INFO]   loss: 0.0318,	steps: 9750/10160,	epoch: 15,	learning_rate: 4.304461942257218e-07
2024-11-22 07:13:51 [INFO]   loss: 0.0939,	steps: 9800/10160,	epoch: 15,	learning_rate: 3.7795275590551184e-07
2024-11-22 07:14:15 [INFO]   loss: 0.0084,	steps: 9850/10160,	epoch: 15,	learning_rate: 3.2545931758530185e-07
2024-11-22 07:14:39 [INFO]   loss: 0.0761,	steps: 9900/10160,	epoch: 15,	learning_rate: 2.729658792650919e-07
2024-11-22 07:15:03 [INFO]   loss: 0.0034,	steps: 9950/10160,	epoch: 15,	learning_rate: 2.204724409448819e-07
2024-11-22 07:15:27 [INFO]   loss: 0.0570,	steps: 10000/10160,	epoch: 15,	learning_rate: 1.6797900262467193e-07
2024-11-22 07:15:50 [INFO]   loss: 0.0743,	steps: 10050/10160,	epoch: 15,	learning_rate: 1.1548556430446196e-07
2024-11-22 07:16:14 [INFO]   loss: 0.0878,	steps: 10100/10160,	epoch: 15,	learning_rate: 6.299212598425197e-08
2024-11-22 07:16:38 [INFO]   loss: 0.0063,	steps: 10150/10160,	epoch: 15,	learning_rate: 1.0498687664041996e-08
2024-11-22 07:42:43 [INFO]   第15轮的训练 测试结果为：{'R@5': 0.5504582807092347, 'R@10': 0.7102919696208359, 'RR@5': 0.8692248774509808, 'RR@10': 0.871996819561158, 'nDCG@5': 0.6691227145845499, 'nDCG@10': 0.7128256889881619}
2024-11-22 07:42:43 [INFO]   ------------------------------------------------
2024-11-22 07:42:43 [INFO]   最佳评测指标为: {'R@5': 0.54789359975302, 'R@10': 0.7120791314967242, 'RR@5': 0.8679381127450985, 'RR@10': 0.8711159984827268, 'nDCG@5': 0.6667972647829691, 'nDCG@10': 0.7129772626652428}
2024-11-22 07:42:43 [INFO]   ------------------------------------------------
2024-11-22 07:42:43 [INFO]   ------------------------------------------------
2024-11-22 07:42:43 [INFO]   所有epoch的平均评测指标为: {'R@5': 0.5276733660706986, 'R@10': 0.6943261259785987, 'RR@5': 0.843983609068628, 'RR@10': 0.8481958668884224, 'nDCG@5': 0.6409510360700204, 'nDCG@10': 0.6887119072960557}
2024-11-22 07:42:43 [INFO]   ------------------------------------------------
