self.alpha = 0.25  # 权重系数
2024-09-26 11:33:09 [INFO]   ***** Running training *****
2024-09-26 11:33:09 [INFO]   当前时间: 2024-09-26 11:33:09
2024-09-26 11:33:09 [INFO]   Num examples = 5087
2024-09-26 11:33:09 [INFO]   Num Epochs = 16
2024-09-26 11:33:09 [INFO]   Instantaneous batch size per device = 8
2024-09-26 11:33:09 [INFO]   Total train batch size (w. parallel, distributed & accumulation) = 16
2024-09-26 11:33:09 [INFO]   Total optimization steps = 10160
2024-09-26 11:33:09 [INFO]   训练的设备: cuda, 设备编号: 0
2024-09-26 11:33:31 [INFO]   loss: 0.2785,	steps: 50/10160,	epoch: 0,	learning_rate: 7.874015748031496e-07
2024-09-26 11:33:53 [INFO]   loss: 0.1095,	steps: 100/10160,	epoch: 0,	learning_rate: 1.5748031496062992e-06
2024-09-26 11:34:15 [INFO]   loss: 0.0355,	steps: 150/10160,	epoch: 0,	learning_rate: 2.362204724409449e-06
2024-09-26 11:34:38 [INFO]   loss: 0.0795,	steps: 200/10160,	epoch: 0,	learning_rate: 3.1496062992125985e-06
2024-09-26 11:35:00 [INFO]   loss: 0.1228,	steps: 250/10160,	epoch: 0,	learning_rate: 3.937007874015748e-06
2024-09-26 11:35:22 [INFO]   loss: 0.0544,	steps: 300/10160,	epoch: 0,	learning_rate: 4.724409448818898e-06
2024-09-26 11:35:44 [INFO]   loss: 0.1667,	steps: 350/10160,	epoch: 0,	learning_rate: 5.511811023622048e-06
2024-09-26 11:36:05 [INFO]   loss: 0.0274,	steps: 400/10160,	epoch: 0,	learning_rate: 6.299212598425197e-06
2024-09-26 11:36:28 [INFO]   loss: 0.0273,	steps: 450/10160,	epoch: 0,	learning_rate: 7.086614173228347e-06
2024-09-26 11:36:50 [INFO]   loss: 0.0275,	steps: 500/10160,	epoch: 0,	learning_rate: 7.874015748031496e-06
2024-09-26 11:37:12 [INFO]   loss: 0.0255,	steps: 550/10160,	epoch: 0,	learning_rate: 8.661417322834647e-06
2024-09-26 11:37:34 [INFO]   loss: 0.0318,	steps: 600/10160,	epoch: 0,	learning_rate: 9.448818897637797e-06
2024-09-26 12:02:03 [INFO]   第0轮的训练 测试结果为：{'R@5': 0.47520422104457216, 'R@10': 0.6284686124184882, 'RR@5': 0.7815716911764714, 'RR@10': 0.7866990546218493, 'nDCG@5': 0.5765558453260416, 'nDCG@10': 0.623277155687399}
2024-09-26 12:02:04 [INFO]   ------------------------------------------------
2024-09-26 12:02:04 [INFO]   第 0 轮已经训练完成  模型保存在 /mnt/workspace/clir/myself/output/2024-09-26/best_model
2024-09-26 12:02:04 [INFO]   ------------------------------------------------
2024-09-26 12:02:11 [INFO]   loss: 0.0488,	steps: 650/10160,	epoch: 1,	learning_rate: 9.984251968503938e-06
2024-09-26 12:02:33 [INFO]   loss: 0.1449,	steps: 700/10160,	epoch: 1,	learning_rate: 9.931758530183728e-06
2024-09-26 12:02:55 [INFO]   loss: 0.0271,	steps: 750/10160,	epoch: 1,	learning_rate: 9.879265091863518e-06
2024-09-26 12:03:17 [INFO]   loss: 0.1424,	steps: 800/10160,	epoch: 1,	learning_rate: 9.826771653543308e-06
2024-09-26 12:03:39 [INFO]   loss: 0.0915,	steps: 850/10160,	epoch: 1,	learning_rate: 9.774278215223098e-06
2024-09-26 12:04:01 [INFO]   loss: 0.0325,	steps: 900/10160,	epoch: 1,	learning_rate: 9.721784776902888e-06
2024-09-26 12:04:24 [INFO]   loss: 0.0266,	steps: 950/10160,	epoch: 1,	learning_rate: 9.669291338582679e-06
2024-09-26 12:04:46 [INFO]   loss: 0.2149,	steps: 1000/10160,	epoch: 1,	learning_rate: 9.616797900262467e-06
2024-09-26 12:05:08 [INFO]   loss: 0.1539,	steps: 1050/10160,	epoch: 1,	learning_rate: 9.564304461942257e-06
2024-09-26 12:05:30 [INFO]   loss: 0.3298,	steps: 1100/10160,	epoch: 1,	learning_rate: 9.511811023622049e-06
2024-09-26 12:05:52 [INFO]   loss: 0.0267,	steps: 1150/10160,	epoch: 1,	learning_rate: 9.459317585301838e-06
2024-09-26 12:06:14 [INFO]   loss: 0.0280,	steps: 1200/10160,	epoch: 1,	learning_rate: 9.406824146981628e-06
2024-09-26 12:06:36 [INFO]   loss: 0.3155,	steps: 1250/10160,	epoch: 1,	learning_rate: 9.354330708661418e-06
2024-09-26 12:31:02 [INFO]   第1轮的训练 测试结果为：{'R@5': 0.49780481003091026, 'R@10': 0.6644778651748533, 'RR@5': 0.8150582107843142, 'RR@10': 0.8209883432539683, 'nDCG@5': 0.6048272623164768, 'nDCG@10': 0.6546210664390215}
2024-09-26 12:31:05 [INFO]   ------------------------------------------------
2024-09-26 12:31:05 [INFO]   第 1 轮已经训练完成  模型保存在 /mnt/workspace/clir/myself/output/2024-09-26/best_model
2024-09-26 12:31:05 [INFO]   ------------------------------------------------
2024-09-26 12:31:18 [INFO]   loss: 0.0260,	steps: 1300/10160,	epoch: 2,	learning_rate: 9.301837270341208e-06
2024-09-26 12:31:40 [INFO]   loss: 0.1522,	steps: 1350/10160,	epoch: 2,	learning_rate: 9.249343832020998e-06
2024-09-26 12:32:02 [INFO]   loss: 0.0270,	steps: 1400/10160,	epoch: 2,	learning_rate: 9.196850393700788e-06
2024-09-26 12:32:24 [INFO]   loss: 0.0283,	steps: 1450/10160,	epoch: 2,	learning_rate: 9.144356955380579e-06
2024-09-26 12:32:47 [INFO]   loss: 0.0509,	steps: 1500/10160,	epoch: 2,	learning_rate: 9.091863517060369e-06
2024-09-26 12:33:08 [INFO]   loss: 0.0278,	steps: 1550/10160,	epoch: 2,	learning_rate: 9.039370078740159e-06
2024-09-26 12:33:30 [INFO]   loss: 0.0275,	steps: 1600/10160,	epoch: 2,	learning_rate: 8.986876640419947e-06
2024-09-26 12:33:53 [INFO]   loss: 0.1086,	steps: 1650/10160,	epoch: 2,	learning_rate: 8.934383202099738e-06
2024-09-26 12:34:14 [INFO]   loss: 0.0272,	steps: 1700/10160,	epoch: 2,	learning_rate: 8.88188976377953e-06
2024-09-26 12:34:37 [INFO]   loss: 0.1494,	steps: 1750/10160,	epoch: 2,	learning_rate: 8.829396325459318e-06
2024-09-26 12:34:59 [INFO]   loss: 0.1509,	steps: 1800/10160,	epoch: 2,	learning_rate: 8.776902887139108e-06
2024-09-26 12:35:21 [INFO]   loss: 0.0240,	steps: 1850/10160,	epoch: 2,	learning_rate: 8.724409448818898e-06
2024-09-26 12:35:43 [INFO]   loss: 0.0357,	steps: 1900/10160,	epoch: 2,	learning_rate: 8.671916010498688e-06
2024-09-26 12:59:58 [INFO]   第2轮的训练 测试结果为：{'R@5': 0.45816203491288665, 'R@10': 0.6150354778892986, 'RR@5': 0.7635723039215696, 'RR@10': 0.7698026085434183, 'nDCG@5': 0.5563332760229165, 'nDCG@10': 0.6029895185364711}
2024-09-26 13:00:18 [INFO]   loss: 0.0232,	steps: 1950/10160,	epoch: 3,	learning_rate: 8.619422572178478e-06
2024-09-26 13:00:39 [INFO]   loss: 0.0361,	steps: 2000/10160,	epoch: 3,	learning_rate: 8.566929133858269e-06
2024-09-26 13:01:02 [INFO]   loss: 0.0418,	steps: 2050/10160,	epoch: 3,	learning_rate: 8.514435695538059e-06
2024-09-26 13:01:23 [INFO]   loss: 0.0254,	steps: 2100/10160,	epoch: 3,	learning_rate: 8.461942257217849e-06
2024-09-26 13:01:45 [INFO]   loss: 0.1307,	steps: 2150/10160,	epoch: 3,	learning_rate: 8.409448818897639e-06
2024-09-26 13:02:07 [INFO]   loss: 0.0271,	steps: 2200/10160,	epoch: 3,	learning_rate: 8.356955380577428e-06
2024-09-26 13:02:30 [INFO]   loss: 0.1499,	steps: 2250/10160,	epoch: 3,	learning_rate: 8.304461942257218e-06
2024-09-26 13:02:52 [INFO]   loss: 0.0257,	steps: 2300/10160,	epoch: 3,	learning_rate: 8.25196850393701e-06
2024-09-26 13:03:14 [INFO]   loss: 0.0277,	steps: 2350/10160,	epoch: 3,	learning_rate: 8.199475065616798e-06
2024-09-26 13:03:36 [INFO]   loss: 0.0239,	steps: 2400/10160,	epoch: 3,	learning_rate: 8.146981627296588e-06
2024-09-26 13:03:58 [INFO]   loss: 0.0236,	steps: 2450/10160,	epoch: 3,	learning_rate: 8.094488188976378e-06
2024-09-26 13:04:21 [INFO]   loss: 0.0251,	steps: 2500/10160,	epoch: 3,	learning_rate: 8.041994750656169e-06
2024-09-26 13:28:54 [INFO]   第3轮的训练 测试结果为：{'R@5': 0.49816601803308497, 'R@10': 0.6684614544706198, 'RR@5': 0.7985140931372555, 'RR@10': 0.8047998366013075, 'nDCG@5': 0.5961829287454727, 'nDCG@10': 0.6474696235718438}
2024-09-26 13:28:58 [INFO]   loss: 0.1519,	steps: 2550/10160,	epoch: 4,	learning_rate: 7.989501312335959e-06
2024-09-26 13:29:20 [INFO]   loss: 0.2004,	steps: 2600/10160,	epoch: 4,	learning_rate: 7.937007874015749e-06
2024-09-26 13:29:42 [INFO]   loss: 0.0249,	steps: 2650/10160,	epoch: 4,	learning_rate: 7.884514435695539e-06
2024-09-26 13:30:04 [INFO]   loss: 0.0269,	steps: 2700/10160,	epoch: 4,	learning_rate: 7.83202099737533e-06
2024-09-26 13:30:26 [INFO]   loss: 0.0248,	steps: 2750/10160,	epoch: 4,	learning_rate: 7.77952755905512e-06
2024-09-26 13:30:48 [INFO]   loss: 0.0248,	steps: 2800/10160,	epoch: 4,	learning_rate: 7.72703412073491e-06
2024-09-26 13:31:11 [INFO]   loss: 0.0239,	steps: 2850/10160,	epoch: 4,	learning_rate: 7.674540682414698e-06
2024-09-26 13:31:33 [INFO]   loss: 0.0667,	steps: 2900/10160,	epoch: 4,	learning_rate: 7.622047244094489e-06
2024-09-26 13:31:55 [INFO]   loss: 0.0231,	steps: 2950/10160,	epoch: 4,	learning_rate: 7.569553805774279e-06
2024-09-26 13:32:17 [INFO]   loss: 0.1475,	steps: 3000/10160,	epoch: 4,	learning_rate: 7.5170603674540684e-06
2024-09-26 13:32:40 [INFO]   loss: 0.0232,	steps: 3050/10160,	epoch: 4,	learning_rate: 7.464566929133859e-06
2024-09-26 13:33:02 [INFO]   loss: 0.1482,	steps: 3100/10160,	epoch: 4,	learning_rate: 7.41207349081365e-06
2024-09-26 13:33:24 [INFO]   loss: 0.0249,	steps: 3150/10160,	epoch: 4,	learning_rate: 7.359580052493439e-06
2024-09-26 13:57:51 [INFO]   第4轮的训练 测试结果为：{'R@5': 0.5068743017006203, 'R@10': 0.67502656482713, 'RR@5': 0.8265012254901966, 'RR@10': 0.8311901844070965, 'nDCG@5': 0.619727582904777, 'nDCG@10': 0.6674487076734014}
2024-09-26 13:57:55 [INFO]   ------------------------------------------------
2024-09-26 13:57:55 [INFO]   第 4 轮已经训练完成  模型保存在 /mnt/workspace/clir/myself/output/2024-09-26/best_model
2024-09-26 13:57:55 [INFO]   ------------------------------------------------
2024-09-26 13:58:05 [INFO]   loss: 0.1497,	steps: 3200/10160,	epoch: 5,	learning_rate: 7.307086614173229e-06
2024-09-26 13:58:27 [INFO]   loss: 0.0253,	steps: 3250/10160,	epoch: 5,	learning_rate: 7.254593175853018e-06
2024-09-26 13:58:49 [INFO]   loss: 0.0216,	steps: 3300/10160,	epoch: 5,	learning_rate: 7.202099737532809e-06
2024-09-26 13:59:11 [INFO]   loss: 0.0231,	steps: 3350/10160,	epoch: 5,	learning_rate: 7.1496062992125995e-06
2024-09-26 13:59:34 [INFO]   loss: 0.1455,	steps: 3400/10160,	epoch: 5,	learning_rate: 7.097112860892389e-06
2024-09-26 13:59:56 [INFO]   loss: 0.0977,	steps: 3450/10160,	epoch: 5,	learning_rate: 7.044619422572179e-06
2024-09-26 14:00:18 [INFO]   loss: 0.0204,	steps: 3500/10160,	epoch: 5,	learning_rate: 6.992125984251969e-06
2024-09-26 14:00:40 [INFO]   loss: 0.0221,	steps: 3550/10160,	epoch: 5,	learning_rate: 6.939632545931759e-06
2024-09-26 14:01:02 [INFO]   loss: 0.0188,	steps: 3600/10160,	epoch: 5,	learning_rate: 6.887139107611549e-06
2024-09-26 14:01:24 [INFO]   loss: 0.0208,	steps: 3650/10160,	epoch: 5,	learning_rate: 6.834645669291339e-06
2024-09-26 14:01:46 [INFO]   loss: 0.0191,	steps: 3700/10160,	epoch: 5,	learning_rate: 6.78215223097113e-06
2024-09-26 14:02:08 [INFO]   loss: 0.0188,	steps: 3750/10160,	epoch: 5,	learning_rate: 6.729658792650919e-06
2024-09-26 14:02:31 [INFO]   loss: 0.0204,	steps: 3800/10160,	epoch: 5,	learning_rate: 6.677165354330709e-06
2024-09-26 14:26:51 [INFO]   第5轮的训练 测试结果为：{'R@5': 0.4483066333876759, 'R@10': 0.5892083423051128, 'RR@5': 0.7659620098039226, 'RR@10': 0.7717028478057901, 'nDCG@5': 0.5522719517265147, 'nDCG@10': 0.5891019208969981}
2024-09-26 14:27:09 [INFO]   loss: 0.0192,	steps: 3850/10160,	epoch: 6,	learning_rate: 6.624671916010499e-06
2024-09-26 14:27:31 [INFO]   loss: 0.0194,	steps: 3900/10160,	epoch: 6,	learning_rate: 6.57217847769029e-06
2024-09-26 14:27:53 [INFO]   loss: 0.0187,	steps: 3950/10160,	epoch: 6,	learning_rate: 6.51968503937008e-06
2024-09-26 14:28:14 [INFO]   loss: 0.0183,	steps: 4000/10160,	epoch: 6,	learning_rate: 6.467191601049869e-06
2024-09-26 14:28:37 [INFO]   loss: 0.0187,	steps: 4050/10160,	epoch: 6,	learning_rate: 6.414698162729659e-06
2024-09-26 14:28:58 [INFO]   loss: 0.0174,	steps: 4100/10160,	epoch: 6,	learning_rate: 6.362204724409449e-06
2024-09-26 14:29:20 [INFO]   loss: 0.0187,	steps: 4150/10160,	epoch: 6,	learning_rate: 6.3097112860892396e-06
2024-09-26 14:29:44 [INFO]   loss: 0.0179,	steps: 4200/10160,	epoch: 6,	learning_rate: 6.257217847769029e-06
2024-09-26 14:30:06 [INFO]   loss: 0.1504,	steps: 4250/10160,	epoch: 6,	learning_rate: 6.204724409448819e-06
2024-09-26 14:30:28 [INFO]   loss: 0.0171,	steps: 4300/10160,	epoch: 6,	learning_rate: 6.15223097112861e-06
2024-09-26 14:30:50 [INFO]   loss: 0.0488,	steps: 4350/10160,	epoch: 6,	learning_rate: 6.099737532808399e-06
2024-09-26 14:31:12 [INFO]   loss: 0.0144,	steps: 4400/10160,	epoch: 6,	learning_rate: 6.0472440944881895e-06
2024-09-26 14:55:47 [INFO]   第6轮的训练 测试结果为：{'R@5': 0.5174457196126768, 'R@10': 0.68044424109479, 'RR@5': 0.829136029411765, 'RR@10': 0.8335795255602242, 'nDCG@5': 0.6194382990664631, 'nDCG@10': 0.6676782775479012}
2024-09-26 14:55:49 [INFO]   loss: 0.0151,	steps: 4450/10160,	epoch: 7,	learning_rate: 5.994750656167979e-06
2024-09-26 14:56:12 [INFO]   loss: 0.0137,	steps: 4500/10160,	epoch: 7,	learning_rate: 5.94225721784777e-06
2024-09-26 14:56:33 [INFO]   loss: 0.1383,	steps: 4550/10160,	epoch: 7,	learning_rate: 5.88976377952756e-06
2024-09-26 14:56:55 [INFO]   loss: 0.1304,	steps: 4600/10160,	epoch: 7,	learning_rate: 5.837270341207349e-06
2024-09-26 14:57:18 [INFO]   loss: 0.0131,	steps: 4650/10160,	epoch: 7,	learning_rate: 5.7847769028871395e-06
2024-09-26 14:57:40 [INFO]   loss: 0.0126,	steps: 4700/10160,	epoch: 7,	learning_rate: 5.7322834645669305e-06
2024-09-26 14:58:01 [INFO]   loss: 0.0118,	steps: 4750/10160,	epoch: 7,	learning_rate: 5.67979002624672e-06
2024-09-26 14:58:23 [INFO]   loss: 0.0125,	steps: 4800/10160,	epoch: 7,	learning_rate: 5.62729658792651e-06
2024-09-26 14:58:45 [INFO]   loss: 0.1373,	steps: 4850/10160,	epoch: 7,	learning_rate: 5.574803149606299e-06
2024-09-26 14:59:08 [INFO]   loss: 0.0826,	steps: 4900/10160,	epoch: 7,	learning_rate: 5.52230971128609e-06
2024-09-26 14:59:30 [INFO]   loss: 0.0111,	steps: 4950/10160,	epoch: 7,	learning_rate: 5.46981627296588e-06
2024-09-26 14:59:52 [INFO]   loss: 0.0106,	steps: 5000/10160,	epoch: 7,	learning_rate: 5.41732283464567e-06
2024-09-26 15:00:14 [INFO]   loss: 0.0108,	steps: 5050/10160,	epoch: 7,	learning_rate: 5.364829396325459e-06
2024-09-26 15:24:45 [INFO]   第7轮的训练 测试结果为：{'R@5': 0.5201906296747252, 'R@10': 0.6809455012031219, 'RR@5': 0.8402113970588241, 'RR@10': 0.8437952264239031, 'nDCG@5': 0.6324077002598711, 'nDCG@10': 0.6786431581369632}
2024-09-26 15:24:49 [INFO]   ------------------------------------------------
2024-09-26 15:24:49 [INFO]   第 7 轮已经训练完成  模型保存在 /mnt/workspace/clir/myself/output/2024-09-26/best_model
2024-09-26 15:24:49 [INFO]   ------------------------------------------------
2024-09-26 15:24:58 [INFO]   loss: 0.0103,	steps: 5100/10160,	epoch: 8,	learning_rate: 5.31233595800525e-06
2024-09-26 15:25:20 [INFO]   loss: 0.0122,	steps: 5150/10160,	epoch: 8,	learning_rate: 5.25984251968504e-06
2024-09-26 15:25:42 [INFO]   loss: 0.0094,	steps: 5200/10160,	epoch: 8,	learning_rate: 5.2073490813648295e-06
2024-09-26 15:26:04 [INFO]   loss: 0.0293,	steps: 5250/10160,	epoch: 8,	learning_rate: 5.15485564304462e-06
2024-09-26 15:26:25 [INFO]   loss: 0.0098,	steps: 5300/10160,	epoch: 8,	learning_rate: 5.102362204724411e-06
2024-09-26 15:26:48 [INFO]   loss: 0.0091,	steps: 5350/10160,	epoch: 8,	learning_rate: 5.0498687664042e-06
2024-09-26 15:27:10 [INFO]   loss: 0.0094,	steps: 5400/10160,	epoch: 8,	learning_rate: 4.99737532808399e-06
2024-09-26 15:27:32 [INFO]   loss: 0.0086,	steps: 5450/10160,	epoch: 8,	learning_rate: 4.94488188976378e-06
2024-09-26 15:27:54 [INFO]   loss: 0.0215,	steps: 5500/10160,	epoch: 8,	learning_rate: 4.89238845144357e-06
2024-09-26 15:28:17 [INFO]   loss: 0.0079,	steps: 5550/10160,	epoch: 8,	learning_rate: 4.83989501312336e-06
2024-09-26 15:28:38 [INFO]   loss: 0.0077,	steps: 5600/10160,	epoch: 8,	learning_rate: 4.78740157480315e-06
2024-09-26 15:29:00 [INFO]   loss: 0.0084,	steps: 5650/10160,	epoch: 8,	learning_rate: 4.73490813648294e-06
2024-09-26 15:29:23 [INFO]   loss: 0.0089,	steps: 5700/10160,	epoch: 8,	learning_rate: 4.68241469816273e-06
2024-09-26 15:53:45 [INFO]   第8轮的训练 测试结果为：{'R@5': 0.5140159993817704, 'R@10': 0.679632205109366, 'RR@5': 0.8223039215686282, 'RR@10': 0.8262284080298791, 'nDCG@5': 0.6205178196520933, 'nDCG@10': 0.6686525543929696}
2024-09-26 15:54:00 [INFO]   loss: 0.0081,	steps: 5750/10160,	epoch: 9,	learning_rate: 4.6299212598425204e-06
2024-09-26 15:54:22 [INFO]   loss: 0.0081,	steps: 5800/10160,	epoch: 9,	learning_rate: 4.57742782152231e-06
2024-09-26 15:54:44 [INFO]   loss: 0.0083,	steps: 5850/10160,	epoch: 9,	learning_rate: 4.5249343832021e-06
2024-09-26 15:55:07 [INFO]   loss: 0.0083,	steps: 5900/10160,	epoch: 9,	learning_rate: 4.47244094488189e-06
2024-09-26 15:55:29 [INFO]   loss: 0.0077,	steps: 5950/10160,	epoch: 9,	learning_rate: 4.41994750656168e-06
2024-09-26 15:55:50 [INFO]   loss: 0.0078,	steps: 6000/10160,	epoch: 9,	learning_rate: 4.36745406824147e-06
2024-09-26 15:56:13 [INFO]   loss: 0.0077,	steps: 6050/10160,	epoch: 9,	learning_rate: 4.3149606299212606e-06
2024-09-26 15:56:35 [INFO]   loss: 0.0079,	steps: 6100/10160,	epoch: 9,	learning_rate: 4.26246719160105e-06
2024-09-26 15:56:57 [INFO]   loss: 0.0073,	steps: 6150/10160,	epoch: 9,	learning_rate: 4.209973753280841e-06
2024-09-26 15:57:19 [INFO]   loss: 0.0074,	steps: 6200/10160,	epoch: 9,	learning_rate: 4.15748031496063e-06
2024-09-26 15:57:41 [INFO]   loss: 0.1273,	steps: 6250/10160,	epoch: 9,	learning_rate: 4.10498687664042e-06
2024-09-26 15:58:03 [INFO]   loss: 0.0079,	steps: 6300/10160,	epoch: 9,	learning_rate: 4.0524934383202105e-06
2024-09-26 15:58:25 [INFO]   loss: 0.0077,	steps: 6350/10160,	epoch: 9,	learning_rate: 4.000000000000001e-06
2024-09-26 16:22:44 [INFO]   第9轮的训练 测试结果为：{'R@5': 0.5259162949779769, 'R@10': 0.6943755828764882, 'RR@5': 0.8491421568627456, 'RR@10': 0.8530338176937445, 'nDCG@5': 0.6406163719253923, 'nDCG@10': 0.6902017659458484}
2024-09-26 16:22:47 [INFO]   ------------------------------------------------
2024-09-26 16:22:47 [INFO]   第 9 轮已经训练完成  模型保存在 /mnt/workspace/clir/myself/output/2024-09-26/best_model
2024-09-26 16:22:47 [INFO]   ------------------------------------------------
2024-09-26 16:23:09 [INFO]   loss: 0.0092,	steps: 6400/10160,	epoch: 10,	learning_rate: 3.94750656167979e-06
2024-09-26 16:23:31 [INFO]   loss: 0.0080,	steps: 6450/10160,	epoch: 10,	learning_rate: 3.895013123359581e-06
2024-09-26 16:23:53 [INFO]   loss: 0.0142,	steps: 6500/10160,	epoch: 10,	learning_rate: 3.84251968503937e-06
2024-09-26 16:24:15 [INFO]   loss: 0.0071,	steps: 6550/10160,	epoch: 10,	learning_rate: 3.7900262467191605e-06
2024-09-26 16:24:37 [INFO]   loss: 0.0075,	steps: 6600/10160,	epoch: 10,	learning_rate: 3.73753280839895e-06
2024-09-26 16:25:00 [INFO]   loss: 0.0068,	steps: 6650/10160,	epoch: 10,	learning_rate: 3.6850393700787408e-06
2024-09-26 16:25:22 [INFO]   loss: 0.0068,	steps: 6700/10160,	epoch: 10,	learning_rate: 3.6325459317585305e-06
2024-09-26 16:25:44 [INFO]   loss: 0.0068,	steps: 6750/10160,	epoch: 10,	learning_rate: 3.5800524934383207e-06
2024-09-26 16:26:06 [INFO]   loss: 0.0066,	steps: 6800/10160,	epoch: 10,	learning_rate: 3.5275590551181104e-06
2024-09-26 16:26:28 [INFO]   loss: 0.0067,	steps: 6850/10160,	epoch: 10,	learning_rate: 3.4750656167979006e-06
2024-09-26 16:26:50 [INFO]   loss: 0.0086,	steps: 6900/10160,	epoch: 10,	learning_rate: 3.4225721784776907e-06
2024-09-26 16:27:12 [INFO]   loss: 0.0069,	steps: 6950/10160,	epoch: 10,	learning_rate: 3.370078740157481e-06
2024-09-26 16:51:45 [INFO]   第10轮的训练 测试结果为：{'R@5': 0.5209218572899323, 'R@10': 0.6819382737878168, 'RR@5': 0.8352175245098044, 'RR@10': 0.8385569852941179, 'nDCG@5': 0.6244631182463556, 'nDCG@10': 0.67073332411972}
2024-09-26 16:51:51 [INFO]   loss: 0.0066,	steps: 7000/10160,	epoch: 11,	learning_rate: 3.3175853018372706e-06
2024-09-26 16:52:14 [INFO]   loss: 0.0071,	steps: 7050/10160,	epoch: 11,	learning_rate: 3.2650918635170608e-06
2024-09-26 16:52:36 [INFO]   loss: 0.0074,	steps: 7100/10160,	epoch: 11,	learning_rate: 3.2125984251968505e-06
2024-09-26 16:52:58 [INFO]   loss: 0.0210,	steps: 7150/10160,	epoch: 11,	learning_rate: 3.160104986876641e-06
2024-09-26 16:53:20 [INFO]   loss: 0.0068,	steps: 7200/10160,	epoch: 11,	learning_rate: 3.107611548556431e-06
2024-09-26 16:53:42 [INFO]   loss: 0.0067,	steps: 7250/10160,	epoch: 11,	learning_rate: 3.055118110236221e-06
2024-09-26 16:54:04 [INFO]   loss: 0.0064,	steps: 7300/10160,	epoch: 11,	learning_rate: 3.0026246719160107e-06
2024-09-26 16:54:25 [INFO]   loss: 0.0073,	steps: 7350/10160,	epoch: 11,	learning_rate: 2.950131233595801e-06
2024-09-26 16:54:48 [INFO]   loss: 0.0064,	steps: 7400/10160,	epoch: 11,	learning_rate: 2.8976377952755906e-06
2024-09-26 16:55:10 [INFO]   loss: 0.0067,	steps: 7450/10160,	epoch: 11,	learning_rate: 2.8451443569553812e-06
2024-09-26 16:55:32 [INFO]   loss: 0.0065,	steps: 7500/10160,	epoch: 11,	learning_rate: 2.792650918635171e-06
2024-09-26 16:55:54 [INFO]   loss: 0.0064,	steps: 7550/10160,	epoch: 11,	learning_rate: 2.740157480314961e-06
2024-09-26 16:56:16 [INFO]   loss: 0.0067,	steps: 7600/10160,	epoch: 11,	learning_rate: 2.687664041994751e-06
2024-09-26 17:20:40 [INFO]   第11轮的训练 测试结果为：{'R@5': 0.5242735428792086, 'R@10': 0.6918306476471373, 'RR@5': 0.83936887254902, 'RR@10': 0.8433265493697482, 'nDCG@5': 0.633024501186683, 'nDCG@10': 0.6835095970651407}
2024-09-26 17:20:53 [INFO]   loss: 0.0062,	steps: 7650/10160,	epoch: 12,	learning_rate: 2.635170603674541e-06
2024-09-26 17:21:16 [INFO]   loss: 0.0061,	steps: 7700/10160,	epoch: 12,	learning_rate: 2.5826771653543307e-06
2024-09-26 17:21:38 [INFO]   loss: 0.1057,	steps: 7750/10160,	epoch: 12,	learning_rate: 2.5301837270341213e-06
2024-09-26 17:22:00 [INFO]   loss: 0.0062,	steps: 7800/10160,	epoch: 12,	learning_rate: 2.477690288713911e-06
2024-09-26 17:22:22 [INFO]   loss: 0.0062,	steps: 7850/10160,	epoch: 12,	learning_rate: 2.425196850393701e-06
2024-09-26 17:22:44 [INFO]   loss: 0.0059,	steps: 7900/10160,	epoch: 12,	learning_rate: 2.372703412073491e-06
2024-09-26 17:23:06 [INFO]   loss: 0.0061,	steps: 7950/10160,	epoch: 12,	learning_rate: 2.320209973753281e-06
2024-09-26 17:23:28 [INFO]   loss: 0.0060,	steps: 8000/10160,	epoch: 12,	learning_rate: 2.267716535433071e-06
2024-09-26 17:23:50 [INFO]   loss: 0.0064,	steps: 8050/10160,	epoch: 12,	learning_rate: 2.215223097112861e-06
2024-09-26 17:24:13 [INFO]   loss: 0.0061,	steps: 8100/10160,	epoch: 12,	learning_rate: 2.162729658792651e-06
2024-09-26 17:24:35 [INFO]   loss: 0.0059,	steps: 8150/10160,	epoch: 12,	learning_rate: 2.110236220472441e-06
2024-09-26 17:24:56 [INFO]   loss: 0.1317,	steps: 8200/10160,	epoch: 12,	learning_rate: 2.057742782152231e-06
2024-09-26 17:25:19 [INFO]   loss: 0.0061,	steps: 8250/10160,	epoch: 12,	learning_rate: 2.0052493438320212e-06
2024-09-26 17:49:39 [INFO]   第12轮的训练 测试结果为：{'R@5': 0.5154266620278707, 'R@10': 0.6832461120966659, 'RR@5': 0.8301623774509811, 'RR@10': 0.8344669117647063, 'nDCG@5': 0.6243462310618779, 'nDCG@10': 0.6748811385177469}
2024-09-26 17:49:59 [INFO]   loss: 0.0059,	steps: 8300/10160,	epoch: 13,	learning_rate: 1.952755905511811e-06
2024-09-26 17:50:21 [INFO]   loss: 0.0059,	steps: 8350/10160,	epoch: 13,	learning_rate: 1.9002624671916011e-06
2024-09-26 17:50:42 [INFO]   loss: 0.1308,	steps: 8400/10160,	epoch: 13,	learning_rate: 1.8477690288713913e-06
2024-09-26 17:51:04 [INFO]   loss: 0.0057,	steps: 8450/10160,	epoch: 13,	learning_rate: 1.7952755905511812e-06
2024-09-26 17:51:26 [INFO]   loss: 0.0057,	steps: 8500/10160,	epoch: 13,	learning_rate: 1.7427821522309712e-06
2024-09-26 17:51:49 [INFO]   loss: 0.0061,	steps: 8550/10160,	epoch: 13,	learning_rate: 1.6902887139107613e-06
2024-09-26 17:52:11 [INFO]   loss: 0.0057,	steps: 8600/10160,	epoch: 13,	learning_rate: 1.6377952755905513e-06
2024-09-26 17:52:33 [INFO]   loss: 0.0058,	steps: 8650/10160,	epoch: 13,	learning_rate: 1.5853018372703412e-06
2024-09-26 17:52:55 [INFO]   loss: 0.0073,	steps: 8700/10160,	epoch: 13,	learning_rate: 1.5328083989501314e-06
2024-09-26 17:53:17 [INFO]   loss: 0.0056,	steps: 8750/10160,	epoch: 13,	learning_rate: 1.4803149606299213e-06
2024-09-26 17:53:40 [INFO]   loss: 0.0055,	steps: 8800/10160,	epoch: 13,	learning_rate: 1.4278215223097113e-06
2024-09-26 17:54:02 [INFO]   loss: 0.0054,	steps: 8850/10160,	epoch: 13,	learning_rate: 1.3753280839895015e-06
2024-09-26 18:18:36 [INFO]   第13轮的训练 测试结果为：{'R@5': 0.5280679404265475, 'R@10': 0.6908396636397344, 'RR@5': 0.8378370098039221, 'RR@10': 0.8414255806489264, 'nDCG@5': 0.6379507880382796, 'nDCG@10': 0.6853820585409082}
2024-09-26 18:18:40 [INFO]   loss: 0.0057,	steps: 8900/10160,	epoch: 14,	learning_rate: 1.3228346456692914e-06
2024-09-26 18:19:02 [INFO]   loss: 0.0056,	steps: 8950/10160,	epoch: 14,	learning_rate: 1.2703412073490814e-06
2024-09-26 18:19:25 [INFO]   loss: 0.0069,	steps: 9000/10160,	epoch: 14,	learning_rate: 1.2178477690288715e-06
2024-09-26 18:19:47 [INFO]   loss: 0.0056,	steps: 9050/10160,	epoch: 14,	learning_rate: 1.1653543307086615e-06
2024-09-26 18:20:09 [INFO]   loss: 0.0056,	steps: 9100/10160,	epoch: 14,	learning_rate: 1.1128608923884516e-06
2024-09-26 18:20:31 [INFO]   loss: 0.0055,	steps: 9150/10160,	epoch: 14,	learning_rate: 1.0603674540682416e-06
2024-09-26 18:20:53 [INFO]   loss: 0.0056,	steps: 9200/10160,	epoch: 14,	learning_rate: 1.0078740157480315e-06
2024-09-26 18:21:15 [INFO]   loss: 0.0058,	steps: 9250/10160,	epoch: 14,	learning_rate: 9.553805774278217e-07
2024-09-26 18:21:37 [INFO]   loss: 0.0054,	steps: 9300/10160,	epoch: 14,	learning_rate: 9.028871391076116e-07
2024-09-26 18:21:59 [INFO]   loss: 0.0056,	steps: 9350/10160,	epoch: 14,	learning_rate: 8.503937007874017e-07
2024-09-26 18:22:21 [INFO]   loss: 0.0055,	steps: 9400/10160,	epoch: 14,	learning_rate: 7.979002624671916e-07
2024-09-26 18:22:44 [INFO]   loss: 0.0066,	steps: 9450/10160,	epoch: 14,	learning_rate: 7.454068241469817e-07
2024-09-26 18:23:06 [INFO]   loss: 0.0054,	steps: 9500/10160,	epoch: 14,	learning_rate: 6.929133858267717e-07
2024-09-26 18:47:32 [INFO]   第14轮的训练 测试结果为：{'R@5': 0.5282860473854474, 'R@10': 0.6933182844028156, 'RR@5': 0.8372089460784322, 'RR@10': 0.8407606792717093, 'nDCG@5': 0.636606898626244, 'nDCG@10': 0.6850538416914985}
2024-09-26 18:47:44 [INFO]   loss: 0.0055,	steps: 9550/10160,	epoch: 15,	learning_rate: 6.404199475065617e-07
2024-09-26 18:48:06 [INFO]   loss: 0.0056,	steps: 9600/10160,	epoch: 15,	learning_rate: 5.879265091863517e-07
2024-09-26 18:48:28 [INFO]   loss: 0.0052,	steps: 9650/10160,	epoch: 15,	learning_rate: 5.354330708661418e-07
2024-09-26 18:48:50 [INFO]   loss: 0.0061,	steps: 9700/10160,	epoch: 15,	learning_rate: 4.829396325459318e-07
2024-09-26 18:49:12 [INFO]   loss: 0.0059,	steps: 9750/10160,	epoch: 15,	learning_rate: 4.304461942257218e-07
2024-09-26 18:49:34 [INFO]   loss: 0.0055,	steps: 9800/10160,	epoch: 15,	learning_rate: 3.7795275590551184e-07
2024-09-26 18:49:56 [INFO]   loss: 0.0054,	steps: 9850/10160,	epoch: 15,	learning_rate: 3.2545931758530185e-07
2024-09-26 18:50:18 [INFO]   loss: 0.0055,	steps: 9900/10160,	epoch: 15,	learning_rate: 2.729658792650919e-07
2024-09-26 18:50:39 [INFO]   loss: 0.0053,	steps: 9950/10160,	epoch: 15,	learning_rate: 2.204724409448819e-07
2024-09-26 18:51:01 [INFO]   loss: 0.0055,	steps: 10000/10160,	epoch: 15,	learning_rate: 1.6797900262467193e-07
2024-09-26 18:51:23 [INFO]   loss: 0.0434,	steps: 10050/10160,	epoch: 15,	learning_rate: 1.1548556430446196e-07
2024-09-26 18:51:45 [INFO]   loss: 0.0052,	steps: 10100/10160,	epoch: 15,	learning_rate: 6.299212598425197e-08
2024-09-26 18:52:07 [INFO]   loss: 0.0056,	steps: 10150/10160,	epoch: 15,	learning_rate: 1.0498687664041996e-08
2024-09-26 19:16:28 [INFO]   第15轮的训练 测试结果为：{'R@5': 0.5279163999035568, 'R@10': 0.6950927602226183, 'RR@5': 0.8392616421568634, 'RR@10': 0.8430274714052293, 'nDCG@5': 0.6378479485757564, 'nDCG@10': 0.6870807442879755}
2024-09-26 19:16:28 [INFO]   ------------------------------------------------
2024-09-26 19:16:28 [INFO]   所有epoch的平均评测指标为: {'R@5': 0.5066861945418414, 'R@10': 0.6695213493228785, 'RR@5': 0.8194393382352947, 'RR@10': 0.8239615019184762, 'nDCG@5': 0.6133199077300759, 'nDCG@10': 0.6610452783157379}
2024-09-26 19:16:28 [INFO]   ------------------------------------------------
