相邻实体数量 1
2024-11-15 23:13:06 [INFO]   batch_size: 16, epoch: 16
2024-11-15 23:13:06 [INFO]   知识对比学习损失的权重: 0.6
2024-11-15 23:13:06 [INFO]   学习率:
2024-11-15 23:13:06 [INFO]       mbert 编码器: 1e-5
2024-11-15 23:13:06 [INFO]       query_knowledge_fusion: 1e-3
2024-11-15 23:13:06 [INFO]       GCN: 1e-3
2024-11-15 23:13:06 [INFO]       classifier: 1e-3
2024-11-15 23:13:06 [INFO]   v_kg: mean pooling
2024-11-15 23:13:06 [INFO]   ***** Running training *****
2024-11-15 23:13:06 [INFO]   当前时间: 2024-11-15 23:13:06
2024-11-15 23:13:06 [INFO]   Num examples = 5087
2024-11-15 23:13:06 [INFO]   Num Epochs = 16
2024-11-15 23:13:06 [INFO]   Instantaneous batch size per device = 8
2024-11-15 23:13:06 [INFO]   Total train batch size (w. parallel, distributed & accumulation) = 16
2024-11-15 23:13:06 [INFO]   Total optimization steps = 10160
2024-11-15 23:13:06 [INFO]   训练的设备: cuda, 设备编号: 0
2024-11-15 23:13:26 [INFO]   loss: 1.9774,	steps: 50/10160,	epoch: 0,	learning_rate: 7.874015748031496e-07
2024-11-15 23:13:44 [INFO]   loss: 1.0005,	steps: 100/10160,	epoch: 0,	learning_rate: 1.5748031496062992e-06
2024-11-15 23:14:03 [INFO]   loss: 0.5246,	steps: 150/10160,	epoch: 0,	learning_rate: 2.362204724409449e-06
2024-11-15 23:14:21 [INFO]   loss: 0.3098,	steps: 200/10160,	epoch: 0,	learning_rate: 3.1496062992125985e-06
2024-11-15 23:14:40 [INFO]   loss: 0.6786,	steps: 250/10160,	epoch: 0,	learning_rate: 3.937007874015748e-06
2024-11-15 23:14:58 [INFO]   loss: 0.5213,	steps: 300/10160,	epoch: 0,	learning_rate: 4.724409448818898e-06
2024-11-15 23:15:17 [INFO]   loss: 0.1705,	steps: 350/10160,	epoch: 0,	learning_rate: 5.511811023622048e-06
2024-11-15 23:15:36 [INFO]   loss: 0.4663,	steps: 400/10160,	epoch: 0,	learning_rate: 6.299212598425197e-06
2024-11-15 23:15:54 [INFO]   loss: 0.1366,	steps: 450/10160,	epoch: 0,	learning_rate: 7.086614173228347e-06
2024-11-15 23:16:13 [INFO]   loss: 0.1809,	steps: 500/10160,	epoch: 0,	learning_rate: 7.874015748031496e-06
2024-11-15 23:16:32 [INFO]   loss: 0.3066,	steps: 550/10160,	epoch: 0,	learning_rate: 8.661417322834647e-06
2024-11-15 23:16:50 [INFO]   loss: 0.2218,	steps: 600/10160,	epoch: 0,	learning_rate: 9.448818897637797e-06
2024-11-16 00:41:47 [INFO]   第0轮的训练 测试结果为：{'R@5': 0.4803354991443021, 'R@10': 0.6418288682608313, 'RR@5': 0.8102634803921579, 'RR@10': 0.8147948762838476, 'nDCG@5': 0.5888093223693482, 'nDCG@10': 0.6364574653135074}
2024-11-16 00:41:48 [INFO]   ------------------------------------------------
2024-11-16 00:41:48 [INFO]   第 0 轮已经训练完成  模型保存在 /mnt/workspace/clir/myself/output/2024-11-15/best_model
2024-11-16 00:41:48 [INFO]   ------------------------------------------------
2024-11-16 00:41:53 [INFO]   loss: 0.1152,	steps: 650/10160,	epoch: 1,	learning_rate: 9.984251968503938e-06
2024-11-16 00:42:12 [INFO]   loss: 0.0407,	steps: 700/10160,	epoch: 1,	learning_rate: 9.931758530183728e-06
2024-11-16 00:42:30 [INFO]   loss: 0.1726,	steps: 750/10160,	epoch: 1,	learning_rate: 9.879265091863518e-06
2024-11-16 00:42:49 [INFO]   loss: 0.1035,	steps: 800/10160,	epoch: 1,	learning_rate: 9.826771653543308e-06
2024-11-16 00:43:08 [INFO]   loss: 0.2279,	steps: 850/10160,	epoch: 1,	learning_rate: 9.774278215223098e-06
2024-11-16 00:43:26 [INFO]   loss: 0.2026,	steps: 900/10160,	epoch: 1,	learning_rate: 9.721784776902888e-06
2024-11-16 00:43:45 [INFO]   loss: 0.1223,	steps: 950/10160,	epoch: 1,	learning_rate: 9.669291338582679e-06
2024-11-16 00:44:03 [INFO]   loss: 0.0710,	steps: 1000/10160,	epoch: 1,	learning_rate: 9.616797900262467e-06
2024-11-16 00:44:22 [INFO]   loss: 0.0764,	steps: 1050/10160,	epoch: 1,	learning_rate: 9.564304461942257e-06
2024-11-16 00:44:40 [INFO]   loss: 0.0908,	steps: 1100/10160,	epoch: 1,	learning_rate: 9.511811023622049e-06
2024-11-16 00:44:59 [INFO]   loss: 0.0142,	steps: 1150/10160,	epoch: 1,	learning_rate: 9.459317585301838e-06
2024-11-16 00:45:17 [INFO]   loss: 0.0279,	steps: 1200/10160,	epoch: 1,	learning_rate: 9.406824146981628e-06
2024-11-16 00:45:36 [INFO]   loss: 0.2282,	steps: 1250/10160,	epoch: 1,	learning_rate: 9.354330708661418e-06
2024-11-16 01:05:09 [INFO]   第1轮的训练 测试结果为：{'R@5': 0.48235503011941366, 'R@10': 0.6325922222141966, 'RR@5': 0.8077818627450986, 'RR@10': 0.8126334908963591, 'nDCG@5': 0.5992908001557438, 'nDCG@10': 0.6395361436678699}
2024-11-16 01:05:12 [INFO]   ------------------------------------------------
2024-11-16 01:05:12 [INFO]   第 1 轮已经训练完成  模型保存在 /mnt/workspace/clir/myself/output/2024-11-15/best_model
2024-11-16 01:05:12 [INFO]   ------------------------------------------------
2024-11-16 01:05:23 [INFO]   loss: 0.0285,	steps: 1300/10160,	epoch: 2,	learning_rate: 9.301837270341208e-06
2024-11-16 01:05:42 [INFO]   loss: 0.1406,	steps: 1350/10160,	epoch: 2,	learning_rate: 9.249343832020998e-06
2024-11-16 01:06:01 [INFO]   loss: 0.0434,	steps: 1400/10160,	epoch: 2,	learning_rate: 9.196850393700788e-06
2024-11-16 01:06:19 [INFO]   loss: 0.0557,	steps: 1450/10160,	epoch: 2,	learning_rate: 9.144356955380579e-06
2024-11-16 01:06:38 [INFO]   loss: 0.1519,	steps: 1500/10160,	epoch: 2,	learning_rate: 9.091863517060369e-06
2024-11-16 01:06:56 [INFO]   loss: 0.0960,	steps: 1550/10160,	epoch: 2,	learning_rate: 9.039370078740159e-06
2024-11-16 01:07:15 [INFO]   loss: 0.0225,	steps: 1600/10160,	epoch: 2,	learning_rate: 8.986876640419947e-06
2024-11-16 01:07:33 [INFO]   loss: 0.0667,	steps: 1650/10160,	epoch: 2,	learning_rate: 8.934383202099738e-06
2024-11-16 01:07:52 [INFO]   loss: 0.4397,	steps: 1700/10160,	epoch: 2,	learning_rate: 8.88188976377953e-06
2024-11-16 01:08:10 [INFO]   loss: 0.1464,	steps: 1750/10160,	epoch: 2,	learning_rate: 8.829396325459318e-06
2024-11-16 01:08:29 [INFO]   loss: 0.1330,	steps: 1800/10160,	epoch: 2,	learning_rate: 8.776902887139108e-06
2024-11-16 01:08:47 [INFO]   loss: 0.1892,	steps: 1850/10160,	epoch: 2,	learning_rate: 8.724409448818898e-06
2024-11-16 01:09:06 [INFO]   loss: 0.0213,	steps: 1900/10160,	epoch: 2,	learning_rate: 8.671916010498688e-06
2024-11-16 01:28:35 [INFO]   第2轮的训练 测试结果为：{'R@5': 0.5047965806702289, 'R@10': 0.6675906319295536, 'RR@5': 0.8190104166666673, 'RR@10': 0.8234641252334273, 'nDCG@5': 0.6125315697031173, 'nDCG@10': 0.6599634384981563}
2024-11-16 01:28:38 [INFO]   ------------------------------------------------
2024-11-16 01:28:38 [INFO]   第 2 轮已经训练完成  模型保存在 /mnt/workspace/clir/myself/output/2024-11-15/best_model
2024-11-16 01:28:38 [INFO]   ------------------------------------------------
2024-11-16 01:28:55 [INFO]   loss: 0.1158,	steps: 1950/10160,	epoch: 3,	learning_rate: 8.619422572178478e-06
2024-11-16 01:29:13 [INFO]   loss: 0.1289,	steps: 2000/10160,	epoch: 3,	learning_rate: 8.566929133858269e-06
2024-11-16 01:29:31 [INFO]   loss: 0.1129,	steps: 2050/10160,	epoch: 3,	learning_rate: 8.514435695538059e-06
2024-11-16 01:29:50 [INFO]   loss: 0.0578,	steps: 2100/10160,	epoch: 3,	learning_rate: 8.461942257217849e-06
2024-11-16 01:30:08 [INFO]   loss: 0.0771,	steps: 2150/10160,	epoch: 3,	learning_rate: 8.409448818897639e-06
2024-11-16 01:30:27 [INFO]   loss: 0.0447,	steps: 2200/10160,	epoch: 3,	learning_rate: 8.356955380577428e-06
2024-11-16 01:30:45 [INFO]   loss: 0.0608,	steps: 2250/10160,	epoch: 3,	learning_rate: 8.304461942257218e-06
2024-11-16 01:31:04 [INFO]   loss: 0.0529,	steps: 2300/10160,	epoch: 3,	learning_rate: 8.25196850393701e-06
2024-11-16 01:31:22 [INFO]   loss: 0.0167,	steps: 2350/10160,	epoch: 3,	learning_rate: 8.199475065616798e-06
2024-11-16 01:31:41 [INFO]   loss: 0.0358,	steps: 2400/10160,	epoch: 3,	learning_rate: 8.146981627296588e-06
2024-11-16 01:32:00 [INFO]   loss: 0.0462,	steps: 2450/10160,	epoch: 3,	learning_rate: 8.094488188976378e-06
2024-11-16 01:32:18 [INFO]   loss: 0.1264,	steps: 2500/10160,	epoch: 3,	learning_rate: 8.041994750656169e-06
2024-11-16 01:52:02 [INFO]   第3轮的训练 测试结果为：{'R@5': 0.501281707394992, 'R@10': 0.666482825665846, 'RR@5': 0.8097886029411772, 'RR@10': 0.8137553979925309, 'nDCG@5': 0.5976451267548848, 'nDCG@10': 0.6481316088827779}
2024-11-16 01:52:06 [INFO]   loss: 0.0489,	steps: 2550/10160,	epoch: 4,	learning_rate: 7.989501312335959e-06
2024-11-16 01:52:25 [INFO]   loss: 0.0059,	steps: 2600/10160,	epoch: 4,	learning_rate: 7.937007874015749e-06
2024-11-16 01:52:43 [INFO]   loss: 0.0957,	steps: 2650/10160,	epoch: 4,	learning_rate: 7.884514435695539e-06
2024-11-16 01:53:01 [INFO]   loss: 0.1322,	steps: 2700/10160,	epoch: 4,	learning_rate: 7.83202099737533e-06
2024-11-16 01:53:20 [INFO]   loss: 0.0754,	steps: 2750/10160,	epoch: 4,	learning_rate: 7.77952755905512e-06
2024-11-16 01:53:38 [INFO]   loss: 0.0060,	steps: 2800/10160,	epoch: 4,	learning_rate: 7.72703412073491e-06
2024-11-16 01:53:57 [INFO]   loss: 0.0499,	steps: 2850/10160,	epoch: 4,	learning_rate: 7.674540682414698e-06
2024-11-16 01:54:16 [INFO]   loss: 0.0045,	steps: 2900/10160,	epoch: 4,	learning_rate: 7.622047244094489e-06
2024-11-16 01:54:34 [INFO]   loss: 0.0372,	steps: 2950/10160,	epoch: 4,	learning_rate: 7.569553805774279e-06
2024-11-16 01:54:53 [INFO]   loss: 0.0101,	steps: 3000/10160,	epoch: 4,	learning_rate: 7.5170603674540684e-06
2024-11-16 01:55:11 [INFO]   loss: 0.0109,	steps: 3050/10160,	epoch: 4,	learning_rate: 7.464566929133859e-06
2024-11-16 01:55:30 [INFO]   loss: 0.0092,	steps: 3100/10160,	epoch: 4,	learning_rate: 7.41207349081365e-06
2024-11-16 01:55:48 [INFO]   loss: 0.0908,	steps: 3150/10160,	epoch: 4,	learning_rate: 7.359580052493439e-06
2024-11-16 02:15:26 [INFO]   第4轮的训练 测试结果为：{'R@5': 0.5249736710566422, 'R@10': 0.6950406587917857, 'RR@5': 0.8427849264705886, 'RR@10': 0.8468421743697481, 'nDCG@5': 0.6368185303046064, 'nDCG@10': 0.6842155931659754}
2024-11-16 02:15:29 [INFO]   ------------------------------------------------
2024-11-16 02:15:29 [INFO]   第 4 轮已经训练完成  模型保存在 /mnt/workspace/clir/myself/output/2024-11-15/best_model
2024-11-16 02:15:29 [INFO]   ------------------------------------------------
2024-11-16 02:15:39 [INFO]   loss: 0.0614,	steps: 3200/10160,	epoch: 5,	learning_rate: 7.307086614173229e-06
2024-11-16 02:15:57 [INFO]   loss: 0.0064,	steps: 3250/10160,	epoch: 5,	learning_rate: 7.254593175853018e-06
2024-11-16 02:16:15 [INFO]   loss: 0.0267,	steps: 3300/10160,	epoch: 5,	learning_rate: 7.202099737532809e-06
2024-11-16 02:16:34 [INFO]   loss: 0.0056,	steps: 3350/10160,	epoch: 5,	learning_rate: 7.1496062992125995e-06
2024-11-16 02:16:53 [INFO]   loss: 0.0662,	steps: 3400/10160,	epoch: 5,	learning_rate: 7.097112860892389e-06
2024-11-16 02:17:11 [INFO]   loss: 0.0079,	steps: 3450/10160,	epoch: 5,	learning_rate: 7.044619422572179e-06
2024-11-16 02:17:29 [INFO]   loss: 0.0638,	steps: 3500/10160,	epoch: 5,	learning_rate: 6.992125984251969e-06
2024-11-16 02:17:48 [INFO]   loss: 0.0196,	steps: 3550/10160,	epoch: 5,	learning_rate: 6.939632545931759e-06
2024-11-16 02:18:07 [INFO]   loss: 0.0358,	steps: 3600/10160,	epoch: 5,	learning_rate: 6.887139107611549e-06
2024-11-16 02:18:26 [INFO]   loss: 0.0320,	steps: 3650/10160,	epoch: 5,	learning_rate: 6.834645669291339e-06
2024-11-16 02:18:44 [INFO]   loss: 0.0019,	steps: 3700/10160,	epoch: 5,	learning_rate: 6.78215223097113e-06
2024-11-16 02:19:02 [INFO]   loss: 0.1023,	steps: 3750/10160,	epoch: 5,	learning_rate: 6.729658792650919e-06
2024-11-16 02:19:21 [INFO]   loss: 0.0069,	steps: 3800/10160,	epoch: 5,	learning_rate: 6.677165354330709e-06
2024-11-16 02:38:53 [INFO]   第5轮的训练 测试结果为：{'R@5': 0.506024767799837, 'R@10': 0.6754988974653962, 'RR@5': 0.8281403186274516, 'RR@10': 0.8331914536647996, 'nDCG@5': 0.6168592438528105, 'nDCG@10': 0.6683070266250017}
2024-11-16 02:39:08 [INFO]   loss: 0.0872,	steps: 3850/10160,	epoch: 6,	learning_rate: 6.624671916010499e-06
2024-11-16 02:39:27 [INFO]   loss: 0.1500,	steps: 3900/10160,	epoch: 6,	learning_rate: 6.57217847769029e-06
2024-11-16 02:39:45 [INFO]   loss: 0.0296,	steps: 3950/10160,	epoch: 6,	learning_rate: 6.51968503937008e-06
2024-11-16 02:40:04 [INFO]   loss: 0.0107,	steps: 4000/10160,	epoch: 6,	learning_rate: 6.467191601049869e-06
2024-11-16 02:40:22 [INFO]   loss: 0.0608,	steps: 4050/10160,	epoch: 6,	learning_rate: 6.414698162729659e-06
2024-11-16 02:40:41 [INFO]   loss: 0.0804,	steps: 4100/10160,	epoch: 6,	learning_rate: 6.362204724409449e-06
2024-11-16 02:40:59 [INFO]   loss: 0.0013,	steps: 4150/10160,	epoch: 6,	learning_rate: 6.3097112860892396e-06
2024-11-16 02:41:18 [INFO]   loss: 0.0371,	steps: 4200/10160,	epoch: 6,	learning_rate: 6.257217847769029e-06
2024-11-16 02:41:37 [INFO]   loss: 0.1404,	steps: 4250/10160,	epoch: 6,	learning_rate: 6.204724409448819e-06
2024-11-16 02:41:55 [INFO]   loss: 0.1622,	steps: 4300/10160,	epoch: 6,	learning_rate: 6.15223097112861e-06
2024-11-16 02:42:14 [INFO]   loss: 0.1101,	steps: 4350/10160,	epoch: 6,	learning_rate: 6.099737532808399e-06
2024-11-16 02:42:32 [INFO]   loss: 0.0616,	steps: 4400/10160,	epoch: 6,	learning_rate: 6.0472440944881895e-06
2024-11-16 03:02:17 [INFO]   第6轮的训练 测试结果为：{'R@5': 0.5144798822883951, 'R@10': 0.6815320816215314, 'RR@5': 0.8359987745098043, 'RR@10': 0.8410535568394026, 'nDCG@5': 0.6309568000750945, 'nDCG@10': 0.6780097399778039}
2024-11-16 03:02:19 [INFO]   loss: 0.0295,	steps: 4450/10160,	epoch: 7,	learning_rate: 5.994750656167979e-06
2024-11-16 03:02:38 [INFO]   loss: 0.0240,	steps: 4500/10160,	epoch: 7,	learning_rate: 5.94225721784777e-06
2024-11-16 03:02:56 [INFO]   loss: 0.0153,	steps: 4550/10160,	epoch: 7,	learning_rate: 5.88976377952756e-06
2024-11-16 03:03:15 [INFO]   loss: 0.0167,	steps: 4600/10160,	epoch: 7,	learning_rate: 5.837270341207349e-06
2024-11-16 03:03:33 [INFO]   loss: 0.0008,	steps: 4650/10160,	epoch: 7,	learning_rate: 5.7847769028871395e-06
2024-11-16 03:03:52 [INFO]   loss: 0.0905,	steps: 4700/10160,	epoch: 7,	learning_rate: 5.7322834645669305e-06
2024-11-16 03:04:10 [INFO]   loss: 0.0109,	steps: 4750/10160,	epoch: 7,	learning_rate: 5.67979002624672e-06
2024-11-16 03:04:28 [INFO]   loss: 0.0426,	steps: 4800/10160,	epoch: 7,	learning_rate: 5.62729658792651e-06
2024-11-16 03:04:47 [INFO]   loss: 0.0487,	steps: 4850/10160,	epoch: 7,	learning_rate: 5.574803149606299e-06
2024-11-16 03:05:06 [INFO]   loss: 0.0014,	steps: 4900/10160,	epoch: 7,	learning_rate: 5.52230971128609e-06
2024-11-16 03:05:24 [INFO]   loss: 0.0034,	steps: 4950/10160,	epoch: 7,	learning_rate: 5.46981627296588e-06
2024-11-16 03:05:42 [INFO]   loss: 0.2889,	steps: 5000/10160,	epoch: 7,	learning_rate: 5.41732283464567e-06
2024-11-16 03:06:01 [INFO]   loss: 0.0017,	steps: 5050/10160,	epoch: 7,	learning_rate: 5.364829396325459e-06
2024-11-16 03:25:42 [INFO]   第7轮的训练 测试结果为：{'R@5': 0.5242355897828003, 'R@10': 0.6881478347740074, 'RR@5': 0.8500153186274515, 'RR@10': 0.8538281979458455, 'nDCG@5': 0.6405107985681974, 'nDCG@10': 0.6858140403747202}
2024-11-16 03:25:45 [INFO]   ------------------------------------------------
2024-11-16 03:25:45 [INFO]   第 7 轮已经训练完成  模型保存在 /mnt/workspace/clir/myself/output/2024-11-15/best_model
2024-11-16 03:25:45 [INFO]   ------------------------------------------------
2024-11-16 03:25:52 [INFO]   loss: 0.0179,	steps: 5100/10160,	epoch: 8,	learning_rate: 5.31233595800525e-06
2024-11-16 03:26:11 [INFO]   loss: 0.0076,	steps: 5150/10160,	epoch: 8,	learning_rate: 5.25984251968504e-06
2024-11-16 03:26:29 [INFO]   loss: 0.0219,	steps: 5200/10160,	epoch: 8,	learning_rate: 5.2073490813648295e-06
2024-11-16 03:26:47 [INFO]   loss: 0.0748,	steps: 5250/10160,	epoch: 8,	learning_rate: 5.15485564304462e-06
2024-11-16 03:27:06 [INFO]   loss: 0.0077,	steps: 5300/10160,	epoch: 8,	learning_rate: 5.102362204724411e-06
2024-11-16 03:27:24 [INFO]   loss: 0.0104,	steps: 5350/10160,	epoch: 8,	learning_rate: 5.0498687664042e-06
2024-11-16 03:27:43 [INFO]   loss: 0.0075,	steps: 5400/10160,	epoch: 8,	learning_rate: 4.99737532808399e-06
2024-11-16 03:28:01 [INFO]   loss: 0.0549,	steps: 5450/10160,	epoch: 8,	learning_rate: 4.94488188976378e-06
2024-11-16 03:28:20 [INFO]   loss: 0.0259,	steps: 5500/10160,	epoch: 8,	learning_rate: 4.89238845144357e-06
2024-11-16 03:28:38 [INFO]   loss: 0.1223,	steps: 5550/10160,	epoch: 8,	learning_rate: 4.83989501312336e-06
2024-11-16 03:28:57 [INFO]   loss: 0.0097,	steps: 5600/10160,	epoch: 8,	learning_rate: 4.78740157480315e-06
2024-11-16 03:29:15 [INFO]   loss: 0.0150,	steps: 5650/10160,	epoch: 8,	learning_rate: 4.73490813648294e-06
2024-11-16 03:29:34 [INFO]   loss: 0.0695,	steps: 5700/10160,	epoch: 8,	learning_rate: 4.68241469816273e-06
2024-11-16 03:49:09 [INFO]   第8轮的训练 测试结果为：{'R@5': 0.5336333159216942, 'R@10': 0.6951845883593197, 'RR@5': 0.8480392156862749, 'RR@10': 0.8519647963352012, 'nDCG@5': 0.6450216599659688, 'nDCG@10': 0.6900204093276062}
2024-11-16 03:49:12 [INFO]   ------------------------------------------------
2024-11-16 03:49:12 [INFO]   第 8 轮已经训练完成  模型保存在 /mnt/workspace/clir/myself/output/2024-11-15/best_model
2024-11-16 03:49:12 [INFO]   ------------------------------------------------
2024-11-16 03:49:25 [INFO]   loss: 0.0050,	steps: 5750/10160,	epoch: 9,	learning_rate: 4.6299212598425204e-06
2024-11-16 03:49:43 [INFO]   loss: 0.0051,	steps: 5800/10160,	epoch: 9,	learning_rate: 4.57742782152231e-06
2024-11-16 03:50:02 [INFO]   loss: 0.0061,	steps: 5850/10160,	epoch: 9,	learning_rate: 4.5249343832021e-06
2024-11-16 03:50:21 [INFO]   loss: 0.0010,	steps: 5900/10160,	epoch: 9,	learning_rate: 4.47244094488189e-06
2024-11-16 03:50:39 [INFO]   loss: 0.0020,	steps: 5950/10160,	epoch: 9,	learning_rate: 4.41994750656168e-06
2024-11-16 03:50:57 [INFO]   loss: 0.0539,	steps: 6000/10160,	epoch: 9,	learning_rate: 4.36745406824147e-06
2024-11-16 03:51:16 [INFO]   loss: 0.0094,	steps: 6050/10160,	epoch: 9,	learning_rate: 4.3149606299212606e-06
2024-11-16 03:51:34 [INFO]   loss: 0.0068,	steps: 6100/10160,	epoch: 9,	learning_rate: 4.26246719160105e-06
2024-11-16 03:51:53 [INFO]   loss: 0.0070,	steps: 6150/10160,	epoch: 9,	learning_rate: 4.209973753280841e-06
2024-11-16 03:52:11 [INFO]   loss: 0.0015,	steps: 6200/10160,	epoch: 9,	learning_rate: 4.15748031496063e-06
2024-11-16 03:52:30 [INFO]   loss: 0.0085,	steps: 6250/10160,	epoch: 9,	learning_rate: 4.10498687664042e-06
2024-11-16 03:52:48 [INFO]   loss: 0.0028,	steps: 6300/10160,	epoch: 9,	learning_rate: 4.0524934383202105e-06
2024-11-16 03:53:07 [INFO]   loss: 0.0017,	steps: 6350/10160,	epoch: 9,	learning_rate: 4.000000000000001e-06
2024-11-16 04:12:36 [INFO]   第9轮的训练 测试结果为：{'R@5': 0.5298385169748521, 'R@10': 0.6887978424738382, 'RR@5': 0.8388786764705889, 'RR@10': 0.8418913398692817, 'nDCG@5': 0.6346194753994399, 'nDCG@10': 0.6821509516978135}
2024-11-16 04:12:54 [INFO]   loss: 0.0016,	steps: 6400/10160,	epoch: 10,	learning_rate: 3.94750656167979e-06
2024-11-16 04:13:13 [INFO]   loss: 0.0008,	steps: 6450/10160,	epoch: 10,	learning_rate: 3.895013123359581e-06
2024-11-16 04:13:31 [INFO]   loss: 0.0297,	steps: 6500/10160,	epoch: 10,	learning_rate: 3.84251968503937e-06
2024-11-16 04:13:50 [INFO]   loss: 0.0089,	steps: 6550/10160,	epoch: 10,	learning_rate: 3.7900262467191605e-06
2024-11-16 04:14:08 [INFO]   loss: 0.0065,	steps: 6600/10160,	epoch: 10,	learning_rate: 3.73753280839895e-06
2024-11-16 04:14:27 [INFO]   loss: 0.0098,	steps: 6650/10160,	epoch: 10,	learning_rate: 3.6850393700787408e-06
2024-11-16 04:14:45 [INFO]   loss: 0.0414,	steps: 6700/10160,	epoch: 10,	learning_rate: 3.6325459317585305e-06
2024-11-16 04:15:04 [INFO]   loss: 0.0010,	steps: 6750/10160,	epoch: 10,	learning_rate: 3.5800524934383207e-06
2024-11-16 04:15:22 [INFO]   loss: 0.0106,	steps: 6800/10160,	epoch: 10,	learning_rate: 3.5275590551181104e-06
2024-11-16 04:15:41 [INFO]   loss: 0.0078,	steps: 6850/10160,	epoch: 10,	learning_rate: 3.4750656167979006e-06
2024-11-16 04:15:59 [INFO]   loss: 0.1031,	steps: 6900/10160,	epoch: 10,	learning_rate: 3.4225721784776907e-06
2024-11-16 04:16:18 [INFO]   loss: 0.0017,	steps: 6950/10160,	epoch: 10,	learning_rate: 3.370078740157481e-06
2024-11-16 04:35:59 [INFO]   第10轮的训练 测试结果为：{'R@5': 0.5198432800986692, 'R@10': 0.6909818360215042, 'RR@5': 0.8382046568627456, 'RR@10': 0.8427105217086838, 'nDCG@5': 0.6324180757608465, 'nDCG@10': 0.6802296055616155}
2024-11-16 04:36:05 [INFO]   loss: 0.0108,	steps: 7000/10160,	epoch: 11,	learning_rate: 3.3175853018372706e-06
2024-11-16 04:36:24 [INFO]   loss: 0.0051,	steps: 7050/10160,	epoch: 11,	learning_rate: 3.2650918635170608e-06
2024-11-16 04:36:42 [INFO]   loss: 0.0055,	steps: 7100/10160,	epoch: 11,	learning_rate: 3.2125984251968505e-06
2024-11-16 04:37:01 [INFO]   loss: 0.0126,	steps: 7150/10160,	epoch: 11,	learning_rate: 3.160104986876641e-06
2024-11-16 04:37:19 [INFO]   loss: 0.0011,	steps: 7200/10160,	epoch: 11,	learning_rate: 3.107611548556431e-06
2024-11-16 04:37:37 [INFO]   loss: 0.0054,	steps: 7250/10160,	epoch: 11,	learning_rate: 3.055118110236221e-06
2024-11-16 04:37:56 [INFO]   loss: 0.0030,	steps: 7300/10160,	epoch: 11,	learning_rate: 3.0026246719160107e-06
2024-11-16 04:38:14 [INFO]   loss: 0.0060,	steps: 7350/10160,	epoch: 11,	learning_rate: 2.950131233595801e-06
2024-11-16 04:38:33 [INFO]   loss: 0.0007,	steps: 7400/10160,	epoch: 11,	learning_rate: 2.8976377952755906e-06
2024-11-16 04:38:52 [INFO]   loss: 0.0012,	steps: 7450/10160,	epoch: 11,	learning_rate: 2.8451443569553812e-06
2024-11-16 04:39:10 [INFO]   loss: 0.0012,	steps: 7500/10160,	epoch: 11,	learning_rate: 2.792650918635171e-06
2024-11-16 04:39:28 [INFO]   loss: 0.0045,	steps: 7550/10160,	epoch: 11,	learning_rate: 2.740157480314961e-06
2024-11-16 04:39:47 [INFO]   loss: 0.0102,	steps: 7600/10160,	epoch: 11,	learning_rate: 2.687664041994751e-06
2024-11-16 04:59:24 [INFO]   第11轮的训练 测试结果为：{'R@5': 0.528976955285763, 'R@10': 0.6949252703347206, 'RR@5': 0.8511642156862751, 'RR@10': 0.8548253676470593, 'nDCG@5': 0.648239553390396, 'nDCG@10': 0.6947051042315275}
2024-11-16 04:59:27 [INFO]   ------------------------------------------------
2024-11-16 04:59:27 [INFO]   第 11 轮已经训练完成  模型保存在 /mnt/workspace/clir/myself/output/2024-11-15/best_model
2024-11-16 04:59:27 [INFO]   ------------------------------------------------
2024-11-16 04:59:38 [INFO]   loss: 0.0241,	steps: 7650/10160,	epoch: 12,	learning_rate: 2.635170603674541e-06
2024-11-16 04:59:57 [INFO]   loss: 0.0101,	steps: 7700/10160,	epoch: 12,	learning_rate: 2.5826771653543307e-06
2024-11-16 05:00:15 [INFO]   loss: 0.0212,	steps: 7750/10160,	epoch: 12,	learning_rate: 2.5301837270341213e-06
2024-11-16 05:00:33 [INFO]   loss: 0.0262,	steps: 7800/10160,	epoch: 12,	learning_rate: 2.477690288713911e-06
2024-11-16 05:00:52 [INFO]   loss: 0.0012,	steps: 7850/10160,	epoch: 12,	learning_rate: 2.425196850393701e-06
2024-11-16 05:01:11 [INFO]   loss: 0.0142,	steps: 7900/10160,	epoch: 12,	learning_rate: 2.372703412073491e-06
2024-11-16 05:01:29 [INFO]   loss: 0.0211,	steps: 7950/10160,	epoch: 12,	learning_rate: 2.320209973753281e-06
2024-11-16 05:01:47 [INFO]   loss: 0.0069,	steps: 8000/10160,	epoch: 12,	learning_rate: 2.267716535433071e-06
2024-11-16 05:02:06 [INFO]   loss: 0.0359,	steps: 8050/10160,	epoch: 12,	learning_rate: 2.215223097112861e-06
2024-11-16 05:02:24 [INFO]   loss: 0.0032,	steps: 8100/10160,	epoch: 12,	learning_rate: 2.162729658792651e-06
2024-11-16 05:02:43 [INFO]   loss: 0.2698,	steps: 8150/10160,	epoch: 12,	learning_rate: 2.110236220472441e-06
2024-11-16 05:03:01 [INFO]   loss: 0.0106,	steps: 8200/10160,	epoch: 12,	learning_rate: 2.057742782152231e-06
2024-11-16 05:03:20 [INFO]   loss: 0.0028,	steps: 8250/10160,	epoch: 12,	learning_rate: 2.0052493438320212e-06
2024-11-16 05:22:50 [INFO]   第12轮的训练 测试结果为：{'R@5': 0.5369073615427526, 'R@10': 0.7016368696080042, 'RR@5': 0.8584865196078434, 'RR@10': 0.8616746177637724, 'nDCG@5': 0.654156216440191, 'nDCG@10': 0.7009746497448264}
2024-11-16 05:22:53 [INFO]   ------------------------------------------------
2024-11-16 05:22:53 [INFO]   第 12 轮已经训练完成  模型保存在 /mnt/workspace/clir/myself/output/2024-11-15/best_model
2024-11-16 05:22:53 [INFO]   ------------------------------------------------
2024-11-16 05:23:10 [INFO]   loss: 0.0809,	steps: 8300/10160,	epoch: 13,	learning_rate: 1.952755905511811e-06
2024-11-16 05:23:28 [INFO]   loss: 0.0110,	steps: 8350/10160,	epoch: 13,	learning_rate: 1.9002624671916011e-06
2024-11-16 05:23:47 [INFO]   loss: 0.0157,	steps: 8400/10160,	epoch: 13,	learning_rate: 1.8477690288713913e-06
2024-11-16 05:24:05 [INFO]   loss: 0.0017,	steps: 8450/10160,	epoch: 13,	learning_rate: 1.7952755905511812e-06
2024-11-16 05:24:23 [INFO]   loss: 0.0561,	steps: 8500/10160,	epoch: 13,	learning_rate: 1.7427821522309712e-06
2024-11-16 05:24:42 [INFO]   loss: 0.0046,	steps: 8550/10160,	epoch: 13,	learning_rate: 1.6902887139107613e-06
2024-11-16 05:25:00 [INFO]   loss: 0.0155,	steps: 8600/10160,	epoch: 13,	learning_rate: 1.6377952755905513e-06
2024-11-16 05:25:19 [INFO]   loss: 0.0006,	steps: 8650/10160,	epoch: 13,	learning_rate: 1.5853018372703412e-06
2024-11-16 05:25:37 [INFO]   loss: 0.0007,	steps: 8700/10160,	epoch: 13,	learning_rate: 1.5328083989501314e-06
2024-11-16 05:25:56 [INFO]   loss: 0.0014,	steps: 8750/10160,	epoch: 13,	learning_rate: 1.4803149606299213e-06
2024-11-16 05:26:14 [INFO]   loss: 0.0562,	steps: 8800/10160,	epoch: 13,	learning_rate: 1.4278215223097113e-06
2024-11-16 05:26:33 [INFO]   loss: 0.0026,	steps: 8850/10160,	epoch: 13,	learning_rate: 1.3753280839895015e-06
2024-11-16 05:46:16 [INFO]   第13轮的训练 测试结果为：{'R@5': 0.5364596829443007, 'R@10': 0.6988119390967669, 'RR@5': 0.8559436274509811, 'RR@10': 0.8592130602240902, 'nDCG@5': 0.65592347760916, 'nDCG@10': 0.6997120547577402}
2024-11-16 05:46:20 [INFO]   loss: 0.0017,	steps: 8900/10160,	epoch: 14,	learning_rate: 1.3228346456692914e-06
2024-11-16 05:46:39 [INFO]   loss: 0.0024,	steps: 8950/10160,	epoch: 14,	learning_rate: 1.2703412073490814e-06
2024-11-16 05:46:58 [INFO]   loss: 0.0025,	steps: 9000/10160,	epoch: 14,	learning_rate: 1.2178477690288715e-06
2024-11-16 05:47:16 [INFO]   loss: 0.0036,	steps: 9050/10160,	epoch: 14,	learning_rate: 1.1653543307086615e-06
2024-11-16 05:47:34 [INFO]   loss: 0.0013,	steps: 9100/10160,	epoch: 14,	learning_rate: 1.1128608923884516e-06
2024-11-16 05:47:53 [INFO]   loss: 0.0034,	steps: 9150/10160,	epoch: 14,	learning_rate: 1.0603674540682416e-06
2024-11-16 05:48:11 [INFO]   loss: 0.0483,	steps: 9200/10160,	epoch: 14,	learning_rate: 1.0078740157480315e-06
2024-11-16 05:48:29 [INFO]   loss: 0.0023,	steps: 9250/10160,	epoch: 14,	learning_rate: 9.553805774278217e-07
2024-11-16 05:48:48 [INFO]   loss: 0.0004,	steps: 9300/10160,	epoch: 14,	learning_rate: 9.028871391076116e-07
2024-11-16 05:49:06 [INFO]   loss: 0.0010,	steps: 9350/10160,	epoch: 14,	learning_rate: 8.503937007874017e-07
2024-11-16 05:49:25 [INFO]   loss: 0.0021,	steps: 9400/10160,	epoch: 14,	learning_rate: 7.979002624671916e-07
2024-11-16 05:49:44 [INFO]   loss: 0.0081,	steps: 9450/10160,	epoch: 14,	learning_rate: 7.454068241469817e-07
2024-11-16 05:50:02 [INFO]   loss: 0.0212,	steps: 9500/10160,	epoch: 14,	learning_rate: 6.929133858267717e-07
2024-11-16 06:09:40 [INFO]   第14轮的训练 测试结果为：{'R@5': 0.5449014447312704, 'R@10': 0.708527748564997, 'RR@5': 0.8629595588235298, 'RR@10': 0.8659999416433244, 'nDCG@5': 0.6614421908388702, 'nDCG@10': 0.7078829584711829}
2024-11-16 06:09:43 [INFO]   ------------------------------------------------
2024-11-16 06:09:43 [INFO]   第 14 轮已经训练完成  模型保存在 /mnt/workspace/clir/myself/output/2024-11-15/best_model
2024-11-16 06:09:43 [INFO]   ------------------------------------------------
2024-11-16 06:09:52 [INFO]   loss: 0.0070,	steps: 9550/10160,	epoch: 15,	learning_rate: 6.404199475065617e-07
2024-11-16 06:10:11 [INFO]   loss: 0.0046,	steps: 9600/10160,	epoch: 15,	learning_rate: 5.879265091863517e-07
2024-11-16 06:10:30 [INFO]   loss: 0.0222,	steps: 9650/10160,	epoch: 15,	learning_rate: 5.354330708661418e-07
2024-11-16 06:10:48 [INFO]   loss: 0.0011,	steps: 9700/10160,	epoch: 15,	learning_rate: 4.829396325459318e-07
2024-11-16 06:11:06 [INFO]   loss: 0.0284,	steps: 9750/10160,	epoch: 15,	learning_rate: 4.304461942257218e-07
2024-11-16 06:11:25 [INFO]   loss: 0.0045,	steps: 9800/10160,	epoch: 15,	learning_rate: 3.7795275590551184e-07
2024-11-16 06:11:43 [INFO]   loss: 0.0022,	steps: 9850/10160,	epoch: 15,	learning_rate: 3.2545931758530185e-07
2024-11-16 06:12:02 [INFO]   loss: 0.0285,	steps: 9900/10160,	epoch: 15,	learning_rate: 2.729658792650919e-07
2024-11-16 06:12:20 [INFO]   loss: 0.0566,	steps: 9950/10160,	epoch: 15,	learning_rate: 2.204724409448819e-07
2024-11-16 06:12:39 [INFO]   loss: 0.0055,	steps: 10000/10160,	epoch: 15,	learning_rate: 1.6797900262467193e-07
2024-11-16 06:12:57 [INFO]   loss: 0.0052,	steps: 10050/10160,	epoch: 15,	learning_rate: 1.1548556430446196e-07
2024-11-16 06:13:15 [INFO]   loss: 0.0417,	steps: 10100/10160,	epoch: 15,	learning_rate: 6.299212598425197e-08
2024-11-16 06:13:34 [INFO]   loss: 0.0019,	steps: 10150/10160,	epoch: 15,	learning_rate: 1.0498687664041996e-08
2024-11-16 06:33:07 [INFO]   第15轮的训练 测试结果为：{'R@5': 0.5434984925573477, 'R@10': 0.7082034246887673, 'RR@5': 0.8630974264705886, 'RR@10': 0.8660130718954251, 'nDCG@5': 0.6613465139095762, 'nDCG@10': 0.7083219594382022}
2024-11-16 06:33:07 [INFO]   ------------------------------------------------
2024-11-16 06:33:07 [INFO]   最佳评测指标为: {'R@5': 0.5449014447312704, 'R@10': 0.708527748564997, 'RR@5': 0.8629595588235298, 'RR@10': 0.8659999416433244, 'nDCG@5': 0.6614421908388702, 'nDCG@10': 0.7078829584711829}
2024-11-16 06:33:07 [INFO]   ------------------------------------------------
2024-11-16 06:33:07 [INFO]   ------------------------------------------------
2024-11-16 06:33:07 [INFO]   所有epoch的平均评测指标为: {'R@5': 0.5195338611445789, 'R@10': 0.6834864712419416, 'RR@5': 0.8387848498774515, 'RR@10': 0.8427409993945497, 'nDCG@5': 0.6322868346936408, 'nDCG@10': 0.6790270468585203}
2024-11-16 06:33:07 [INFO]   ------------------------------------------------
