2024-10-04 23:06:11 [INFO]   batch_size: 16, epoch: 16
2024-10-04 23:06:11 [INFO]   知识对比学习损失的权重: 0.6
2024-10-04 23:06:11 [INFO]   学习率:
2024-10-04 23:06:11 [INFO]       mbert 编码器: 1e-5
2024-10-04 23:06:11 [INFO]       query_knowledge_fusion: 1e-3
2024-10-04 23:06:11 [INFO]       GCN: 1e-3
2024-10-04 23:06:11 [INFO]       classifier: 1e-3
2024-10-04 23:06:11 [INFO]   v_kg: 单独拿出GCN中的V_qd
2024-10-04 23:06:11 [INFO]   ***** Running training *****
2024-10-04 23:06:11 [INFO]   当前时间: 2024-10-04 23:06:11
2024-10-04 23:06:11 [INFO]   Num examples = 5087
2024-10-04 23:06:11 [INFO]   Num Epochs = 16
2024-10-04 23:06:11 [INFO]   Instantaneous batch size per device = 8
2024-10-04 23:06:11 [INFO]   Total train batch size (w. parallel, distributed & accumulation) = 16
2024-10-04 23:06:11 [INFO]   Total optimization steps = 10160
2024-10-04 23:06:11 [INFO]   训练的设备: cuda, 设备编号: 0
2024-10-04 23:06:36 [INFO]   loss: 2.2616,	steps: 50/10160,	epoch: 0,	learning_rate: 7.874015748031496e-07
2024-10-04 23:06:59 [INFO]   loss: 1.2386,	steps: 100/10160,	epoch: 0,	learning_rate: 1.5748031496062992e-06
2024-10-04 23:07:23 [INFO]   loss: 0.8099,	steps: 150/10160,	epoch: 0,	learning_rate: 2.362204724409449e-06
2024-10-04 23:07:47 [INFO]   loss: 0.4708,	steps: 200/10160,	epoch: 0,	learning_rate: 3.1496062992125985e-06
2024-10-04 23:08:11 [INFO]   loss: 0.5644,	steps: 250/10160,	epoch: 0,	learning_rate: 3.937007874015748e-06
2024-10-04 23:08:35 [INFO]   loss: 0.5865,	steps: 300/10160,	epoch: 0,	learning_rate: 4.724409448818898e-06
2024-10-04 23:08:59 [INFO]   loss: 0.3119,	steps: 350/10160,	epoch: 0,	learning_rate: 5.511811023622048e-06
2024-10-04 23:09:23 [INFO]   loss: 0.3216,	steps: 400/10160,	epoch: 0,	learning_rate: 6.299212598425197e-06
2024-10-04 23:09:47 [INFO]   loss: 0.1719,	steps: 450/10160,	epoch: 0,	learning_rate: 7.086614173228347e-06
2024-10-04 23:10:12 [INFO]   loss: 0.3000,	steps: 500/10160,	epoch: 0,	learning_rate: 7.874015748031496e-06
2024-10-04 23:10:36 [INFO]   loss: 0.1928,	steps: 550/10160,	epoch: 0,	learning_rate: 8.661417322834647e-06
2024-10-04 23:11:00 [INFO]   loss: 0.2913,	steps: 600/10160,	epoch: 0,	learning_rate: 9.448818897637797e-06
2024-10-04 23:37:27 [INFO]   第0轮的训练 测试结果为：{'R@5': 0.4528220153525329, 'R@10': 0.6127722276605505, 'RR@5': 0.7793351715686281, 'RR@10': 0.7839789040616253, 'nDCG@5': 0.5474615573572481, 'nDCG@10': 0.5986240598501331}
2024-10-04 23:37:27 [INFO]   ------------------------------------------------
2024-10-04 23:37:27 [INFO]   第 0 轮已经训练完成  模型保存在 /mnt/workspace/clir/myself/output/2024-10-04/best_model
2024-10-04 23:37:27 [INFO]   ------------------------------------------------
2024-10-04 23:37:35 [INFO]   loss: 0.2687,	steps: 650/10160,	epoch: 1,	learning_rate: 9.984251968503938e-06
2024-10-04 23:37:59 [INFO]   loss: 0.1029,	steps: 700/10160,	epoch: 1,	learning_rate: 9.931758530183728e-06
2024-10-04 23:38:23 [INFO]   loss: 0.2141,	steps: 750/10160,	epoch: 1,	learning_rate: 9.879265091863518e-06
2024-10-04 23:38:48 [INFO]   loss: 0.2746,	steps: 800/10160,	epoch: 1,	learning_rate: 9.826771653543308e-06
2024-10-04 23:39:12 [INFO]   loss: 0.1214,	steps: 850/10160,	epoch: 1,	learning_rate: 9.774278215223098e-06
2024-10-04 23:39:36 [INFO]   loss: 0.2932,	steps: 900/10160,	epoch: 1,	learning_rate: 9.721784776902888e-06
2024-10-04 23:40:00 [INFO]   loss: 0.2145,	steps: 950/10160,	epoch: 1,	learning_rate: 9.669291338582679e-06
2024-10-04 23:40:25 [INFO]   loss: 0.2067,	steps: 1000/10160,	epoch: 1,	learning_rate: 9.616797900262467e-06
2024-10-04 23:40:49 [INFO]   loss: 0.2632,	steps: 1050/10160,	epoch: 1,	learning_rate: 9.564304461942257e-06
2024-10-04 23:41:13 [INFO]   loss: 0.2672,	steps: 1100/10160,	epoch: 1,	learning_rate: 9.511811023622049e-06
2024-10-04 23:41:37 [INFO]   loss: 0.0814,	steps: 1150/10160,	epoch: 1,	learning_rate: 9.459317585301838e-06
2024-10-04 23:42:00 [INFO]   loss: 0.1870,	steps: 1200/10160,	epoch: 1,	learning_rate: 9.406824146981628e-06
2024-10-04 23:42:24 [INFO]   loss: 0.2137,	steps: 1250/10160,	epoch: 1,	learning_rate: 9.354330708661418e-06
2024-10-05 00:08:40 [INFO]   第1轮的训练 测试结果为：{'R@5': 0.4855978354253781, 'R@10': 0.6514930396825084, 'RR@5': 0.7883884803921578, 'RR@10': 0.7930252830298794, 'nDCG@5': 0.5809803629126159, 'nDCG@10': 0.6331240436168316}
2024-10-05 00:08:43 [INFO]   ------------------------------------------------
2024-10-05 00:08:43 [INFO]   第 1 轮已经训练完成  模型保存在 /mnt/workspace/clir/myself/output/2024-10-04/best_model
2024-10-05 00:08:43 [INFO]   ------------------------------------------------
2024-10-05 00:08:58 [INFO]   loss: 0.0896,	steps: 1300/10160,	epoch: 2,	learning_rate: 9.301837270341208e-06
2024-10-05 00:09:22 [INFO]   loss: 0.2125,	steps: 1350/10160,	epoch: 2,	learning_rate: 9.249343832020998e-06
2024-10-05 00:09:46 [INFO]   loss: 0.1724,	steps: 1400/10160,	epoch: 2,	learning_rate: 9.196850393700788e-06
2024-10-05 00:10:10 [INFO]   loss: 0.0780,	steps: 1450/10160,	epoch: 2,	learning_rate: 9.144356955380579e-06
2024-10-05 00:10:35 [INFO]   loss: 0.2445,	steps: 1500/10160,	epoch: 2,	learning_rate: 9.091863517060369e-06
2024-10-05 00:10:58 [INFO]   loss: 0.0752,	steps: 1550/10160,	epoch: 2,	learning_rate: 9.039370078740159e-06
2024-10-05 00:11:22 [INFO]   loss: 0.0817,	steps: 1600/10160,	epoch: 2,	learning_rate: 8.986876640419947e-06
2024-10-05 00:11:47 [INFO]   loss: 0.1395,	steps: 1650/10160,	epoch: 2,	learning_rate: 8.934383202099738e-06
2024-10-05 00:12:11 [INFO]   loss: 0.5091,	steps: 1700/10160,	epoch: 2,	learning_rate: 8.88188976377953e-06
2024-10-05 00:12:35 [INFO]   loss: 0.2143,	steps: 1750/10160,	epoch: 2,	learning_rate: 8.829396325459318e-06
2024-10-05 00:13:00 [INFO]   loss: 0.3906,	steps: 1800/10160,	epoch: 2,	learning_rate: 8.776902887139108e-06
2024-10-05 00:13:23 [INFO]   loss: 0.0618,	steps: 1850/10160,	epoch: 2,	learning_rate: 8.724409448818898e-06
2024-10-05 00:13:48 [INFO]   loss: 0.1350,	steps: 1900/10160,	epoch: 2,	learning_rate: 8.671916010498688e-06
2024-10-05 00:39:54 [INFO]   第2轮的训练 测试结果为：{'R@5': 0.49773095656347205, 'R@10': 0.6673032675949025, 'RR@5': 0.8203125000000006, 'RR@10': 0.826274728641457, 'nDCG@5': 0.6102203507096036, 'nDCG@10': 0.6611857597727151}
2024-10-05 00:39:58 [INFO]   ------------------------------------------------
2024-10-05 00:39:58 [INFO]   第 2 轮已经训练完成  模型保存在 /mnt/workspace/clir/myself/output/2024-10-04/best_model
2024-10-05 00:39:58 [INFO]   ------------------------------------------------
2024-10-05 00:40:20 [INFO]   loss: 0.1679,	steps: 1950/10160,	epoch: 3,	learning_rate: 8.619422572178478e-06
2024-10-05 00:40:43 [INFO]   loss: 0.1673,	steps: 2000/10160,	epoch: 3,	learning_rate: 8.566929133858269e-06
2024-10-05 00:41:07 [INFO]   loss: 0.1069,	steps: 2050/10160,	epoch: 3,	learning_rate: 8.514435695538059e-06
2024-10-05 00:41:31 [INFO]   loss: 0.1329,	steps: 2100/10160,	epoch: 3,	learning_rate: 8.461942257217849e-06
2024-10-05 00:41:55 [INFO]   loss: 0.1162,	steps: 2150/10160,	epoch: 3,	learning_rate: 8.409448818897639e-06
2024-10-05 00:42:19 [INFO]   loss: 0.1179,	steps: 2200/10160,	epoch: 3,	learning_rate: 8.356955380577428e-06
2024-10-05 00:42:43 [INFO]   loss: 0.0584,	steps: 2250/10160,	epoch: 3,	learning_rate: 8.304461942257218e-06
2024-10-05 00:43:07 [INFO]   loss: 0.0460,	steps: 2300/10160,	epoch: 3,	learning_rate: 8.25196850393701e-06
2024-10-05 00:43:32 [INFO]   loss: 0.2262,	steps: 2350/10160,	epoch: 3,	learning_rate: 8.199475065616798e-06
2024-10-05 00:43:56 [INFO]   loss: 0.1124,	steps: 2400/10160,	epoch: 3,	learning_rate: 8.146981627296588e-06
2024-10-05 00:44:20 [INFO]   loss: 0.1127,	steps: 2450/10160,	epoch: 3,	learning_rate: 8.094488188976378e-06
2024-10-05 00:44:44 [INFO]   loss: 0.1648,	steps: 2500/10160,	epoch: 3,	learning_rate: 8.041994750656169e-06
2024-10-05 01:11:08 [INFO]   第3轮的训练 测试结果为：{'R@5': 0.49667004363241424, 'R@10': 0.6641161847342189, 'RR@5': 0.833363970588236, 'RR@10': 0.8386999591503272, 'nDCG@5': 0.6161027323171024, 'nDCG@10': 0.6636723203229024}
2024-10-05 01:11:11 [INFO]   ------------------------------------------------
2024-10-05 01:11:11 [INFO]   第 3 轮已经训练完成  模型保存在 /mnt/workspace/clir/myself/output/2024-10-04/best_model
2024-10-05 01:11:11 [INFO]   ------------------------------------------------
2024-10-05 01:11:16 [INFO]   loss: 0.0239,	steps: 2550/10160,	epoch: 4,	learning_rate: 7.989501312335959e-06
2024-10-05 01:11:40 [INFO]   loss: 0.0875,	steps: 2600/10160,	epoch: 4,	learning_rate: 7.937007874015749e-06
2024-10-05 01:12:04 [INFO]   loss: 0.1395,	steps: 2650/10160,	epoch: 4,	learning_rate: 7.884514435695539e-06
2024-10-05 01:12:28 [INFO]   loss: 0.2356,	steps: 2700/10160,	epoch: 4,	learning_rate: 7.83202099737533e-06
2024-10-05 01:12:51 [INFO]   loss: 0.1046,	steps: 2750/10160,	epoch: 4,	learning_rate: 7.77952755905512e-06
2024-10-05 01:13:16 [INFO]   loss: 0.0686,	steps: 2800/10160,	epoch: 4,	learning_rate: 7.72703412073491e-06
2024-10-05 01:13:41 [INFO]   loss: 0.1626,	steps: 2850/10160,	epoch: 4,	learning_rate: 7.674540682414698e-06
2024-10-05 01:14:05 [INFO]   loss: 0.0158,	steps: 2900/10160,	epoch: 4,	learning_rate: 7.622047244094489e-06
2024-10-05 01:14:29 [INFO]   loss: 0.0630,	steps: 2950/10160,	epoch: 4,	learning_rate: 7.569553805774279e-06
2024-10-05 01:14:53 [INFO]   loss: 0.0679,	steps: 3000/10160,	epoch: 4,	learning_rate: 7.5170603674540684e-06
2024-10-05 01:15:17 [INFO]   loss: 0.0788,	steps: 3050/10160,	epoch: 4,	learning_rate: 7.464566929133859e-06
2024-10-05 01:15:42 [INFO]   loss: 0.0989,	steps: 3100/10160,	epoch: 4,	learning_rate: 7.41207349081365e-06
2024-10-05 01:16:05 [INFO]   loss: 0.1218,	steps: 3150/10160,	epoch: 4,	learning_rate: 7.359580052493439e-06
2024-10-05 01:42:23 [INFO]   第4轮的训练 测试结果为：{'R@5': 0.5317497589378739, 'R@10': 0.696350811669713, 'RR@5': 0.851976102941177, 'RR@10': 0.8557397438141927, 'nDCG@5': 0.65180461370056, 'nDCG@10': 0.6967009040155991}
2024-10-05 01:42:26 [INFO]   ------------------------------------------------
2024-10-05 01:42:26 [INFO]   第 4 轮已经训练完成  模型保存在 /mnt/workspace/clir/myself/output/2024-10-04/best_model
2024-10-05 01:42:26 [INFO]   ------------------------------------------------
2024-10-05 01:42:38 [INFO]   loss: 0.1320,	steps: 3200/10160,	epoch: 5,	learning_rate: 7.307086614173229e-06
2024-10-05 01:43:02 [INFO]   loss: 0.0338,	steps: 3250/10160,	epoch: 5,	learning_rate: 7.254593175853018e-06
2024-10-05 01:43:26 [INFO]   loss: 0.0787,	steps: 3300/10160,	epoch: 5,	learning_rate: 7.202099737532809e-06
2024-10-05 01:43:50 [INFO]   loss: 0.1352,	steps: 3350/10160,	epoch: 5,	learning_rate: 7.1496062992125995e-06
2024-10-05 01:44:14 [INFO]   loss: 0.1997,	steps: 3400/10160,	epoch: 5,	learning_rate: 7.097112860892389e-06
2024-10-05 01:44:38 [INFO]   loss: 0.1276,	steps: 3450/10160,	epoch: 5,	learning_rate: 7.044619422572179e-06
2024-10-05 01:45:02 [INFO]   loss: 0.1000,	steps: 3500/10160,	epoch: 5,	learning_rate: 6.992125984251969e-06
2024-10-05 01:45:27 [INFO]   loss: 0.1416,	steps: 3550/10160,	epoch: 5,	learning_rate: 6.939632545931759e-06
2024-10-05 01:45:50 [INFO]   loss: 0.1514,	steps: 3600/10160,	epoch: 5,	learning_rate: 6.887139107611549e-06
2024-10-05 01:46:14 [INFO]   loss: 0.0764,	steps: 3650/10160,	epoch: 5,	learning_rate: 6.834645669291339e-06
2024-10-05 01:46:39 [INFO]   loss: 0.2541,	steps: 3700/10160,	epoch: 5,	learning_rate: 6.78215223097113e-06
2024-10-05 01:47:03 [INFO]   loss: 0.1180,	steps: 3750/10160,	epoch: 5,	learning_rate: 6.729658792650919e-06
2024-10-05 01:47:27 [INFO]   loss: 0.1866,	steps: 3800/10160,	epoch: 5,	learning_rate: 6.677165354330709e-06
2024-10-05 02:13:39 [INFO]   第5轮的训练 测试结果为：{'R@5': 0.5367008072343858, 'R@10': 0.699060729184087, 'RR@5': 0.860477941176471, 'RR@10': 0.863709442110178, 'nDCG@5': 0.6569663694631549, 'nDCG@10': 0.7017206439926427}
2024-10-05 02:13:42 [INFO]   ------------------------------------------------
2024-10-05 02:13:42 [INFO]   第 5 轮已经训练完成  模型保存在 /mnt/workspace/clir/myself/output/2024-10-04/best_model
2024-10-05 02:13:42 [INFO]   ------------------------------------------------
2024-10-05 02:14:02 [INFO]   loss: 0.0107,	steps: 3850/10160,	epoch: 6,	learning_rate: 6.624671916010499e-06
2024-10-05 02:14:26 [INFO]   loss: 0.1029,	steps: 3900/10160,	epoch: 6,	learning_rate: 6.57217847769029e-06
2024-10-05 02:14:50 [INFO]   loss: 0.0531,	steps: 3950/10160,	epoch: 6,	learning_rate: 6.51968503937008e-06
2024-10-05 02:15:13 [INFO]   loss: 0.0352,	steps: 4000/10160,	epoch: 6,	learning_rate: 6.467191601049869e-06
2024-10-05 02:15:37 [INFO]   loss: 0.1286,	steps: 4050/10160,	epoch: 6,	learning_rate: 6.414698162729659e-06
2024-10-05 02:16:01 [INFO]   loss: 0.1309,	steps: 4100/10160,	epoch: 6,	learning_rate: 6.362204724409449e-06
2024-10-05 02:16:25 [INFO]   loss: 0.0250,	steps: 4150/10160,	epoch: 6,	learning_rate: 6.3097112860892396e-06
2024-10-05 02:16:50 [INFO]   loss: 0.1261,	steps: 4200/10160,	epoch: 6,	learning_rate: 6.257217847769029e-06
2024-10-05 02:17:14 [INFO]   loss: 0.1476,	steps: 4250/10160,	epoch: 6,	learning_rate: 6.204724409448819e-06
2024-10-05 02:17:38 [INFO]   loss: 0.1493,	steps: 4300/10160,	epoch: 6,	learning_rate: 6.15223097112861e-06
2024-10-05 02:18:02 [INFO]   loss: 0.0330,	steps: 4350/10160,	epoch: 6,	learning_rate: 6.099737532808399e-06
2024-10-05 02:18:26 [INFO]   loss: 0.0574,	steps: 4400/10160,	epoch: 6,	learning_rate: 6.0472440944881895e-06
2024-10-05 02:44:53 [INFO]   第6轮的训练 测试结果为：{'R@5': 0.5277488332435021, 'R@10': 0.6972591836894949, 'RR@5': 0.8453278186274518, 'RR@10': 0.8488576680672273, 'nDCG@5': 0.6438468144448921, 'nDCG@10': 0.6914200962421373}
2024-10-05 02:44:55 [INFO]   loss: 0.0958,	steps: 4450/10160,	epoch: 7,	learning_rate: 5.994750656167979e-06
2024-10-05 02:45:20 [INFO]   loss: 0.1321,	steps: 4500/10160,	epoch: 7,	learning_rate: 5.94225721784777e-06
2024-10-05 02:45:44 [INFO]   loss: 0.1590,	steps: 4550/10160,	epoch: 7,	learning_rate: 5.88976377952756e-06
2024-10-05 02:46:07 [INFO]   loss: 0.1021,	steps: 4600/10160,	epoch: 7,	learning_rate: 5.837270341207349e-06
2024-10-05 02:46:32 [INFO]   loss: 0.0319,	steps: 4650/10160,	epoch: 7,	learning_rate: 5.7847769028871395e-06
2024-10-05 02:46:55 [INFO]   loss: 0.0222,	steps: 4700/10160,	epoch: 7,	learning_rate: 5.7322834645669305e-06
2024-10-05 02:47:19 [INFO]   loss: 0.1465,	steps: 4750/10160,	epoch: 7,	learning_rate: 5.67979002624672e-06
2024-10-05 02:47:43 [INFO]   loss: 0.0546,	steps: 4800/10160,	epoch: 7,	learning_rate: 5.62729658792651e-06
2024-10-05 02:48:07 [INFO]   loss: 0.2133,	steps: 4850/10160,	epoch: 7,	learning_rate: 5.574803149606299e-06
2024-10-05 02:48:32 [INFO]   loss: 0.0041,	steps: 4900/10160,	epoch: 7,	learning_rate: 5.52230971128609e-06
2024-10-05 02:48:56 [INFO]   loss: 0.0779,	steps: 4950/10160,	epoch: 7,	learning_rate: 5.46981627296588e-06
2024-10-05 02:49:19 [INFO]   loss: 0.1921,	steps: 5000/10160,	epoch: 7,	learning_rate: 5.41732283464567e-06
2024-10-05 02:49:44 [INFO]   loss: 0.0612,	steps: 5050/10160,	epoch: 7,	learning_rate: 5.364829396325459e-06
2024-10-05 03:16:02 [INFO]   第7轮的训练 测试结果为：{'R@5': 0.5340164974687903, 'R@10': 0.6925412932649481, 'RR@5': 0.8640165441176473, 'RR@10': 0.8671645220588238, 'nDCG@5': 0.6539733472379374, 'nDCG@10': 0.6980394105277359}
2024-10-05 03:16:12 [INFO]   loss: 0.0484,	steps: 5100/10160,	epoch: 8,	learning_rate: 5.31233595800525e-06
2024-10-05 03:16:36 [INFO]   loss: 0.0571,	steps: 5150/10160,	epoch: 8,	learning_rate: 5.25984251968504e-06
2024-10-05 03:17:00 [INFO]   loss: 0.0344,	steps: 5200/10160,	epoch: 8,	learning_rate: 5.2073490813648295e-06
2024-10-05 03:17:23 [INFO]   loss: 0.1143,	steps: 5250/10160,	epoch: 8,	learning_rate: 5.15485564304462e-06
2024-10-05 03:17:47 [INFO]   loss: 0.0163,	steps: 5300/10160,	epoch: 8,	learning_rate: 5.102362204724411e-06
2024-10-05 03:18:11 [INFO]   loss: 0.0626,	steps: 5350/10160,	epoch: 8,	learning_rate: 5.0498687664042e-06
2024-10-05 03:18:35 [INFO]   loss: 0.0896,	steps: 5400/10160,	epoch: 8,	learning_rate: 4.99737532808399e-06
2024-10-05 03:18:59 [INFO]   loss: 0.0783,	steps: 5450/10160,	epoch: 8,	learning_rate: 4.94488188976378e-06
2024-10-05 03:19:24 [INFO]   loss: 0.0762,	steps: 5500/10160,	epoch: 8,	learning_rate: 4.89238845144357e-06
2024-10-05 03:19:48 [INFO]   loss: 0.0234,	steps: 5550/10160,	epoch: 8,	learning_rate: 4.83989501312336e-06
2024-10-05 03:20:12 [INFO]   loss: 0.1347,	steps: 5600/10160,	epoch: 8,	learning_rate: 4.78740157480315e-06
2024-10-05 03:20:35 [INFO]   loss: 0.0743,	steps: 5650/10160,	epoch: 8,	learning_rate: 4.73490813648294e-06
2024-10-05 03:21:00 [INFO]   loss: 0.0829,	steps: 5700/10160,	epoch: 8,	learning_rate: 4.68241469816273e-06
2024-10-05 03:47:10 [INFO]   第8轮的训练 测试结果为：{'R@5': 0.5344697503214115, 'R@10': 0.7037291151243413, 'RR@5': 0.8594362745098043, 'RR@10': 0.8628486811391225, 'nDCG@5': 0.6559216276643436, 'nDCG@10': 0.7035272485147399}
2024-10-05 03:47:27 [INFO]   loss: 0.0556,	steps: 5750/10160,	epoch: 9,	learning_rate: 4.6299212598425204e-06
2024-10-05 03:47:51 [INFO]   loss: 0.0661,	steps: 5800/10160,	epoch: 9,	learning_rate: 4.57742782152231e-06
2024-10-05 03:48:15 [INFO]   loss: 0.0717,	steps: 5850/10160,	epoch: 9,	learning_rate: 4.5249343832021e-06
2024-10-05 03:48:40 [INFO]   loss: 0.0400,	steps: 5900/10160,	epoch: 9,	learning_rate: 4.47244094488189e-06
2024-10-05 03:49:04 [INFO]   loss: 0.1854,	steps: 5950/10160,	epoch: 9,	learning_rate: 4.41994750656168e-06
2024-10-05 03:49:27 [INFO]   loss: 0.1011,	steps: 6000/10160,	epoch: 9,	learning_rate: 4.36745406824147e-06
2024-10-05 03:49:51 [INFO]   loss: 0.0596,	steps: 6050/10160,	epoch: 9,	learning_rate: 4.3149606299212606e-06
2024-10-05 03:50:15 [INFO]   loss: 0.0375,	steps: 6100/10160,	epoch: 9,	learning_rate: 4.26246719160105e-06
2024-10-05 03:50:39 [INFO]   loss: 0.0442,	steps: 6150/10160,	epoch: 9,	learning_rate: 4.209973753280841e-06
2024-10-05 03:51:03 [INFO]   loss: 0.0241,	steps: 6200/10160,	epoch: 9,	learning_rate: 4.15748031496063e-06
2024-10-05 03:51:27 [INFO]   loss: 0.1434,	steps: 6250/10160,	epoch: 9,	learning_rate: 4.10498687664042e-06
2024-10-05 03:51:51 [INFO]   loss: 0.1344,	steps: 6300/10160,	epoch: 9,	learning_rate: 4.0524934383202105e-06
2024-10-05 03:52:15 [INFO]   loss: 0.0085,	steps: 6350/10160,	epoch: 9,	learning_rate: 4.000000000000001e-06
2024-10-05 04:18:21 [INFO]   第9轮的训练 测试结果为：{'R@5': 0.5352008064667346, 'R@10': 0.7003491429787232, 'RR@5': 0.8576133578431377, 'RR@10': 0.8606267507002804, 'nDCG@5': 0.6559790105346422, 'nDCG@10': 0.700998622836746}
2024-10-05 04:18:44 [INFO]   loss: 0.1237,	steps: 6400/10160,	epoch: 10,	learning_rate: 3.94750656167979e-06
2024-10-05 04:19:09 [INFO]   loss: 0.0343,	steps: 6450/10160,	epoch: 10,	learning_rate: 3.895013123359581e-06
2024-10-05 04:19:32 [INFO]   loss: 0.1279,	steps: 6500/10160,	epoch: 10,	learning_rate: 3.84251968503937e-06
2024-10-05 04:19:57 [INFO]   loss: 0.0810,	steps: 6550/10160,	epoch: 10,	learning_rate: 3.7900262467191605e-06
2024-10-05 04:20:21 [INFO]   loss: 0.0091,	steps: 6600/10160,	epoch: 10,	learning_rate: 3.73753280839895e-06
2024-10-05 04:20:45 [INFO]   loss: 0.0475,	steps: 6650/10160,	epoch: 10,	learning_rate: 3.6850393700787408e-06
2024-10-05 04:21:10 [INFO]   loss: 0.1469,	steps: 6700/10160,	epoch: 10,	learning_rate: 3.6325459317585305e-06
2024-10-05 04:21:33 [INFO]   loss: 0.0726,	steps: 6750/10160,	epoch: 10,	learning_rate: 3.5800524934383207e-06
2024-10-05 04:21:57 [INFO]   loss: 0.0049,	steps: 6800/10160,	epoch: 10,	learning_rate: 3.5275590551181104e-06
2024-10-05 04:22:21 [INFO]   loss: 0.0105,	steps: 6850/10160,	epoch: 10,	learning_rate: 3.4750656167979006e-06
2024-10-05 04:22:46 [INFO]   loss: 0.0744,	steps: 6900/10160,	epoch: 10,	learning_rate: 3.4225721784776907e-06
2024-10-05 04:23:10 [INFO]   loss: 0.0611,	steps: 6950/10160,	epoch: 10,	learning_rate: 3.370078740157481e-06
2024-10-05 04:49:32 [INFO]   第10轮的训练 测试结果为：{'R@5': 0.5412041679413873, 'R@10': 0.7039503342420299, 'RR@5': 0.8684895833333337, 'RR@10': 0.8721000379318397, 'nDCG@5': 0.6662483314201539, 'nDCG@10': 0.7109324903917975}
2024-10-05 04:49:35 [INFO]   ------------------------------------------------
2024-10-05 04:49:35 [INFO]   第 10 轮已经训练完成  模型保存在 /mnt/workspace/clir/myself/output/2024-10-04/best_model
2024-10-05 04:49:35 [INFO]   ------------------------------------------------
2024-10-05 04:49:42 [INFO]   loss: 0.0060,	steps: 7000/10160,	epoch: 11,	learning_rate: 3.3175853018372706e-06
2024-10-05 04:50:07 [INFO]   loss: 0.1150,	steps: 7050/10160,	epoch: 11,	learning_rate: 3.2650918635170608e-06
2024-10-05 04:50:31 [INFO]   loss: 0.0492,	steps: 7100/10160,	epoch: 11,	learning_rate: 3.2125984251968505e-06
2024-10-05 04:50:55 [INFO]   loss: 0.0652,	steps: 7150/10160,	epoch: 11,	learning_rate: 3.160104986876641e-06
2024-10-05 04:51:19 [INFO]   loss: 0.1222,	steps: 7200/10160,	epoch: 11,	learning_rate: 3.107611548556431e-06
2024-10-05 04:51:43 [INFO]   loss: 0.0324,	steps: 7250/10160,	epoch: 11,	learning_rate: 3.055118110236221e-06
2024-10-05 04:52:07 [INFO]   loss: 0.0359,	steps: 7300/10160,	epoch: 11,	learning_rate: 3.0026246719160107e-06
2024-10-05 04:52:30 [INFO]   loss: 0.0740,	steps: 7350/10160,	epoch: 11,	learning_rate: 2.950131233595801e-06
2024-10-05 04:52:54 [INFO]   loss: 0.0128,	steps: 7400/10160,	epoch: 11,	learning_rate: 2.8976377952755906e-06
2024-10-05 04:53:18 [INFO]   loss: 0.1022,	steps: 7450/10160,	epoch: 11,	learning_rate: 2.8451443569553812e-06
2024-10-05 04:53:42 [INFO]   loss: 0.0684,	steps: 7500/10160,	epoch: 11,	learning_rate: 2.792650918635171e-06
2024-10-05 04:54:06 [INFO]   loss: 0.0279,	steps: 7550/10160,	epoch: 11,	learning_rate: 2.740157480314961e-06
2024-10-05 04:54:29 [INFO]   loss: 0.0088,	steps: 7600/10160,	epoch: 11,	learning_rate: 2.687664041994751e-06
2024-10-05 05:20:44 [INFO]   第11轮的训练 测试结果为：{'R@5': 0.5380574787965309, 'R@10': 0.7090410328705765, 'RR@5': 0.8662224264705887, 'RR@10': 0.8703920109710555, 'nDCG@5': 0.6654265879048016, 'nDCG@10': 0.712926298621897}
2024-10-05 05:20:59 [INFO]   loss: 0.0798,	steps: 7650/10160,	epoch: 12,	learning_rate: 2.635170603674541e-06
2024-10-05 05:21:23 [INFO]   loss: 0.0054,	steps: 7700/10160,	epoch: 12,	learning_rate: 2.5826771653543307e-06
2024-10-05 05:21:48 [INFO]   loss: 0.0685,	steps: 7750/10160,	epoch: 12,	learning_rate: 2.5301837270341213e-06
2024-10-05 05:22:11 [INFO]   loss: 0.0384,	steps: 7800/10160,	epoch: 12,	learning_rate: 2.477690288713911e-06
2024-10-05 05:22:35 [INFO]   loss: 0.0589,	steps: 7850/10160,	epoch: 12,	learning_rate: 2.425196850393701e-06
2024-10-05 05:22:59 [INFO]   loss: 0.0931,	steps: 7900/10160,	epoch: 12,	learning_rate: 2.372703412073491e-06
2024-10-05 05:23:23 [INFO]   loss: 0.0815,	steps: 7950/10160,	epoch: 12,	learning_rate: 2.320209973753281e-06
2024-10-05 05:23:47 [INFO]   loss: 0.0273,	steps: 8000/10160,	epoch: 12,	learning_rate: 2.267716535433071e-06
2024-10-05 05:24:11 [INFO]   loss: 0.1454,	steps: 8050/10160,	epoch: 12,	learning_rate: 2.215223097112861e-06
2024-10-05 05:24:35 [INFO]   loss: 0.0454,	steps: 8100/10160,	epoch: 12,	learning_rate: 2.162729658792651e-06
2024-10-05 05:24:59 [INFO]   loss: 0.1831,	steps: 8150/10160,	epoch: 12,	learning_rate: 2.110236220472441e-06
2024-10-05 05:25:23 [INFO]   loss: 0.1368,	steps: 8200/10160,	epoch: 12,	learning_rate: 2.057742782152231e-06
2024-10-05 05:25:47 [INFO]   loss: 0.0716,	steps: 8250/10160,	epoch: 12,	learning_rate: 2.0052493438320212e-06
2024-10-05 05:51:54 [INFO]   第12轮的训练 测试结果为：{'R@5': 0.5476238186359911, 'R@10': 0.7091809078772869, 'RR@5': 0.86875, 'RR@10': 0.8722576009570494, 'nDCG@5': 0.6686662302877329, 'nDCG@10': 0.713157899942301}
2024-10-05 05:51:56 [INFO]   ------------------------------------------------
2024-10-05 05:51:56 [INFO]   第 12 轮已经训练完成  模型保存在 /mnt/workspace/clir/myself/output/2024-10-04/best_model
2024-10-05 05:51:56 [INFO]   ------------------------------------------------
2024-10-05 05:52:18 [INFO]   loss: 0.0385,	steps: 8300/10160,	epoch: 13,	learning_rate: 1.952755905511811e-06
2024-10-05 05:52:42 [INFO]   loss: 0.0770,	steps: 8350/10160,	epoch: 13,	learning_rate: 1.9002624671916011e-06
2024-10-05 05:53:06 [INFO]   loss: 0.0860,	steps: 8400/10160,	epoch: 13,	learning_rate: 1.8477690288713913e-06
2024-10-05 05:53:30 [INFO]   loss: 0.0435,	steps: 8450/10160,	epoch: 13,	learning_rate: 1.7952755905511812e-06
2024-10-05 05:53:54 [INFO]   loss: 0.1427,	steps: 8500/10160,	epoch: 13,	learning_rate: 1.7427821522309712e-06
2024-10-05 05:54:18 [INFO]   loss: 0.0353,	steps: 8550/10160,	epoch: 13,	learning_rate: 1.6902887139107613e-06
2024-10-05 05:54:42 [INFO]   loss: 0.1018,	steps: 8600/10160,	epoch: 13,	learning_rate: 1.6377952755905513e-06
2024-10-05 05:55:06 [INFO]   loss: 0.0613,	steps: 8650/10160,	epoch: 13,	learning_rate: 1.5853018372703412e-06
2024-10-05 05:55:30 [INFO]   loss: 0.0069,	steps: 8700/10160,	epoch: 13,	learning_rate: 1.5328083989501314e-06
2024-10-05 05:55:54 [INFO]   loss: 0.0377,	steps: 8750/10160,	epoch: 13,	learning_rate: 1.4803149606299213e-06
2024-10-05 05:56:18 [INFO]   loss: 0.0389,	steps: 8800/10160,	epoch: 13,	learning_rate: 1.4278215223097113e-06
2024-10-05 05:56:43 [INFO]   loss: 0.0554,	steps: 8850/10160,	epoch: 13,	learning_rate: 1.3753280839895015e-06
2024-10-05 06:23:07 [INFO]   第13轮的训练 测试结果为：{'R@5': 0.5503225060171643, 'R@10': 0.708058189025183, 'RR@5': 0.8672487745098042, 'RR@10': 0.869432408380019, 'nDCG@5': 0.6651455733948226, 'nDCG@10': 0.707576066044347}
2024-10-05 06:23:12 [INFO]   loss: 0.0688,	steps: 8900/10160,	epoch: 14,	learning_rate: 1.3228346456692914e-06
2024-10-05 06:23:36 [INFO]   loss: 0.0423,	steps: 8950/10160,	epoch: 14,	learning_rate: 1.2703412073490814e-06
2024-10-05 06:24:00 [INFO]   loss: 0.0180,	steps: 9000/10160,	epoch: 14,	learning_rate: 1.2178477690288715e-06
2024-10-05 06:24:24 [INFO]   loss: 0.0669,	steps: 9050/10160,	epoch: 14,	learning_rate: 1.1653543307086615e-06
2024-10-05 06:24:48 [INFO]   loss: 0.0350,	steps: 9100/10160,	epoch: 14,	learning_rate: 1.1128608923884516e-06
2024-10-05 06:25:12 [INFO]   loss: 0.0260,	steps: 9150/10160,	epoch: 14,	learning_rate: 1.0603674540682416e-06
2024-10-05 06:25:36 [INFO]   loss: 0.0693,	steps: 9200/10160,	epoch: 14,	learning_rate: 1.0078740157480315e-06
2024-10-05 06:26:00 [INFO]   loss: 0.1065,	steps: 9250/10160,	epoch: 14,	learning_rate: 9.553805774278217e-07
2024-10-05 06:26:24 [INFO]   loss: 0.0024,	steps: 9300/10160,	epoch: 14,	learning_rate: 9.028871391076116e-07
2024-10-05 06:26:48 [INFO]   loss: 0.0475,	steps: 9350/10160,	epoch: 14,	learning_rate: 8.503937007874017e-07
2024-10-05 06:27:12 [INFO]   loss: 0.0179,	steps: 9400/10160,	epoch: 14,	learning_rate: 7.979002624671916e-07
2024-10-05 06:27:36 [INFO]   loss: 0.0050,	steps: 9450/10160,	epoch: 14,	learning_rate: 7.454068241469817e-07
2024-10-05 06:28:00 [INFO]   loss: 0.0706,	steps: 9500/10160,	epoch: 14,	learning_rate: 6.929133858267717e-07
2024-10-05 06:54:16 [INFO]   第14轮的训练 测试结果为：{'R@5': 0.5476010799456711, 'R@10': 0.7111847054123482, 'RR@5': 0.86858149509804, 'RR@10': 0.871643032212886, 'nDCG@5': 0.6651576498072116, 'nDCG@10': 0.7103593715902664}
2024-10-05 06:54:29 [INFO]   loss: 0.0995,	steps: 9550/10160,	epoch: 15,	learning_rate: 6.404199475065617e-07
2024-10-05 06:54:54 [INFO]   loss: 0.0527,	steps: 9600/10160,	epoch: 15,	learning_rate: 5.879265091863517e-07
2024-10-05 06:55:18 [INFO]   loss: 0.0505,	steps: 9650/10160,	epoch: 15,	learning_rate: 5.354330708661418e-07
2024-10-05 06:55:42 [INFO]   loss: 0.0712,	steps: 9700/10160,	epoch: 15,	learning_rate: 4.829396325459318e-07
2024-10-05 06:56:05 [INFO]   loss: 0.0679,	steps: 9750/10160,	epoch: 15,	learning_rate: 4.304461942257218e-07
2024-10-05 06:56:29 [INFO]   loss: 0.0887,	steps: 9800/10160,	epoch: 15,	learning_rate: 3.7795275590551184e-07
2024-10-05 06:56:53 [INFO]   loss: 0.0080,	steps: 9850/10160,	epoch: 15,	learning_rate: 3.2545931758530185e-07
2024-10-05 06:57:16 [INFO]   loss: 0.0411,	steps: 9900/10160,	epoch: 15,	learning_rate: 2.729658792650919e-07
2024-10-05 06:57:40 [INFO]   loss: 0.1941,	steps: 9950/10160,	epoch: 15,	learning_rate: 2.204724409448819e-07
2024-10-05 06:58:03 [INFO]   loss: 0.0153,	steps: 10000/10160,	epoch: 15,	learning_rate: 1.6797900262467193e-07
2024-10-05 06:58:27 [INFO]   loss: 0.0279,	steps: 10050/10160,	epoch: 15,	learning_rate: 1.1548556430446196e-07
2024-10-05 06:58:51 [INFO]   loss: 0.1606,	steps: 10100/10160,	epoch: 15,	learning_rate: 6.299212598425197e-08
2024-10-05 06:59:16 [INFO]   loss: 0.0328,	steps: 10150/10160,	epoch: 15,	learning_rate: 1.0498687664041996e-08
2024-10-05 07:25:24 [INFO]   第15轮的训练 测试结果为：{'R@5': 0.5490520752276938, 'R@10': 0.7117913085326902, 'RR@5': 0.8701286764705886, 'RR@10': 0.8735013276143795, 'nDCG@5': 0.6664998466106418, 'nDCG@10': 0.7109834734257456}
2024-10-05 07:25:24 [INFO]   ------------------------------------------------
2024-10-05 07:25:24 [INFO]   最佳评测指标为: {'R@5': 0.5476238186359911, 'R@10': 0.7091809078772869, 'RR@5': 0.86875, 'RR@10': 0.8722576009570494, 'nDCG@5': 0.6686662302877329, 'nDCG@10': 0.713157899942301}
2024-10-05 07:25:24 [INFO]   ------------------------------------------------
2024-10-05 07:25:24 [INFO]   ------------------------------------------------
2024-10-05 07:25:24 [INFO]   所有epoch的平均评测指标为: {'R@5': 0.5254105269506834, 'R@10': 0.6898863420964751, 'RR@5': 0.8481043198529417, 'RR@10': 0.8518907563025213, 'nDCG@5': 0.6419000628604664, 'nDCG@10': 0.6884342943567835}
2024-10-05 07:25:24 [INFO]   ------------------------------------------------
