self.alpha = 0.5  # 权重系数
2024-09-25 21:28:51 [INFO]   ***** Running training *****
2024-09-25 21:28:51 [INFO]   当前时间: 2024-09-25 21:28:51
2024-09-25 21:28:51 [INFO]   Num examples = 5087
2024-09-25 21:28:51 [INFO]   Num Epochs = 16
2024-09-25 21:28:51 [INFO]   Instantaneous batch size per device = 8
2024-09-25 21:28:51 [INFO]   Total train batch size (w. parallel, distributed & accumulation) = 16
2024-09-25 21:28:51 [INFO]   Total optimization steps = 10160
2024-09-25 21:28:51 [INFO]   训练的设备: cuda, 设备编号: 0
2024-09-25 21:29:14 [INFO]   loss: 0.3127,	steps: 50/10160,	epoch: 0,	learning_rate: 7.874015748031496e-07
2024-09-25 21:29:35 [INFO]   loss: 0.1413,	steps: 100/10160,	epoch: 0,	learning_rate: 1.5748031496062992e-06
2024-09-25 21:29:57 [INFO]   loss: 0.0639,	steps: 150/10160,	epoch: 0,	learning_rate: 2.362204724409449e-06
2024-09-25 21:30:20 [INFO]   loss: 0.1100,	steps: 200/10160,	epoch: 0,	learning_rate: 3.1496062992125985e-06
2024-09-25 21:30:42 [INFO]   loss: 0.1400,	steps: 250/10160,	epoch: 0,	learning_rate: 3.937007874015748e-06
2024-09-25 21:31:04 [INFO]   loss: 0.0625,	steps: 300/10160,	epoch: 0,	learning_rate: 4.724409448818898e-06
2024-09-25 21:31:26 [INFO]   loss: 0.2663,	steps: 350/10160,	epoch: 0,	learning_rate: 5.511811023622048e-06
2024-09-25 21:31:47 [INFO]   loss: 0.1444,	steps: 400/10160,	epoch: 0,	learning_rate: 6.299212598425197e-06
2024-09-25 21:32:10 [INFO]   loss: 0.0572,	steps: 450/10160,	epoch: 0,	learning_rate: 7.086614173228347e-06
2024-09-25 21:32:32 [INFO]   loss: 0.1769,	steps: 500/10160,	epoch: 0,	learning_rate: 7.874015748031496e-06
2024-09-25 21:32:54 [INFO]   loss: 0.0496,	steps: 550/10160,	epoch: 0,	learning_rate: 8.661417322834647e-06
2024-09-25 21:33:16 [INFO]   loss: 0.0642,	steps: 600/10160,	epoch: 0,	learning_rate: 9.448818897637797e-06
2024-09-25 21:57:49 [INFO]   第0轮的训练 测试结果为：{'R@5': 0.4687907211447938, 'R@10': 0.6296181986467433, 'RR@5': 0.7896139705882357, 'RR@10': 0.7949364641690011, 'nDCG@5': 0.5789410876988338, 'nDCG@10': 0.6277551364857097}
2024-09-25 21:57:52 [INFO]   ------------------------------------------------
2024-09-25 21:57:52 [INFO]   第 0 轮已经训练完成  模型保存在 /mnt/workspace/clir/myself/output/2024-09-25/best_model
2024-09-25 21:57:52 [INFO]   ------------------------------------------------
2024-09-25 21:57:59 [INFO]   loss: 0.0569,	steps: 650/10160,	epoch: 1,	learning_rate: 9.984251968503938e-06
2024-09-25 21:58:21 [INFO]   loss: 0.0917,	steps: 700/10160,	epoch: 1,	learning_rate: 9.931758530183728e-06
2024-09-25 21:58:43 [INFO]   loss: 0.0506,	steps: 750/10160,	epoch: 1,	learning_rate: 9.879265091863518e-06
2024-09-25 21:59:05 [INFO]   loss: 0.2980,	steps: 800/10160,	epoch: 1,	learning_rate: 9.826771653543308e-06
2024-09-25 21:59:27 [INFO]   loss: 0.0537,	steps: 850/10160,	epoch: 1,	learning_rate: 9.774278215223098e-06
2024-09-25 21:59:50 [INFO]   loss: 0.1249,	steps: 900/10160,	epoch: 1,	learning_rate: 9.721784776902888e-06
2024-09-25 22:00:12 [INFO]   loss: 0.0514,	steps: 950/10160,	epoch: 1,	learning_rate: 9.669291338582679e-06
2024-09-25 22:00:34 [INFO]   loss: 0.1818,	steps: 1000/10160,	epoch: 1,	learning_rate: 9.616797900262467e-06
2024-09-25 22:00:56 [INFO]   loss: 0.1819,	steps: 1050/10160,	epoch: 1,	learning_rate: 9.564304461942257e-06
2024-09-25 22:01:19 [INFO]   loss: 0.3030,	steps: 1100/10160,	epoch: 1,	learning_rate: 9.511811023622049e-06
2024-09-25 22:01:40 [INFO]   loss: 0.0523,	steps: 1150/10160,	epoch: 1,	learning_rate: 9.459317585301838e-06
2024-09-25 22:02:02 [INFO]   loss: 0.0854,	steps: 1200/10160,	epoch: 1,	learning_rate: 9.406824146981628e-06
2024-09-25 22:02:24 [INFO]   loss: 0.0546,	steps: 1250/10160,	epoch: 1,	learning_rate: 9.354330708661418e-06
2024-09-25 22:26:50 [INFO]   第1轮的训练 测试结果为：{'R@5': 0.4599706520735901, 'R@10': 0.6211287782132892, 'RR@5': 0.7589001225490201, 'RR@10': 0.7645475898692813, 'nDCG@5': 0.5561110650392016, 'nDCG@10': 0.6068354523867137}
2024-09-25 22:27:03 [INFO]   loss: 0.1648,	steps: 1300/10160,	epoch: 2,	learning_rate: 9.301837270341208e-06
2024-09-25 22:27:26 [INFO]   loss: 0.0521,	steps: 1350/10160,	epoch: 2,	learning_rate: 9.249343832020998e-06
2024-09-25 22:27:48 [INFO]   loss: 0.1680,	steps: 1400/10160,	epoch: 2,	learning_rate: 9.196850393700788e-06
2024-09-25 22:28:10 [INFO]   loss: 0.0976,	steps: 1450/10160,	epoch: 2,	learning_rate: 9.144356955380579e-06
2024-09-25 22:28:32 [INFO]   loss: 0.0608,	steps: 1500/10160,	epoch: 2,	learning_rate: 9.091863517060369e-06
2024-09-25 22:28:54 [INFO]   loss: 0.0531,	steps: 1550/10160,	epoch: 2,	learning_rate: 9.039370078740159e-06
2024-09-25 22:29:16 [INFO]   loss: 0.1744,	steps: 1600/10160,	epoch: 2,	learning_rate: 8.986876640419947e-06
2024-09-25 22:29:38 [INFO]   loss: 0.0479,	steps: 1650/10160,	epoch: 2,	learning_rate: 8.934383202099738e-06
2024-09-25 22:30:00 [INFO]   loss: 0.0490,	steps: 1700/10160,	epoch: 2,	learning_rate: 8.88188976377953e-06
2024-09-25 22:30:23 [INFO]   loss: 0.1349,	steps: 1750/10160,	epoch: 2,	learning_rate: 8.829396325459318e-06
2024-09-25 22:30:45 [INFO]   loss: 0.0478,	steps: 1800/10160,	epoch: 2,	learning_rate: 8.776902887139108e-06
2024-09-25 22:31:06 [INFO]   loss: 0.1686,	steps: 1850/10160,	epoch: 2,	learning_rate: 8.724409448818898e-06
2024-09-25 22:31:29 [INFO]   loss: 0.0513,	steps: 1900/10160,	epoch: 2,	learning_rate: 8.671916010498688e-06
2024-09-25 22:55:45 [INFO]   第2轮的训练 测试结果为：{'R@5': 0.4767812465132554, 'R@10': 0.6328414271418251, 'RR@5': 0.796599264705883, 'RR@10': 0.8017485119047625, 'nDCG@5': 0.5812098123867582, 'nDCG@10': 0.626053917754436}
2024-09-25 22:56:05 [INFO]   loss: 0.0411,	steps: 1950/10160,	epoch: 3,	learning_rate: 8.619422572178478e-06
2024-09-25 22:56:27 [INFO]   loss: 0.2215,	steps: 2000/10160,	epoch: 3,	learning_rate: 8.566929133858269e-06
2024-09-25 22:56:49 [INFO]   loss: 0.1436,	steps: 2050/10160,	epoch: 3,	learning_rate: 8.514435695538059e-06
2024-09-25 22:57:11 [INFO]   loss: 0.0427,	steps: 2100/10160,	epoch: 3,	learning_rate: 8.461942257217849e-06
2024-09-25 22:57:33 [INFO]   loss: 0.1451,	steps: 2150/10160,	epoch: 3,	learning_rate: 8.409448818897639e-06
2024-09-25 22:57:55 [INFO]   loss: 0.0388,	steps: 2200/10160,	epoch: 3,	learning_rate: 8.356955380577428e-06
2024-09-25 22:58:17 [INFO]   loss: 0.0964,	steps: 2250/10160,	epoch: 3,	learning_rate: 8.304461942257218e-06
2024-09-25 22:58:39 [INFO]   loss: 0.0383,	steps: 2300/10160,	epoch: 3,	learning_rate: 8.25196850393701e-06
2024-09-25 22:59:01 [INFO]   loss: 0.0421,	steps: 2350/10160,	epoch: 3,	learning_rate: 8.199475065616798e-06
2024-09-25 22:59:23 [INFO]   loss: 0.0316,	steps: 2400/10160,	epoch: 3,	learning_rate: 8.146981627296588e-06
2024-09-25 22:59:45 [INFO]   loss: 0.0300,	steps: 2450/10160,	epoch: 3,	learning_rate: 8.094488188976378e-06
2024-09-25 23:00:08 [INFO]   loss: 0.1206,	steps: 2500/10160,	epoch: 3,	learning_rate: 8.041994750656169e-06
2024-09-25 23:24:43 [INFO]   第3轮的训练 测试结果为：{'R@5': 0.4481803066180296, 'R@10': 0.6347449214797326, 'RR@5': 0.7375765931372555, 'RR@10': 0.7446304563492071, 'nDCG@5': 0.5313125254247114, 'nDCG@10': 0.5942907710018169}
2024-09-25 23:24:48 [INFO]   loss: 0.1499,	steps: 2550/10160,	epoch: 4,	learning_rate: 7.989501312335959e-06
2024-09-25 23:25:10 [INFO]   loss: 0.0536,	steps: 2600/10160,	epoch: 4,	learning_rate: 7.937007874015749e-06
2024-09-25 23:25:32 [INFO]   loss: 0.0227,	steps: 2650/10160,	epoch: 4,	learning_rate: 7.884514435695539e-06
2024-09-25 23:25:54 [INFO]   loss: 0.0208,	steps: 2700/10160,	epoch: 4,	learning_rate: 7.83202099737533e-06
2024-09-25 23:26:16 [INFO]   loss: 0.0195,	steps: 2750/10160,	epoch: 4,	learning_rate: 7.77952755905512e-06
2024-09-25 23:26:38 [INFO]   loss: 0.1344,	steps: 2800/10160,	epoch: 4,	learning_rate: 7.72703412073491e-06
2024-09-25 23:27:00 [INFO]   loss: 0.0181,	steps: 2850/10160,	epoch: 4,	learning_rate: 7.674540682414698e-06
2024-09-25 23:27:23 [INFO]   loss: 0.0217,	steps: 2900/10160,	epoch: 4,	learning_rate: 7.622047244094489e-06
2024-09-25 23:27:45 [INFO]   loss: 0.0177,	steps: 2950/10160,	epoch: 4,	learning_rate: 7.569553805774279e-06
2024-09-25 23:28:07 [INFO]   loss: 0.0173,	steps: 3000/10160,	epoch: 4,	learning_rate: 7.5170603674540684e-06
2024-09-25 23:28:29 [INFO]   loss: 0.1410,	steps: 3050/10160,	epoch: 4,	learning_rate: 7.464566929133859e-06
2024-09-25 23:28:51 [INFO]   loss: 0.1415,	steps: 3100/10160,	epoch: 4,	learning_rate: 7.41207349081365e-06
2024-09-25 23:29:13 [INFO]   loss: 0.0159,	steps: 3150/10160,	epoch: 4,	learning_rate: 7.359580052493439e-06
2024-09-25 23:53:39 [INFO]   第4轮的训练 测试结果为：{'R@5': 0.494222988573659, 'R@10': 0.6603354836514257, 'RR@5': 0.8033088235294124, 'RR@10': 0.8088399422268916, 'nDCG@5': 0.5990306418703527, 'nDCG@10': 0.6465629415831889}
2024-09-25 23:53:42 [INFO]   ------------------------------------------------
2024-09-25 23:53:42 [INFO]   第 4 轮已经训练完成  模型保存在 /mnt/workspace/clir/myself/output/2024-09-25/best_model
2024-09-25 23:53:42 [INFO]   ------------------------------------------------
2024-09-25 23:53:53 [INFO]   loss: 0.0156,	steps: 3200/10160,	epoch: 5,	learning_rate: 7.307086614173229e-06
2024-09-25 23:54:15 [INFO]   loss: 0.0147,	steps: 3250/10160,	epoch: 5,	learning_rate: 7.254593175853018e-06
2024-09-25 23:54:37 [INFO]   loss: 0.0166,	steps: 3300/10160,	epoch: 5,	learning_rate: 7.202099737532809e-06
2024-09-25 23:54:59 [INFO]   loss: 0.0146,	steps: 3350/10160,	epoch: 5,	learning_rate: 7.1496062992125995e-06
2024-09-25 23:55:21 [INFO]   loss: 0.0176,	steps: 3400/10160,	epoch: 5,	learning_rate: 7.097112860892389e-06
2024-09-25 23:55:43 [INFO]   loss: 0.0134,	steps: 3450/10160,	epoch: 5,	learning_rate: 7.044619422572179e-06
2024-09-25 23:56:06 [INFO]   loss: 0.0127,	steps: 3500/10160,	epoch: 5,	learning_rate: 6.992125984251969e-06
2024-09-25 23:56:28 [INFO]   loss: 0.0123,	steps: 3550/10160,	epoch: 5,	learning_rate: 6.939632545931759e-06
2024-09-25 23:56:50 [INFO]   loss: 0.1128,	steps: 3600/10160,	epoch: 5,	learning_rate: 6.887139107611549e-06
2024-09-25 23:57:12 [INFO]   loss: 0.0139,	steps: 3650/10160,	epoch: 5,	learning_rate: 6.834645669291339e-06
2024-09-25 23:57:34 [INFO]   loss: 0.1798,	steps: 3700/10160,	epoch: 5,	learning_rate: 6.78215223097113e-06
2024-09-25 23:57:56 [INFO]   loss: 0.0151,	steps: 3750/10160,	epoch: 5,	learning_rate: 6.729658792650919e-06
2024-09-25 23:58:19 [INFO]   loss: 0.0135,	steps: 3800/10160,	epoch: 5,	learning_rate: 6.677165354330709e-06
2024-09-26 00:22:39 [INFO]   第5轮的训练 测试结果为：{'R@5': 0.5037435838246077, 'R@10': 0.6656039591700329, 'RR@5': 0.8243106617647064, 'RR@10': 0.8284999416433243, 'nDCG@5': 0.6174872994544724, 'nDCG@10': 0.6628809050112591}
2024-09-26 00:22:43 [INFO]   ------------------------------------------------
2024-09-26 00:22:43 [INFO]   第 5 轮已经训练完成  模型保存在 /mnt/workspace/clir/myself/output/2024-09-25/best_model
2024-09-26 00:22:43 [INFO]   ------------------------------------------------
2024-09-26 00:23:01 [INFO]   loss: 0.0839,	steps: 3850/10160,	epoch: 6,	learning_rate: 6.624671916010499e-06
2024-09-26 00:23:23 [INFO]   loss: 0.0112,	steps: 3900/10160,	epoch: 6,	learning_rate: 6.57217847769029e-06
2024-09-26 00:23:45 [INFO]   loss: 0.0109,	steps: 3950/10160,	epoch: 6,	learning_rate: 6.51968503937008e-06
2024-09-26 00:24:06 [INFO]   loss: 0.0107,	steps: 4000/10160,	epoch: 6,	learning_rate: 6.467191601049869e-06
2024-09-26 00:24:29 [INFO]   loss: 0.0115,	steps: 4050/10160,	epoch: 6,	learning_rate: 6.414698162729659e-06
2024-09-26 00:24:50 [INFO]   loss: 0.0106,	steps: 4100/10160,	epoch: 6,	learning_rate: 6.362204724409449e-06
2024-09-26 00:25:12 [INFO]   loss: 0.0147,	steps: 4150/10160,	epoch: 6,	learning_rate: 6.3097112860892396e-06
2024-09-26 00:25:35 [INFO]   loss: 0.0102,	steps: 4200/10160,	epoch: 6,	learning_rate: 6.257217847769029e-06
2024-09-26 00:25:58 [INFO]   loss: 0.2173,	steps: 4250/10160,	epoch: 6,	learning_rate: 6.204724409448819e-06
2024-09-26 00:26:20 [INFO]   loss: 0.0103,	steps: 4300/10160,	epoch: 6,	learning_rate: 6.15223097112861e-06
2024-09-26 00:26:41 [INFO]   loss: 0.0573,	steps: 4350/10160,	epoch: 6,	learning_rate: 6.099737532808399e-06
2024-09-26 00:27:04 [INFO]   loss: 0.0098,	steps: 4400/10160,	epoch: 6,	learning_rate: 6.0472440944881895e-06
2024-09-26 00:51:42 [INFO]   第6轮的训练 测试结果为：{'R@5': 0.49529159780903337, 'R@10': 0.6477895337052424, 'RR@5': 0.8130667892156868, 'RR@10': 0.817807174953315, 'nDCG@5': 0.6059820296882925, 'nDCG@10': 0.6480669909410957}
2024-09-26 00:51:44 [INFO]   loss: 0.0118,	steps: 4450/10160,	epoch: 7,	learning_rate: 5.994750656167979e-06
2024-09-26 00:52:06 [INFO]   loss: 0.0230,	steps: 4500/10160,	epoch: 7,	learning_rate: 5.94225721784777e-06
2024-09-26 00:52:28 [INFO]   loss: 0.0103,	steps: 4550/10160,	epoch: 7,	learning_rate: 5.88976377952756e-06
2024-09-26 00:52:50 [INFO]   loss: 0.0116,	steps: 4600/10160,	epoch: 7,	learning_rate: 5.837270341207349e-06
2024-09-26 00:53:12 [INFO]   loss: 0.0104,	steps: 4650/10160,	epoch: 7,	learning_rate: 5.7847769028871395e-06
2024-09-26 00:53:34 [INFO]   loss: 0.0095,	steps: 4700/10160,	epoch: 7,	learning_rate: 5.7322834645669305e-06
2024-09-26 00:53:56 [INFO]   loss: 0.0091,	steps: 4750/10160,	epoch: 7,	learning_rate: 5.67979002624672e-06
2024-09-26 00:54:17 [INFO]   loss: 0.0089,	steps: 4800/10160,	epoch: 7,	learning_rate: 5.62729658792651e-06
2024-09-26 00:54:39 [INFO]   loss: 0.1340,	steps: 4850/10160,	epoch: 7,	learning_rate: 5.574803149606299e-06
2024-09-26 00:55:02 [INFO]   loss: 0.0089,	steps: 4900/10160,	epoch: 7,	learning_rate: 5.52230971128609e-06
2024-09-26 00:55:24 [INFO]   loss: 0.0896,	steps: 4950/10160,	epoch: 7,	learning_rate: 5.46981627296588e-06
2024-09-26 00:55:46 [INFO]   loss: 0.0098,	steps: 5000/10160,	epoch: 7,	learning_rate: 5.41732283464567e-06
2024-09-26 00:56:08 [INFO]   loss: 0.0093,	steps: 5050/10160,	epoch: 7,	learning_rate: 5.364829396325459e-06
2024-09-26 01:20:41 [INFO]   第7轮的训练 测试结果为：{'R@5': 0.5062752078939081, 'R@10': 0.6620478007675351, 'RR@5': 0.8374540441176476, 'RR@10': 0.8413912961017744, 'nDCG@5': 0.6224399824661466, 'nDCG@10': 0.6681598994429675}
2024-09-26 01:20:44 [INFO]   ------------------------------------------------
2024-09-26 01:20:44 [INFO]   第 7 轮已经训练完成  模型保存在 /mnt/workspace/clir/myself/output/2024-09-25/best_model
2024-09-26 01:20:44 [INFO]   ------------------------------------------------
2024-09-26 01:20:53 [INFO]   loss: 0.0084,	steps: 5100/10160,	epoch: 8,	learning_rate: 5.31233595800525e-06
2024-09-26 01:21:15 [INFO]   loss: 0.0085,	steps: 5150/10160,	epoch: 8,	learning_rate: 5.25984251968504e-06
2024-09-26 01:21:37 [INFO]   loss: 0.0083,	steps: 5200/10160,	epoch: 8,	learning_rate: 5.2073490813648295e-06
2024-09-26 01:21:59 [INFO]   loss: 0.0087,	steps: 5250/10160,	epoch: 8,	learning_rate: 5.15485564304462e-06
2024-09-26 01:22:21 [INFO]   loss: 0.0091,	steps: 5300/10160,	epoch: 8,	learning_rate: 5.102362204724411e-06
2024-09-26 01:22:43 [INFO]   loss: 0.0079,	steps: 5350/10160,	epoch: 8,	learning_rate: 5.0498687664042e-06
2024-09-26 01:23:05 [INFO]   loss: 0.0445,	steps: 5400/10160,	epoch: 8,	learning_rate: 4.99737532808399e-06
2024-09-26 01:23:27 [INFO]   loss: 0.0078,	steps: 5450/10160,	epoch: 8,	learning_rate: 4.94488188976378e-06
2024-09-26 01:23:50 [INFO]   loss: 0.0074,	steps: 5500/10160,	epoch: 8,	learning_rate: 4.89238845144357e-06
2024-09-26 01:24:12 [INFO]   loss: 0.0072,	steps: 5550/10160,	epoch: 8,	learning_rate: 4.83989501312336e-06
2024-09-26 01:24:34 [INFO]   loss: 0.0071,	steps: 5600/10160,	epoch: 8,	learning_rate: 4.78740157480315e-06
2024-09-26 01:24:56 [INFO]   loss: 0.0072,	steps: 5650/10160,	epoch: 8,	learning_rate: 4.73490813648294e-06
2024-09-26 01:25:18 [INFO]   loss: 0.0070,	steps: 5700/10160,	epoch: 8,	learning_rate: 4.68241469816273e-06
2024-09-26 01:49:41 [INFO]   第8轮的训练 测试结果为：{'R@5': 0.51292614335921, 'R@10': 0.6774416017744768, 'RR@5': 0.8174632352941182, 'RR@10': 0.8217451563958923, 'nDCG@5': 0.6227352221992531, 'nDCG@10': 0.6680546960652476}
2024-09-26 01:49:57 [INFO]   loss: 0.0413,	steps: 5750/10160,	epoch: 9,	learning_rate: 4.6299212598425204e-06
2024-09-26 01:50:19 [INFO]   loss: 0.0070,	steps: 5800/10160,	epoch: 9,	learning_rate: 4.57742782152231e-06
2024-09-26 01:50:41 [INFO]   loss: 0.0070,	steps: 5850/10160,	epoch: 9,	learning_rate: 4.5249343832021e-06
2024-09-26 01:51:03 [INFO]   loss: 0.0072,	steps: 5900/10160,	epoch: 9,	learning_rate: 4.47244094488189e-06
2024-09-26 01:51:25 [INFO]   loss: 0.0071,	steps: 5950/10160,	epoch: 9,	learning_rate: 4.41994750656168e-06
2024-09-26 01:51:47 [INFO]   loss: 0.0069,	steps: 6000/10160,	epoch: 9,	learning_rate: 4.36745406824147e-06
2024-09-26 01:52:09 [INFO]   loss: 0.0067,	steps: 6050/10160,	epoch: 9,	learning_rate: 4.3149606299212606e-06
2024-09-26 01:52:31 [INFO]   loss: 0.0067,	steps: 6100/10160,	epoch: 9,	learning_rate: 4.26246719160105e-06
2024-09-26 01:52:53 [INFO]   loss: 0.0067,	steps: 6150/10160,	epoch: 9,	learning_rate: 4.209973753280841e-06
2024-09-26 01:53:15 [INFO]   loss: 0.0065,	steps: 6200/10160,	epoch: 9,	learning_rate: 4.15748031496063e-06
2024-09-26 01:53:37 [INFO]   loss: 0.0121,	steps: 6250/10160,	epoch: 9,	learning_rate: 4.10498687664042e-06
2024-09-26 01:53:59 [INFO]   loss: 0.0070,	steps: 6300/10160,	epoch: 9,	learning_rate: 4.0524934383202105e-06
2024-09-26 01:54:21 [INFO]   loss: 0.0067,	steps: 6350/10160,	epoch: 9,	learning_rate: 4.000000000000001e-06
2024-09-26 02:18:38 [INFO]   第9轮的训练 测试结果为：{'R@5': 0.5204302597823657, 'R@10': 0.6930443549173146, 'RR@5': 0.8405943627450985, 'RR@10': 0.844620243930906, 'nDCG@5': 0.6370709916416436, 'nDCG@10': 0.6878419650230557}
2024-09-26 02:18:41 [INFO]   ------------------------------------------------
2024-09-26 02:18:41 [INFO]   第 9 轮已经训练完成  模型保存在 /mnt/workspace/clir/myself/output/2024-09-25/best_model
2024-09-26 02:18:41 [INFO]   ------------------------------------------------
2024-09-26 02:19:03 [INFO]   loss: 0.0088,	steps: 6400/10160,	epoch: 10,	learning_rate: 3.94750656167979e-06
2024-09-26 02:19:25 [INFO]   loss: 0.0070,	steps: 6450/10160,	epoch: 10,	learning_rate: 3.895013123359581e-06
2024-09-26 02:19:47 [INFO]   loss: 0.0084,	steps: 6500/10160,	epoch: 10,	learning_rate: 3.84251968503937e-06
2024-09-26 02:20:09 [INFO]   loss: 0.0063,	steps: 6550/10160,	epoch: 10,	learning_rate: 3.7900262467191605e-06
2024-09-26 02:20:31 [INFO]   loss: 0.0062,	steps: 6600/10160,	epoch: 10,	learning_rate: 3.73753280839895e-06
2024-09-26 02:20:54 [INFO]   loss: 0.0057,	steps: 6650/10160,	epoch: 10,	learning_rate: 3.6850393700787408e-06
2024-09-26 02:21:16 [INFO]   loss: 0.0061,	steps: 6700/10160,	epoch: 10,	learning_rate: 3.6325459317585305e-06
2024-09-26 02:21:38 [INFO]   loss: 0.0057,	steps: 6750/10160,	epoch: 10,	learning_rate: 3.5800524934383207e-06
2024-09-26 02:22:00 [INFO]   loss: 0.0059,	steps: 6800/10160,	epoch: 10,	learning_rate: 3.5275590551181104e-06
2024-09-26 02:22:22 [INFO]   loss: 0.0282,	steps: 6850/10160,	epoch: 10,	learning_rate: 3.4750656167979006e-06
2024-09-26 02:22:44 [INFO]   loss: 0.0057,	steps: 6900/10160,	epoch: 10,	learning_rate: 3.4225721784776907e-06
2024-09-26 02:23:06 [INFO]   loss: 0.0056,	steps: 6950/10160,	epoch: 10,	learning_rate: 3.370078740157481e-06
2024-09-26 02:47:38 [INFO]   第10轮的训练 测试结果为：{'R@5': 0.5283821794597333, 'R@10': 0.6973639061352973, 'RR@5': 0.8367493872549027, 'RR@10': 0.8412694765406168, 'nDCG@5': 0.6404466399251294, 'nDCG@10': 0.6871533260032975}
2024-09-26 02:47:45 [INFO]   loss: 0.0056,	steps: 7000/10160,	epoch: 11,	learning_rate: 3.3175853018372706e-06
2024-09-26 02:48:07 [INFO]   loss: 0.0066,	steps: 7050/10160,	epoch: 11,	learning_rate: 3.2650918635170608e-06
2024-09-26 02:48:29 [INFO]   loss: 0.0062,	steps: 7100/10160,	epoch: 11,	learning_rate: 3.2125984251968505e-06
2024-09-26 02:48:52 [INFO]   loss: 0.0057,	steps: 7150/10160,	epoch: 11,	learning_rate: 3.160104986876641e-06
2024-09-26 02:49:14 [INFO]   loss: 0.0054,	steps: 7200/10160,	epoch: 11,	learning_rate: 3.107611548556431e-06
2024-09-26 02:49:36 [INFO]   loss: 0.0054,	steps: 7250/10160,	epoch: 11,	learning_rate: 3.055118110236221e-06
2024-09-26 02:49:58 [INFO]   loss: 0.0052,	steps: 7300/10160,	epoch: 11,	learning_rate: 3.0026246719160107e-06
2024-09-26 02:50:19 [INFO]   loss: 0.0062,	steps: 7350/10160,	epoch: 11,	learning_rate: 2.950131233595801e-06
2024-09-26 02:50:41 [INFO]   loss: 0.0050,	steps: 7400/10160,	epoch: 11,	learning_rate: 2.8976377952755906e-06
2024-09-26 02:51:04 [INFO]   loss: 0.0051,	steps: 7450/10160,	epoch: 11,	learning_rate: 2.8451443569553812e-06
2024-09-26 02:51:25 [INFO]   loss: 0.0051,	steps: 7500/10160,	epoch: 11,	learning_rate: 2.792650918635171e-06
2024-09-26 02:51:48 [INFO]   loss: 0.0050,	steps: 7550/10160,	epoch: 11,	learning_rate: 2.740157480314961e-06
2024-09-26 02:52:09 [INFO]   loss: 0.0053,	steps: 7600/10160,	epoch: 11,	learning_rate: 2.687664041994751e-06
2024-09-26 03:16:33 [INFO]   第11轮的训练 测试结果为：{'R@5': 0.5236195057226121, 'R@10': 0.6906741697028401, 'RR@5': 0.8413449754901967, 'RR@10': 0.845682335434174, 'nDCG@5': 0.6383052082224998, 'nDCG@10': 0.6859910150174354}
2024-09-26 03:16:46 [INFO]   loss: 0.0049,	steps: 7650/10160,	epoch: 12,	learning_rate: 2.635170603674541e-06
2024-09-26 03:17:09 [INFO]   loss: 0.0049,	steps: 7700/10160,	epoch: 12,	learning_rate: 2.5826771653543307e-06
2024-09-26 03:17:31 [INFO]   loss: 0.0066,	steps: 7750/10160,	epoch: 12,	learning_rate: 2.5301837270341213e-06
2024-09-26 03:17:53 [INFO]   loss: 0.0059,	steps: 7800/10160,	epoch: 12,	learning_rate: 2.477690288713911e-06
2024-09-26 03:18:15 [INFO]   loss: 0.0048,	steps: 7850/10160,	epoch: 12,	learning_rate: 2.425196850393701e-06
2024-09-26 03:18:37 [INFO]   loss: 0.0046,	steps: 7900/10160,	epoch: 12,	learning_rate: 2.372703412073491e-06
2024-09-26 03:18:59 [INFO]   loss: 0.1296,	steps: 7950/10160,	epoch: 12,	learning_rate: 2.320209973753281e-06
2024-09-26 03:19:22 [INFO]   loss: 0.0048,	steps: 8000/10160,	epoch: 12,	learning_rate: 2.267716535433071e-06

2024-09-26 03:19:44 [INFO]   loss: 0.0049,	steps: 8050/10160,	epoch: 12,	learning_rate: 2.215223097112861e-06
2024-09-26 03:20:06 [INFO]   loss: 0.0046,	steps: 8100/10160,	epoch: 12,	learning_rate: 2.162729658792651e-06
2024-09-26 03:20:28 [INFO]   loss: 0.0048,	steps: 8150/10160,	epoch: 12,	learning_rate: 2.110236220472441e-06
2024-09-26 03:20:50 [INFO]   loss: 0.0052,	steps: 8200/10160,	epoch: 12,	learning_rate: 2.057742782152231e-06
2024-09-26 03:21:12 [INFO]   loss: 0.0049,	steps: 8250/10160,	epoch: 12,	learning_rate: 2.0052493438320212e-06
2024-09-26 03:45:32 [INFO]   第12轮的训练 测试结果为：{'R@5': 0.5287480392433721, 'R@10': 0.6928078221438171, 'RR@5': 0.8392003676470592, 'RR@10': 0.8424898605275446, 'nDCG@5': 0.640266814543523, 'nDCG@10': 0.685871783044561}
2024-09-26 03:45:52 [INFO]   loss: 0.0052,	steps: 8300/10160,	epoch: 13,	learning_rate: 1.952755905511811e-06
2024-09-26 03:46:14 [INFO]   loss: 0.0046,	steps: 8350/10160,	epoch: 13,	learning_rate: 1.9002624671916011e-06
2024-09-26 03:46:35 [INFO]   loss: 0.0045,	steps: 8400/10160,	epoch: 13,	learning_rate: 1.8477690288713913e-06
2024-09-26 03:46:58 [INFO]   loss: 0.0044,	steps: 8450/10160,	epoch: 13,	learning_rate: 1.7952755905511812e-06
2024-09-26 03:47:19 [INFO]   loss: 0.0057,	steps: 8500/10160,	epoch: 13,	learning_rate: 1.7427821522309712e-06
2024-09-26 03:47:42 [INFO]   loss: 0.0050,	steps: 8550/10160,	epoch: 13,	learning_rate: 1.6902887139107613e-06
2024-09-26 03:48:04 [INFO]   loss: 0.0044,	steps: 8600/10160,	epoch: 13,	learning_rate: 1.6377952755905513e-06
2024-09-26 03:48:26 [INFO]   loss: 0.0044,	steps: 8650/10160,	epoch: 13,	learning_rate: 1.5853018372703412e-06
2024-09-26 03:48:48 [INFO]   loss: 0.0074,	steps: 8700/10160,	epoch: 13,	learning_rate: 1.5328083989501314e-06
2024-09-26 03:49:10 [INFO]   loss: 0.0044,	steps: 8750/10160,	epoch: 13,	learning_rate: 1.4803149606299213e-06
2024-09-26 03:49:33 [INFO]   loss: 0.0044,	steps: 8800/10160,	epoch: 13,	learning_rate: 1.4278215223097113e-06
2024-09-26 03:49:55 [INFO]   loss: 0.0042,	steps: 8850/10160,	epoch: 13,	learning_rate: 1.3753280839895015e-06
2024-09-26 04:14:27 [INFO]   第13轮的训练 测试结果为：{'R@5': 0.528367016588775, 'R@10': 0.6948788630400361, 'RR@5': 0.8336397058823537, 'RR@10': 0.8378519637021481, 'nDCG@5': 0.6359245998981878, 'nDCG@10': 0.682975779998571}
2024-09-26 04:14:32 [INFO]   loss: 0.0043,	steps: 8900/10160,	epoch: 14,	learning_rate: 1.3228346456692914e-06
2024-09-26 04:14:54 [INFO]   loss: 0.0043,	steps: 8950/10160,	epoch: 14,	learning_rate: 1.2703412073490814e-06
2024-09-26 04:15:16 [INFO]   loss: 0.0044,	steps: 9000/10160,	epoch: 14,	learning_rate: 1.2178477690288715e-06
2024-09-26 04:15:38 [INFO]   loss: 0.0044,	steps: 9050/10160,	epoch: 14,	learning_rate: 1.1653543307086615e-06
2024-09-26 04:16:01 [INFO]   loss: 0.0042,	steps: 9100/10160,	epoch: 14,	learning_rate: 1.1128608923884516e-06
2024-09-26 04:16:23 [INFO]   loss: 0.0042,	steps: 9150/10160,	epoch: 14,	learning_rate: 1.0603674540682416e-06
2024-09-26 04:16:44 [INFO]   loss: 0.0040,	steps: 9200/10160,	epoch: 14,	learning_rate: 1.0078740157480315e-06
2024-09-26 04:17:06 [INFO]   loss: 0.0045,	steps: 9250/10160,	epoch: 14,	learning_rate: 9.553805774278217e-07
2024-09-26 04:17:29 [INFO]   loss: 0.0041,	steps: 9300/10160,	epoch: 14,	learning_rate: 9.028871391076116e-07
2024-09-26 04:17:50 [INFO]   loss: 0.0045,	steps: 9350/10160,	epoch: 14,	learning_rate: 8.503937007874017e-07
2024-09-26 04:18:13 [INFO]   loss: 0.0041,	steps: 9400/10160,	epoch: 14,	learning_rate: 7.979002624671916e-07
2024-09-26 04:18:35 [INFO]   loss: 0.0051,	steps: 9450/10160,	epoch: 14,	learning_rate: 7.454068241469817e-07
2024-09-26 04:18:57 [INFO]   loss: 0.0041,	steps: 9500/10160,	epoch: 14,	learning_rate: 6.929133858267717e-07
2024-09-26 04:43:23 [INFO]   第14轮的训练 测试结果为：{'R@5': 0.5291641465331067, 'R@10': 0.6996355743601224, 'RR@5': 0.8338541666666673, 'RR@10': 0.8384953460550891, 'nDCG@5': 0.6385765808197476, 'nDCG@10': 0.6869856799045916}
2024-09-26 04:43:35 [INFO]   loss: 0.0045,	steps: 9550/10160,	epoch: 15,	learning_rate: 6.404199475065617e-07
2024-09-26 04:43:57 [INFO]   loss: 0.0043,	steps: 9600/10160,	epoch: 15,	learning_rate: 5.879265091863517e-07
2024-09-26 04:44:20 [INFO]   loss: 0.0042,	steps: 9650/10160,	epoch: 15,	learning_rate: 5.354330708661418e-07
2024-09-26 04:44:42 [INFO]   loss: 0.0059,	steps: 9700/10160,	epoch: 15,	learning_rate: 4.829396325459318e-07
2024-09-26 04:45:03 [INFO]   loss: 0.0043,	steps: 9750/10160,	epoch: 15,	learning_rate: 4.304461942257218e-07
2024-09-26 04:45:25 [INFO]   loss: 0.0041,	steps: 9800/10160,	epoch: 15,	learning_rate: 3.7795275590551184e-07
2024-09-26 04:45:47 [INFO]   loss: 0.0042,	steps: 9850/10160,	epoch: 15,	learning_rate: 3.2545931758530185e-07
2024-09-26 04:46:09 [INFO]   loss: 0.0044,	steps: 9900/10160,	epoch: 15,	learning_rate: 2.729658792650919e-07
2024-09-26 04:46:31 [INFO]   loss: 0.0042,	steps: 9950/10160,	epoch: 15,	learning_rate: 2.204724409448819e-07
2024-09-26 04:46:53 [INFO]   loss: 0.0042,	steps: 10000/10160,	epoch: 15,	learning_rate: 1.6797900262467193e-07
2024-09-26 04:47:15 [INFO]   loss: 0.0043,	steps: 10050/10160,	epoch: 15,	learning_rate: 1.1548556430446196e-07
2024-09-26 04:47:36 [INFO]   loss: 0.0041,	steps: 10100/10160,	epoch: 15,	learning_rate: 6.299212598425197e-08
2024-09-26 04:47:59 [INFO]   loss: 0.0041,	steps: 10150/10160,	epoch: 15,	learning_rate: 1.0498687664041996e-08
2024-09-26 05:12:19 [INFO]   第15轮的训练 测试结果为：{'R@5': 0.5274066805258705, 'R@10': 0.7002720306226242, 'RR@5': 0.8345741421568632, 'RR@10': 0.8393313054388425, 'nDCG@5': 0.6377252642129914, 'nDCG@10': 0.6872665834614277}
2024-09-26 05:12:19 [INFO]   ------------------------------------------------
2024-09-26 05:12:19 [INFO]   所有epoch的平均评测指标为: {'R@5': 0.5032687672291202, 'R@10': 0.6687642765920222, 'RR@5': 0.8148906632965692, 'RR@10': 0.8196179415776732, 'nDCG@5': 0.6114728603432341, 'nDCG@10': 0.659546677695336}
2024-09-26 05:12:19 [INFO]   ------------------------------------------------
