2024-11-19 19:41:53 [INFO]   batch_size: 16, epoch: 16
2024-11-19 19:41:53 [INFO]   知识对比学习损失的权重: 0.6
2024-11-19 19:41:53 [INFO]   学习率:
2024-11-19 19:41:53 [INFO]       mbert 编码器: 1e-5
2024-11-19 19:41:53 [INFO]       query_knowledge_fusion: 1e-3
2024-11-19 19:41:53 [INFO]       GCN: 1e-3
2024-11-19 19:41:53 [INFO]       classifier: 1e-3
2024-11-19 19:41:53 [INFO]   v_kg: mean pooling
2024-11-19 19:41:53 [INFO]   相邻实体数量 5
2024-11-19 19:41:53 [INFO]   ***** Running training *****
2024-11-19 19:41:53 [INFO]   当前时间: 2024-11-19 19:41:53
2024-11-19 19:41:53 [INFO]   Num examples = 5087
2024-11-19 19:41:53 [INFO]   Num Epochs = 16
2024-11-19 19:41:53 [INFO]   Instantaneous batch size per device = 8
2024-11-19 19:41:53 [INFO]   Total train batch size (w. parallel, distributed & accumulation) = 16
2024-11-19 19:41:53 [INFO]   Total optimization steps = 10160
2024-11-19 19:41:53 [INFO]   训练的设备: cuda, 设备编号: 0
2024-11-19 19:42:21 [INFO]   loss: 2.5189,	steps: 50/10160,	epoch: 0,	learning_rate: 7.874015748031496e-07
2024-11-19 19:42:49 [INFO]   loss: 1.6123,	steps: 100/10160,	epoch: 0,	learning_rate: 1.5748031496062992e-06
2024-11-19 19:43:18 [INFO]   loss: 0.8886,	steps: 150/10160,	epoch: 0,	learning_rate: 2.362204724409449e-06
2024-11-19 19:43:47 [INFO]   loss: 0.6466,	steps: 200/10160,	epoch: 0,	learning_rate: 3.1496062992125985e-06
2024-11-19 19:44:15 [INFO]   loss: 0.5962,	steps: 250/10160,	epoch: 0,	learning_rate: 3.937007874015748e-06
2024-11-19 19:44:44 [INFO]   loss: 0.7419,	steps: 300/10160,	epoch: 0,	learning_rate: 4.724409448818898e-06
2024-11-19 19:45:13 [INFO]   loss: 0.3604,	steps: 350/10160,	epoch: 0,	learning_rate: 5.511811023622048e-06
2024-11-19 19:45:41 [INFO]   loss: 0.4277,	steps: 400/10160,	epoch: 0,	learning_rate: 6.299212598425197e-06
2024-11-19 19:46:10 [INFO]   loss: 0.2601,	steps: 450/10160,	epoch: 0,	learning_rate: 7.086614173228347e-06
2024-11-19 19:46:39 [INFO]   loss: 0.3514,	steps: 500/10160,	epoch: 0,	learning_rate: 7.874015748031496e-06
2024-11-19 19:47:08 [INFO]   loss: 0.2517,	steps: 550/10160,	epoch: 0,	learning_rate: 8.661417322834647e-06
2024-11-19 19:47:37 [INFO]   loss: 0.4797,	steps: 600/10160,	epoch: 0,	learning_rate: 9.448818897637797e-06
2024-11-19 20:18:45 [INFO]   第0轮的训练 测试结果为：{'R@5': 0.4753445473847196, 'R@10': 0.6432426083708506, 'RR@5': 0.7907781862745106, 'RR@10': 0.7955404557656403, 'nDCG@5': 0.57514417840493, 'nDCG@10': 0.6267428736809469}
2024-11-19 20:18:48 [INFO]   ------------------------------------------------
2024-11-19 20:18:48 [INFO]   第 0 轮已经训练完成  模型保存在 /mnt/workspace/clir/myself/output/2024-11-19/best_model
2024-11-19 20:18:48 [INFO]   ------------------------------------------------
2024-11-19 20:18:57 [INFO]   loss: 0.2809,	steps: 650/10160,	epoch: 1,	learning_rate: 9.984251968503938e-06
2024-11-19 20:19:25 [INFO]   loss: 0.2052,	steps: 700/10160,	epoch: 1,	learning_rate: 9.931758530183728e-06
2024-11-19 20:19:54 [INFO]   loss: 0.2420,	steps: 750/10160,	epoch: 1,	learning_rate: 9.879265091863518e-06
2024-11-19 20:20:23 [INFO]   loss: 0.2259,	steps: 800/10160,	epoch: 1,	learning_rate: 9.826771653543308e-06
2024-11-19 20:20:52 [INFO]   loss: 0.2836,	steps: 850/10160,	epoch: 1,	learning_rate: 9.774278215223098e-06
2024-11-19 20:21:21 [INFO]   loss: 0.2382,	steps: 900/10160,	epoch: 1,	learning_rate: 9.721784776902888e-06
2024-11-19 20:21:50 [INFO]   loss: 0.0790,	steps: 950/10160,	epoch: 1,	learning_rate: 9.669291338582679e-06
2024-11-19 20:22:19 [INFO]   loss: 0.3790,	steps: 1000/10160,	epoch: 1,	learning_rate: 9.616797900262467e-06
2024-11-19 20:22:47 [INFO]   loss: 0.3467,	steps: 1050/10160,	epoch: 1,	learning_rate: 9.564304461942257e-06
2024-11-19 20:23:16 [INFO]   loss: 0.5672,	steps: 1100/10160,	epoch: 1,	learning_rate: 9.511811023622049e-06
2024-11-19 20:23:44 [INFO]   loss: 0.1412,	steps: 1150/10160,	epoch: 1,	learning_rate: 9.459317585301838e-06
2024-11-19 20:24:13 [INFO]   loss: 0.2020,	steps: 1200/10160,	epoch: 1,	learning_rate: 9.406824146981628e-06
2024-11-19 20:24:42 [INFO]   loss: 0.2395,	steps: 1250/10160,	epoch: 1,	learning_rate: 9.354330708661418e-06
2024-11-19 20:55:42 [INFO]   第1轮的训练 测试结果为：{'R@5': 0.4838525546235799, 'R@10': 0.6675784881997642, 'RR@5': 0.7670955882352947, 'RR@10': 0.7734659488795521, 'nDCG@5': 0.5587078151907087, 'nDCG@10': 0.6177079021637107}
2024-11-19 20:56:00 [INFO]   loss: 0.2479,	steps: 1300/10160,	epoch: 2,	learning_rate: 9.301837270341208e-06
2024-11-19 20:56:29 [INFO]   loss: 0.2681,	steps: 1350/10160,	epoch: 2,	learning_rate: 9.249343832020998e-06
2024-11-19 20:56:58 [INFO]   loss: 0.3181,	steps: 1400/10160,	epoch: 2,	learning_rate: 9.196850393700788e-06
2024-11-19 20:57:26 [INFO]   loss: 0.1949,	steps: 1450/10160,	epoch: 2,	learning_rate: 9.144356955380579e-06
2024-11-19 20:57:56 [INFO]   loss: 0.4577,	steps: 1500/10160,	epoch: 2,	learning_rate: 9.091863517060369e-06
2024-11-19 20:58:24 [INFO]   loss: 0.0951,	steps: 1550/10160,	epoch: 2,	learning_rate: 9.039370078740159e-06
2024-11-19 20:58:53 [INFO]   loss: 0.1206,	steps: 1600/10160,	epoch: 2,	learning_rate: 8.986876640419947e-06
2024-11-19 20:59:22 [INFO]   loss: 0.1335,	steps: 1650/10160,	epoch: 2,	learning_rate: 8.934383202099738e-06
2024-11-19 20:59:50 [INFO]   loss: 0.5894,	steps: 1700/10160,	epoch: 2,	learning_rate: 8.88188976377953e-06
2024-11-19 21:00:20 [INFO]   loss: 0.4155,	steps: 1750/10160,	epoch: 2,	learning_rate: 8.829396325459318e-06
2024-11-19 21:00:48 [INFO]   loss: 0.5239,	steps: 1800/10160,	epoch: 2,	learning_rate: 8.776902887139108e-06
2024-11-19 21:01:17 [INFO]   loss: 0.3151,	steps: 1850/10160,	epoch: 2,	learning_rate: 8.724409448818898e-06
2024-11-19 21:01:46 [INFO]   loss: 0.1538,	steps: 1900/10160,	epoch: 2,	learning_rate: 8.671916010498688e-06
2024-11-19 21:32:36 [INFO]   第2轮的训练 测试结果为：{'R@5': 0.49410034506631273, 'R@10': 0.6583300057549138, 'RR@5': 0.8174479166666674, 'RR@10': 0.8215124591503271, 'nDCG@5': 0.603665126763161, 'nDCG@10': 0.6511446559622655}
2024-11-19 21:32:39 [INFO]   ------------------------------------------------
2024-11-19 21:32:39 [INFO]   第 2 轮已经训练完成  模型保存在 /mnt/workspace/clir/myself/output/2024-11-19/best_model
2024-11-19 21:32:39 [INFO]   ------------------------------------------------
2024-11-19 21:33:05 [INFO]   loss: 0.2674,	steps: 1950/10160,	epoch: 3,	learning_rate: 8.619422572178478e-06
2024-11-19 21:33:33 [INFO]   loss: 0.2346,	steps: 2000/10160,	epoch: 3,	learning_rate: 8.566929133858269e-06
2024-11-19 21:34:01 [INFO]   loss: 0.2421,	steps: 2050/10160,	epoch: 3,	learning_rate: 8.514435695538059e-06
2024-11-19 21:34:30 [INFO]   loss: 0.1599,	steps: 2100/10160,	epoch: 3,	learning_rate: 8.461942257217849e-06
2024-11-19 21:34:58 [INFO]   loss: 0.1746,	steps: 2150/10160,	epoch: 3,	learning_rate: 8.409448818897639e-06
2024-11-19 21:35:26 [INFO]   loss: 0.1314,	steps: 2200/10160,	epoch: 3,	learning_rate: 8.356955380577428e-06
2024-11-19 21:35:55 [INFO]   loss: 0.1309,	steps: 2250/10160,	epoch: 3,	learning_rate: 8.304461942257218e-06
2024-11-19 21:36:24 [INFO]   loss: 0.1182,	steps: 2300/10160,	epoch: 3,	learning_rate: 8.25196850393701e-06
2024-11-19 21:36:53 [INFO]   loss: 0.1615,	steps: 2350/10160,	epoch: 3,	learning_rate: 8.199475065616798e-06
2024-11-19 21:37:21 [INFO]   loss: 0.2062,	steps: 2400/10160,	epoch: 3,	learning_rate: 8.146981627296588e-06
2024-11-19 21:37:50 [INFO]   loss: 0.2542,	steps: 2450/10160,	epoch: 3,	learning_rate: 8.094488188976378e-06
2024-11-19 21:38:20 [INFO]   loss: 0.1887,	steps: 2500/10160,	epoch: 3,	learning_rate: 8.041994750656169e-06
2024-11-19 22:09:33 [INFO]   第3轮的训练 测试结果为：{'R@5': 0.5125632809252164, 'R@10': 0.6823826272835041, 'RR@5': 0.8355698529411772, 'RR@10': 0.8399404032446317, 'nDCG@5': 0.6283797578650168, 'nDCG@10': 0.676816204397359}
2024-11-19 22:09:35 [INFO]   ------------------------------------------------
2024-11-19 22:09:35 [INFO]   第 3 轮已经训练完成  模型保存在 /mnt/workspace/clir/myself/output/2024-11-19/best_model
2024-11-19 22:09:35 [INFO]   ------------------------------------------------
2024-11-19 22:09:41 [INFO]   loss: 0.0460,	steps: 2550/10160,	epoch: 4,	learning_rate: 7.989501312335959e-06
2024-11-19 22:10:10 [INFO]   loss: 0.1790,	steps: 2600/10160,	epoch: 4,	learning_rate: 7.937007874015749e-06
2024-11-19 22:10:39 [INFO]   loss: 0.1838,	steps: 2650/10160,	epoch: 4,	learning_rate: 7.884514435695539e-06
2024-11-19 22:11:07 [INFO]   loss: 0.2056,	steps: 2700/10160,	epoch: 4,	learning_rate: 7.83202099737533e-06
2024-11-19 22:11:35 [INFO]   loss: 0.1293,	steps: 2750/10160,	epoch: 4,	learning_rate: 7.77952755905512e-06
2024-11-19 22:12:05 [INFO]   loss: 0.1244,	steps: 2800/10160,	epoch: 4,	learning_rate: 7.72703412073491e-06
2024-11-19 22:12:35 [INFO]   loss: 0.2560,	steps: 2850/10160,	epoch: 4,	learning_rate: 7.674540682414698e-06
2024-11-19 22:13:04 [INFO]   loss: 0.1035,	steps: 2900/10160,	epoch: 4,	learning_rate: 7.622047244094489e-06
2024-11-19 22:13:32 [INFO]   loss: 0.2326,	steps: 2950/10160,	epoch: 4,	learning_rate: 7.569553805774279e-06
2024-11-19 22:14:01 [INFO]   loss: 0.1381,	steps: 3000/10160,	epoch: 4,	learning_rate: 7.5170603674540684e-06
2024-11-19 22:14:29 [INFO]   loss: 0.1426,	steps: 3050/10160,	epoch: 4,	learning_rate: 7.464566929133859e-06
2024-11-19 22:14:58 [INFO]   loss: 0.0801,	steps: 3100/10160,	epoch: 4,	learning_rate: 7.41207349081365e-06
2024-11-19 22:15:26 [INFO]   loss: 0.2072,	steps: 3150/10160,	epoch: 4,	learning_rate: 7.359580052493439e-06
2024-11-19 22:46:29 [INFO]   第4轮的训练 测试结果为：{'R@5': 0.5161034850675318, 'R@10': 0.6812012832822991, 'RR@5': 0.8287071078431378, 'RR@10': 0.8334883432539687, 'nDCG@5': 0.630312247486255, 'nDCG@10': 0.6767807613912484}
2024-11-19 22:46:43 [INFO]   loss: 0.2363,	steps: 3200/10160,	epoch: 5,	learning_rate: 7.307086614173229e-06
2024-11-19 22:47:11 [INFO]   loss: 0.1334,	steps: 3250/10160,	epoch: 5,	learning_rate: 7.254593175853018e-06
2024-11-19 22:47:40 [INFO]   loss: 0.1579,	steps: 3300/10160,	epoch: 5,	learning_rate: 7.202099737532809e-06
2024-11-19 22:48:09 [INFO]   loss: 0.2142,	steps: 3350/10160,	epoch: 5,	learning_rate: 7.1496062992125995e-06
2024-11-19 22:48:37 [INFO]   loss: 0.2469,	steps: 3400/10160,	epoch: 5,	learning_rate: 7.097112860892389e-06
2024-11-19 22:49:06 [INFO]   loss: 0.2063,	steps: 3450/10160,	epoch: 5,	learning_rate: 7.044619422572179e-06
2024-11-19 22:49:35 [INFO]   loss: 0.2594,	steps: 3500/10160,	epoch: 5,	learning_rate: 6.992125984251969e-06
2024-11-19 22:50:04 [INFO]   loss: 0.0588,	steps: 3550/10160,	epoch: 5,	learning_rate: 6.939632545931759e-06
2024-11-19 22:50:32 [INFO]   loss: 0.1324,	steps: 3600/10160,	epoch: 5,	learning_rate: 6.887139107611549e-06
2024-11-19 22:51:01 [INFO]   loss: 0.1432,	steps: 3650/10160,	epoch: 5,	learning_rate: 6.834645669291339e-06
2024-11-19 22:51:30 [INFO]   loss: 0.2762,	steps: 3700/10160,	epoch: 5,	learning_rate: 6.78215223097113e-06
2024-11-19 22:51:59 [INFO]   loss: 0.1104,	steps: 3750/10160,	epoch: 5,	learning_rate: 6.729658792650919e-06
2024-11-19 22:52:28 [INFO]   loss: 0.1190,	steps: 3800/10160,	epoch: 5,	learning_rate: 6.677165354330709e-06
2024-11-19 23:23:24 [INFO]   第5轮的训练 测试结果为：{'R@5': 0.509343435900419, 'R@10': 0.6750194082855456, 'RR@5': 0.825474877450981, 'RR@10': 0.8291243580765647, 'nDCG@5': 0.6187323744598298, 'nDCG@10': 0.6650731390005614}
2024-11-19 23:23:47 [INFO]   loss: 0.1645,	steps: 3850/10160,	epoch: 6,	learning_rate: 6.624671916010499e-06
2024-11-19 23:24:16 [INFO]   loss: 0.3117,	steps: 3900/10160,	epoch: 6,	learning_rate: 6.57217847769029e-06
2024-11-19 23:24:44 [INFO]   loss: 0.1250,	steps: 3950/10160,	epoch: 6,	learning_rate: 6.51968503937008e-06
2024-11-19 23:25:12 [INFO]   loss: 0.1159,	steps: 4000/10160,	epoch: 6,	learning_rate: 6.467191601049869e-06
2024-11-19 23:25:41 [INFO]   loss: 0.2185,	steps: 4050/10160,	epoch: 6,	learning_rate: 6.414698162729659e-06
2024-11-19 23:26:09 [INFO]   loss: 0.3277,	steps: 4100/10160,	epoch: 6,	learning_rate: 6.362204724409449e-06
2024-11-19 23:26:38 [INFO]   loss: 0.2070,	steps: 4150/10160,	epoch: 6,	learning_rate: 6.3097112860892396e-06
2024-11-19 23:27:07 [INFO]   loss: 0.1373,	steps: 4200/10160,	epoch: 6,	learning_rate: 6.257217847769029e-06
2024-11-19 23:27:36 [INFO]   loss: 0.3270,	steps: 4250/10160,	epoch: 6,	learning_rate: 6.204724409448819e-06
2024-11-19 23:28:05 [INFO]   loss: 0.2596,	steps: 4300/10160,	epoch: 6,	learning_rate: 6.15223097112861e-06
2024-11-19 23:28:34 [INFO]   loss: 0.0447,	steps: 4350/10160,	epoch: 6,	learning_rate: 6.099737532808399e-06
2024-11-19 23:29:03 [INFO]   loss: 0.1908,	steps: 4400/10160,	epoch: 6,	learning_rate: 6.0472440944881895e-06
2024-11-20 00:00:18 [INFO]   第6轮的训练 测试结果为：{'R@5': 0.49906392180517106, 'R@10': 0.6652745854974453, 'RR@5': 0.8200827205882357, 'RR@10': 0.8250386612978527, 'nDCG@5': 0.6097671567282243, 'nDCG@10': 0.6575435315834113}
2024-11-20 00:00:21 [INFO]   loss: 0.3095,	steps: 4450/10160,	epoch: 7,	learning_rate: 5.994750656167979e-06
2024-11-20 00:00:50 [INFO]   loss: 0.0286,	steps: 4500/10160,	epoch: 7,	learning_rate: 5.94225721784777e-06
2024-11-20 00:01:18 [INFO]   loss: 0.1077,	steps: 4550/10160,	epoch: 7,	learning_rate: 5.88976377952756e-06
2024-11-20 00:01:47 [INFO]   loss: 0.1388,	steps: 4600/10160,	epoch: 7,	learning_rate: 5.837270341207349e-06
2024-11-20 00:02:16 [INFO]   loss: 0.0536,	steps: 4650/10160,	epoch: 7,	learning_rate: 5.7847769028871395e-06
2024-11-20 00:02:44 [INFO]   loss: 0.0789,	steps: 4700/10160,	epoch: 7,	learning_rate: 5.7322834645669305e-06
2024-11-20 00:03:12 [INFO]   loss: 0.2483,	steps: 4750/10160,	epoch: 7,	learning_rate: 5.67979002624672e-06
2024-11-20 00:03:41 [INFO]   loss: 0.1985,	steps: 4800/10160,	epoch: 7,	learning_rate: 5.62729658792651e-06
2024-11-20 00:04:09 [INFO]   loss: 0.2423,	steps: 4850/10160,	epoch: 7,	learning_rate: 5.574803149606299e-06
2024-11-20 00:04:38 [INFO]   loss: 0.1869,	steps: 4900/10160,	epoch: 7,	learning_rate: 5.52230971128609e-06
2024-11-20 00:05:07 [INFO]   loss: 0.1929,	steps: 4950/10160,	epoch: 7,	learning_rate: 5.46981627296588e-06
2024-11-20 00:05:36 [INFO]   loss: 0.2104,	steps: 5000/10160,	epoch: 7,	learning_rate: 5.41732283464567e-06
2024-11-20 00:06:05 [INFO]   loss: 0.1729,	steps: 5050/10160,	epoch: 7,	learning_rate: 5.364829396325459e-06
2024-11-20 00:37:12 [INFO]   第7轮的训练 测试结果为：{'R@5': 0.5138927327518311, 'R@10': 0.6848003384292953, 'RR@5': 0.8325520833333341, 'RR@10': 0.8375911823062564, 'nDCG@5': 0.6309719764577977, 'nDCG@10': 0.6779869155931681}
2024-11-20 00:37:15 [INFO]   ------------------------------------------------
2024-11-20 00:37:15 [INFO]   第 7 轮已经训练完成  模型保存在 /mnt/workspace/clir/myself/output/2024-11-19/best_model
2024-11-20 00:37:15 [INFO]   ------------------------------------------------
2024-11-20 00:37:27 [INFO]   loss: 0.1576,	steps: 5100/10160,	epoch: 8,	learning_rate: 5.31233595800525e-06
2024-11-20 00:37:55 [INFO]   loss: 0.1555,	steps: 5150/10160,	epoch: 8,	learning_rate: 5.25984251968504e-06
2024-11-20 00:38:24 [INFO]   loss: 0.0569,	steps: 5200/10160,	epoch: 8,	learning_rate: 5.2073490813648295e-06
2024-11-20 00:38:52 [INFO]   loss: 0.1925,	steps: 5250/10160,	epoch: 8,	learning_rate: 5.15485564304462e-06
2024-11-20 00:39:20 [INFO]   loss: 0.0877,	steps: 5300/10160,	epoch: 8,	learning_rate: 5.102362204724411e-06
2024-11-20 00:39:50 [INFO]   loss: 0.1141,	steps: 5350/10160,	epoch: 8,	learning_rate: 5.0498687664042e-06
2024-11-20 00:40:18 [INFO]   loss: 0.1851,	steps: 5400/10160,	epoch: 8,	learning_rate: 4.99737532808399e-06
2024-11-20 00:40:46 [INFO]   loss: 0.1433,	steps: 5450/10160,	epoch: 8,	learning_rate: 4.94488188976378e-06
2024-11-20 00:41:17 [INFO]   loss: 0.1815,	steps: 5500/10160,	epoch: 8,	learning_rate: 4.89238845144357e-06
2024-11-20 00:41:45 [INFO]   loss: 0.0524,	steps: 5550/10160,	epoch: 8,	learning_rate: 4.83989501312336e-06
2024-11-20 00:42:13 [INFO]   loss: 0.1749,	steps: 5600/10160,	epoch: 8,	learning_rate: 4.78740157480315e-06
2024-11-20 00:42:42 [INFO]   loss: 0.1365,	steps: 5650/10160,	epoch: 8,	learning_rate: 4.73490813648294e-06
2024-11-20 00:43:11 [INFO]   loss: 0.0972,	steps: 5700/10160,	epoch: 8,	learning_rate: 4.68241469816273e-06
2024-11-20 01:14:09 [INFO]   第8轮的训练 测试结果为：{'R@5': 0.5240208899364022, 'R@10': 0.6948823343556274, 'RR@5': 0.8485600490196087, 'RR@10': 0.8530921743697484, 'nDCG@5': 0.6438554545325934, 'nDCG@10': 0.693053410255758}
2024-11-20 01:14:12 [INFO]   ------------------------------------------------
2024-11-20 01:14:12 [INFO]   第 8 轮已经训练完成  模型保存在 /mnt/workspace/clir/myself/output/2024-11-19/best_model
2024-11-20 01:14:12 [INFO]   ------------------------------------------------
2024-11-20 01:14:32 [INFO]   loss: 0.0907,	steps: 5750/10160,	epoch: 9,	learning_rate: 4.6299212598425204e-06
2024-11-20 01:15:01 [INFO]   loss: 0.1106,	steps: 5800/10160,	epoch: 9,	learning_rate: 4.57742782152231e-06
2024-11-20 01:15:30 [INFO]   loss: 0.1292,	steps: 5850/10160,	epoch: 9,	learning_rate: 4.5249343832021e-06
2024-11-20 01:15:59 [INFO]   loss: 0.0615,	steps: 5900/10160,	epoch: 9,	learning_rate: 4.47244094488189e-06
2024-11-20 01:16:27 [INFO]   loss: 0.1571,	steps: 5950/10160,	epoch: 9,	learning_rate: 4.41994750656168e-06
2024-11-20 01:16:56 [INFO]   loss: 0.1833,	steps: 6000/10160,	epoch: 9,	learning_rate: 4.36745406824147e-06
2024-11-20 01:17:25 [INFO]   loss: 0.1199,	steps: 6050/10160,	epoch: 9,	learning_rate: 4.3149606299212606e-06
2024-11-20 01:17:54 [INFO]   loss: 0.0428,	steps: 6100/10160,	epoch: 9,	learning_rate: 4.26246719160105e-06
2024-11-20 01:18:22 [INFO]   loss: 0.1465,	steps: 6150/10160,	epoch: 9,	learning_rate: 4.209973753280841e-06
2024-11-20 01:18:51 [INFO]   loss: 0.1041,	steps: 6200/10160,	epoch: 9,	learning_rate: 4.15748031496063e-06
2024-11-20 01:19:19 [INFO]   loss: 0.0914,	steps: 6250/10160,	epoch: 9,	learning_rate: 4.10498687664042e-06
2024-11-20 01:19:47 [INFO]   loss: 0.0815,	steps: 6300/10160,	epoch: 9,	learning_rate: 4.0524934383202105e-06
2024-11-20 01:20:15 [INFO]   loss: 0.0545,	steps: 6350/10160,	epoch: 9,	learning_rate: 4.000000000000001e-06
2024-11-20 01:51:04 [INFO]   第9轮的训练 测试结果为：{'R@5': 0.5272889134756307, 'R@10': 0.7010182500715515, 'RR@5': 0.8454656862745102, 'RR@10': 0.8506514063958919, 'nDCG@5': 0.64266284167117, 'nDCG@10': 0.6921489111700856}
2024-11-20 01:51:33 [INFO]   loss: 0.2221,	steps: 6400/10160,	epoch: 10,	learning_rate: 3.94750656167979e-06
2024-11-20 01:52:02 [INFO]   loss: 0.0630,	steps: 6450/10160,	epoch: 10,	learning_rate: 3.895013123359581e-06
2024-11-20 01:52:31 [INFO]   loss: 0.2561,	steps: 6500/10160,	epoch: 10,	learning_rate: 3.84251968503937e-06
2024-11-20 01:52:59 [INFO]   loss: 0.1412,	steps: 6550/10160,	epoch: 10,	learning_rate: 3.7900262467191605e-06
2024-11-20 01:53:28 [INFO]   loss: 0.0531,	steps: 6600/10160,	epoch: 10,	learning_rate: 3.73753280839895e-06
2024-11-20 01:53:57 [INFO]   loss: 0.0584,	steps: 6650/10160,	epoch: 10,	learning_rate: 3.6850393700787408e-06
2024-11-20 01:54:26 [INFO]   loss: 0.1011,	steps: 6700/10160,	epoch: 10,	learning_rate: 3.6325459317585305e-06
2024-11-20 01:54:54 [INFO]   loss: 0.1645,	steps: 6750/10160,	epoch: 10,	learning_rate: 3.5800524934383207e-06
2024-11-20 01:55:23 [INFO]   loss: 0.1167,	steps: 6800/10160,	epoch: 10,	learning_rate: 3.5275590551181104e-06
2024-11-20 01:55:51 [INFO]   loss: 0.0654,	steps: 6850/10160,	epoch: 10,	learning_rate: 3.4750656167979006e-06
2024-11-20 01:56:21 [INFO]   loss: 0.2383,	steps: 6900/10160,	epoch: 10,	learning_rate: 3.4225721784776907e-06
2024-11-20 01:56:49 [INFO]   loss: 0.1043,	steps: 6950/10160,	epoch: 10,	learning_rate: 3.370078740157481e-06
2024-11-20 02:27:59 [INFO]   第10轮的训练 测试结果为：{'R@5': 0.5337680800996036, 'R@10': 0.6936292597251136, 'RR@5': 0.8495710784313731, 'RR@10': 0.8537257090336138, 'nDCG@5': 0.6528331914686684, 'nDCG@10': 0.6967967718132951}
2024-11-20 02:28:02 [INFO]   ------------------------------------------------
2024-11-20 02:28:02 [INFO]   第 10 轮已经训练完成  模型保存在 /mnt/workspace/clir/myself/output/2024-11-19/best_model
2024-11-20 02:28:02 [INFO]   ------------------------------------------------
2024-11-20 02:28:11 [INFO]   loss: 0.0364,	steps: 7000/10160,	epoch: 11,	learning_rate: 3.3175853018372706e-06
2024-11-20 02:28:40 [INFO]   loss: 0.1995,	steps: 7050/10160,	epoch: 11,	learning_rate: 3.2650918635170608e-06
2024-11-20 02:29:09 [INFO]   loss: 0.0787,	steps: 7100/10160,	epoch: 11,	learning_rate: 3.2125984251968505e-06
2024-11-20 02:29:38 [INFO]   loss: 0.1731,	steps: 7150/10160,	epoch: 11,	learning_rate: 3.160104986876641e-06
2024-11-20 02:30:07 [INFO]   loss: 0.2390,	steps: 7200/10160,	epoch: 11,	learning_rate: 3.107611548556431e-06
2024-11-20 02:30:36 [INFO]   loss: 0.0646,	steps: 7250/10160,	epoch: 11,	learning_rate: 3.055118110236221e-06
2024-11-20 02:31:04 [INFO]   loss: 0.0264,	steps: 7300/10160,	epoch: 11,	learning_rate: 3.0026246719160107e-06
2024-11-20 02:31:32 [INFO]   loss: 0.1852,	steps: 7350/10160,	epoch: 11,	learning_rate: 2.950131233595801e-06
2024-11-20 02:32:01 [INFO]   loss: 0.0194,	steps: 7400/10160,	epoch: 11,	learning_rate: 2.8976377952755906e-06
2024-11-20 02:32:30 [INFO]   loss: 0.2008,	steps: 7450/10160,	epoch: 11,	learning_rate: 2.8451443569553812e-06
2024-11-20 02:32:58 [INFO]   loss: 0.1005,	steps: 7500/10160,	epoch: 11,	learning_rate: 2.792650918635171e-06
2024-11-20 02:33:27 [INFO]   loss: 0.1028,	steps: 7550/10160,	epoch: 11,	learning_rate: 2.740157480314961e-06
2024-11-20 02:33:55 [INFO]   loss: 0.0386,	steps: 7600/10160,	epoch: 11,	learning_rate: 2.687664041994751e-06
2024-11-20 03:04:55 [INFO]   第11轮的训练 测试结果为：{'R@5': 0.5382455858834857, 'R@10': 0.6955597211213207, 'RR@5': 0.8607383578431379, 'RR@10': 0.8641073616946782, 'nDCG@5': 0.6590346997195979, 'nDCG@10': 0.702085816123128}
2024-11-20 03:04:58 [INFO]   ------------------------------------------------
2024-11-20 03:04:58 [INFO]   第 11 轮已经训练完成  模型保存在 /mnt/workspace/clir/myself/output/2024-11-19/best_model
2024-11-20 03:04:58 [INFO]   ------------------------------------------------
2024-11-20 03:05:15 [INFO]   loss: 0.1305,	steps: 7650/10160,	epoch: 12,	learning_rate: 2.635170603674541e-06
2024-11-20 03:05:44 [INFO]   loss: 0.0179,	steps: 7700/10160,	epoch: 12,	learning_rate: 2.5826771653543307e-06
2024-11-20 03:06:13 [INFO]   loss: 0.1637,	steps: 7750/10160,	epoch: 12,	learning_rate: 2.5301837270341213e-06
2024-11-20 03:06:41 [INFO]   loss: 0.0996,	steps: 7800/10160,	epoch: 12,	learning_rate: 2.477690288713911e-06
2024-11-20 03:07:10 [INFO]   loss: 0.1389,	steps: 7850/10160,	epoch: 12,	learning_rate: 2.425196850393701e-06
2024-11-20 03:07:38 [INFO]   loss: 0.0751,	steps: 7900/10160,	epoch: 12,	learning_rate: 2.372703412073491e-06
2024-11-20 03:08:07 [INFO]   loss: 0.2408,	steps: 7950/10160,	epoch: 12,	learning_rate: 2.320209973753281e-06
2024-11-20 03:08:37 [INFO]   loss: 0.0817,	steps: 8000/10160,	epoch: 12,	learning_rate: 2.267716535433071e-06
2024-11-20 03:09:05 [INFO]   loss: 0.1614,	steps: 8050/10160,	epoch: 12,	learning_rate: 2.215223097112861e-06
2024-11-20 03:09:34 [INFO]   loss: 0.0525,	steps: 8100/10160,	epoch: 12,	learning_rate: 2.162729658792651e-06
2024-11-20 03:10:02 [INFO]   loss: 0.2585,	steps: 8150/10160,	epoch: 12,	learning_rate: 2.110236220472441e-06
2024-11-20 03:10:31 [INFO]   loss: 0.0711,	steps: 8200/10160,	epoch: 12,	learning_rate: 2.057742782152231e-06
2024-11-20 03:11:00 [INFO]   loss: 0.0741,	steps: 8250/10160,	epoch: 12,	learning_rate: 2.0052493438320212e-06
2024-11-20 03:41:51 [INFO]   第12轮的训练 测试结果为：{'R@5': 0.5317206696745975, 'R@10': 0.7066965645747117, 'RR@5': 0.8544117647058829, 'RR@10': 0.8589869281045752, 'nDCG@5': 0.6516414588004238, 'nDCG@10': 0.7013334904738894}
2024-11-20 03:42:17 [INFO]   loss: 0.1682,	steps: 8300/10160,	epoch: 13,	learning_rate: 1.952755905511811e-06
2024-11-20 03:42:46 [INFO]   loss: 0.1101,	steps: 8350/10160,	epoch: 13,	learning_rate: 1.9002624671916011e-06
2024-11-20 03:43:14 [INFO]   loss: 0.1147,	steps: 8400/10160,	epoch: 13,	learning_rate: 1.8477690288713913e-06
2024-11-20 03:43:43 [INFO]   loss: 0.0546,	steps: 8450/10160,	epoch: 13,	learning_rate: 1.7952755905511812e-06
2024-11-20 03:44:13 [INFO]   loss: 0.1878,	steps: 8500/10160,	epoch: 13,	learning_rate: 1.7427821522309712e-06
2024-11-20 03:44:41 [INFO]   loss: 0.1489,	steps: 8550/10160,	epoch: 13,	learning_rate: 1.6902887139107613e-06
2024-11-20 03:45:10 [INFO]   loss: 0.1746,	steps: 8600/10160,	epoch: 13,	learning_rate: 1.6377952755905513e-06
2024-11-20 03:45:39 [INFO]   loss: 0.0758,	steps: 8650/10160,	epoch: 13,	learning_rate: 1.5853018372703412e-06
2024-11-20 03:46:07 [INFO]   loss: 0.0307,	steps: 8700/10160,	epoch: 13,	learning_rate: 1.5328083989501314e-06
2024-11-20 03:46:36 [INFO]   loss: 0.0438,	steps: 8750/10160,	epoch: 13,	learning_rate: 1.4803149606299213e-06
2024-11-20 03:47:05 [INFO]   loss: 0.0877,	steps: 8800/10160,	epoch: 13,	learning_rate: 1.4278215223097113e-06
2024-11-20 03:47:34 [INFO]   loss: 0.0722,	steps: 8850/10160,	epoch: 13,	learning_rate: 1.3753280839895015e-06
2024-11-20 04:18:46 [INFO]   第13轮的训练 测试结果为：{'R@5': 0.539666325129265, 'R@10': 0.7100430481811584, 'RR@5': 0.859712009803922, 'RR@10': 0.8646205357142859, 'nDCG@5': 0.6578374443993469, 'nDCG@10': 0.7056755009344737}
2024-11-20 04:18:52 [INFO]   loss: 0.1240,	steps: 8900/10160,	epoch: 14,	learning_rate: 1.3228346456692914e-06
2024-11-20 04:19:21 [INFO]   loss: 0.0999,	steps: 8950/10160,	epoch: 14,	learning_rate: 1.2703412073490814e-06
2024-11-20 04:19:50 [INFO]   loss: 0.0152,	steps: 9000/10160,	epoch: 14,	learning_rate: 1.2178477690288715e-06
2024-11-20 04:20:19 [INFO]   loss: 0.1116,	steps: 9050/10160,	epoch: 14,	learning_rate: 1.1653543307086615e-06
2024-11-20 04:20:48 [INFO]   loss: 0.0889,	steps: 9100/10160,	epoch: 14,	learning_rate: 1.1128608923884516e-06
2024-11-20 04:21:17 [INFO]   loss: 0.0603,	steps: 9150/10160,	epoch: 14,	learning_rate: 1.0603674540682416e-06
2024-11-20 04:21:45 [INFO]   loss: 0.1497,	steps: 9200/10160,	epoch: 14,	learning_rate: 1.0078740157480315e-06
2024-11-20 04:22:14 [INFO]   loss: 0.2662,	steps: 9250/10160,	epoch: 14,	learning_rate: 9.553805774278217e-07
2024-11-20 04:22:42 [INFO]   loss: 0.0072,	steps: 9300/10160,	epoch: 14,	learning_rate: 9.028871391076116e-07
2024-11-20 04:23:11 [INFO]   loss: 0.1048,	steps: 9350/10160,	epoch: 14,	learning_rate: 8.503937007874017e-07
2024-11-20 04:23:39 [INFO]   loss: 0.0575,	steps: 9400/10160,	epoch: 14,	learning_rate: 7.979002624671916e-07
2024-11-20 04:24:08 [INFO]   loss: 0.0960,	steps: 9450/10160,	epoch: 14,	learning_rate: 7.454068241469817e-07
2024-11-20 04:24:37 [INFO]   loss: 0.0956,	steps: 9500/10160,	epoch: 14,	learning_rate: 6.929133858267717e-07
2024-11-20 04:55:39 [INFO]   第14轮的训练 测试结果为：{'R@5': 0.5395077133620938, 'R@10': 0.7130932940742019, 'RR@5': 0.8576593137254908, 'RR@10': 0.8627593224789918, 'nDCG@5': 0.6604083785100817, 'nDCG@10': 0.7074894517576995}
2024-11-20 04:55:42 [INFO]   ------------------------------------------------
2024-11-20 04:55:42 [INFO]   第 14 轮已经训练完成  模型保存在 /mnt/workspace/clir/myself/output/2024-11-19/best_model
2024-11-20 04:55:42 [INFO]   ------------------------------------------------
2024-11-20 04:55:57 [INFO]   loss: 0.1197,	steps: 9550/10160,	epoch: 15,	learning_rate: 6.404199475065617e-07
2024-11-20 04:56:26 [INFO]   loss: 0.1938,	steps: 9600/10160,	epoch: 15,	learning_rate: 5.879265091863517e-07
2024-11-20 04:56:54 [INFO]   loss: 0.0867,	steps: 9650/10160,	epoch: 15,	learning_rate: 5.354330708661418e-07
2024-11-20 04:57:23 [INFO]   loss: 0.1385,	steps: 9700/10160,	epoch: 15,	learning_rate: 4.829396325459318e-07
2024-11-20 04:57:51 [INFO]   loss: 0.1022,	steps: 9750/10160,	epoch: 15,	learning_rate: 4.304461942257218e-07
2024-11-20 04:58:20 [INFO]   loss: 0.1261,	steps: 9800/10160,	epoch: 15,	learning_rate: 3.7795275590551184e-07
2024-11-20 04:58:48 [INFO]   loss: 0.0358,	steps: 9850/10160,	epoch: 15,	learning_rate: 3.2545931758530185e-07
2024-11-20 04:59:17 [INFO]   loss: 0.0893,	steps: 9900/10160,	epoch: 15,	learning_rate: 2.729658792650919e-07
2024-11-20 04:59:45 [INFO]   loss: 0.2219,	steps: 9950/10160,	epoch: 15,	learning_rate: 2.204724409448819e-07
2024-11-20 05:00:13 [INFO]   loss: 0.0902,	steps: 10000/10160,	epoch: 15,	learning_rate: 1.6797900262467193e-07
2024-11-20 05:00:41 [INFO]   loss: 0.1380,	steps: 10050/10160,	epoch: 15,	learning_rate: 1.1548556430446196e-07
2024-11-20 05:01:10 [INFO]   loss: 0.2651,	steps: 10100/10160,	epoch: 15,	learning_rate: 6.299212598425197e-08
2024-11-20 05:01:39 [INFO]   loss: 0.1091,	steps: 10150/10160,	epoch: 15,	learning_rate: 1.0498687664041996e-08
2024-11-20 05:32:33 [INFO]   第15轮的训练 测试结果为：{'R@5': 0.538921424364121, 'R@10': 0.7096608121981083, 'RR@5': 0.8573682598039222, 'RR@10': 0.8623479079131655, 'nDCG@5': 0.6604119459302483, 'nDCG@10': 0.7062703702660568}
2024-11-20 05:32:33 [INFO]   ------------------------------------------------
2024-11-20 05:32:33 [INFO]   最佳评测指标为: {'R@5': 0.5395077133620938, 'R@10': 0.7130932940742019, 'RR@5': 0.8576593137254908, 'RR@10': 0.8627593224789918, 'nDCG@5': 0.6604083785100817, 'nDCG@10': 0.7074894517576995}
2024-11-20 05:32:33 [INFO]   ------------------------------------------------
2024-11-20 05:32:33 [INFO]   ------------------------------------------------
2024-11-20 05:32:33 [INFO]   所有epoch的平均评测指标为: {'R@5': 0.5173377440906238, 'R@10': 0.6864007893378383, 'RR@5': 0.834449678308824, 'RR@10': 0.8391245723549838, 'nDCG@5': 0.6302728780242534, 'nDCG@10': 0.6784156066604411}
2024-11-20 05:32:33 [INFO]   ------------------------------------------------
