2024-09-28 15:54:28 [INFO]   ***** Running training *****
2024-09-28 15:54:28 [INFO]   当前时间: 2024-09-28 15:54:28
2024-09-28 15:54:28 [INFO]   Num examples = 5087
2024-09-28 15:54:28 [INFO]   Num Epochs = 16
2024-09-28 15:54:28 [INFO]   Instantaneous batch size per device = 8
2024-09-28 15:54:28 [INFO]   Total train batch size (w. parallel, distributed & accumulation) = 16
2024-09-28 15:54:28 [INFO]   Total optimization steps = 10160
2024-09-28 15:54:28 [INFO]   训练的设备: cuda, 设备编号: 0
2024-09-28 15:54:52 [INFO]   loss: 1.2557,	steps: 50/10160,	epoch: 0,	learning_rate: 7.874015748031496e-07
2024-09-28 15:55:15 [INFO]   loss: 0.7612,	steps: 100/10160,	epoch: 0,	learning_rate: 1.5748031496062992e-06
2024-09-28 15:55:38 [INFO]   loss: 0.4645,	steps: 150/10160,	epoch: 0,	learning_rate: 2.362204724409449e-06
2024-09-28 15:56:02 [INFO]   loss: 0.2658,	steps: 200/10160,	epoch: 0,	learning_rate: 3.1496062992125985e-06
2024-09-28 15:56:25 [INFO]   loss: 0.3498,	steps: 250/10160,	epoch: 0,	learning_rate: 3.937007874015748e-06
2024-09-28 15:56:48 [INFO]   loss: 0.3346,	steps: 300/10160,	epoch: 0,	learning_rate: 4.724409448818898e-06
2024-09-28 15:57:12 [INFO]   loss: 0.2466,	steps: 350/10160,	epoch: 0,	learning_rate: 5.511811023622048e-06
2024-09-28 15:57:35 [INFO]   loss: 0.1822,	steps: 400/10160,	epoch: 0,	learning_rate: 6.299212598425197e-06
2024-09-28 15:57:59 [INFO]   loss: 0.0869,	steps: 450/10160,	epoch: 0,	learning_rate: 7.086614173228347e-06
2024-09-28 15:58:23 [INFO]   loss: 0.1588,	steps: 500/10160,	epoch: 0,	learning_rate: 7.874015748031496e-06
2024-09-28 15:58:46 [INFO]   loss: 0.1005,	steps: 550/10160,	epoch: 0,	learning_rate: 8.661417322834647e-06
2024-09-28 15:59:09 [INFO]   loss: 0.2130,	steps: 600/10160,	epoch: 0,	learning_rate: 9.448818897637797e-06
2024-09-28 16:23:47 [INFO]   第0轮的训练 测试结果为：{'R@5': 0.4274145111744419, 'R@10': 0.5990268255387772, 'RR@5': 0.6971200980392165, 'RR@10': 0.7056905053688147, 'nDCG@5': 0.49448580300291417, 'nDCG@10': 0.5524251223362183}
2024-09-28 16:23:48 [INFO]   ------------------------------------------------
2024-09-28 16:23:48 [INFO]   第 0 轮已经训练完成  模型保存在 /mnt/workspace/clir/myself/output/2024-09-28/best_model
2024-09-28 16:23:48 [INFO]   ------------------------------------------------
2024-09-28 16:23:55 [INFO]   loss: 0.1189,	steps: 650/10160,	epoch: 1,	learning_rate: 9.984251968503938e-06
2024-09-28 16:24:18 [INFO]   loss: 0.1853,	steps: 700/10160,	epoch: 1,	learning_rate: 9.931758530183728e-06
2024-09-28 16:24:42 [INFO]   loss: 0.2474,	steps: 750/10160,	epoch: 1,	learning_rate: 9.879265091863518e-06
2024-09-28 16:25:06 [INFO]   loss: 0.2284,	steps: 800/10160,	epoch: 1,	learning_rate: 9.826771653543308e-06
2024-09-28 16:25:29 [INFO]   loss: 0.0683,	steps: 850/10160,	epoch: 1,	learning_rate: 9.774278215223098e-06
2024-09-28 16:25:53 [INFO]   loss: 0.2628,	steps: 900/10160,	epoch: 1,	learning_rate: 9.721784776902888e-06
2024-09-28 16:26:16 [INFO]   loss: 0.1599,	steps: 950/10160,	epoch: 1,	learning_rate: 9.669291338582679e-06
2024-09-28 16:26:40 [INFO]   loss: 0.4354,	steps: 1000/10160,	epoch: 1,	learning_rate: 9.616797900262467e-06
2024-09-28 16:27:03 [INFO]   loss: 0.2372,	steps: 1050/10160,	epoch: 1,	learning_rate: 9.564304461942257e-06
2024-09-28 16:27:27 [INFO]   loss: 0.5240,	steps: 1100/10160,	epoch: 1,	learning_rate: 9.511811023622049e-06
2024-09-28 16:27:50 [INFO]   loss: 0.0627,	steps: 1150/10160,	epoch: 1,	learning_rate: 9.459317585301838e-06
2024-09-28 16:28:13 [INFO]   loss: 0.0902,	steps: 1200/10160,	epoch: 1,	learning_rate: 9.406824146981628e-06
2024-09-28 16:28:36 [INFO]   loss: 0.2920,	steps: 1250/10160,	epoch: 1,	learning_rate: 9.354330708661418e-06
2024-09-28 16:53:02 [INFO]   第1轮的训练 测试结果为：{'R@5': 0.49459618989160203, 'R@10': 0.6572048612331705, 'RR@5': 0.8265318627450987, 'RR@10': 0.8304268061391226, 'nDCG@5': 0.6070418007954833, 'nDCG@10': 0.6556717994325447}
2024-09-28 16:53:05 [INFO]   ------------------------------------------------
2024-09-28 16:53:05 [INFO]   第 1 轮已经训练完成  模型保存在 /mnt/workspace/clir/myself/output/2024-09-28/best_model
2024-09-28 16:53:05 [INFO]   ------------------------------------------------
2024-09-28 16:53:19 [INFO]   loss: 0.1589,	steps: 1300/10160,	epoch: 2,	learning_rate: 9.301837270341208e-06
2024-09-28 16:53:43 [INFO]   loss: 0.1548,	steps: 1350/10160,	epoch: 2,	learning_rate: 9.249343832020998e-06
2024-09-28 16:54:07 [INFO]   loss: 0.1520,	steps: 1400/10160,	epoch: 2,	learning_rate: 9.196850393700788e-06
2024-09-28 16:54:30 [INFO]   loss: 0.0582,	steps: 1450/10160,	epoch: 2,	learning_rate: 9.144356955380579e-06
2024-09-28 16:54:54 [INFO]   loss: 0.1370,	steps: 1500/10160,	epoch: 2,	learning_rate: 9.091863517060369e-06
2024-09-28 16:55:17 [INFO]   loss: 0.0422,	steps: 1550/10160,	epoch: 2,	learning_rate: 9.039370078740159e-06
2024-09-28 16:55:40 [INFO]   loss: 0.0417,	steps: 1600/10160,	epoch: 2,	learning_rate: 8.986876640419947e-06
2024-09-28 16:56:04 [INFO]   loss: 0.0784,	steps: 1650/10160,	epoch: 2,	learning_rate: 8.934383202099738e-06
2024-09-28 16:56:27 [INFO]   loss: 0.2407,	steps: 1700/10160,	epoch: 2,	learning_rate: 8.88188976377953e-06
2024-09-28 16:56:51 [INFO]   loss: 0.1859,	steps: 1750/10160,	epoch: 2,	learning_rate: 8.829396325459318e-06
2024-09-28 16:57:14 [INFO]   loss: 0.3200,	steps: 1800/10160,	epoch: 2,	learning_rate: 8.776902887139108e-06
2024-09-28 16:57:37 [INFO]   loss: 0.0400,	steps: 1850/10160,	epoch: 2,	learning_rate: 8.724409448818898e-06
2024-09-28 16:58:01 [INFO]   loss: 0.0721,	steps: 1900/10160,	epoch: 2,	learning_rate: 8.671916010498688e-06
2024-09-28 17:22:22 [INFO]   第2轮的训练 测试结果为：{'R@5': 0.45609289039909207, 'R@10': 0.6101664320276258, 'RR@5': 0.7424632352941183, 'RR@10': 0.750201695261438, 'nDCG@5': 0.5375263929181074, 'nDCG@10': 0.5875648189890296}
2024-09-28 17:22:43 [INFO]   loss: 0.1112,	steps: 1950/10160,	epoch: 3,	learning_rate: 8.619422572178478e-06
2024-09-28 17:23:06 [INFO]   loss: 0.1493,	steps: 2000/10160,	epoch: 3,	learning_rate: 8.566929133858269e-06
2024-09-28 17:23:29 [INFO]   loss: 0.0663,	steps: 2050/10160,	epoch: 3,	learning_rate: 8.514435695538059e-06
2024-09-28 17:23:53 [INFO]   loss: 0.0914,	steps: 2100/10160,	epoch: 3,	learning_rate: 8.461942257217849e-06
2024-09-28 17:24:16 [INFO]   loss: 0.2810,	steps: 2150/10160,	epoch: 3,	learning_rate: 8.409448818897639e-06
2024-09-28 17:24:39 [INFO]   loss: 0.0654,	steps: 2200/10160,	epoch: 3,	learning_rate: 8.356955380577428e-06
2024-09-28 17:25:03 [INFO]   loss: 0.1541,	steps: 2250/10160,	epoch: 3,	learning_rate: 8.304461942257218e-06
2024-09-28 17:25:26 [INFO]   loss: 0.0436,	steps: 2300/10160,	epoch: 3,	learning_rate: 8.25196850393701e-06
2024-09-28 17:25:50 [INFO]   loss: 0.0459,	steps: 2350/10160,	epoch: 3,	learning_rate: 8.199475065616798e-06
2024-09-28 17:26:13 [INFO]   loss: 0.0572,	steps: 2400/10160,	epoch: 3,	learning_rate: 8.146981627296588e-06
2024-09-28 17:26:36 [INFO]   loss: 0.0669,	steps: 2450/10160,	epoch: 3,	learning_rate: 8.094488188976378e-06
2024-09-28 17:27:00 [INFO]   loss: 0.2056,	steps: 2500/10160,	epoch: 3,	learning_rate: 8.041994750656169e-06
2024-09-28 17:51:34 [INFO]   第3轮的训练 测试结果为：{'R@5': 0.4758060337045752, 'R@10': 0.6381578973621407, 'RR@5': 0.781924019607844, 'RR@10': 0.7886580152894498, 'nDCG@5': 0.5793641817627309, 'nDCG@10': 0.6277041492902028}
2024-09-28 17:51:39 [INFO]   loss: 0.0157,	steps: 2550/10160,	epoch: 4,	learning_rate: 7.989501312335959e-06
2024-09-28 17:52:03 [INFO]   loss: 0.0517,	steps: 2600/10160,	epoch: 4,	learning_rate: 7.937007874015749e-06
2024-09-28 17:52:25 [INFO]   loss: 0.1022,	steps: 2650/10160,	epoch: 4,	learning_rate: 7.884514435695539e-06
2024-09-28 17:52:49 [INFO]   loss: 0.0784,	steps: 2700/10160,	epoch: 4,	learning_rate: 7.83202099737533e-06
2024-09-28 17:53:12 [INFO]   loss: 0.1122,	steps: 2750/10160,	epoch: 4,	learning_rate: 7.77952755905512e-06
2024-09-28 17:53:36 [INFO]   loss: 0.1859,	steps: 2800/10160,	epoch: 4,	learning_rate: 7.72703412073491e-06
2024-09-28 17:54:00 [INFO]   loss: 0.0690,	steps: 2850/10160,	epoch: 4,	learning_rate: 7.674540682414698e-06
2024-09-28 17:54:24 [INFO]   loss: 0.0131,	steps: 2900/10160,	epoch: 4,	learning_rate: 7.622047244094489e-06
2024-09-28 17:54:47 [INFO]   loss: 0.1599,	steps: 2950/10160,	epoch: 4,	learning_rate: 7.569553805774279e-06
2024-09-28 17:55:10 [INFO]   loss: 0.0686,	steps: 3000/10160,	epoch: 4,	learning_rate: 7.5170603674540684e-06
2024-09-28 17:55:34 [INFO]   loss: 0.1511,	steps: 3050/10160,	epoch: 4,	learning_rate: 7.464566929133859e-06
2024-09-28 17:55:57 [INFO]   loss: 0.0673,	steps: 3100/10160,	epoch: 4,	learning_rate: 7.41207349081365e-06
2024-09-28 17:56:21 [INFO]   loss: 0.1076,	steps: 3150/10160,	epoch: 4,	learning_rate: 7.359580052493439e-06
2024-09-28 18:20:52 [INFO]   第4轮的训练 测试结果为：{'R@5': 0.4915560538313754, 'R@10': 0.6676297339307452, 'RR@5': 0.8128523284313731, 'RR@10': 0.8175026260504205, 'nDCG@5': 0.5991071403337385, 'nDCG@10': 0.6529755175207707}
2024-09-28 18:21:04 [INFO]   loss: 0.1278,	steps: 3200/10160,	epoch: 5,	learning_rate: 7.307086614173229e-06
2024-09-28 18:21:27 [INFO]   loss: 0.0222,	steps: 3250/10160,	epoch: 5,	learning_rate: 7.254593175853018e-06
2024-09-28 18:21:50 [INFO]   loss: 0.0455,	steps: 3300/10160,	epoch: 5,	learning_rate: 7.202099737532809e-06
2024-09-28 18:22:14 [INFO]   loss: 0.0764,	steps: 3350/10160,	epoch: 5,	learning_rate: 7.1496062992125995e-06
2024-09-28 18:22:37 [INFO]   loss: 0.1731,	steps: 3400/10160,	epoch: 5,	learning_rate: 7.097112860892389e-06
2024-09-28 18:23:01 [INFO]   loss: 0.0728,	steps: 3450/10160,	epoch: 5,	learning_rate: 7.044619422572179e-06
2024-09-28 18:23:24 [INFO]   loss: 0.0572,	steps: 3500/10160,	epoch: 5,	learning_rate: 6.992125984251969e-06
2024-09-28 18:23:48 [INFO]   loss: 0.0226,	steps: 3550/10160,	epoch: 5,	learning_rate: 6.939632545931759e-06
2024-09-28 18:24:11 [INFO]   loss: 0.0834,	steps: 3600/10160,	epoch: 5,	learning_rate: 6.887139107611549e-06
2024-09-28 18:24:34 [INFO]   loss: 0.0531,	steps: 3650/10160,	epoch: 5,	learning_rate: 6.834645669291339e-06
2024-09-28 18:24:58 [INFO]   loss: 0.1436,	steps: 3700/10160,	epoch: 5,	learning_rate: 6.78215223097113e-06
2024-09-28 18:25:21 [INFO]   loss: 0.0644,	steps: 3750/10160,	epoch: 5,	learning_rate: 6.729658792650919e-06
2024-09-28 18:25:45 [INFO]   loss: 0.0340,	steps: 3800/10160,	epoch: 5,	learning_rate: 6.677165354330709e-06
2024-09-28 18:50:10 [INFO]   第5轮的训练 测试结果为：{'R@5': 0.5233134190074326, 'R@10': 0.684124710990198, 'RR@5': 0.8441789215686276, 'RR@10': 0.848186931022409, 'nDCG@5': 0.635823628697608, 'nDCG@10': 0.6802566651054378}
2024-09-28 18:50:14 [INFO]   ------------------------------------------------
2024-09-28 18:50:14 [INFO]   第 5 轮已经训练完成  模型保存在 /mnt/workspace/clir/myself/output/2024-09-28/best_model
2024-09-28 18:50:14 [INFO]   ------------------------------------------------
2024-09-28 18:50:33 [INFO]   loss: 0.0055,	steps: 3850/10160,	epoch: 6,	learning_rate: 6.624671916010499e-06
2024-09-28 18:50:56 [INFO]   loss: 0.1766,	steps: 3900/10160,	epoch: 6,	learning_rate: 6.57217847769029e-06
2024-09-28 18:51:19 [INFO]   loss: 0.0592,	steps: 3950/10160,	epoch: 6,	learning_rate: 6.51968503937008e-06
2024-09-28 18:51:42 [INFO]   loss: 0.0192,	steps: 4000/10160,	epoch: 6,	learning_rate: 6.467191601049869e-06
2024-09-28 18:52:06 [INFO]   loss: 0.0700,	steps: 4050/10160,	epoch: 6,	learning_rate: 6.414698162729659e-06
2024-09-28 18:52:29 [INFO]   loss: 0.0742,	steps: 4100/10160,	epoch: 6,	learning_rate: 6.362204724409449e-06
2024-09-28 18:52:52 [INFO]   loss: 0.0137,	steps: 4150/10160,	epoch: 6,	learning_rate: 6.3097112860892396e-06
2024-09-28 18:53:17 [INFO]   loss: 0.0861,	steps: 4200/10160,	epoch: 6,	learning_rate: 6.257217847769029e-06
2024-09-28 18:53:40 [INFO]   loss: 0.0592,	steps: 4250/10160,	epoch: 6,	learning_rate: 6.204724409448819e-06
2024-09-28 18:54:04 [INFO]   loss: 0.0811,	steps: 4300/10160,	epoch: 6,	learning_rate: 6.15223097112861e-06
2024-09-28 18:54:27 [INFO]   loss: 0.0232,	steps: 4350/10160,	epoch: 6,	learning_rate: 6.099737532808399e-06
2024-09-28 18:54:51 [INFO]   loss: 0.0280,	steps: 4400/10160,	epoch: 6,	learning_rate: 6.0472440944881895e-06
2024-09-28 19:19:33 [INFO]   第6轮的训练 测试结果为：{'R@5': 0.5231298605965622, 'R@10': 0.6866059960075629, 'RR@5': 0.8473192401960791, 'RR@10': 0.8503450338468725, 'nDCG@5': 0.6329459531288619, 'nDCG@10': 0.6809277835901595}
2024-09-28 19:19:35 [INFO]   loss: 0.0538,	steps: 4450/10160,	epoch: 7,	learning_rate: 5.994750656167979e-06
2024-09-28 19:19:59 [INFO]   loss: 0.0156,	steps: 4500/10160,	epoch: 7,	learning_rate: 5.94225721784777e-06
2024-09-28 19:20:22 [INFO]   loss: 0.0205,	steps: 4550/10160,	epoch: 7,	learning_rate: 5.88976377952756e-06
2024-09-28 19:20:45 [INFO]   loss: 0.1688,	steps: 4600/10160,	epoch: 7,	learning_rate: 5.837270341207349e-06
2024-09-28 19:21:09 [INFO]   loss: 0.0188,	steps: 4650/10160,	epoch: 7,	learning_rate: 5.7847769028871395e-06
2024-09-28 19:21:32 [INFO]   loss: 0.0247,	steps: 4700/10160,	epoch: 7,	learning_rate: 5.7322834645669305e-06
2024-09-28 19:21:55 [INFO]   loss: 0.0969,	steps: 4750/10160,	epoch: 7,	learning_rate: 5.67979002624672e-06
2024-09-28 19:22:18 [INFO]   loss: 0.0443,	steps: 4800/10160,	epoch: 7,	learning_rate: 5.62729658792651e-06
2024-09-28 19:22:42 [INFO]   loss: 0.1937,	steps: 4850/10160,	epoch: 7,	learning_rate: 5.574803149606299e-06
2024-09-28 19:23:06 [INFO]   loss: 0.0030,	steps: 4900/10160,	epoch: 7,	learning_rate: 5.52230971128609e-06
2024-09-28 19:23:29 [INFO]   loss: 0.0576,	steps: 4950/10160,	epoch: 7,	learning_rate: 5.46981627296588e-06
2024-09-28 19:23:52 [INFO]   loss: 0.1113,	steps: 5000/10160,	epoch: 7,	learning_rate: 5.41732283464567e-06
2024-09-28 19:24:16 [INFO]   loss: 0.0337,	steps: 5050/10160,	epoch: 7,	learning_rate: 5.364829396325459e-06
2024-09-28 19:48:50 [INFO]   第7轮的训练 测试结果为：{'R@5': 0.5230791052468056, 'R@10': 0.6853883446495014, 'RR@5': 0.8494332107843142, 'RR@10': 0.8526741946778714, 'nDCG@5': 0.6404526167253491, 'nDCG@10': 0.6859510513385698}
2024-09-28 19:48:53 [INFO]   ------------------------------------------------
2024-09-28 19:48:53 [INFO]   第 7 轮已经训练完成  模型保存在 /mnt/workspace/clir/myself/output/2024-09-28/best_model
2024-09-28 19:48:53 [INFO]   ------------------------------------------------
2024-09-28 19:49:03 [INFO]   loss: 0.0333,	steps: 5100/10160,	epoch: 8,	learning_rate: 5.31233595800525e-06
2024-09-28 19:49:26 [INFO]   loss: 0.0358,	steps: 5150/10160,	epoch: 8,	learning_rate: 5.25984251968504e-06
2024-09-28 19:49:49 [INFO]   loss: 0.0258,	steps: 5200/10160,	epoch: 8,	learning_rate: 5.2073490813648295e-06
2024-09-28 19:50:13 [INFO]   loss: 0.2179,	steps: 5250/10160,	epoch: 8,	learning_rate: 5.15485564304462e-06
2024-09-28 19:50:35 [INFO]   loss: 0.0183,	steps: 5300/10160,	epoch: 8,	learning_rate: 5.102362204724411e-06
2024-09-28 19:50:59 [INFO]   loss: 0.0341,	steps: 5350/10160,	epoch: 8,	learning_rate: 5.0498687664042e-06
2024-09-28 19:51:22 [INFO]   loss: 0.0460,	steps: 5400/10160,	epoch: 8,	learning_rate: 4.99737532808399e-06
2024-09-28 19:51:45 [INFO]   loss: 0.0471,	steps: 5450/10160,	epoch: 8,	learning_rate: 4.94488188976378e-06
2024-09-28 19:52:10 [INFO]   loss: 0.0586,	steps: 5500/10160,	epoch: 8,	learning_rate: 4.89238845144357e-06
2024-09-28 19:52:34 [INFO]   loss: 0.0174,	steps: 5550/10160,	epoch: 8,	learning_rate: 4.83989501312336e-06
2024-09-28 19:52:56 [INFO]   loss: 0.0724,	steps: 5600/10160,	epoch: 8,	learning_rate: 4.78740157480315e-06
2024-09-28 19:53:19 [INFO]   loss: 0.0493,	steps: 5650/10160,	epoch: 8,	learning_rate: 4.73490813648294e-06
2024-09-28 19:53:43 [INFO]   loss: 0.0567,	steps: 5700/10160,	epoch: 8,	learning_rate: 4.68241469816273e-06
2024-09-28 20:18:10 [INFO]   第8轮的训练 测试结果为：{'R@5': 0.5277334697993386, 'R@10': 0.6943249928201386, 'RR@5': 0.8539368872549025, 'RR@10': 0.8582359506302523, 'nDCG@5': 0.6470189403065337, 'nDCG@10': 0.6929725219412131}
2024-09-28 20:18:13 [INFO]   ------------------------------------------------
2024-09-28 20:18:13 [INFO]   第 8 轮已经训练完成  模型保存在 /mnt/workspace/clir/myself/output/2024-09-28/best_model
2024-09-28 20:18:13 [INFO]   ------------------------------------------------
2024-09-28 20:18:29 [INFO]   loss: 0.0286,	steps: 5750/10160,	epoch: 9,	learning_rate: 4.6299212598425204e-06
2024-09-28 20:18:52 [INFO]   loss: 0.0451,	steps: 5800/10160,	epoch: 9,	learning_rate: 4.57742782152231e-06
2024-09-28 20:19:16 [INFO]   loss: 0.0372,	steps: 5850/10160,	epoch: 9,	learning_rate: 4.5249343832021e-06
2024-09-28 20:19:40 [INFO]   loss: 0.0226,	steps: 5900/10160,	epoch: 9,	learning_rate: 4.47244094488189e-06
2024-09-28 20:20:03 [INFO]   loss: 0.0418,	steps: 5950/10160,	epoch: 9,	learning_rate: 4.41994750656168e-06
2024-09-28 20:20:26 [INFO]   loss: 0.0520,	steps: 6000/10160,	epoch: 9,	learning_rate: 4.36745406824147e-06
2024-09-28 20:20:50 [INFO]   loss: 0.0434,	steps: 6050/10160,	epoch: 9,	learning_rate: 4.3149606299212606e-06
2024-09-28 20:21:13 [INFO]   loss: 0.0249,	steps: 6100/10160,	epoch: 9,	learning_rate: 4.26246719160105e-06
2024-09-28 20:21:36 [INFO]   loss: 0.0241,	steps: 6150/10160,	epoch: 9,	learning_rate: 4.209973753280841e-06
2024-09-28 20:22:00 [INFO]   loss: 0.0164,	steps: 6200/10160,	epoch: 9,	learning_rate: 4.15748031496063e-06
2024-09-28 20:22:23 [INFO]   loss: 0.1394,	steps: 6250/10160,	epoch: 9,	learning_rate: 4.10498687664042e-06
2024-09-28 20:22:46 [INFO]   loss: 0.0090,	steps: 6300/10160,	epoch: 9,	learning_rate: 4.0524934383202105e-06
2024-09-28 20:23:09 [INFO]   loss: 0.0051,	steps: 6350/10160,	epoch: 9,	learning_rate: 4.000000000000001e-06
2024-09-28 20:47:30 [INFO]   第9轮的训练 测试结果为：{'R@5': 0.5285989783985661, 'R@10': 0.6961091250539808, 'RR@5': 0.8471354166666673, 'RR@10': 0.8507644724556495, 'nDCG@5': 0.6441242112876517, 'nDCG@10': 0.6903429354809559}
2024-09-28 20:47:53 [INFO]   loss: 0.0546,	steps: 6400/10160,	epoch: 10,	learning_rate: 3.94750656167979e-06
2024-09-28 20:48:16 [INFO]   loss: 0.0319,	steps: 6450/10160,	epoch: 10,	learning_rate: 3.895013123359581e-06
2024-09-28 20:48:39 [INFO]   loss: 0.0675,	steps: 6500/10160,	epoch: 10,	learning_rate: 3.84251968503937e-06
2024-09-28 20:49:03 [INFO]   loss: 0.0251,	steps: 6550/10160,	epoch: 10,	learning_rate: 3.7900262467191605e-06
2024-09-28 20:49:26 [INFO]   loss: 0.0068,	steps: 6600/10160,	epoch: 10,	learning_rate: 3.73753280839895e-06
2024-09-28 20:49:50 [INFO]   loss: 0.0376,	steps: 6650/10160,	epoch: 10,	learning_rate: 3.6850393700787408e-06
2024-09-28 20:50:14 [INFO]   loss: 0.0290,	steps: 6700/10160,	epoch: 10,	learning_rate: 3.6325459317585305e-06
2024-09-28 20:50:37 [INFO]   loss: 0.0412,	steps: 6750/10160,	epoch: 10,	learning_rate: 3.5800524934383207e-06
2024-09-28 20:51:01 [INFO]   loss: 0.0051,	steps: 6800/10160,	epoch: 10,	learning_rate: 3.5275590551181104e-06
2024-09-28 20:51:24 [INFO]   loss: 0.0064,	steps: 6850/10160,	epoch: 10,	learning_rate: 3.4750656167979006e-06
2024-09-28 20:51:48 [INFO]   loss: 0.0438,	steps: 6900/10160,	epoch: 10,	learning_rate: 3.4225721784776907e-06
2024-09-28 20:52:11 [INFO]   loss: 0.0341,	steps: 6950/10160,	epoch: 10,	learning_rate: 3.370078740157481e-06
2024-09-28 21:16:46 [INFO]   第10轮的训练 测试结果为：{'R@5': 0.5463109457052192, 'R@10': 0.7076899655549923, 'RR@5': 0.8596200980392161, 'RR@10': 0.8621560603408034, 'nDCG@5': 0.6631007673956204, 'nDCG@10': 0.7070176046596028}
2024-09-28 21:16:49 [INFO]   ------------------------------------------------
2024-09-28 21:16:49 [INFO]   第 10 轮已经训练完成  模型保存在 /mnt/workspace/clir/myself/output/2024-09-28/best_model
2024-09-28 21:16:49 [INFO]   ------------------------------------------------
2024-09-28 21:16:56 [INFO]   loss: 0.0045,	steps: 7000/10160,	epoch: 11,	learning_rate: 3.3175853018372706e-06
2024-09-28 21:17:20 [INFO]   loss: 0.0585,	steps: 7050/10160,	epoch: 11,	learning_rate: 3.2650918635170608e-06
2024-09-28 21:17:43 [INFO]   loss: 0.0232,	steps: 7100/10160,	epoch: 11,	learning_rate: 3.2125984251968505e-06
2024-09-28 21:18:07 [INFO]   loss: 0.0592,	steps: 7150/10160,	epoch: 11,	learning_rate: 3.160104986876641e-06
2024-09-28 21:18:31 [INFO]   loss: 0.0650,	steps: 7200/10160,	epoch: 11,	learning_rate: 3.107611548556431e-06
2024-09-28 21:18:54 [INFO]   loss: 0.0238,	steps: 7250/10160,	epoch: 11,	learning_rate: 3.055118110236221e-06
2024-09-28 21:19:17 [INFO]   loss: 0.0174,	steps: 7300/10160,	epoch: 11,	learning_rate: 3.0026246719160107e-06
2024-09-28 21:19:39 [INFO]   loss: 0.0474,	steps: 7350/10160,	epoch: 11,	learning_rate: 2.950131233595801e-06
2024-09-28 21:20:03 [INFO]   loss: 0.0083,	steps: 7400/10160,	epoch: 11,	learning_rate: 2.8976377952755906e-06
2024-09-28 21:20:27 [INFO]   loss: 0.0708,	steps: 7450/10160,	epoch: 11,	learning_rate: 2.8451443569553812e-06
2024-09-28 21:20:50 [INFO]   loss: 0.0304,	steps: 7500/10160,	epoch: 11,	learning_rate: 2.792650918635171e-06
2024-09-28 21:21:13 [INFO]   loss: 0.0165,	steps: 7550/10160,	epoch: 11,	learning_rate: 2.740157480314961e-06
2024-09-28 21:21:36 [INFO]   loss: 0.0062,	steps: 7600/10160,	epoch: 11,	learning_rate: 2.687664041994751e-06
2024-09-28 21:46:06 [INFO]   第11轮的训练 测试结果为：{'R@5': 0.5496414661139439, 'R@10': 0.7096107492911549, 'RR@5': 0.8575827205882356, 'RR@10': 0.8601934523809526, 'nDCG@5': 0.6629894517187919, 'nDCG@10': 0.7053870286188332}
2024-09-28 21:46:20 [INFO]   loss: 0.0525,	steps: 7650/10160,	epoch: 12,	learning_rate: 2.635170603674541e-06
2024-09-28 21:46:44 [INFO]   loss: 0.0081,	steps: 7700/10160,	epoch: 12,	learning_rate: 2.5826771653543307e-06
2024-09-28 21:47:07 [INFO]   loss: 0.2127,	steps: 7750/10160,	epoch: 12,	learning_rate: 2.5301837270341213e-06
2024-09-28 21:47:30 [INFO]   loss: 0.0269,	steps: 7800/10160,	epoch: 12,	learning_rate: 2.477690288713911e-06
2024-09-28 21:47:54 [INFO]   loss: 0.0328,	steps: 7850/10160,	epoch: 12,	learning_rate: 2.425196850393701e-06
2024-09-28 21:48:17 [INFO]   loss: 0.0521,	steps: 7900/10160,	epoch: 12,	learning_rate: 2.372703412073491e-06
2024-09-28 21:48:40 [INFO]   loss: 0.1625,	steps: 7950/10160,	epoch: 12,	learning_rate: 2.320209973753281e-06
2024-09-28 21:49:04 [INFO]   loss: 0.0205,	steps: 8000/10160,	epoch: 12,	learning_rate: 2.267716535433071e-06
2024-09-28 21:49:27 [INFO]   loss: 0.0891,	steps: 8050/10160,	epoch: 12,	learning_rate: 2.215223097112861e-06
2024-09-28 21:49:51 [INFO]   loss: 0.0292,	steps: 8100/10160,	epoch: 12,	learning_rate: 2.162729658792651e-06
2024-09-28 21:50:14 [INFO]   loss: 0.1034,	steps: 8150/10160,	epoch: 12,	learning_rate: 2.110236220472441e-06
2024-09-28 21:50:37 [INFO]   loss: 0.1345,	steps: 8200/10160,	epoch: 12,	learning_rate: 2.057742782152231e-06
2024-09-28 21:51:01 [INFO]   loss: 0.0392,	steps: 8250/10160,	epoch: 12,	learning_rate: 2.0052493438320212e-06
2024-09-28 22:15:23 [INFO]   第12轮的训练 测试结果为：{'R@5': 0.5496763738965496, 'R@10': 0.7117122223688389, 'RR@5': 0.8626378676470593, 'RR@10': 0.8650819181839404, 'nDCG@5': 0.6682992559885435, 'nDCG@10': 0.7115839080855921}
2024-09-28 22:15:26 [INFO]   ------------------------------------------------
2024-09-28 22:15:26 [INFO]   第 12 轮已经训练完成  模型保存在 /mnt/workspace/clir/myself/output/2024-09-28/best_model
2024-09-28 22:15:26 [INFO]   ------------------------------------------------
2024-09-28 22:15:47 [INFO]   loss: 0.0393,	steps: 8300/10160,	epoch: 13,	learning_rate: 1.952755905511811e-06
2024-09-28 22:16:10 [INFO]   loss: 0.0393,	steps: 8350/10160,	epoch: 13,	learning_rate: 1.9002624671916011e-06
2024-09-28 22:16:33 [INFO]   loss: 0.0465,	steps: 8400/10160,	epoch: 13,	learning_rate: 1.8477690288713913e-06
2024-09-28 22:16:57 [INFO]   loss: 0.0272,	steps: 8450/10160,	epoch: 13,	learning_rate: 1.7952755905511812e-06
2024-09-28 22:17:20 [INFO]   loss: 0.0783,	steps: 8500/10160,	epoch: 13,	learning_rate: 1.7427821522309712e-06
2024-09-28 22:17:43 [INFO]   loss: 0.0252,	steps: 8550/10160,	epoch: 13,	learning_rate: 1.6902887139107613e-06
2024-09-28 22:18:07 [INFO]   loss: 0.0542,	steps: 8600/10160,	epoch: 13,	learning_rate: 1.6377952755905513e-06
2024-09-28 22:18:31 [INFO]   loss: 0.0148,	steps: 8650/10160,	epoch: 13,	learning_rate: 1.5853018372703412e-06
2024-09-28 22:18:54 [INFO]   loss: 0.0036,	steps: 8700/10160,	epoch: 13,	learning_rate: 1.5328083989501314e-06
2024-09-28 22:19:17 [INFO]   loss: 0.0238,	steps: 8750/10160,	epoch: 13,	learning_rate: 1.4803149606299213e-06
2024-09-28 22:19:41 [INFO]   loss: 0.0196,	steps: 8800/10160,	epoch: 13,	learning_rate: 1.4278215223097113e-06
2024-09-28 22:20:05 [INFO]   loss: 0.0354,	steps: 8850/10160,	epoch: 13,	learning_rate: 1.3753280839895015e-06
2024-09-28 22:44:45 [INFO]   第13轮的训练 测试结果为：{'R@5': 0.5445726014100811, 'R@10': 0.704808487142779, 'RR@5': 0.8599724264705887, 'RR@10': 0.8626455269607848, 'nDCG@5': 0.6581793237984527, 'nDCG@10': 0.7031597192794714}
2024-09-28 22:44:50 [INFO]   loss: 0.0380,	steps: 8900/10160,	epoch: 14,	learning_rate: 1.3228346456692914e-06
2024-09-28 22:45:13 [INFO]   loss: 0.0286,	steps: 8950/10160,	epoch: 14,	learning_rate: 1.2703412073490814e-06
2024-09-28 22:45:37 [INFO]   loss: 0.0091,	steps: 9000/10160,	epoch: 14,	learning_rate: 1.2178477690288715e-06
2024-09-28 22:46:00 [INFO]   loss: 0.0367,	steps: 9050/10160,	epoch: 14,	learning_rate: 1.1653543307086615e-06
2024-09-28 22:46:24 [INFO]   loss: 0.0164,	steps: 9100/10160,	epoch: 14,	learning_rate: 1.1128608923884516e-06
2024-09-28 22:46:48 [INFO]   loss: 0.0137,	steps: 9150/10160,	epoch: 14,	learning_rate: 1.0603674540682416e-06
2024-09-28 22:47:10 [INFO]   loss: 0.0493,	steps: 9200/10160,	epoch: 14,	learning_rate: 1.0078740157480315e-06
2024-09-28 22:47:34 [INFO]   loss: 0.0573,	steps: 9250/10160,	epoch: 14,	learning_rate: 9.553805774278217e-07
2024-09-28 22:47:57 [INFO]   loss: 0.0041,	steps: 9300/10160,	epoch: 14,	learning_rate: 9.028871391076116e-07
2024-09-28 22:48:21 [INFO]   loss: 0.0294,	steps: 9350/10160,	epoch: 14,	learning_rate: 8.503937007874017e-07
2024-09-28 22:48:44 [INFO]   loss: 0.0124,	steps: 9400/10160,	epoch: 14,	learning_rate: 7.979002624671916e-07
2024-09-28 22:49:08 [INFO]   loss: 0.0051,	steps: 9450/10160,	epoch: 14,	learning_rate: 7.454068241469817e-07
2024-09-28 22:49:31 [INFO]   loss: 0.0403,	steps: 9500/10160,	epoch: 14,	learning_rate: 6.929133858267717e-07
2024-09-28 23:14:02 [INFO]   第14轮的训练 测试结果为：{'R@5': 0.5496466004006312, 'R@10': 0.7105528775624277, 'RR@5': 0.8658700980392161, 'RR@10': 0.8685548698646126, 'nDCG@5': 0.6661551380966216, 'nDCG@10': 0.7093511813553779}
2024-09-28 23:14:15 [INFO]   loss: 0.0504,	steps: 9550/10160,	epoch: 15,	learning_rate: 6.404199475065617e-07
2024-09-28 23:14:39 [INFO]   loss: 0.0329,	steps: 9600/10160,	epoch: 15,	learning_rate: 5.879265091863517e-07
2024-09-28 23:15:02 [INFO]   loss: 0.0311,	steps: 9650/10160,	epoch: 15,	learning_rate: 5.354330708661418e-07
2024-09-28 23:15:25 [INFO]   loss: 0.0368,	steps: 9700/10160,	epoch: 15,	learning_rate: 4.829396325459318e-07
2024-09-28 23:15:48 [INFO]   loss: 0.0406,	steps: 9750/10160,	epoch: 15,	learning_rate: 4.304461942257218e-07
2024-09-28 23:16:12 [INFO]   loss: 0.0482,	steps: 9800/10160,	epoch: 15,	learning_rate: 3.7795275590551184e-07
2024-09-28 23:16:35 [INFO]   loss: 0.0059,	steps: 9850/10160,	epoch: 15,	learning_rate: 3.2545931758530185e-07
2024-09-28 23:16:58 [INFO]   loss: 0.0334,	steps: 9900/10160,	epoch: 15,	learning_rate: 2.729658792650919e-07
2024-09-28 23:17:21 [INFO]   loss: 0.0985,	steps: 9950/10160,	epoch: 15,	learning_rate: 2.204724409448819e-07
2024-09-28 23:17:44 [INFO]   loss: 0.0079,	steps: 10000/10160,	epoch: 15,	learning_rate: 1.6797900262467193e-07
2024-09-28 23:18:07 [INFO]   loss: 0.0306,	steps: 10050/10160,	epoch: 15,	learning_rate: 1.1548556430446196e-07
2024-09-28 23:18:30 [INFO]   loss: 0.0788,	steps: 10100/10160,	epoch: 15,	learning_rate: 6.299212598425197e-08
2024-09-28 23:18:54 [INFO]   loss: 0.0174,	steps: 10150/10160,	epoch: 15,	learning_rate: 1.0498687664041996e-08
2024-09-28 23:43:18 [INFO]   第15轮的训练 测试结果为：{'R@5': 0.5473609699159667, 'R@10': 0.7067839196344606, 'RR@5': 0.867478553921569, 'RR@10': 0.8701976102941177, 'nDCG@5': 0.6649963762425376, 'nDCG@10': 0.7079272282992969}
2024-09-28 23:43:18 [INFO]   ------------------------------------------------
2024-09-28 23:43:18 [INFO]   所有epoch的平均评测指标为: {'R@5': 0.5161580918432616, 'R@10': 0.679368571323031, 'RR@5': 0.8297535615808829, 'RR@10': 0.8338447292979695, 'nDCG@5': 0.6251006863874717, 'nDCG@10': 0.6719511897077048}
2024-09-28 23:43:18 [INFO]   ------------------------------------------------
