2024-09-29 00:35:19 [INFO]   ***** Running training *****
2024-09-29 00:35:19 [INFO]   当前时间: 2024-09-29 00:35:19
2024-09-29 00:35:19 [INFO]   Num examples = 5087
2024-09-29 00:35:19 [INFO]   Num Epochs = 16
2024-09-29 00:35:19 [INFO]   Instantaneous batch size per device = 8
2024-09-29 00:35:19 [INFO]   Total train batch size (w. parallel, distributed & accumulation) = 16
2024-09-29 00:35:19 [INFO]   Total optimization steps = 10160
2024-09-29 00:35:19 [INFO]   训练的设备: cuda, 设备编号: 0
2024-09-29 00:35:42 [INFO]   loss: 1.9339,	steps: 50/10160,	epoch: 0,	learning_rate: 7.874015748031496e-07
2024-09-29 00:36:05 [INFO]   loss: 1.0757,	steps: 100/10160,	epoch: 0,	learning_rate: 1.5748031496062992e-06
2024-09-29 00:36:28 [INFO]   loss: 0.6966,	steps: 150/10160,	epoch: 0,	learning_rate: 2.362204724409449e-06
2024-09-29 00:36:51 [INFO]   loss: 0.4054,	steps: 200/10160,	epoch: 0,	learning_rate: 3.1496062992125985e-06
2024-09-29 00:37:15 [INFO]   loss: 0.4522,	steps: 250/10160,	epoch: 0,	learning_rate: 3.937007874015748e-06
2024-09-29 00:37:38 [INFO]   loss: 0.5262,	steps: 300/10160,	epoch: 0,	learning_rate: 4.724409448818898e-06
2024-09-29 00:38:01 [INFO]   loss: 0.3243,	steps: 350/10160,	epoch: 0,	learning_rate: 5.511811023622048e-06
2024-09-29 00:38:25 [INFO]   loss: 0.2808,	steps: 400/10160,	epoch: 0,	learning_rate: 6.299212598425197e-06
2024-09-29 00:38:48 [INFO]   loss: 0.1240,	steps: 450/10160,	epoch: 0,	learning_rate: 7.086614173228347e-06
2024-09-29 00:39:12 [INFO]   loss: 0.2530,	steps: 500/10160,	epoch: 0,	learning_rate: 7.874015748031496e-06
2024-09-29 00:39:35 [INFO]   loss: 0.1698,	steps: 550/10160,	epoch: 0,	learning_rate: 8.661417322834647e-06
2024-09-29 00:39:59 [INFO]   loss: 0.2298,	steps: 600/10160,	epoch: 0,	learning_rate: 9.448818897637797e-06
2024-09-29 01:04:31 [INFO]   第0轮的训练 测试结果为：{'R@5': 0.4426144311004988, 'R@10': 0.5889801562107093, 'RR@5': 0.7618719362745106, 'RR@10': 0.7670080532212894, 'nDCG@5': 0.5471582742772793, 'nDCG@10': 0.5914927908764392}
2024-09-29 01:04:32 [INFO]   ------------------------------------------------
2024-09-29 01:04:32 [INFO]   第 0 轮已经训练完成  模型保存在 /mnt/workspace/clir/myself/output/2024-09-29/best_model
2024-09-29 01:04:32 [INFO]   ------------------------------------------------
2024-09-29 01:04:39 [INFO]   loss: 0.1507,	steps: 650/10160,	epoch: 1,	learning_rate: 9.984251968503938e-06
2024-09-29 01:05:03 [INFO]   loss: 0.0842,	steps: 700/10160,	epoch: 1,	learning_rate: 9.931758530183728e-06
2024-09-29 01:05:26 [INFO]   loss: 0.1904,	steps: 750/10160,	epoch: 1,	learning_rate: 9.879265091863518e-06
2024-09-29 01:05:50 [INFO]   loss: 0.2156,	steps: 800/10160,	epoch: 1,	learning_rate: 9.826771653543308e-06
2024-09-29 01:06:14 [INFO]   loss: 0.1377,	steps: 850/10160,	epoch: 1,	learning_rate: 9.774278215223098e-06
2024-09-29 01:06:37 [INFO]   loss: 0.2805,	steps: 900/10160,	epoch: 1,	learning_rate: 9.721784776902888e-06
2024-09-29 01:07:01 [INFO]   loss: 0.1204,	steps: 950/10160,	epoch: 1,	learning_rate: 9.669291338582679e-06
2024-09-29 01:07:25 [INFO]   loss: 0.3897,	steps: 1000/10160,	epoch: 1,	learning_rate: 9.616797900262467e-06
2024-09-29 01:07:48 [INFO]   loss: 0.2616,	steps: 1050/10160,	epoch: 1,	learning_rate: 9.564304461942257e-06
2024-09-29 01:08:12 [INFO]   loss: 0.3610,	steps: 1100/10160,	epoch: 1,	learning_rate: 9.511811023622049e-06
2024-09-29 01:08:35 [INFO]   loss: 0.0762,	steps: 1150/10160,	epoch: 1,	learning_rate: 9.459317585301838e-06
2024-09-29 01:08:58 [INFO]   loss: 0.3985,	steps: 1200/10160,	epoch: 1,	learning_rate: 9.406824146981628e-06
2024-09-29 01:09:21 [INFO]   loss: 0.1399,	steps: 1250/10160,	epoch: 1,	learning_rate: 9.354330708661418e-06
2024-09-29 01:33:50 [INFO]   第1轮的训练 测试结果为：{'R@5': 0.4636427411928337, 'R@10': 0.6377680937948963, 'RR@5': 0.7765778186274517, 'RR@10': 0.7827949929971995, 'nDCG@5': 0.5508808410319014, 'nDCG@10': 0.6081062183843515}
2024-09-29 01:33:53 [INFO]   ------------------------------------------------
2024-09-29 01:33:53 [INFO]   第 1 轮已经训练完成  模型保存在 /mnt/workspace/clir/myself/output/2024-09-29/best_model
2024-09-29 01:33:53 [INFO]   ------------------------------------------------
2024-09-29 01:34:07 [INFO]   loss: 0.0796,	steps: 1300/10160,	epoch: 2,	learning_rate: 9.301837270341208e-06
2024-09-29 01:34:31 [INFO]   loss: 0.1098,	steps: 1350/10160,	epoch: 2,	learning_rate: 9.249343832020998e-06
2024-09-29 01:34:54 [INFO]   loss: 0.1512,	steps: 1400/10160,	epoch: 2,	learning_rate: 9.196850393700788e-06
2024-09-29 01:35:18 [INFO]   loss: 0.0644,	steps: 1450/10160,	epoch: 2,	learning_rate: 9.144356955380579e-06
2024-09-29 01:35:42 [INFO]   loss: 0.2195,	steps: 1500/10160,	epoch: 2,	learning_rate: 9.091863517060369e-06
2024-09-29 01:36:05 [INFO]   loss: 0.0586,	steps: 1550/10160,	epoch: 2,	learning_rate: 9.039370078740159e-06
2024-09-29 01:36:28 [INFO]   loss: 0.1969,	steps: 1600/10160,	epoch: 2,	learning_rate: 8.986876640419947e-06
2024-09-29 01:36:52 [INFO]   loss: 0.2431,	steps: 1650/10160,	epoch: 2,	learning_rate: 8.934383202099738e-06
2024-09-29 01:37:15 [INFO]   loss: 0.3840,	steps: 1700/10160,	epoch: 2,	learning_rate: 8.88188976377953e-06
2024-09-29 01:37:39 [INFO]   loss: 0.1830,	steps: 1750/10160,	epoch: 2,	learning_rate: 8.829396325459318e-06
2024-09-29 01:38:02 [INFO]   loss: 0.3656,	steps: 1800/10160,	epoch: 2,	learning_rate: 8.776902887139108e-06
2024-09-29 01:38:26 [INFO]   loss: 0.0755,	steps: 1850/10160,	epoch: 2,	learning_rate: 8.724409448818898e-06
2024-09-29 01:38:49 [INFO]   loss: 0.2321,	steps: 1900/10160,	epoch: 2,	learning_rate: 8.671916010498688e-06
2024-09-29 02:03:11 [INFO]   第2轮的训练 测试结果为：{'R@5': 0.48852514289633636, 'R@10': 0.6621847932766851, 'RR@5': 0.783440563725491, 'RR@10': 0.7891485760971062, 'nDCG@5': 0.5823204844326985, 'nDCG@10': 0.6381194853920974}
2024-09-29 02:03:14 [INFO]   ------------------------------------------------
2024-09-29 02:03:14 [INFO]   第 2 轮已经训练完成  模型保存在 /mnt/workspace/clir/myself/output/2024-09-29/best_model
2024-09-29 02:03:14 [INFO]   ------------------------------------------------
2024-09-29 02:03:36 [INFO]   loss: 0.2707,	steps: 1950/10160,	epoch: 3,	learning_rate: 8.619422572178478e-06
2024-09-29 02:03:59 [INFO]   loss: 0.1564,	steps: 2000/10160,	epoch: 3,	learning_rate: 8.566929133858269e-06
2024-09-29 02:04:22 [INFO]   loss: 0.1079,	steps: 2050/10160,	epoch: 3,	learning_rate: 8.514435695538059e-06
2024-09-29 02:04:45 [INFO]   loss: 0.2284,	steps: 2100/10160,	epoch: 3,	learning_rate: 8.461942257217849e-06
2024-09-29 02:05:08 [INFO]   loss: 0.0481,	steps: 2150/10160,	epoch: 3,	learning_rate: 8.409448818897639e-06
2024-09-29 02:05:31 [INFO]   loss: 0.1059,	steps: 2200/10160,	epoch: 3,	learning_rate: 8.356955380577428e-06
2024-09-29 02:05:55 [INFO]   loss: 0.1762,	steps: 2250/10160,	epoch: 3,	learning_rate: 8.304461942257218e-06
2024-09-29 02:06:19 [INFO]   loss: 0.0438,	steps: 2300/10160,	epoch: 3,	learning_rate: 8.25196850393701e-06
2024-09-29 02:06:42 [INFO]   loss: 0.0832,	steps: 2350/10160,	epoch: 3,	learning_rate: 8.199475065616798e-06
2024-09-29 02:07:06 [INFO]   loss: 0.2233,	steps: 2400/10160,	epoch: 3,	learning_rate: 8.146981627296588e-06
2024-09-29 02:07:29 [INFO]   loss: 0.0955,	steps: 2450/10160,	epoch: 3,	learning_rate: 8.094488188976378e-06
2024-09-29 02:07:53 [INFO]   loss: 0.3790,	steps: 2500/10160,	epoch: 3,	learning_rate: 8.041994750656169e-06
2024-09-29 02:32:30 [INFO]   第3轮的训练 测试结果为：{'R@5': 0.5122312016066212, 'R@10': 0.6811050473767701, 'RR@5': 0.8336550245098048, 'RR@10': 0.837848316409898, 'nDCG@5': 0.6208778185056085, 'nDCG@10': 0.6697208652839008}
2024-09-29 02:32:32 [INFO]   ------------------------------------------------
2024-09-29 02:32:32 [INFO]   第 3 轮已经训练完成  模型保存在 /mnt/workspace/clir/myself/output/2024-09-29/best_model
2024-09-29 02:32:32 [INFO]   ------------------------------------------------
2024-09-29 02:32:37 [INFO]   loss: 0.1540,	steps: 2550/10160,	epoch: 4,	learning_rate: 7.989501312335959e-06
2024-09-29 02:33:01 [INFO]   loss: 0.0794,	steps: 2600/10160,	epoch: 4,	learning_rate: 7.937007874015749e-06
2024-09-29 02:33:24 [INFO]   loss: 0.1509,	steps: 2650/10160,	epoch: 4,	learning_rate: 7.884514435695539e-06
2024-09-29 02:33:47 [INFO]   loss: 0.1923,	steps: 2700/10160,	epoch: 4,	learning_rate: 7.83202099737533e-06
2024-09-29 02:34:10 [INFO]   loss: 0.0905,	steps: 2750/10160,	epoch: 4,	learning_rate: 7.77952755905512e-06
2024-09-29 02:34:34 [INFO]   loss: 0.0703,	steps: 2800/10160,	epoch: 4,	learning_rate: 7.72703412073491e-06
2024-09-29 02:34:58 [INFO]   loss: 0.1259,	steps: 2850/10160,	epoch: 4,	learning_rate: 7.674540682414698e-06
2024-09-29 02:35:22 [INFO]   loss: 0.0172,	steps: 2900/10160,	epoch: 4,	learning_rate: 7.622047244094489e-06
2024-09-29 02:35:45 [INFO]   loss: 0.0839,	steps: 2950/10160,	epoch: 4,	learning_rate: 7.569553805774279e-06
2024-09-29 02:36:09 [INFO]   loss: 0.0486,	steps: 3000/10160,	epoch: 4,	learning_rate: 7.5170603674540684e-06
2024-09-29 02:36:32 [INFO]   loss: 0.0712,	steps: 3050/10160,	epoch: 4,	learning_rate: 7.464566929133859e-06
2024-09-29 02:36:56 [INFO]   loss: 0.0881,	steps: 3100/10160,	epoch: 4,	learning_rate: 7.41207349081365e-06
2024-09-29 02:37:19 [INFO]   loss: 0.1287,	steps: 3150/10160,	epoch: 4,	learning_rate: 7.359580052493439e-06
2024-09-29 03:01:48 [INFO]   第4轮的训练 测试结果为：{'R@5': 0.5194721387496398, 'R@10': 0.6808404088927911, 'RR@5': 0.8563572303921573, 'RR@10': 0.8603885825163404, 'nDCG@5': 0.6474681611469711, 'nDCG@10': 0.6902997530793572}
2024-09-29 03:01:51 [INFO]   ------------------------------------------------
2024-09-29 03:01:51 [INFO]   第 4 轮已经训练完成  模型保存在 /mnt/workspace/clir/myself/output/2024-09-29/best_model
2024-09-29 03:01:51 [INFO]   ------------------------------------------------
2024-09-29 03:02:02 [INFO]   loss: 0.1900,	steps: 3200/10160,	epoch: 5,	learning_rate: 7.307086614173229e-06
2024-09-29 03:02:26 [INFO]   loss: 0.0318,	steps: 3250/10160,	epoch: 5,	learning_rate: 7.254593175853018e-06
2024-09-29 03:02:49 [INFO]   loss: 0.0642,	steps: 3300/10160,	epoch: 5,	learning_rate: 7.202099737532809e-06
2024-09-29 03:03:12 [INFO]   loss: 0.1246,	steps: 3350/10160,	epoch: 5,	learning_rate: 7.1496062992125995e-06
2024-09-29 03:03:36 [INFO]   loss: 0.1931,	steps: 3400/10160,	epoch: 5,	learning_rate: 7.097112860892389e-06
2024-09-29 03:03:59 [INFO]   loss: 0.1049,	steps: 3450/10160,	epoch: 5,	learning_rate: 7.044619422572179e-06
2024-09-29 03:04:23 [INFO]   loss: 0.0844,	steps: 3500/10160,	epoch: 5,	learning_rate: 6.992125984251969e-06
2024-09-29 03:04:46 [INFO]   loss: 0.0180,	steps: 3550/10160,	epoch: 5,	learning_rate: 6.939632545931759e-06
2024-09-29 03:05:09 [INFO]   loss: 0.1161,	steps: 3600/10160,	epoch: 5,	learning_rate: 6.887139107611549e-06
2024-09-29 03:05:33 [INFO]   loss: 0.0585,	steps: 3650/10160,	epoch: 5,	learning_rate: 6.834645669291339e-06
2024-09-29 03:05:56 [INFO]   loss: 0.1703,	steps: 3700/10160,	epoch: 5,	learning_rate: 6.78215223097113e-06
2024-09-29 03:06:20 [INFO]   loss: 0.1366,	steps: 3750/10160,	epoch: 5,	learning_rate: 6.729658792650919e-06
2024-09-29 03:06:44 [INFO]   loss: 0.1864,	steps: 3800/10160,	epoch: 5,	learning_rate: 6.677165354330709e-06
2024-09-29 03:31:07 [INFO]   第5轮的训练 测试结果为：{'R@5': 0.5261357113479598, 'R@10': 0.6721150748751055, 'RR@5': 0.8413449754901967, 'RR@10': 0.8429939163165273, 'nDCG@5': 0.6321133479714682, 'nDCG@10': 0.6709160026693011}
2024-09-29 03:31:26 [INFO]   loss: 0.0110,	steps: 3850/10160,	epoch: 6,	learning_rate: 6.624671916010499e-06
2024-09-29 03:31:49 [INFO]   loss: 0.0700,	steps: 3900/10160,	epoch: 6,	learning_rate: 6.57217847769029e-06
2024-09-29 03:32:13 [INFO]   loss: 0.0599,	steps: 3950/10160,	epoch: 6,	learning_rate: 6.51968503937008e-06
2024-09-29 03:32:36 [INFO]   loss: 0.0335,	steps: 4000/10160,	epoch: 6,	learning_rate: 6.467191601049869e-06
2024-09-29 03:32:59 [INFO]   loss: 0.1057,	steps: 4050/10160,	epoch: 6,	learning_rate: 6.414698162729659e-06
2024-09-29 03:33:22 [INFO]   loss: 0.1211,	steps: 4100/10160,	epoch: 6,	learning_rate: 6.362204724409449e-06
2024-09-29 03:33:46 [INFO]   loss: 0.0461,	steps: 4150/10160,	epoch: 6,	learning_rate: 6.3097112860892396e-06
2024-09-29 03:34:10 [INFO]   loss: 0.1040,	steps: 4200/10160,	epoch: 6,	learning_rate: 6.257217847769029e-06
2024-09-29 03:34:34 [INFO]   loss: 0.2261,	steps: 4250/10160,	epoch: 6,	learning_rate: 6.204724409448819e-06
2024-09-29 03:34:57 [INFO]   loss: 0.1343,	steps: 4300/10160,	epoch: 6,	learning_rate: 6.15223097112861e-06
2024-09-29 03:35:20 [INFO]   loss: 0.0478,	steps: 4350/10160,	epoch: 6,	learning_rate: 6.099737532808399e-06
2024-09-29 03:35:44 [INFO]   loss: 0.0504,	steps: 4400/10160,	epoch: 6,	learning_rate: 6.0472440944881895e-06
2024-09-29 04:00:24 [INFO]   第6轮的训练 测试结果为：{'R@5': 0.5144119383552563, 'R@10': 0.6804670551391192, 'RR@5': 0.8361519607843143, 'RR@10': 0.8410845588235298, 'nDCG@5': 0.6384743087679733, 'nDCG@10': 0.6824960262886551}
2024-09-29 04:00:26 [INFO]   loss: 0.0871,	steps: 4450/10160,	epoch: 7,	learning_rate: 5.994750656167979e-06
2024-09-29 04:00:50 [INFO]   loss: 0.0202,	steps: 4500/10160,	epoch: 7,	learning_rate: 5.94225721784777e-06
2024-09-29 04:01:13 [INFO]   loss: 0.0366,	steps: 4550/10160,	epoch: 7,	learning_rate: 5.88976377952756e-06
2024-09-29 04:01:36 [INFO]   loss: 0.0917,	steps: 4600/10160,	epoch: 7,	learning_rate: 5.837270341207349e-06
2024-09-29 04:02:00 [INFO]   loss: 0.0546,	steps: 4650/10160,	epoch: 7,	learning_rate: 5.7847769028871395e-06
2024-09-29 04:02:23 [INFO]   loss: 0.0259,	steps: 4700/10160,	epoch: 7,	learning_rate: 5.7322834645669305e-06
2024-09-29 04:02:46 [INFO]   loss: 0.1259,	steps: 4750/10160,	epoch: 7,	learning_rate: 5.67979002624672e-06
2024-09-29 04:03:09 [INFO]   loss: 0.0595,	steps: 4800/10160,	epoch: 7,	learning_rate: 5.62729658792651e-06
2024-09-29 04:03:33 [INFO]   loss: 0.0919,	steps: 4850/10160,	epoch: 7,	learning_rate: 5.574803149606299e-06
2024-09-29 04:03:57 [INFO]   loss: 0.0056,	steps: 4900/10160,	epoch: 7,	learning_rate: 5.52230971128609e-06
2024-09-29 04:04:20 [INFO]   loss: 0.1892,	steps: 4950/10160,	epoch: 7,	learning_rate: 5.46981627296588e-06
2024-09-29 04:04:43 [INFO]   loss: 0.1639,	steps: 5000/10160,	epoch: 7,	learning_rate: 5.41732283464567e-06
2024-09-29 04:05:07 [INFO]   loss: 0.1754,	steps: 5050/10160,	epoch: 7,	learning_rate: 5.364829396325459e-06
2024-09-29 04:29:40 [INFO]   第7轮的训练 测试结果为：{'R@5': 0.5140789761236606, 'R@10': 0.691880713910111, 'RR@5': 0.8446844362745102, 'RR@10': 0.8499296072595709, 'nDCG@5': 0.632040241473565, 'nDCG@10': 0.6833947910818605}
2024-09-29 04:29:50 [INFO]   loss: 0.0513,	steps: 5100/10160,	epoch: 8,	learning_rate: 5.31233595800525e-06
2024-09-29 04:30:13 [INFO]   loss: 0.0523,	steps: 5150/10160,	epoch: 8,	learning_rate: 5.25984251968504e-06
2024-09-29 04:30:36 [INFO]   loss: 0.0264,	steps: 5200/10160,	epoch: 8,	learning_rate: 5.2073490813648295e-06
2024-09-29 04:31:00 [INFO]   loss: 0.1350,	steps: 5250/10160,	epoch: 8,	learning_rate: 5.15485564304462e-06
2024-09-29 04:31:22 [INFO]   loss: 0.0116,	steps: 5300/10160,	epoch: 8,	learning_rate: 5.102362204724411e-06
2024-09-29 04:31:46 [INFO]   loss: 0.0472,	steps: 5350/10160,	epoch: 8,	learning_rate: 5.0498687664042e-06
2024-09-29 04:32:09 [INFO]   loss: 0.0776,	steps: 5400/10160,	epoch: 8,	learning_rate: 4.99737532808399e-06
2024-09-29 04:32:32 [INFO]   loss: 0.1611,	steps: 5450/10160,	epoch: 8,	learning_rate: 4.94488188976378e-06
2024-09-29 04:32:57 [INFO]   loss: 0.0946,	steps: 5500/10160,	epoch: 8,	learning_rate: 4.89238845144357e-06
2024-09-29 04:33:21 [INFO]   loss: 0.0224,	steps: 5550/10160,	epoch: 8,	learning_rate: 4.83989501312336e-06
2024-09-29 04:33:43 [INFO]   loss: 0.1142,	steps: 5600/10160,	epoch: 8,	learning_rate: 4.78740157480315e-06
2024-09-29 04:34:07 [INFO]   loss: 0.0644,	steps: 5650/10160,	epoch: 8,	learning_rate: 4.73490813648294e-06
2024-09-29 04:34:30 [INFO]   loss: 0.0668,	steps: 5700/10160,	epoch: 8,	learning_rate: 4.68241469816273e-06
2024-09-29 04:58:56 [INFO]   第8轮的训练 测试结果为：{'R@5': 0.5285823275137185, 'R@10': 0.6964384829293359, 'RR@5': 0.8492800245098044, 'RR@10': 0.8525224673202617, 'nDCG@5': 0.6386719182146597, 'nDCG@10': 0.6895733198906923}
2024-09-29 04:59:12 [INFO]   loss: 0.0472,	steps: 5750/10160,	epoch: 9,	learning_rate: 4.6299212598425204e-06
2024-09-29 04:59:35 [INFO]   loss: 0.0577,	steps: 5800/10160,	epoch: 9,	learning_rate: 4.57742782152231e-06
2024-09-29 04:59:59 [INFO]   loss: 0.0575,	steps: 5850/10160,	epoch: 9,	learning_rate: 4.5249343832021e-06
2024-09-29 05:00:23 [INFO]   loss: 0.0333,	steps: 5900/10160,	epoch: 9,	learning_rate: 4.47244094488189e-06
2024-09-29 05:00:46 [INFO]   loss: 0.0535,	steps: 5950/10160,	epoch: 9,	learning_rate: 4.41994750656168e-06
2024-09-29 05:01:09 [INFO]   loss: 0.0756,	steps: 6000/10160,	epoch: 9,	learning_rate: 4.36745406824147e-06
2024-09-29 05:01:33 [INFO]   loss: 0.0584,	steps: 6050/10160,	epoch: 9,	learning_rate: 4.3149606299212606e-06
2024-09-29 05:01:56 [INFO]   loss: 0.0366,	steps: 6100/10160,	epoch: 9,	learning_rate: 4.26246719160105e-06
2024-09-29 05:02:19 [INFO]   loss: 0.0387,	steps: 6150/10160,	epoch: 9,	learning_rate: 4.209973753280841e-06
2024-09-29 05:02:43 [INFO]   loss: 0.0193,	steps: 6200/10160,	epoch: 9,	learning_rate: 4.15748031496063e-06
2024-09-29 05:03:06 [INFO]   loss: 0.1408,	steps: 6250/10160,	epoch: 9,	learning_rate: 4.10498687664042e-06
2024-09-29 05:03:29 [INFO]   loss: 0.0120,	steps: 6300/10160,	epoch: 9,	learning_rate: 4.0524934383202105e-06
2024-09-29 05:03:53 [INFO]   loss: 0.0768,	steps: 6350/10160,	epoch: 9,	learning_rate: 4.000000000000001e-06
2024-09-29 05:28:14 [INFO]   第9轮的训练 测试结果为：{'R@5': 0.5329481430131399, 'R@10': 0.7050448945391695, 'RR@5': 0.8525582107843144, 'RR@10': 0.8563637955182076, 'nDCG@5': 0.6502898033990405, 'nDCG@10': 0.7003449910754532}
2024-09-29 05:28:17 [INFO]   ------------------------------------------------
2024-09-29 05:28:17 [INFO]   第 9 轮已经训练完成  模型保存在 /mnt/workspace/clir/myself/output/2024-09-29/best_model
2024-09-29 05:28:17 [INFO]   ------------------------------------------------
2024-09-29 05:28:40 [INFO]   loss: 0.0978,	steps: 6400/10160,	epoch: 10,	learning_rate: 3.94750656167979e-06
2024-09-29 05:29:04 [INFO]   loss: 0.0314,	steps: 6450/10160,	epoch: 10,	learning_rate: 3.895013123359581e-06
2024-09-29 05:29:27 [INFO]   loss: 0.1061,	steps: 6500/10160,	epoch: 10,	learning_rate: 3.84251968503937e-06
2024-09-29 05:29:51 [INFO]   loss: 0.0338,	steps: 6550/10160,	epoch: 10,	learning_rate: 3.7900262467191605e-06
2024-09-29 05:30:14 [INFO]   loss: 0.0940,	steps: 6600/10160,	epoch: 10,	learning_rate: 3.73753280839895e-06
2024-09-29 05:30:38 [INFO]   loss: 0.0469,	steps: 6650/10160,	epoch: 10,	learning_rate: 3.6850393700787408e-06
2024-09-29 05:31:02 [INFO]   loss: 0.0377,	steps: 6700/10160,	epoch: 10,	learning_rate: 3.6325459317585305e-06
2024-09-29 05:31:25 [INFO]   loss: 0.0653,	steps: 6750/10160,	epoch: 10,	learning_rate: 3.5800524934383207e-06
2024-09-29 05:31:48 [INFO]   loss: 0.0041,	steps: 6800/10160,	epoch: 10,	learning_rate: 3.5275590551181104e-06
2024-09-29 05:32:12 [INFO]   loss: 0.0078,	steps: 6850/10160,	epoch: 10,	learning_rate: 3.4750656167979006e-06
2024-09-29 05:32:35 [INFO]   loss: 0.0675,	steps: 6900/10160,	epoch: 10,	learning_rate: 3.4225721784776907e-06
2024-09-29 05:32:59 [INFO]   loss: 0.0502,	steps: 6950/10160,	epoch: 10,	learning_rate: 3.370078740157481e-06
2024-09-29 05:57:34 [INFO]   第10轮的训练 测试结果为：{'R@5': 0.5353420712777195, 'R@10': 0.7073749811337671, 'RR@5': 0.8678155637254905, 'RR@10': 0.8722470238095239, 'nDCG@5': 0.6586032661378116, 'nDCG@10': 0.7076384676246746}
2024-09-29 05:57:37 [INFO]   ------------------------------------------------
2024-09-29 05:57:37 [INFO]   第 10 轮已经训练完成  模型保存在 /mnt/workspace/clir/myself/output/2024-09-29/best_model
2024-09-29 05:57:37 [INFO]   ------------------------------------------------
2024-09-29 05:57:44 [INFO]   loss: 0.0037,	steps: 7000/10160,	epoch: 11,	learning_rate: 3.3175853018372706e-06
2024-09-29 05:58:08 [INFO]   loss: 0.1001,	steps: 7050/10160,	epoch: 11,	learning_rate: 3.2650918635170608e-06
2024-09-29 05:58:32 [INFO]   loss: 0.0373,	steps: 7100/10160,	epoch: 11,	learning_rate: 3.2125984251968505e-06
2024-09-29 05:58:56 [INFO]   loss: 0.0589,	steps: 7150/10160,	epoch: 11,	learning_rate: 3.160104986876641e-06
2024-09-29 05:59:19 [INFO]   loss: 0.1053,	steps: 7200/10160,	epoch: 11,	learning_rate: 3.107611548556431e-06
2024-09-29 05:59:42 [INFO]   loss: 0.0195,	steps: 7250/10160,	epoch: 11,	learning_rate: 3.055118110236221e-06
2024-09-29 06:00:06 [INFO]   loss: 0.0298,	steps: 7300/10160,	epoch: 11,	learning_rate: 3.0026246719160107e-06
2024-09-29 06:00:28 [INFO]   loss: 0.0719,	steps: 7350/10160,	epoch: 11,	learning_rate: 2.950131233595801e-06
2024-09-29 06:00:52 [INFO]   loss: 0.0134,	steps: 7400/10160,	epoch: 11,	learning_rate: 2.8976377952755906e-06
2024-09-29 06:01:15 [INFO]   loss: 0.0870,	steps: 7450/10160,	epoch: 11,	learning_rate: 2.8451443569553812e-06
2024-09-29 06:01:38 [INFO]   loss: 0.0520,	steps: 7500/10160,	epoch: 11,	learning_rate: 2.792650918635171e-06
2024-09-29 06:02:02 [INFO]   loss: 0.0258,	steps: 7550/10160,	epoch: 11,	learning_rate: 2.740157480314961e-06
2024-09-29 06:02:25 [INFO]   loss: 0.0073,	steps: 7600/10160,	epoch: 11,	learning_rate: 2.687664041994751e-06
2024-09-29 06:26:58 [INFO]   第11轮的训练 测试结果为：{'R@5': 0.5360269988421011, 'R@10': 0.7062705444707036, 'RR@5': 0.8649203431372552, 'RR@10': 0.8686734068627451, 'nDCG@5': 0.6606323631404044, 'nDCG@10': 0.7080287086192659}
2024-09-29 06:27:01 [INFO]   ------------------------------------------------
2024-09-29 06:27:01 [INFO]   第 11 轮已经训练完成  模型保存在 /mnt/workspace/clir/myself/output/2024-09-29/best_model
2024-09-29 06:27:01 [INFO]   ------------------------------------------------
2024-09-29 06:27:15 [INFO]   loss: 0.0643,	steps: 7650/10160,	epoch: 12,	learning_rate: 2.635170603674541e-06
2024-09-29 06:27:39 [INFO]   loss: 0.0083,	steps: 7700/10160,	epoch: 12,	learning_rate: 2.5826771653543307e-06
2024-09-29 06:28:03 [INFO]   loss: 0.0403,	steps: 7750/10160,	epoch: 12,	learning_rate: 2.5301837270341213e-06
2024-09-29 06:28:25 [INFO]   loss: 0.1531,	steps: 7800/10160,	epoch: 12,	learning_rate: 2.477690288713911e-06
2024-09-29 06:28:49 [INFO]   loss: 0.0513,	steps: 7850/10160,	epoch: 12,	learning_rate: 2.425196850393701e-06
2024-09-29 06:29:12 [INFO]   loss: 0.0779,	steps: 7900/10160,	epoch: 12,	learning_rate: 2.372703412073491e-06
2024-09-29 06:29:36 [INFO]   loss: 0.0628,	steps: 7950/10160,	epoch: 12,	learning_rate: 2.320209973753281e-06
2024-09-29 06:29:59 [INFO]   loss: 0.0256,	steps: 8000/10160,	epoch: 12,	learning_rate: 2.267716535433071e-06
2024-09-29 06:30:23 [INFO]   loss: 0.1303,	steps: 8050/10160,	epoch: 12,	learning_rate: 2.215223097112861e-06
2024-09-29 06:30:46 [INFO]   loss: 0.0384,	steps: 8100/10160,	epoch: 12,	learning_rate: 2.162729658792651e-06
2024-09-29 06:31:10 [INFO]   loss: 0.1667,	steps: 8150/10160,	epoch: 12,	learning_rate: 2.110236220472441e-06
2024-09-29 06:31:33 [INFO]   loss: 0.1378,	steps: 8200/10160,	epoch: 12,	learning_rate: 2.057742782152231e-06
2024-09-29 06:31:56 [INFO]   loss: 0.0678,	steps: 8250/10160,	epoch: 12,	learning_rate: 2.0052493438320212e-06
2024-09-29 06:56:20 [INFO]   第12轮的训练 测试结果为：{'R@5': 0.5356936142291191, 'R@10': 0.700526118032737, 'RR@5': 0.8563112745098043, 'RR@10': 0.8601135766806723, 'nDCG@5': 0.6519983038437127, 'nDCG@10': 0.699082131501948}
2024-09-29 06:56:41 [INFO]   loss: 0.0537,	steps: 8300/10160,	epoch: 13,	learning_rate: 1.952755905511811e-06
2024-09-29 06:57:05 [INFO]   loss: 0.0611,	steps: 8350/10160,	epoch: 13,	learning_rate: 1.9002624671916011e-06
2024-09-29 06:57:28 [INFO]   loss: 0.0792,	steps: 8400/10160,	epoch: 13,	learning_rate: 1.8477690288713913e-06
2024-09-29 06:57:52 [INFO]   loss: 0.0426,	steps: 8450/10160,	epoch: 13,	learning_rate: 1.7952755905511812e-06
2024-09-29 06:58:15 [INFO]   loss: 0.1173,	steps: 8500/10160,	epoch: 13,	learning_rate: 1.7427821522309712e-06
2024-09-29 06:58:38 [INFO]   loss: 0.0341,	steps: 8550/10160,	epoch: 13,	learning_rate: 1.6902887139107613e-06
2024-09-29 06:59:02 [INFO]   loss: 0.0880,	steps: 8600/10160,	epoch: 13,	learning_rate: 1.6377952755905513e-06
2024-09-29 06:59:26 [INFO]   loss: 0.0245,	steps: 8650/10160,	epoch: 13,	learning_rate: 1.5853018372703412e-06
2024-09-29 06:59:49 [INFO]   loss: 0.0050,	steps: 8700/10160,	epoch: 13,	learning_rate: 1.5328083989501314e-06
2024-09-29 07:00:12 [INFO]   loss: 0.0411,	steps: 8750/10160,	epoch: 13,	learning_rate: 1.4803149606299213e-06
2024-09-29 07:00:36 [INFO]   loss: 0.0306,	steps: 8800/10160,	epoch: 13,	learning_rate: 1.4278215223097113e-06
2024-09-29 07:01:00 [INFO]   loss: 0.0502,	steps: 8850/10160,	epoch: 13,	learning_rate: 1.3753280839895015e-06
2024-09-29 07:25:42 [INFO]   第13轮的训练 测试结果为：{'R@5': 0.5435083974834187, 'R@10': 0.7059957560106586, 'RR@5': 0.8660845588235299, 'RR@10': 0.8694984243697481, 'nDCG@5': 0.662140018012687, 'nDCG@10': 0.7061993587057909}
2024-09-29 07:25:46 [INFO]   loss: 0.0572,	steps: 8900/10160,	epoch: 14,	learning_rate: 1.3228346456692914e-06
2024-09-29 07:26:10 [INFO]   loss: 0.0425,	steps: 8950/10160,	epoch: 14,	learning_rate: 1.2703412073490814e-06
2024-09-29 07:26:34 [INFO]   loss: 0.0148,	steps: 9000/10160,	epoch: 14,	learning_rate: 1.2178477690288715e-06
2024-09-29 07:26:57 [INFO]   loss: 0.0559,	steps: 9050/10160,	epoch: 14,	learning_rate: 1.1653543307086615e-06
2024-09-29 07:27:21 [INFO]   loss: 0.0301,	steps: 9100/10160,	epoch: 14,	learning_rate: 1.1128608923884516e-06
2024-09-29 07:27:44 [INFO]   loss: 0.0226,	steps: 9150/10160,	epoch: 14,	learning_rate: 1.0603674540682416e-06
2024-09-29 07:28:07 [INFO]   loss: 0.0620,	steps: 9200/10160,	epoch: 14,	learning_rate: 1.0078740157480315e-06
2024-09-29 07:28:31 [INFO]   loss: 0.0883,	steps: 9250/10160,	epoch: 14,	learning_rate: 9.553805774278217e-07
2024-09-29 07:28:54 [INFO]   loss: 0.0036,	steps: 9300/10160,	epoch: 14,	learning_rate: 9.028871391076116e-07
2024-09-29 07:29:17 [INFO]   loss: 0.0436,	steps: 9350/10160,	epoch: 14,	learning_rate: 8.503937007874017e-07
2024-09-29 07:29:41 [INFO]   loss: 0.0188,	steps: 9400/10160,	epoch: 14,	learning_rate: 7.979002624671916e-07
2024-09-29 07:30:05 [INFO]   loss: 0.0049,	steps: 9450/10160,	epoch: 14,	learning_rate: 7.454068241469817e-07
2024-09-29 07:30:28 [INFO]   loss: 0.0526,	steps: 9500/10160,	epoch: 14,	learning_rate: 6.929133858267717e-07
2024-09-29 07:55:04 [INFO]   第14轮的训练 测试结果为：{'R@5': 0.5415863648969251, 'R@10': 0.7121783967906423, 'RR@5': 0.8730085784313728, 'RR@10': 0.8768495419000935, 'nDCG@5': 0.6658709102802495, 'nDCG@10': 0.7132907769043912}
2024-09-29 07:55:07 [INFO]   ------------------------------------------------
2024-09-29 07:55:07 [INFO]   第 14 轮已经训练完成  模型保存在 /mnt/workspace/clir/myself/output/2024-09-29/best_model
2024-09-29 07:55:07 [INFO]   ------------------------------------------------
2024-09-29 07:55:19 [INFO]   loss: 0.0867,	steps: 9550/10160,	epoch: 15,	learning_rate: 6.404199475065617e-07
2024-09-29 07:55:43 [INFO]   loss: 0.0418,	steps: 9600/10160,	epoch: 15,	learning_rate: 5.879265091863517e-07
2024-09-29 07:56:07 [INFO]   loss: 0.0449,	steps: 9650/10160,	epoch: 15,	learning_rate: 5.354330708661418e-07
2024-09-29 07:56:30 [INFO]   loss: 0.0614,	steps: 9700/10160,	epoch: 15,	learning_rate: 4.829396325459318e-07
2024-09-29 07:56:53 [INFO]   loss: 0.0722,	steps: 9750/10160,	epoch: 15,	learning_rate: 4.304461942257218e-07
2024-09-29 07:57:16 [INFO]   loss: 0.0784,	steps: 9800/10160,	epoch: 15,	learning_rate: 3.7795275590551184e-07
2024-09-29 07:57:39 [INFO]   loss: 0.0072,	steps: 9850/10160,	epoch: 15,	learning_rate: 3.2545931758530185e-07
2024-09-29 07:58:03 [INFO]   loss: 0.0487,	steps: 9900/10160,	epoch: 15,	learning_rate: 2.729658792650919e-07
2024-09-29 07:58:25 [INFO]   loss: 0.1501,	steps: 9950/10160,	epoch: 15,	learning_rate: 2.204724409448819e-07
2024-09-29 07:58:48 [INFO]   loss: 0.0127,	steps: 10000/10160,	epoch: 15,	learning_rate: 1.6797900262467193e-07
2024-09-29 07:59:12 [INFO]   loss: 0.0321,	steps: 10050/10160,	epoch: 15,	learning_rate: 1.1548556430446196e-07
2024-09-29 07:59:35 [INFO]   loss: 0.1326,	steps: 10100/10160,	epoch: 15,	learning_rate: 6.299212598425197e-08
2024-09-29 07:59:59 [INFO]   loss: 0.0286,	steps: 10150/10160,	epoch: 15,	learning_rate: 1.0498687664041996e-08
2024-09-29 08:24:24 [INFO]   第15轮的训练 测试结果为：{'R@5': 0.5428252730651879, 'R@10': 0.7092813049590558, 'RR@5': 0.8722120098039219, 'RR@10': 0.8758906687675071, 'nDCG@5': 0.6662834325941009, 'nDCG@10': 0.7124190569198727}
2024-09-29 08:24:24 [INFO]   ------------------------------------------------
2024-09-29 08:24:24 [INFO]   所有epoch的平均评测指标为: {'R@5': 0.5173515919808835, 'R@10': 0.6836532388963912, 'RR@5': 0.8397671568627456, 'RR@10': 0.8439597193043888, 'nDCG@5': 0.6316139683268832, 'nDCG@10': 0.6794451715186282}
2024-09-29 08:24:24 [INFO]   ------------------------------------------------
