2024-11-23 15:34:07 [INFO]   batch_size: 16, epoch: 16
2024-11-23 15:34:07 [INFO]   知识对比学习损失的权重: 0.6
2024-11-23 15:34:07 [INFO]   学习率:
2024-11-23 15:34:07 [INFO]       mbert 编码器: 1e-5
2024-11-23 15:34:07 [INFO]       query_knowledge_fusion: 1e-3
2024-11-23 15:34:07 [INFO]       GCN: 1e-3
2024-11-23 15:34:07 [INFO]       classifier: 1e-3
2024-11-23 15:34:07 [INFO]   v_kg: mean pooling
2024-11-23 15:34:07 [INFO]   相邻实体数量 3
2024-11-23 15:34:07 [INFO]   模块消融 只有实体信息聚合
2024-11-23 15:34:07 [INFO]   ***** Running training *****
2024-11-23 15:34:07 [INFO]   当前时间: 2024-11-23 15:34:07
2024-11-23 15:34:07 [INFO]   Num examples = 5087
2024-11-23 15:34:07 [INFO]   Num Epochs = 16
2024-11-23 15:34:07 [INFO]   Instantaneous batch size per device = 8
2024-11-23 15:34:07 [INFO]   Total train batch size (w. parallel, distributed & accumulation) = 16
2024-11-23 15:34:07 [INFO]   Total optimization steps = 10160
2024-11-23 15:34:07 [INFO]   训练的设备: cuda, 设备编号: 0
2024-11-23 15:37:16 [INFO]   batch_size: 16, epoch: 16
2024-11-23 15:37:16 [INFO]   知识对比学习损失的权重: 0.6
2024-11-23 15:37:16 [INFO]   学习率:
2024-11-23 15:37:16 [INFO]       mbert 编码器: 1e-5
2024-11-23 15:37:16 [INFO]       query_knowledge_fusion: 1e-3
2024-11-23 15:37:16 [INFO]       GCN: 1e-3
2024-11-23 15:37:16 [INFO]       classifier: 1e-3
2024-11-23 15:37:16 [INFO]   v_kg: mean pooling
2024-11-23 15:37:16 [INFO]   相邻实体数量 3
2024-11-23 15:37:16 [INFO]   模块消融 只有实体信息聚合
2024-11-23 15:37:16 [INFO]   ***** Running training *****
2024-11-23 15:37:16 [INFO]   当前时间: 2024-11-23 15:37:16
2024-11-23 15:37:16 [INFO]   Num examples = 5087
2024-11-23 15:37:16 [INFO]   Num Epochs = 16
2024-11-23 15:37:16 [INFO]   Instantaneous batch size per device = 8
2024-11-23 15:37:16 [INFO]   Total train batch size (w. parallel, distributed & accumulation) = 16
2024-11-23 15:37:16 [INFO]   Total optimization steps = 10160
2024-11-23 15:37:16 [INFO]   训练的设备: cuda, 设备编号: 0
2024-11-23 15:37:39 [INFO]   loss: 0.4737,	steps: 50/10160,	epoch: 0,	learning_rate: 7.874015748031496e-07
2024-11-23 15:38:02 [INFO]   loss: 0.2200,	steps: 100/10160,	epoch: 0,	learning_rate: 1.5748031496062992e-06
2024-11-23 15:38:25 [INFO]   loss: 0.1382,	steps: 150/10160,	epoch: 0,	learning_rate: 2.362204724409449e-06
2024-11-23 15:38:48 [INFO]   loss: 0.0095,	steps: 200/10160,	epoch: 0,	learning_rate: 3.1496062992125985e-06
2024-11-23 15:39:11 [INFO]   loss: 0.1648,	steps: 250/10160,	epoch: 0,	learning_rate: 3.937007874015748e-06
2024-11-23 15:39:34 [INFO]   loss: 0.0002,	steps: 300/10160,	epoch: 0,	learning_rate: 4.724409448818898e-06
2024-11-23 15:39:56 [INFO]   loss: 0.0021,	steps: 350/10160,	epoch: 0,	learning_rate: 5.511811023622048e-06
2024-11-23 15:40:19 [INFO]   loss: 0.0000,	steps: 400/10160,	epoch: 0,	learning_rate: 6.299212598425197e-06
2024-11-23 15:40:42 [INFO]   loss: 0.0000,	steps: 450/10160,	epoch: 0,	learning_rate: 7.086614173228347e-06
2024-11-23 15:41:04 [INFO]   loss: 0.0000,	steps: 500/10160,	epoch: 0,	learning_rate: 7.874015748031496e-06
2024-11-23 15:41:27 [INFO]   loss: 0.0000,	steps: 550/10160,	epoch: 0,	learning_rate: 8.661417322834647e-06
2024-11-23 15:41:50 [INFO]   loss: 0.1311,	steps: 600/10160,	epoch: 0,	learning_rate: 9.448818897637797e-06
2024-11-23 16:05:46 [INFO]   第0轮的训练 测试结果为：{'R@5': 0.44819475935290337, 'R@10': 0.6017410791341076, 'RR@5': 0.745955882352942, 'RR@10': 0.7535218253968258, 'nDCG@5': 0.5339270678214435, 'nDCG@10': 0.5784743505791214}
2024-11-23 16:05:46 [INFO]   ------------------------------------------------
2024-11-23 16:05:46 [INFO]   第 0 轮已经训练完成  模型保存在 /mnt/workspace/clir/myself/output/2024-11-23/best_model
2024-11-23 16:05:46 [INFO]   ------------------------------------------------
2024-11-23 16:05:53 [INFO]   loss: 0.0858,	steps: 650/10160,	epoch: 1,	learning_rate: 9.984251968503938e-06
2024-11-23 16:06:16 [INFO]   loss: 0.0007,	steps: 700/10160,	epoch: 1,	learning_rate: 9.931758530183728e-06
2024-11-23 16:06:39 [INFO]   loss: 0.0358,	steps: 750/10160,	epoch: 1,	learning_rate: 9.879265091863518e-06
2024-11-23 16:07:01 [INFO]   loss: 0.1243,	steps: 800/10160,	epoch: 1,	learning_rate: 9.826771653543308e-06
2024-11-23 16:07:24 [INFO]   loss: 0.2494,	steps: 850/10160,	epoch: 1,	learning_rate: 9.774278215223098e-06
2024-11-23 16:07:46 [INFO]   loss: 0.1225,	steps: 900/10160,	epoch: 1,	learning_rate: 9.721784776902888e-06
2024-11-23 16:08:09 [INFO]   loss: 0.0000,	steps: 950/10160,	epoch: 1,	learning_rate: 9.669291338582679e-06
2024-11-23 16:08:32 [INFO]   loss: 0.0000,	steps: 1000/10160,	epoch: 1,	learning_rate: 9.616797900262467e-06
2024-11-23 16:08:55 [INFO]   loss: 0.1248,	steps: 1050/10160,	epoch: 1,	learning_rate: 9.564304461942257e-06
2024-11-23 16:09:18 [INFO]   loss: 0.0000,	steps: 1100/10160,	epoch: 1,	learning_rate: 9.511811023622049e-06
2024-11-23 16:09:40 [INFO]   loss: 0.1250,	steps: 1150/10160,	epoch: 1,	learning_rate: 9.459317585301838e-06
2024-11-23 16:10:03 [INFO]   loss: 0.1264,	steps: 1200/10160,	epoch: 1,	learning_rate: 9.406824146981628e-06
2024-11-23 16:10:25 [INFO]   loss: 0.1247,	steps: 1250/10160,	epoch: 1,	learning_rate: 9.354330708661418e-06
2024-11-23 16:34:10 [INFO]   第1轮的训练 测试结果为：{'R@5': 0.3484021644264518, 'R@10': 0.5274538518722433, 'RR@5': 0.5953431372549026, 'RR@10': 0.6077424719887963, 'nDCG@5': 0.4007592194264255, 'nDCG@10': 0.4647504273702406}
2024-11-23 16:34:23 [INFO]   loss: 0.0004,	steps: 1300/10160,	epoch: 2,	learning_rate: 9.301837270341208e-06
2024-11-23 16:34:46 [INFO]   loss: 0.0038,	steps: 1350/10160,	epoch: 2,	learning_rate: 9.249343832020998e-06
2024-11-23 16:35:08 [INFO]   loss: 0.1200,	steps: 1400/10160,	epoch: 2,	learning_rate: 9.196850393700788e-06
2024-11-23 16:35:30 [INFO]   loss: 0.0000,	steps: 1450/10160,	epoch: 2,	learning_rate: 9.144356955380579e-06
2024-11-23 16:35:53 [INFO]   loss: 0.0000,	steps: 1500/10160,	epoch: 2,	learning_rate: 9.091863517060369e-06
2024-11-23 16:36:15 [INFO]   loss: 0.1250,	steps: 1550/10160,	epoch: 2,	learning_rate: 9.039370078740159e-06
2024-11-23 16:36:37 [INFO]   loss: 0.1250,	steps: 1600/10160,	epoch: 2,	learning_rate: 8.986876640419947e-06
2024-11-23 16:36:59 [INFO]   loss: 0.1234,	steps: 1650/10160,	epoch: 2,	learning_rate: 8.934383202099738e-06
2024-11-23 16:37:22 [INFO]   loss: 0.0000,	steps: 1700/10160,	epoch: 2,	learning_rate: 8.88188976377953e-06
2024-11-23 16:37:45 [INFO]   loss: 0.2500,	steps: 1750/10160,	epoch: 2,	learning_rate: 8.829396325459318e-06
2024-11-23 16:38:07 [INFO]   loss: 0.1612,	steps: 1800/10160,	epoch: 2,	learning_rate: 8.776902887139108e-06
2024-11-23 16:38:29 [INFO]   loss: 0.1250,	steps: 1850/10160,	epoch: 2,	learning_rate: 8.724409448818898e-06
2024-11-23 16:38:51 [INFO]   loss: 0.1250,	steps: 1900/10160,	epoch: 2,	learning_rate: 8.671916010498688e-06
2024-11-23 17:02:30 [INFO]   第2轮的训练 测试结果为：{'R@5': 0.4550962551886807, 'R@10': 0.6012563982129904, 'RR@5': 0.7686427696078444, 'RR@10': 0.7740225256769383, 'nDCG@5': 0.54970488204022, 'nDCG@10': 0.5932332825443628}
2024-11-23 17:02:33 [INFO]   ------------------------------------------------
2024-11-23 17:02:33 [INFO]   第 2 轮已经训练完成  模型保存在 /mnt/workspace/clir/myself/output/2024-11-23/best_model
2024-11-23 17:02:33 [INFO]   ------------------------------------------------
2024-11-23 17:02:53 [INFO]   loss: 0.0000,	steps: 1950/10160,	epoch: 3,	learning_rate: 8.619422572178478e-06
2024-11-23 17:03:16 [INFO]   loss: 0.0321,	steps: 2000/10160,	epoch: 3,	learning_rate: 8.566929133858269e-06
2024-11-23 17:03:38 [INFO]   loss: 0.0000,	steps: 2050/10160,	epoch: 3,	learning_rate: 8.514435695538059e-06
2024-11-23 17:04:01 [INFO]   loss: 0.1767,	steps: 2100/10160,	epoch: 3,	learning_rate: 8.461942257217849e-06
2024-11-23 17:04:24 [INFO]   loss: 0.0000,	steps: 2150/10160,	epoch: 3,	learning_rate: 8.409448818897639e-06
2024-11-23 17:04:46 [INFO]   loss: 0.0000,	steps: 2200/10160,	epoch: 3,	learning_rate: 8.356955380577428e-06
2024-11-23 17:05:09 [INFO]   loss: 0.1250,	steps: 2250/10160,	epoch: 3,	learning_rate: 8.304461942257218e-06
2024-11-23 17:05:31 [INFO]   loss: 0.1250,	steps: 2300/10160,	epoch: 3,	learning_rate: 8.25196850393701e-06
2024-11-23 17:05:53 [INFO]   loss: 0.0000,	steps: 2350/10160,	epoch: 3,	learning_rate: 8.199475065616798e-06
2024-11-23 17:06:15 [INFO]   loss: 0.0000,	steps: 2400/10160,	epoch: 3,	learning_rate: 8.146981627296588e-06
2024-11-23 17:06:37 [INFO]   loss: 0.0000,	steps: 2450/10160,	epoch: 3,	learning_rate: 8.094488188976378e-06
2024-11-23 17:07:00 [INFO]   loss: 0.0000,	steps: 2500/10160,	epoch: 3,	learning_rate: 8.041994750656169e-06
2024-11-23 17:30:55 [INFO]   第3轮的训练 测试结果为：{'R@5': 0.4630703930730828, 'R@10': 0.6192886263940728, 'RR@5': 0.7940410539215694, 'RR@10': 0.8014031133286652, 'nDCG@5': 0.5706359917994482, 'nDCG@10': 0.6135974147494779}
2024-11-23 17:30:58 [INFO]   ------------------------------------------------
2024-11-23 17:30:58 [INFO]   第 3 轮已经训练完成  模型保存在 /mnt/workspace/clir/myself/output/2024-11-23/best_model
2024-11-23 17:30:58 [INFO]   ------------------------------------------------
2024-11-23 17:31:03 [INFO]   loss: 0.0000,	steps: 2550/10160,	epoch: 4,	learning_rate: 7.989501312335959e-06
2024-11-23 17:31:25 [INFO]   loss: 0.0000,	steps: 2600/10160,	epoch: 4,	learning_rate: 7.937007874015749e-06
2024-11-23 17:31:47 [INFO]   loss: 0.0000,	steps: 2650/10160,	epoch: 4,	learning_rate: 7.884514435695539e-06
2024-11-23 17:32:09 [INFO]   loss: 0.2496,	steps: 2700/10160,	epoch: 4,	learning_rate: 7.83202099737533e-06
2024-11-23 17:32:32 [INFO]   loss: 0.1250,	steps: 2750/10160,	epoch: 4,	learning_rate: 7.77952755905512e-06
2024-11-23 17:32:54 [INFO]   loss: 0.0000,	steps: 2800/10160,	epoch: 4,	learning_rate: 7.72703412073491e-06
2024-11-23 17:33:17 [INFO]   loss: 0.1076,	steps: 2850/10160,	epoch: 4,	learning_rate: 7.674540682414698e-06
2024-11-23 17:33:39 [INFO]   loss: 0.2500,	steps: 2900/10160,	epoch: 4,	learning_rate: 7.622047244094489e-06
2024-11-23 17:34:02 [INFO]   loss: 0.0000,	steps: 2950/10160,	epoch: 4,	learning_rate: 7.569553805774279e-06
2024-11-23 17:34:24 [INFO]   loss: 0.1250,	steps: 3000/10160,	epoch: 4,	learning_rate: 7.5170603674540684e-06
2024-11-23 17:34:46 [INFO]   loss: 0.2500,	steps: 3050/10160,	epoch: 4,	learning_rate: 7.464566929133859e-06
2024-11-23 17:35:08 [INFO]   loss: 0.0000,	steps: 3100/10160,	epoch: 4,	learning_rate: 7.41207349081365e-06
2024-11-23 17:35:30 [INFO]   loss: 0.0000,	steps: 3150/10160,	epoch: 4,	learning_rate: 7.359580052493439e-06
2024-11-23 17:59:17 [INFO]   第4轮的训练 测试结果为：{'R@5': 0.4436111242780707, 'R@10': 0.600992461748302, 'RR@5': 0.761182598039216, 'RR@10': 0.7683134191176472, 'nDCG@5': 0.5369621126988653, 'nDCG@10': 0.5851210796844685}
2024-11-23 17:59:29 [INFO]   loss: 0.0000,	steps: 3200/10160,	epoch: 5,	learning_rate: 7.307086614173229e-06
2024-11-23 17:59:51 [INFO]   loss: 0.1250,	steps: 3250/10160,	epoch: 5,	learning_rate: 7.254593175853018e-06
2024-11-23 18:00:14 [INFO]   loss: 0.0000,	steps: 3300/10160,	epoch: 5,	learning_rate: 7.202099737532809e-06
2024-11-23 18:00:36 [INFO]   loss: 0.0000,	steps: 3350/10160,	epoch: 5,	learning_rate: 7.1496062992125995e-06
2024-11-23 18:00:59 [INFO]   loss: 0.1250,	steps: 3400/10160,	epoch: 5,	learning_rate: 7.097112860892389e-06
2024-11-23 18:01:21 [INFO]   loss: 0.1250,	steps: 3450/10160,	epoch: 5,	learning_rate: 7.044619422572179e-06
2024-11-23 18:01:43 [INFO]   loss: 0.0000,	steps: 3500/10160,	epoch: 5,	learning_rate: 6.992125984251969e-06
2024-11-23 18:02:05 [INFO]   loss: 0.0009,	steps: 3550/10160,	epoch: 5,	learning_rate: 6.939632545931759e-06
2024-11-23 18:02:27 [INFO]   loss: 0.0118,	steps: 3600/10160,	epoch: 5,	learning_rate: 6.887139107611549e-06
2024-11-23 18:02:49 [INFO]   loss: 0.0001,	steps: 3650/10160,	epoch: 5,	learning_rate: 6.834645669291339e-06
2024-11-23 18:03:11 [INFO]   loss: 0.0000,	steps: 3700/10160,	epoch: 5,	learning_rate: 6.78215223097113e-06
2024-11-23 18:03:33 [INFO]   loss: 0.0000,	steps: 3750/10160,	epoch: 5,	learning_rate: 6.729658792650919e-06
2024-11-23 18:03:55 [INFO]   loss: 0.0000,	steps: 3800/10160,	epoch: 5,	learning_rate: 6.677165354330709e-06
2024-11-23 18:27:35 [INFO]   第5轮的训练 测试结果为：{'R@5': 0.37444961934611165, 'R@10': 0.5356569849120202, 'RR@5': 0.612791053921569, 'RR@10': 0.6265581232493, 'nDCG@5': 0.41177648948866213, 'nDCG@10': 0.46867588722695463}
2024-11-23 18:27:53 [INFO]   loss: 0.0000,	steps: 3850/10160,	epoch: 6,	learning_rate: 6.624671916010499e-06
2024-11-23 18:28:16 [INFO]   loss: 0.0000,	steps: 3900/10160,	epoch: 6,	learning_rate: 6.57217847769029e-06
2024-11-23 18:28:37 [INFO]   loss: 0.0000,	steps: 3950/10160,	epoch: 6,	learning_rate: 6.51968503937008e-06
2024-11-23 18:28:59 [INFO]   loss: 0.0000,	steps: 4000/10160,	epoch: 6,	learning_rate: 6.467191601049869e-06
2024-11-23 18:29:21 [INFO]   loss: 0.1250,	steps: 4050/10160,	epoch: 6,	learning_rate: 6.414698162729659e-06
2024-11-23 18:29:43 [INFO]   loss: 0.1250,	steps: 4100/10160,	epoch: 6,	learning_rate: 6.362204724409449e-06
2024-11-23 18:30:06 [INFO]   loss: 0.4536,	steps: 4150/10160,	epoch: 6,	learning_rate: 6.3097112860892396e-06
2024-11-23 18:30:28 [INFO]   loss: 0.1250,	steps: 4200/10160,	epoch: 6,	learning_rate: 6.257217847769029e-06
2024-11-23 18:30:50 [INFO]   loss: 0.1250,	steps: 4250/10160,	epoch: 6,	learning_rate: 6.204724409448819e-06
2024-11-23 18:31:13 [INFO]   loss: 0.1250,	steps: 4300/10160,	epoch: 6,	learning_rate: 6.15223097112861e-06
2024-11-23 18:31:36 [INFO]   loss: 0.1250,	steps: 4350/10160,	epoch: 6,	learning_rate: 6.099737532808399e-06
2024-11-23 18:31:58 [INFO]   loss: 0.1250,	steps: 4400/10160,	epoch: 6,	learning_rate: 6.0472440944881895e-06
2024-11-23 18:55:52 [INFO]   第6轮的训练 测试结果为：{'R@5': 0.4370273612748421, 'R@10': 0.5646974342893867, 'RR@5': 0.7392156862745103, 'RR@10': 0.7451429009103641, 'nDCG@5': 0.522638443303728, 'nDCG@10': 0.558342586255314}
2024-11-23 18:55:55 [INFO]   loss: 0.0000,	steps: 4450/10160,	epoch: 7,	learning_rate: 5.994750656167979e-06
2024-11-23 18:56:17 [INFO]   loss: 0.0000,	steps: 4500/10160,	epoch: 7,	learning_rate: 5.94225721784777e-06
2024-11-23 18:56:39 [INFO]   loss: 0.2499,	steps: 4550/10160,	epoch: 7,	learning_rate: 5.88976377952756e-06
2024-11-23 18:57:01 [INFO]   loss: 0.1250,	steps: 4600/10160,	epoch: 7,	learning_rate: 5.837270341207349e-06
2024-11-23 18:57:24 [INFO]   loss: 0.1250,	steps: 4650/10160,	epoch: 7,	learning_rate: 5.7847769028871395e-06
2024-11-23 18:57:46 [INFO]   loss: 0.0000,	steps: 4700/10160,	epoch: 7,	learning_rate: 5.7322834645669305e-06
2024-11-23 18:58:08 [INFO]   loss: 0.0000,	steps: 4750/10160,	epoch: 7,	learning_rate: 5.67979002624672e-06
2024-11-23 18:58:31 [INFO]   loss: 0.2500,	steps: 4800/10160,	epoch: 7,	learning_rate: 5.62729658792651e-06
2024-11-23 18:58:53 [INFO]   loss: 0.0000,	steps: 4850/10160,	epoch: 7,	learning_rate: 5.574803149606299e-06
2024-11-23 18:59:15 [INFO]   loss: 0.0000,	steps: 4900/10160,	epoch: 7,	learning_rate: 5.52230971128609e-06
2024-11-23 18:59:37 [INFO]   loss: 0.0000,	steps: 4950/10160,	epoch: 7,	learning_rate: 5.46981627296588e-06
2024-11-23 18:59:59 [INFO]   loss: 0.0000,	steps: 5000/10160,	epoch: 7,	learning_rate: 5.41732283464567e-06
2024-11-23 19:00:21 [INFO]   loss: 0.0000,	steps: 5050/10160,	epoch: 7,	learning_rate: 5.364829396325459e-06
2024-11-23 19:24:09 [INFO]   第7轮的训练 测试结果为：{'R@5': 0.4506484159251608, 'R@10': 0.6155475183913852, 'RR@5': 0.7703584558823536, 'RR@10': 0.7771934815592909, 'nDCG@5': 0.5418815382196644, 'nDCG@10': 0.5929338736896963}
2024-11-23 19:24:18 [INFO]   loss: 0.0000,	steps: 5100/10160,	epoch: 8,	learning_rate: 5.31233595800525e-06
2024-11-23 19:24:40 [INFO]   loss: 0.1250,	steps: 5150/10160,	epoch: 8,	learning_rate: 5.25984251968504e-06
2024-11-23 19:25:02 [INFO]   loss: 0.0000,	steps: 5200/10160,	epoch: 8,	learning_rate: 5.2073490813648295e-06
2024-11-23 19:25:24 [INFO]   loss: 0.1773,	steps: 5250/10160,	epoch: 8,	learning_rate: 5.15485564304462e-06
2024-11-23 19:25:47 [INFO]   loss: 0.2500,	steps: 5300/10160,	epoch: 8,	learning_rate: 5.102362204724411e-06
2024-11-23 19:26:08 [INFO]   loss: 0.1250,	steps: 5350/10160,	epoch: 8,	learning_rate: 5.0498687664042e-06
2024-11-23 19:26:30 [INFO]   loss: 0.0000,	steps: 5400/10160,	epoch: 8,	learning_rate: 4.99737532808399e-06
2024-11-23 19:26:53 [INFO]   loss: 0.0000,	steps: 5450/10160,	epoch: 8,	learning_rate: 4.94488188976378e-06
2024-11-23 19:27:15 [INFO]   loss: 0.0000,	steps: 5500/10160,	epoch: 8,	learning_rate: 4.89238845144357e-06
2024-11-23 19:27:37 [INFO]   loss: 0.2215,	steps: 5550/10160,	epoch: 8,	learning_rate: 4.83989501312336e-06
2024-11-23 19:28:00 [INFO]   loss: 0.1250,	steps: 5600/10160,	epoch: 8,	learning_rate: 4.78740157480315e-06
2024-11-23 19:28:22 [INFO]   loss: 0.2500,	steps: 5650/10160,	epoch: 8,	learning_rate: 4.73490813648294e-06
2024-11-23 19:28:44 [INFO]   loss: 0.1250,	steps: 5700/10160,	epoch: 8,	learning_rate: 4.68241469816273e-06
2024-11-23 19:52:27 [INFO]   第8轮的训练 测试结果为：{'R@5': 0.42953338046433553, 'R@10': 0.5937018126535647, 'RR@5': 0.7432444852941185, 'RR@10': 0.7515406162464991, 'nDCG@5': 0.5131092668242339, 'nDCG@10': 0.5683087069581072}
2024-11-23 19:52:42 [INFO]   loss: 0.0000,	steps: 5750/10160,	epoch: 9,	learning_rate: 4.6299212598425204e-06
2024-11-23 19:53:04 [INFO]   loss: 0.0000,	steps: 5800/10160,	epoch: 9,	learning_rate: 4.57742782152231e-06
2024-11-23 19:53:27 [INFO]   loss: 0.0000,	steps: 5850/10160,	epoch: 9,	learning_rate: 4.5249343832021e-06
2024-11-23 19:53:48 [INFO]   loss: 0.2500,	steps: 5900/10160,	epoch: 9,	learning_rate: 4.47244094488189e-06
2024-11-23 19:54:10 [INFO]   loss: 0.0185,	steps: 5950/10160,	epoch: 9,	learning_rate: 4.41994750656168e-06
2024-11-23 19:54:33 [INFO]   loss: 0.1250,	steps: 6000/10160,	epoch: 9,	learning_rate: 4.36745406824147e-06
2024-11-23 19:54:54 [INFO]   loss: 0.1250,	steps: 6050/10160,	epoch: 9,	learning_rate: 4.3149606299212606e-06
2024-11-23 19:55:17 [INFO]   loss: 0.0000,	steps: 6100/10160,	epoch: 9,	learning_rate: 4.26246719160105e-06
2024-11-23 19:55:39 [INFO]   loss: 0.0000,	steps: 6150/10160,	epoch: 9,	learning_rate: 4.209973753280841e-06
2024-11-23 19:56:01 [INFO]   loss: 0.0000,	steps: 6200/10160,	epoch: 9,	learning_rate: 4.15748031496063e-06
2024-11-23 19:56:24 [INFO]   loss: 0.0000,	steps: 6250/10160,	epoch: 9,	learning_rate: 4.10498687664042e-06
2024-11-23 19:56:46 [INFO]   loss: 0.1250,	steps: 6300/10160,	epoch: 9,	learning_rate: 4.0524934383202105e-06
2024-11-23 19:57:08 [INFO]   loss: 0.0000,	steps: 6350/10160,	epoch: 9,	learning_rate: 4.000000000000001e-06
2024-11-23 20:20:43 [INFO]   第9轮的训练 测试结果为：{'R@5': 0.45137489318529006, 'R@10': 0.6183455123801622, 'RR@5': 0.76780024509804, 'RR@10': 0.773472878734828, 'nDCG@5': 0.5458616955487151, 'nDCG@10': 0.5970895231832999}
2024-11-23 20:21:05 [INFO]   loss: 0.2500,	steps: 6400/10160,	epoch: 10,	learning_rate: 3.94750656167979e-06
2024-11-23 20:21:27 [INFO]   loss: 0.0000,	steps: 6450/10160,	epoch: 10,	learning_rate: 3.895013123359581e-06
2024-11-23 20:21:49 [INFO]   loss: 0.0000,	steps: 6500/10160,	epoch: 10,	learning_rate: 3.84251968503937e-06
2024-11-23 20:22:11 [INFO]   loss: 0.0000,	steps: 6550/10160,	epoch: 10,	learning_rate: 3.7900262467191605e-06
2024-11-23 20:22:33 [INFO]   loss: 0.0000,	steps: 6600/10160,	epoch: 10,	learning_rate: 3.73753280839895e-06
2024-11-23 20:22:55 [INFO]   loss: 0.2500,	steps: 6650/10160,	epoch: 10,	learning_rate: 3.6850393700787408e-06
2024-11-23 20:23:17 [INFO]   loss: 0.1250,	steps: 6700/10160,	epoch: 10,	learning_rate: 3.6325459317585305e-06
2024-11-23 20:23:39 [INFO]   loss: 0.0000,	steps: 6750/10160,	epoch: 10,	learning_rate: 3.5800524934383207e-06
2024-11-23 20:24:02 [INFO]   loss: 0.0000,	steps: 6800/10160,	epoch: 10,	learning_rate: 3.5275590551181104e-06
2024-11-23 20:24:24 [INFO]   loss: 0.2500,	steps: 6850/10160,	epoch: 10,	learning_rate: 3.4750656167979006e-06
2024-11-23 20:24:46 [INFO]   loss: 0.1250,	steps: 6900/10160,	epoch: 10,	learning_rate: 3.4225721784776907e-06
2024-11-23 20:25:08 [INFO]   loss: 0.0000,	steps: 6950/10160,	epoch: 10,	learning_rate: 3.370078740157481e-06
2024-11-23 20:48:59 [INFO]   第10轮的训练 测试结果为：{'R@5': 0.458572418931701, 'R@10': 0.6117928269964629, 'RR@5': 0.7710477941176478, 'RR@10': 0.7753917191876758, 'nDCG@5': 0.5518156041899637, 'nDCG@10': 0.5942476918128508}
2024-11-23 20:49:05 [INFO]   loss: 0.0000,	steps: 7000/10160,	epoch: 11,	learning_rate: 3.3175853018372706e-06
2024-11-23 20:49:27 [INFO]   loss: 0.1250,	steps: 7050/10160,	epoch: 11,	learning_rate: 3.2650918635170608e-06
2024-11-23 20:49:48 [INFO]   loss: 0.1250,	steps: 7100/10160,	epoch: 11,	learning_rate: 3.2125984251968505e-06
2024-11-23 20:50:10 [INFO]   loss: 0.0000,	steps: 7150/10160,	epoch: 11,	learning_rate: 3.160104986876641e-06
2024-11-23 20:50:33 [INFO]   loss: 0.0000,	steps: 7200/10160,	epoch: 11,	learning_rate: 3.107611548556431e-06
2024-11-23 20:50:54 [INFO]   loss: 0.0000,	steps: 7250/10160,	epoch: 11,	learning_rate: 3.055118110236221e-06
2024-11-23 20:51:17 [INFO]   loss: 0.1257,	steps: 7300/10160,	epoch: 11,	learning_rate: 3.0026246719160107e-06
2024-11-23 20:51:39 [INFO]   loss: 0.0505,	steps: 7350/10160,	epoch: 11,	learning_rate: 2.950131233595801e-06
2024-11-23 20:52:01 [INFO]   loss: 0.0000,	steps: 7400/10160,	epoch: 11,	learning_rate: 2.8976377952755906e-06
2024-11-23 20:52:24 [INFO]   loss: 0.0000,	steps: 7450/10160,	epoch: 11,	learning_rate: 2.8451443569553812e-06
2024-11-23 20:52:46 [INFO]   loss: 0.3750,	steps: 7500/10160,	epoch: 11,	learning_rate: 2.792650918635171e-06
2024-11-23 20:53:08 [INFO]   loss: 0.0000,	steps: 7550/10160,	epoch: 11,	learning_rate: 2.740157480314961e-06
2024-11-23 20:53:31 [INFO]   loss: 0.0000,	steps: 7600/10160,	epoch: 11,	learning_rate: 2.687664041994751e-06
2024-11-23 21:17:15 [INFO]   第11轮的训练 测试结果为：{'R@5': 0.4783077184800261, 'R@10': 0.6410729978595401, 'RR@5': 0.7970281862745103, 'RR@10': 0.8013593458216623, 'nDCG@5': 0.5829523885109184, 'nDCG@10': 0.6285787151692707}
2024-11-23 21:17:18 [INFO]   ------------------------------------------------
2024-11-23 21:17:18 [INFO]   第 11 轮已经训练完成  模型保存在 /mnt/workspace/clir/myself/output/2024-11-23/best_model
2024-11-23 21:17:18 [INFO]   ------------------------------------------------
2024-11-23 21:17:32 [INFO]   loss: 0.0000,	steps: 7650/10160,	epoch: 12,	learning_rate: 2.635170603674541e-06
2024-11-23 21:17:53 [INFO]   loss: 0.0000,	steps: 7700/10160,	epoch: 12,	learning_rate: 2.5826771653543307e-06
2024-11-23 21:18:15 [INFO]   loss: 0.0000,	steps: 7750/10160,	epoch: 12,	learning_rate: 2.5301837270341213e-06
2024-11-23 21:18:37 [INFO]   loss: 0.3750,	steps: 7800/10160,	epoch: 12,	learning_rate: 2.477690288713911e-06
2024-11-23 21:18:59 [INFO]   loss: 0.0000,	steps: 7850/10160,	epoch: 12,	learning_rate: 2.425196850393701e-06
2024-11-23 21:19:22 [INFO]   loss: 0.0000,	steps: 7900/10160,	epoch: 12,	learning_rate: 2.372703412073491e-06
2024-11-23 21:19:43 [INFO]   loss: 0.1250,	steps: 7950/10160,	epoch: 12,	learning_rate: 2.320209973753281e-06
2024-11-23 21:20:06 [INFO]   loss: 0.1250,	steps: 8000/10160,	epoch: 12,	learning_rate: 2.267716535433071e-06
2024-11-23 21:20:27 [INFO]   loss: 0.2378,	steps: 8050/10160,	epoch: 12,	learning_rate: 2.215223097112861e-06
2024-11-23 21:20:50 [INFO]   loss: 0.0000,	steps: 8100/10160,	epoch: 12,	learning_rate: 2.162729658792651e-06
2024-11-23 21:21:13 [INFO]   loss: 0.0000,	steps: 8150/10160,	epoch: 12,	learning_rate: 2.110236220472441e-06
2024-11-23 21:21:35 [INFO]   loss: 0.0000,	steps: 8200/10160,	epoch: 12,	learning_rate: 2.057742782152231e-06
2024-11-23 21:21:57 [INFO]   loss: 0.2500,	steps: 8250/10160,	epoch: 12,	learning_rate: 2.0052493438320212e-06
2024-11-23 21:45:34 [INFO]   第12轮的训练 测试结果为：{'R@5': 0.4755796535920203, 'R@10': 0.6420468068915642, 'RR@5': 0.7823223039215689, 'RR@10': 0.7872975752801122, 'nDCG@5': 0.5658753278169164, 'nDCG@10': 0.6167366753038372}
2024-11-23 21:45:54 [INFO]   loss: 0.2500,	steps: 8300/10160,	epoch: 13,	learning_rate: 1.952755905511811e-06
2024-11-23 21:46:16 [INFO]   loss: 0.0000,	steps: 8350/10160,	epoch: 13,	learning_rate: 1.9002624671916011e-06
2024-11-23 21:46:38 [INFO]   loss: 0.0000,	steps: 8400/10160,	epoch: 13,	learning_rate: 1.8477690288713913e-06
2024-11-23 21:47:00 [INFO]   loss: 0.1261,	steps: 8450/10160,	epoch: 13,	learning_rate: 1.7952755905511812e-06
2024-11-23 21:47:22 [INFO]   loss: 0.1250,	steps: 8500/10160,	epoch: 13,	learning_rate: 1.7427821522309712e-06
2024-11-23 21:47:43 [INFO]   loss: 0.0000,	steps: 8550/10160,	epoch: 13,	learning_rate: 1.6902887139107613e-06
2024-11-23 21:48:06 [INFO]   loss: 0.0000,	steps: 8600/10160,	epoch: 13,	learning_rate: 1.6377952755905513e-06
2024-11-23 21:48:28 [INFO]   loss: 0.2500,	steps: 8650/10160,	epoch: 13,	learning_rate: 1.5853018372703412e-06
2024-11-23 21:48:50 [INFO]   loss: 0.0000,	steps: 8700/10160,	epoch: 13,	learning_rate: 1.5328083989501314e-06
2024-11-23 21:49:13 [INFO]   loss: 0.0000,	steps: 8750/10160,	epoch: 13,	learning_rate: 1.4803149606299213e-06
2024-11-23 21:49:35 [INFO]   loss: 0.0000,	steps: 8800/10160,	epoch: 13,	learning_rate: 1.4278215223097113e-06
2024-11-23 21:49:57 [INFO]   loss: 0.0000,	steps: 8850/10160,	epoch: 13,	learning_rate: 1.3753280839895015e-06
2024-11-23 22:13:50 [INFO]   第13轮的训练 测试结果为：{'R@5': 0.47785095093419594, 'R@10': 0.6419595162805484, 'RR@5': 0.7898590686274515, 'RR@10': 0.7946373862044822, 'nDCG@5': 0.5724469893146692, 'nDCG@10': 0.6233549922962638}
2024-11-23 22:13:54 [INFO]   loss: 0.1250,	steps: 8900/10160,	epoch: 14,	learning_rate: 1.3228346456692914e-06
2024-11-23 22:14:17 [INFO]   loss: 0.1250,	steps: 8950/10160,	epoch: 14,	learning_rate: 1.2703412073490814e-06
2024-11-23 22:14:38 [INFO]   loss: 0.0000,	steps: 9000/10160,	epoch: 14,	learning_rate: 1.2178477690288715e-06
2024-11-23 22:15:01 [INFO]   loss: 0.1250,	steps: 9050/10160,	epoch: 14,	learning_rate: 1.1653543307086615e-06
2024-11-23 22:15:23 [INFO]   loss: 0.2500,	steps: 9100/10160,	epoch: 14,	learning_rate: 1.1128608923884516e-06
2024-11-23 22:15:45 [INFO]   loss: 0.0000,	steps: 9150/10160,	epoch: 14,	learning_rate: 1.0603674540682416e-06
2024-11-23 22:16:07 [INFO]   loss: 0.0000,	steps: 9200/10160,	epoch: 14,	learning_rate: 1.0078740157480315e-06
2024-11-23 22:16:29 [INFO]   loss: 0.0000,	steps: 9250/10160,	epoch: 14,	learning_rate: 9.553805774278217e-07
2024-11-23 22:16:51 [INFO]   loss: 0.0000,	steps: 9300/10160,	epoch: 14,	learning_rate: 9.028871391076116e-07
2024-11-23 22:17:13 [INFO]   loss: 0.0000,	steps: 9350/10160,	epoch: 14,	learning_rate: 8.503937007874017e-07
2024-11-23 22:17:35 [INFO]   loss: 0.0000,	steps: 9400/10160,	epoch: 14,	learning_rate: 7.979002624671916e-07
2024-11-23 22:17:58 [INFO]   loss: 0.0000,	steps: 9450/10160,	epoch: 14,	learning_rate: 7.454068241469817e-07
2024-11-23 22:18:20 [INFO]   loss: 0.1250,	steps: 9500/10160,	epoch: 14,	learning_rate: 6.929133858267717e-07
2024-11-23 22:42:05 [INFO]   第14轮的训练 测试结果为：{'R@5': 0.4813993560981042, 'R@10': 0.6430397120169528, 'RR@5': 0.7926470588235301, 'RR@10': 0.797101132119515, 'nDCG@5': 0.576651458287606, 'nDCG@10': 0.6258164998105112}
2024-11-23 22:42:16 [INFO]   loss: 0.0000,	steps: 9550/10160,	epoch: 15,	learning_rate: 6.404199475065617e-07
2024-11-23 22:42:39 [INFO]   loss: 0.1250,	steps: 9600/10160,	epoch: 15,	learning_rate: 5.879265091863517e-07
2024-11-23 22:43:01 [INFO]   loss: 0.0000,	steps: 9650/10160,	epoch: 15,	learning_rate: 5.354330708661418e-07
2024-11-23 22:43:22 [INFO]   loss: 0.0000,	steps: 9700/10160,	epoch: 15,	learning_rate: 4.829396325459318e-07
2024-11-23 22:43:44 [INFO]   loss: 0.1250,	steps: 9750/10160,	epoch: 15,	learning_rate: 4.304461942257218e-07
2024-11-23 22:44:07 [INFO]   loss: 0.1250,	steps: 9800/10160,	epoch: 15,	learning_rate: 3.7795275590551184e-07
2024-11-23 22:44:29 [INFO]   loss: 0.0000,	steps: 9850/10160,	epoch: 15,	learning_rate: 3.2545931758530185e-07
2024-11-23 22:44:51 [INFO]   loss: 0.1250,	steps: 9900/10160,	epoch: 15,	learning_rate: 2.729658792650919e-07
2024-11-23 22:45:13 [INFO]   loss: 0.0000,	steps: 9950/10160,	epoch: 15,	learning_rate: 2.204724409448819e-07
2024-11-23 22:45:35 [INFO]   loss: 0.0000,	steps: 10000/10160,	epoch: 15,	learning_rate: 1.6797900262467193e-07
2024-11-23 22:45:57 [INFO]   loss: 0.0000,	steps: 10050/10160,	epoch: 15,	learning_rate: 1.1548556430446196e-07
2024-11-23 22:46:19 [INFO]   loss: 0.1250,	steps: 10100/10160,	epoch: 15,	learning_rate: 6.299212598425197e-08
2024-11-23 22:46:42 [INFO]   loss: 0.0000,	steps: 10150/10160,	epoch: 15,	learning_rate: 1.0498687664041996e-08
2024-11-23 23:10:21 [INFO]   第15轮的训练 测试结果为：{'R@5': 0.4839006022118157, 'R@10': 0.6468524403828207, 'RR@5': 0.7908241421568635, 'RR@10': 0.7955802112511677, 'nDCG@5': 0.5772092126835311, 'nDCG@10': 0.6271172338549201}
2024-11-23 23:10:21 [INFO]   ------------------------------------------------
2024-11-23 23:10:21 [INFO]   最佳评测指标为: {'R@5': 0.4783077184800261, 'R@10': 0.6410729978595401, 'RR@5': 0.7970281862745103, 'RR@10': 0.8013593458216623, 'nDCG@5': 0.5829523885109184, 'nDCG@10': 0.6285787151692707}
2024-11-23 23:10:21 [INFO]   ------------------------------------------------
2024-11-23 23:10:21 [INFO]   ------------------------------------------------
2024-11-23 23:10:21 [INFO]   所有epoch的平均评测指标为: {'R@5': 0.44731369167267454, 'R@10': 0.6065903737760077, 'RR@5': 0.7513939950980398, 'RR@10': 0.7581424203796107, 'nDCG@5': 0.5346379804984381, 'nDCG@10': 0.5835236837805435}
2024-11-23 23:10:21 [INFO]   ------------------------------------------------
