2024-09-26 21:58:48 [INFO]   ***** Running training *****
2024-09-26 21:58:48 [INFO]   当前时间: 2024-09-26 21:58:48
2024-09-26 21:58:48 [INFO]   Num examples = 5087
2024-09-26 21:58:48 [INFO]   Num Epochs = 16
2024-09-26 21:58:48 [INFO]   Instantaneous batch size per device = 8
2024-09-26 21:58:48 [INFO]   Total train batch size (w. parallel, distributed & accumulation) = 16
2024-09-26 21:58:48 [INFO]   Total optimization steps = 10160
2024-09-26 21:58:48 [INFO]   训练的设备: cuda, 设备编号: 0
2024-09-26 22:00:10 [INFO]   ***** Running training *****
2024-09-26 22:00:10 [INFO]   当前时间: 2024-09-26 22:00:10
2024-09-26 22:00:10 [INFO]   Num examples = 5087
2024-09-26 22:00:10 [INFO]   Num Epochs = 16
2024-09-26 22:00:10 [INFO]   Instantaneous batch size per device = 8
2024-09-26 22:00:10 [INFO]   Total train batch size (w. parallel, distributed & accumulation) = 16
2024-09-26 22:00:10 [INFO]   Total optimization steps = 10160
2024-09-26 22:00:10 [INFO]   训练的设备: cuda, 设备编号: 0
2024-09-26 22:00:34 [INFO]   loss: 0.3482,	steps: 50/10160,	epoch: 0,	learning_rate: 7.874015748031496e-07
2024-09-26 22:00:57 [INFO]   loss: 0.2386,	steps: 100/10160,	epoch: 0,	learning_rate: 1.5748031496062992e-06
2024-09-26 22:01:20 [INFO]   loss: 0.1138,	steps: 150/10160,	epoch: 0,	learning_rate: 2.362204724409449e-06
2024-09-26 22:01:44 [INFO]   loss: 0.1802,	steps: 200/10160,	epoch: 0,	learning_rate: 3.1496062992125985e-06
2024-09-26 22:02:07 [INFO]   loss: 0.2991,	steps: 250/10160,	epoch: 0,	learning_rate: 3.937007874015748e-06
2024-09-26 22:02:30 [INFO]   loss: 0.1821,	steps: 300/10160,	epoch: 0,	learning_rate: 4.724409448818898e-06
2024-09-26 22:02:53 [INFO]   loss: 0.3124,	steps: 350/10160,	epoch: 0,	learning_rate: 5.511811023622048e-06
2024-09-26 22:03:16 [INFO]   loss: 0.1205,	steps: 400/10160,	epoch: 0,	learning_rate: 6.299212598425197e-06
2024-09-26 22:03:40 [INFO]   loss: 0.1113,	steps: 450/10160,	epoch: 0,	learning_rate: 7.086614173228347e-06
2024-09-26 22:04:03 [INFO]   loss: 0.1031,	steps: 500/10160,	epoch: 0,	learning_rate: 7.874015748031496e-06
2024-09-26 22:04:26 [INFO]   loss: 0.0978,	steps: 550/10160,	epoch: 0,	learning_rate: 8.661417322834647e-06
2024-09-26 22:04:50 [INFO]   loss: 0.2241,	steps: 600/10160,	epoch: 0,	learning_rate: 9.448818897637797e-06
2024-09-26 23:05:08 [INFO]   第0轮的训练 测试结果为：{'R@5': 0.4524281429236036, 'R@10': 0.60727047457428, 'RR@5': 0.7740349264705887, 'RR@10': 0.7809768178104577, 'nDCG@5': 0.5584311053747701, 'nDCG@10': 0.6015120276820307}
2024-09-26 23:05:08 [INFO]   ------------------------------------------------
2024-09-26 23:05:08 [INFO]   第 0 轮已经训练完成  模型保存在 /mnt/workspace/clir/myself/output/2024-09-26/best_model
2024-09-26 23:05:08 [INFO]   ------------------------------------------------
2024-09-26 23:05:15 [INFO]   loss: 0.0983,	steps: 650/10160,	epoch: 1,	learning_rate: 9.984251968503938e-06
2024-09-26 23:05:39 [INFO]   loss: 0.1051,	steps: 700/10160,	epoch: 1,	learning_rate: 9.931758530183728e-06
2024-09-26 23:06:02 [INFO]   loss: 0.0879,	steps: 750/10160,	epoch: 1,	learning_rate: 9.879265091863518e-06
2024-09-26 23:06:26 [INFO]   loss: 0.2073,	steps: 800/10160,	epoch: 1,	learning_rate: 9.826771653543308e-06
2024-09-26 23:06:49 [INFO]   loss: 0.1028,	steps: 850/10160,	epoch: 1,	learning_rate: 9.774278215223098e-06
2024-09-26 23:07:12 [INFO]   loss: 0.2284,	steps: 900/10160,	epoch: 1,	learning_rate: 9.721784776902888e-06
2024-09-26 23:07:36 [INFO]   loss: 0.2591,	steps: 950/10160,	epoch: 1,	learning_rate: 9.669291338582679e-06
2024-09-26 23:07:59 [INFO]   loss: 0.2240,	steps: 1000/10160,	epoch: 1,	learning_rate: 9.616797900262467e-06
2024-09-26 23:08:23 [INFO]   loss: 0.2976,	steps: 1050/10160,	epoch: 1,	learning_rate: 9.564304461942257e-06
2024-09-26 23:08:46 [INFO]   loss: 0.0830,	steps: 1100/10160,	epoch: 1,	learning_rate: 9.511811023622049e-06
2024-09-26 23:09:09 [INFO]   loss: 0.0770,	steps: 1150/10160,	epoch: 1,	learning_rate: 9.459317585301838e-06
2024-09-26 23:09:32 [INFO]   loss: 0.0766,	steps: 1200/10160,	epoch: 1,	learning_rate: 9.406824146981628e-06
2024-09-26 23:09:55 [INFO]   loss: 0.1788,	steps: 1250/10160,	epoch: 1,	learning_rate: 9.354330708661418e-06
2024-09-26 23:34:20 [INFO]   第1轮的训练 测试结果为：{'R@5': 0.48628012431494994, 'R@10': 0.6555016539029739, 'RR@5': 0.8122855392156869, 'RR@10': 0.8177327701914103, 'nDCG@5': 0.5948092917997263, 'nDCG@10': 0.6442873972824118}
2024-09-26 23:34:23 [INFO]   ------------------------------------------------
2024-09-26 23:34:23 [INFO]   第 1 轮已经训练完成  模型保存在 /mnt/workspace/clir/myself/output/2024-09-26/best_model
2024-09-26 23:34:23 [INFO]   ------------------------------------------------
2024-09-26 23:34:37 [INFO]   loss: 0.1398,	steps: 1300/10160,	epoch: 2,	learning_rate: 9.301837270341208e-06
2024-09-26 23:35:00 [INFO]   loss: 0.0495,	steps: 1350/10160,	epoch: 2,	learning_rate: 9.249343832020998e-06
2024-09-26 23:35:23 [INFO]   loss: 0.1667,	steps: 1400/10160,	epoch: 2,	learning_rate: 9.196850393700788e-06
2024-09-26 23:35:46 [INFO]   loss: 0.0983,	steps: 1450/10160,	epoch: 2,	learning_rate: 9.144356955380579e-06
2024-09-26 23:36:10 [INFO]   loss: 0.0362,	steps: 1500/10160,	epoch: 2,	learning_rate: 9.091863517060369e-06
2024-09-26 23:36:33 [INFO]   loss: 0.0350,	steps: 1550/10160,	epoch: 2,	learning_rate: 9.039370078740159e-06
2024-09-26 23:36:56 [INFO]   loss: 0.0990,	steps: 1600/10160,	epoch: 2,	learning_rate: 8.986876640419947e-06
2024-09-26 23:37:20 [INFO]   loss: 0.0474,	steps: 1650/10160,	epoch: 2,	learning_rate: 8.934383202099738e-06
2024-09-26 23:37:43 [INFO]   loss: 0.0270,	steps: 1700/10160,	epoch: 2,	learning_rate: 8.88188976377953e-06
2024-09-26 23:38:06 [INFO]   loss: 0.0272,	steps: 1750/10160,	epoch: 2,	learning_rate: 8.829396325459318e-06
2024-09-26 23:38:30 [INFO]   loss: 0.1516,	steps: 1800/10160,	epoch: 2,	learning_rate: 8.776902887139108e-06
2024-09-26 23:38:53 [INFO]   loss: 0.1601,	steps: 1850/10160,	epoch: 2,	learning_rate: 8.724409448818898e-06
2024-09-26 23:39:16 [INFO]   loss: 0.0308,	steps: 1900/10160,	epoch: 2,	learning_rate: 8.671916010498688e-06
2024-09-27 00:03:31 [INFO]   第2轮的训练 测试结果为：{'R@5': 0.5002647327973734, 'R@10': 0.653443574364986, 'RR@5': 0.8150582107843145, 'RR@10': 0.8191347893324001, 'nDCG@5': 0.6032146763597722, 'nDCG@10': 0.647122772003744}
2024-09-27 00:03:34 [INFO]   ------------------------------------------------
2024-09-27 00:03:34 [INFO]   第 2 轮已经训练完成  模型保存在 /mnt/workspace/clir/myself/output/2024-09-26/best_model
2024-09-27 00:03:34 [INFO]   ------------------------------------------------
2024-09-27 00:03:55 [INFO]   loss: 0.0267,	steps: 1950/10160,	epoch: 3,	learning_rate: 8.619422572178478e-06
2024-09-27 00:04:18 [INFO]   loss: 0.1638,	steps: 2000/10160,	epoch: 3,	learning_rate: 8.566929133858269e-06
2024-09-27 00:04:41 [INFO]   loss: 0.0232,	steps: 2050/10160,	epoch: 3,	learning_rate: 8.514435695538059e-06
2024-09-27 00:05:04 [INFO]   loss: 0.0600,	steps: 2100/10160,	epoch: 3,	learning_rate: 8.461942257217849e-06
2024-09-27 00:05:27 [INFO]   loss: 0.3406,	steps: 2150/10160,	epoch: 3,	learning_rate: 8.409448818897639e-06
2024-09-27 00:05:50 [INFO]   loss: 0.0190,	steps: 2200/10160,	epoch: 3,	learning_rate: 8.356955380577428e-06
2024-09-27 00:06:14 [INFO]   loss: 0.0786,	steps: 2250/10160,	epoch: 3,	learning_rate: 8.304461942257218e-06
2024-09-27 00:06:37 [INFO]   loss: 0.0193,	steps: 2300/10160,	epoch: 3,	learning_rate: 8.25196850393701e-06
2024-09-27 00:07:00 [INFO]   loss: 0.0189,	steps: 2350/10160,	epoch: 3,	learning_rate: 8.199475065616798e-06
2024-09-27 00:07:23 [INFO]   loss: 0.0225,	steps: 2400/10160,	epoch: 3,	learning_rate: 8.146981627296588e-06
2024-09-27 00:07:46 [INFO]   loss: 0.0204,	steps: 2450/10160,	epoch: 3,	learning_rate: 8.094488188976378e-06
2024-09-27 00:08:10 [INFO]   loss: 0.0306,	steps: 2500/10160,	epoch: 3,	learning_rate: 8.041994750656169e-06
2024-09-27 00:32:45 [INFO]   第3轮的训练 测试结果为：{'R@5': 0.5019343528159, 'R@10': 0.6670135277952971, 'RR@5': 0.8166053921568635, 'RR@10': 0.8201655141223163, 'nDCG@5': 0.6124088579671938, 'nDCG@10': 0.659362225105998}
2024-09-27 00:32:48 [INFO]   ------------------------------------------------
2024-09-27 00:32:48 [INFO]   第 3 轮已经训练完成  模型保存在 /mnt/workspace/clir/myself/output/2024-09-26/best_model
2024-09-27 00:32:48 [INFO]   ------------------------------------------------
2024-09-27 00:32:52 [INFO]   loss: 0.1077,	steps: 2550/10160,	epoch: 4,	learning_rate: 7.989501312335959e-06
2024-09-27 00:33:16 [INFO]   loss: 0.0163,	steps: 2600/10160,	epoch: 4,	learning_rate: 7.937007874015749e-06
2024-09-27 00:33:38 [INFO]   loss: 0.1381,	steps: 2650/10160,	epoch: 4,	learning_rate: 7.884514435695539e-06
2024-09-27 00:34:01 [INFO]   loss: 0.0155,	steps: 2700/10160,	epoch: 4,	learning_rate: 7.83202099737533e-06
2024-09-27 00:34:24 [INFO]   loss: 0.0158,	steps: 2750/10160,	epoch: 4,	learning_rate: 7.77952755905512e-06
2024-09-27 00:34:48 [INFO]   loss: 0.0156,	steps: 2800/10160,	epoch: 4,	learning_rate: 7.72703412073491e-06
2024-09-27 00:35:12 [INFO]   loss: 0.0141,	steps: 2850/10160,	epoch: 4,	learning_rate: 7.674540682414698e-06
2024-09-27 00:35:35 [INFO]   loss: 0.0143,	steps: 2900/10160,	epoch: 4,	learning_rate: 7.622047244094489e-06
2024-09-27 00:35:58 [INFO]   loss: 0.0137,	steps: 2950/10160,	epoch: 4,	learning_rate: 7.569553805774279e-06
2024-09-27 00:36:22 [INFO]   loss: 0.1384,	steps: 3000/10160,	epoch: 4,	learning_rate: 7.5170603674540684e-06
2024-09-27 00:36:45 [INFO]   loss: 0.1280,	steps: 3050/10160,	epoch: 4,	learning_rate: 7.464566929133859e-06
2024-09-27 00:37:08 [INFO]   loss: 0.1377,	steps: 3100/10160,	epoch: 4,	learning_rate: 7.41207349081365e-06
2024-09-27 00:37:31 [INFO]   loss: 0.0133,	steps: 3150/10160,	epoch: 4,	learning_rate: 7.359580052493439e-06
2024-09-27 01:01:57 [INFO]   第4轮的训练 测试结果为：{'R@5': 0.5227462421692268, 'R@10': 0.6939064643315155, 'RR@5': 0.8391390931372552, 'RR@10': 0.8436628297152194, 'nDCG@5': 0.6378757373058016, 'nDCG@10': 0.6861572735739664}
2024-09-27 01:02:00 [INFO]   ------------------------------------------------
2024-09-27 01:02:00 [INFO]   第 4 轮已经训练完成  模型保存在 /mnt/workspace/clir/myself/output/2024-09-26/best_model
2024-09-27 01:02:00 [INFO]   ------------------------------------------------
2024-09-27 01:02:11 [INFO]   loss: 0.0794,	steps: 3200/10160,	epoch: 5,	learning_rate: 7.307086614173229e-06
2024-09-27 01:02:34 [INFO]   loss: 0.0121,	steps: 3250/10160,	epoch: 5,	learning_rate: 7.254593175853018e-06
2024-09-27 01:02:57 [INFO]   loss: 0.0154,	steps: 3300/10160,	epoch: 5,	learning_rate: 7.202099737532809e-06
2024-09-27 01:03:20 [INFO]   loss: 0.0115,	steps: 3350/10160,	epoch: 5,	learning_rate: 7.1496062992125995e-06
2024-09-27 01:03:44 [INFO]   loss: 0.0120,	steps: 3400/10160,	epoch: 5,	learning_rate: 7.097112860892389e-06
2024-09-27 01:04:06 [INFO]   loss: 0.0104,	steps: 3450/10160,	epoch: 5,	learning_rate: 7.044619422572179e-06
2024-09-27 01:04:30 [INFO]   loss: 0.0399,	steps: 3500/10160,	epoch: 5,	learning_rate: 6.992125984251969e-06
2024-09-27 01:04:53 [INFO]   loss: 0.0106,	steps: 3550/10160,	epoch: 5,	learning_rate: 6.939632545931759e-06
2024-09-27 01:05:16 [INFO]   loss: 0.0108,	steps: 3600/10160,	epoch: 5,	learning_rate: 6.887139107611549e-06
2024-09-27 01:05:39 [INFO]   loss: 0.0192,	steps: 3650/10160,	epoch: 5,	learning_rate: 6.834645669291339e-06
2024-09-27 01:06:03 [INFO]   loss: 0.0102,	steps: 3700/10160,	epoch: 5,	learning_rate: 6.78215223097113e-06
2024-09-27 01:06:26 [INFO]   loss: 0.0100,	steps: 3750/10160,	epoch: 5,	learning_rate: 6.729658792650919e-06
2024-09-27 01:06:49 [INFO]   loss: 0.0126,	steps: 3800/10160,	epoch: 5,	learning_rate: 6.677165354330709e-06
2024-09-27 01:31:09 [INFO]   第5轮的训练 测试结果为：{'R@5': 0.46732422658665834, 'R@10': 0.6498801250455805, 'RR@5': 0.7711243872549026, 'RR@10': 0.7772069765406168, 'nDCG@5': 0.5611988562277563, 'nDCG@10': 0.6196754275895122}
2024-09-27 01:31:28 [INFO]   loss: 0.0132,	steps: 3850/10160,	epoch: 6,	learning_rate: 6.624671916010499e-06
2024-09-27 01:31:51 [INFO]   loss: 0.0098,	steps: 3900/10160,	epoch: 6,	learning_rate: 6.57217847769029e-06
2024-09-27 01:32:15 [INFO]   loss: 0.0091,	steps: 3950/10160,	epoch: 6,	learning_rate: 6.51968503937008e-06
2024-09-27 01:32:37 [INFO]   loss: 0.0092,	steps: 4000/10160,	epoch: 6,	learning_rate: 6.467191601049869e-06
2024-09-27 01:33:01 [INFO]   loss: 0.0383,	steps: 4050/10160,	epoch: 6,	learning_rate: 6.414698162729659e-06
2024-09-27 01:33:24 [INFO]   loss: 0.0243,	steps: 4100/10160,	epoch: 6,	learning_rate: 6.362204724409449e-06
2024-09-27 01:33:47 [INFO]   loss: 0.0095,	steps: 4150/10160,	epoch: 6,	learning_rate: 6.3097112860892396e-06
2024-09-27 01:34:11 [INFO]   loss: 0.0088,	steps: 4200/10160,	epoch: 6,	learning_rate: 6.257217847769029e-06
2024-09-27 01:34:34 [INFO]   loss: 0.0084,	steps: 4250/10160,	epoch: 6,	learning_rate: 6.204724409448819e-06
2024-09-27 01:34:57 [INFO]   loss: 0.0089,	steps: 4300/10160,	epoch: 6,	learning_rate: 6.15223097112861e-06
2024-09-27 01:35:20 [INFO]   loss: 0.0087,	steps: 4350/10160,	epoch: 6,	learning_rate: 6.099737532808399e-06
2024-09-27 01:35:44 [INFO]   loss: 0.1329,	steps: 4400/10160,	epoch: 6,	learning_rate: 6.0472440944881895e-06
2024-09-27 02:00:20 [INFO]   第6轮的训练 测试结果为：{'R@5': 0.5180605439479556, 'R@10': 0.6885896197965939, 'RR@5': 0.8273437500000004, 'RR@10': 0.8323854020774977, 'nDCG@5': 0.6174693650451877, 'nDCG@10': 0.668960120993866}
2024-09-27 02:00:22 [INFO]   loss: 0.0336,	steps: 4450/10160,	epoch: 7,	learning_rate: 5.994750656167979e-06
2024-09-27 02:00:46 [INFO]   loss: 0.1332,	steps: 4500/10160,	epoch: 7,	learning_rate: 5.94225721784777e-06
2024-09-27 02:01:09 [INFO]   loss: 0.0083,	steps: 4550/10160,	epoch: 7,	learning_rate: 5.88976377952756e-06
2024-09-27 02:01:32 [INFO]   loss: 0.0075,	steps: 4600/10160,	epoch: 7,	learning_rate: 5.837270341207349e-06
2024-09-27 02:01:55 [INFO]   loss: 0.0084,	steps: 4650/10160,	epoch: 7,	learning_rate: 5.7847769028871395e-06
2024-09-27 02:02:18 [INFO]   loss: 0.0078,	steps: 4700/10160,	epoch: 7,	learning_rate: 5.7322834645669305e-06
2024-09-27 02:02:40 [INFO]   loss: 0.0074,	steps: 4750/10160,	epoch: 7,	learning_rate: 5.67979002624672e-06
2024-09-27 02:03:03 [INFO]   loss: 0.0075,	steps: 4800/10160,	epoch: 7,	learning_rate: 5.62729658792651e-06
2024-09-27 02:03:26 [INFO]   loss: 0.1336,	steps: 4850/10160,	epoch: 7,	learning_rate: 5.574803149606299e-06
2024-09-27 02:03:50 [INFO]   loss: 0.0076,	steps: 4900/10160,	epoch: 7,	learning_rate: 5.52230971128609e-06
2024-09-27 02:04:13 [INFO]   loss: 0.1325,	steps: 4950/10160,	epoch: 7,	learning_rate: 5.46981627296588e-06
2024-09-27 02:04:36 [INFO]   loss: 0.0530,	steps: 5000/10160,	epoch: 7,	learning_rate: 5.41732283464567e-06
2024-09-27 02:04:59 [INFO]   loss: 0.1306,	steps: 5050/10160,	epoch: 7,	learning_rate: 5.364829396325459e-06
2024-09-27 02:29:31 [INFO]   第7轮的训练 测试结果为：{'R@5': 0.49723698032450725, 'R@10': 0.6608307613808855, 'RR@5': 0.8187500000000006, 'RR@10': 0.8244496235994402, 'nDCG@5': 0.6149527298245236, 'nDCG@10': 0.6608775589588428}
2024-09-27 02:29:40 [INFO]   loss: 0.0068,	steps: 5100/10160,	epoch: 8,	learning_rate: 5.31233595800525e-06
2024-09-27 02:30:03 [INFO]   loss: 0.1316,	steps: 5150/10160,	epoch: 8,	learning_rate: 5.25984251968504e-06
2024-09-27 02:30:26 [INFO]   loss: 0.0064,	steps: 5200/10160,	epoch: 8,	learning_rate: 5.2073490813648295e-06
2024-09-27 02:30:49 [INFO]   loss: 0.0071,	steps: 5250/10160,	epoch: 8,	learning_rate: 5.15485564304462e-06
2024-09-27 02:31:12 [INFO]   loss: 0.0074,	steps: 5300/10160,	epoch: 8,	learning_rate: 5.102362204724411e-06
2024-09-27 02:31:35 [INFO]   loss: 0.0066,	steps: 5350/10160,	epoch: 8,	learning_rate: 5.0498687664042e-06
2024-09-27 02:31:59 [INFO]   loss: 0.0069,	steps: 5400/10160,	epoch: 8,	learning_rate: 4.99737532808399e-06
2024-09-27 02:32:21 [INFO]   loss: 0.0065,	steps: 5450/10160,	epoch: 8,	learning_rate: 4.94488188976378e-06
2024-09-27 02:32:46 [INFO]   loss: 0.0058,	steps: 5500/10160,	epoch: 8,	learning_rate: 4.89238845144357e-06
2024-09-27 02:33:09 [INFO]   loss: 0.1312,	steps: 5550/10160,	epoch: 8,	learning_rate: 4.83989501312336e-06
2024-09-27 02:33:32 [INFO]   loss: 0.0274,	steps: 5600/10160,	epoch: 8,	learning_rate: 4.78740157480315e-06
2024-09-27 02:33:55 [INFO]   loss: 0.0060,	steps: 5650/10160,	epoch: 8,	learning_rate: 4.73490813648294e-06
2024-09-27 02:34:18 [INFO]   loss: 0.0064,	steps: 5700/10160,	epoch: 8,	learning_rate: 4.68241469816273e-06
2024-09-27 02:58:43 [INFO]   第8轮的训练 测试结果为：{'R@5': 0.5078167543147141, 'R@10': 0.6859574969790003, 'RR@5': 0.8340533088235299, 'RR@10': 0.8396467962184876, 'nDCG@5': 0.6229769117559074, 'nDCG@10': 0.6766498239629687}
2024-09-27 02:58:59 [INFO]   loss: 0.0060,	steps: 5750/10160,	epoch: 9,	learning_rate: 4.6299212598425204e-06
2024-09-27 02:59:22 [INFO]   loss: 0.0059,	steps: 5800/10160,	epoch: 9,	learning_rate: 4.57742782152231e-06
2024-09-27 02:59:45 [INFO]   loss: 0.0058,	steps: 5850/10160,	epoch: 9,	learning_rate: 4.5249343832021e-06
2024-09-27 03:00:09 [INFO]   loss: 0.0056,	steps: 5900/10160,	epoch: 9,	learning_rate: 4.47244094488189e-06
2024-09-27 03:00:32 [INFO]   loss: 0.0057,	steps: 5950/10160,	epoch: 9,	learning_rate: 4.41994750656168e-06
2024-09-27 03:00:55 [INFO]   loss: 0.0052,	steps: 6000/10160,	epoch: 9,	learning_rate: 4.36745406824147e-06
2024-09-27 03:01:18 [INFO]   loss: 0.0057,	steps: 6050/10160,	epoch: 9,	learning_rate: 4.3149606299212606e-06
2024-09-27 03:01:41 [INFO]   loss: 0.0056,	steps: 6100/10160,	epoch: 9,	learning_rate: 4.26246719160105e-06
2024-09-27 03:02:04 [INFO]   loss: 0.0052,	steps: 6150/10160,	epoch: 9,	learning_rate: 4.209973753280841e-06
2024-09-27 03:02:28 [INFO]   loss: 0.0056,	steps: 6200/10160,	epoch: 9,	learning_rate: 4.15748031496063e-06
2024-09-27 03:02:51 [INFO]   loss: 0.1301,	steps: 6250/10160,	epoch: 9,	learning_rate: 4.10498687664042e-06
2024-09-27 03:03:13 [INFO]   loss: 0.0056,	steps: 6300/10160,	epoch: 9,	learning_rate: 4.0524934383202105e-06
2024-09-27 03:03:37 [INFO]   loss: 0.0052,	steps: 6350/10160,	epoch: 9,	learning_rate: 4.000000000000001e-06
2024-09-27 03:27:57 [INFO]   第9轮的训练 测试结果为：{'R@5': 0.5169226131100348, 'R@10': 0.6904121394625781, 'RR@5': 0.8439031862745106, 'RR@10': 0.8477693160597579, 'nDCG@5': 0.6314614818004258, 'nDCG@10': 0.6834118261641312}
2024-09-27 03:28:20 [INFO]   loss: 0.0067,	steps: 6400/10160,	epoch: 10,	learning_rate: 3.94750656167979e-06
2024-09-27 03:28:43 [INFO]   loss: 0.0052,	steps: 6450/10160,	epoch: 10,	learning_rate: 3.895013123359581e-06
2024-09-27 03:29:06 [INFO]   loss: 0.0059,	steps: 6500/10160,	epoch: 10,	learning_rate: 3.84251968503937e-06
2024-09-27 03:29:29 [INFO]   loss: 0.1277,	steps: 6550/10160,	epoch: 10,	learning_rate: 3.7900262467191605e-06
2024-09-27 03:29:53 [INFO]   loss: 0.0050,	steps: 6600/10160,	epoch: 10,	learning_rate: 3.73753280839895e-06
2024-09-27 03:30:16 [INFO]   loss: 0.0048,	steps: 6650/10160,	epoch: 10,	learning_rate: 3.6850393700787408e-06
2024-09-27 03:30:40 [INFO]   loss: 0.0051,	steps: 6700/10160,	epoch: 10,	learning_rate: 3.6325459317585305e-06
2024-09-27 03:31:03 [INFO]   loss: 0.0047,	steps: 6750/10160,	epoch: 10,	learning_rate: 3.5800524934383207e-06
2024-09-27 03:31:26 [INFO]   loss: 0.0049,	steps: 6800/10160,	epoch: 10,	learning_rate: 3.5275590551181104e-06
2024-09-27 03:31:49 [INFO]   loss: 0.0048,	steps: 6850/10160,	epoch: 10,	learning_rate: 3.4750656167979006e-06
2024-09-27 03:32:12 [INFO]   loss: 0.0049,	steps: 6900/10160,	epoch: 10,	learning_rate: 3.4225721784776907e-06
2024-09-27 03:32:35 [INFO]   loss: 0.0047,	steps: 6950/10160,	epoch: 10,	learning_rate: 3.370078740157481e-06
2024-09-27 03:57:11 [INFO]   第10轮的训练 测试结果为：{'R@5': 0.5212003378555703, 'R@10': 0.6906452945344941, 'RR@5': 0.8473345588235303, 'RR@10': 0.8513243318160603, 'nDCG@5': 0.6385068754010215, 'nDCG@10': 0.6875272909479565}
2024-09-27 03:57:14 [INFO]   ------------------------------------------------
2024-09-27 03:57:14 [INFO]   第 10 轮已经训练完成  模型保存在 /mnt/workspace/clir/myself/output/2024-09-26/best_model
2024-09-27 03:57:14 [INFO]   ------------------------------------------------
2024-09-27 03:57:21 [INFO]   loss: 0.0046,	steps: 7000/10160,	epoch: 11,	learning_rate: 3.3175853018372706e-06
2024-09-27 03:57:44 [INFO]   loss: 0.0053,	steps: 7050/10160,	epoch: 11,	learning_rate: 3.2650918635170608e-06
2024-09-27 03:58:07 [INFO]   loss: 0.0049,	steps: 7100/10160,	epoch: 11,	learning_rate: 3.2125984251968505e-06
2024-09-27 03:58:31 [INFO]   loss: 0.0179,	steps: 7150/10160,	epoch: 11,	learning_rate: 3.160104986876641e-06
2024-09-27 03:58:54 [INFO]   loss: 0.0046,	steps: 7200/10160,	epoch: 11,	learning_rate: 3.107611548556431e-06
2024-09-27 03:59:17 [INFO]   loss: 0.0050,	steps: 7250/10160,	epoch: 11,	learning_rate: 3.055118110236221e-06
2024-09-27 03:59:40 [INFO]   loss: 0.0046,	steps: 7300/10160,	epoch: 11,	learning_rate: 3.0026246719160107e-06
2024-09-27 04:00:02 [INFO]   loss: 0.0046,	steps: 7350/10160,	epoch: 11,	learning_rate: 2.950131233595801e-06
2024-09-27 04:00:25 [INFO]   loss: 0.0045,	steps: 7400/10160,	epoch: 11,	learning_rate: 2.8976377952755906e-06
2024-09-27 04:00:49 [INFO]   loss: 0.0044,	steps: 7450/10160,	epoch: 11,	learning_rate: 2.8451443569553812e-06
2024-09-27 04:01:12 [INFO]   loss: 0.0044,	steps: 7500/10160,	epoch: 11,	learning_rate: 2.792650918635171e-06
2024-09-27 04:01:35 [INFO]   loss: 0.0044,	steps: 7550/10160,	epoch: 11,	learning_rate: 2.740157480314961e-06
2024-09-27 04:01:58 [INFO]   loss: 0.0044,	steps: 7600/10160,	epoch: 11,	learning_rate: 2.687664041994751e-06
2024-09-27 04:26:26 [INFO]   第11轮的训练 测试结果为：{'R@5': 0.5427173116257602, 'R@10': 0.7042309675640273, 'RR@5': 0.8501072303921575, 'RR@10': 0.8522055176237167, 'nDCG@5': 0.6479422122133053, 'nDCG@10': 0.6944235214758847}
2024-09-27 04:26:29 [INFO]   ------------------------------------------------
2024-09-27 04:26:29 [INFO]   第 11 轮已经训练完成  模型保存在 /mnt/workspace/clir/myself/output/2024-09-26/best_model
2024-09-27 04:26:29 [INFO]   ------------------------------------------------
2024-09-27 04:26:42 [INFO]   loss: 0.0053,	steps: 7650/10160,	epoch: 12,	learning_rate: 2.635170603674541e-06
2024-09-27 04:27:06 [INFO]   loss: 0.0045,	steps: 7700/10160,	epoch: 12,	learning_rate: 2.5826771653543307e-06
2024-09-27 04:27:29 [INFO]   loss: 0.0044,	steps: 7750/10160,	epoch: 12,	learning_rate: 2.5301837270341213e-06
2024-09-27 04:27:52 [INFO]   loss: 0.0043,	steps: 7800/10160,	epoch: 12,	learning_rate: 2.477690288713911e-06
2024-09-27 04:28:15 [INFO]   loss: 0.0044,	steps: 7850/10160,	epoch: 12,	learning_rate: 2.425196850393701e-06
2024-09-27 04:28:38 [INFO]   loss: 0.0042,	steps: 7900/10160,	epoch: 12,	learning_rate: 2.372703412073491e-06
2024-09-27 04:29:01 [INFO]   loss: 0.0045,	steps: 7950/10160,	epoch: 12,	learning_rate: 2.320209973753281e-06
2024-09-27 04:29:25 [INFO]   loss: 0.0041,	steps: 8000/10160,	epoch: 12,	learning_rate: 2.267716535433071e-06
2024-09-27 04:29:48 [INFO]   loss: 0.0046,	steps: 8050/10160,	epoch: 12,	learning_rate: 2.215223097112861e-06
2024-09-27 04:30:11 [INFO]   loss: 0.0043,	steps: 8100/10160,	epoch: 12,	learning_rate: 2.162729658792651e-06
2024-09-27 04:30:34 [INFO]   loss: 0.0042,	steps: 8150/10160,	epoch: 12,	learning_rate: 2.110236220472441e-06
2024-09-27 04:30:57 [INFO]   loss: 0.2263,	steps: 8200/10160,	epoch: 12,	learning_rate: 2.057742782152231e-06
2024-09-27 04:31:20 [INFO]   loss: 0.0045,	steps: 8250/10160,	epoch: 12,	learning_rate: 2.0052493438320212e-06
2024-09-27 04:55:43 [INFO]   第12轮的训练 测试结果为：{'R@5': 0.5126054831269522, 'R@10': 0.6786529946963312, 'RR@5': 0.8277420343137262, 'RR@10': 0.8320049894957987, 'nDCG@5': 0.6213452322292441, 'nDCG@10': 0.6692847803018265}
2024-09-27 04:56:04 [INFO]   loss: 0.0043,	steps: 8300/10160,	epoch: 13,	learning_rate: 1.952755905511811e-06
2024-09-27 04:56:27 [INFO]   loss: 0.0043,	steps: 8350/10160,	epoch: 13,	learning_rate: 1.9002624671916011e-06
2024-09-27 04:56:50 [INFO]   loss: 0.0043,	steps: 8400/10160,	epoch: 13,	learning_rate: 1.8477690288713913e-06
2024-09-27 04:57:13 [INFO]   loss: 0.0040,	steps: 8450/10160,	epoch: 13,	learning_rate: 1.7952755905511812e-06
2024-09-27 04:57:36 [INFO]   loss: 0.0043,	steps: 8500/10160,	epoch: 13,	learning_rate: 1.7427821522309712e-06
2024-09-27 04:57:59 [INFO]   loss: 0.0041,	steps: 8550/10160,	epoch: 13,	learning_rate: 1.6902887139107613e-06
2024-09-27 04:58:22 [INFO]   loss: 0.0061,	steps: 8600/10160,	epoch: 13,	learning_rate: 1.6377952755905513e-06
2024-09-27 04:58:46 [INFO]   loss: 0.0043,	steps: 8650/10160,	epoch: 13,	learning_rate: 1.5853018372703412e-06
2024-09-27 04:59:09 [INFO]   loss: 0.0051,	steps: 8700/10160,	epoch: 13,	learning_rate: 1.5328083989501314e-06
2024-09-27 04:59:32 [INFO]   loss: 0.0041,	steps: 8750/10160,	epoch: 13,	learning_rate: 1.4803149606299213e-06
2024-09-27 04:59:55 [INFO]   loss: 0.0039,	steps: 8800/10160,	epoch: 13,	learning_rate: 1.4278215223097113e-06
2024-09-27 05:00:19 [INFO]   loss: 0.0039,	steps: 8850/10160,	epoch: 13,	learning_rate: 1.3753280839895015e-06
2024-09-27 05:24:54 [INFO]   第13轮的训练 测试结果为：{'R@5': 0.5369496117024869, 'R@10': 0.7003343637746757, 'RR@5': 0.8646752450980398, 'RR@10': 0.8675102853641462, 'nDCG@5': 0.6573045716522494, 'nDCG@10': 0.7007392910738547}
2024-09-27 05:24:57 [INFO]   ------------------------------------------------
2024-09-27 05:24:57 [INFO]   第 13 轮已经训练完成  模型保存在 /mnt/workspace/clir/myself/output/2024-09-26/best_model
2024-09-27 05:24:57 [INFO]   ------------------------------------------------
2024-09-27 05:25:01 [INFO]   loss: 0.0037,	steps: 8900/10160,	epoch: 14,	learning_rate: 1.3228346456692914e-06
2024-09-27 05:25:25 [INFO]   loss: 0.0038,	steps: 8950/10160,	epoch: 14,	learning_rate: 1.2703412073490814e-06
2024-09-27 05:25:48 [INFO]   loss: 0.0040,	steps: 9000/10160,	epoch: 14,	learning_rate: 1.2178477690288715e-06
2024-09-27 05:26:11 [INFO]   loss: 0.0039,	steps: 9050/10160,	epoch: 14,	learning_rate: 1.1653543307086615e-06
2024-09-27 05:26:35 [INFO]   loss: 0.0039,	steps: 9100/10160,	epoch: 14,	learning_rate: 1.1128608923884516e-06
2024-09-27 05:26:58 [INFO]   loss: 0.0038,	steps: 9150/10160,	epoch: 14,	learning_rate: 1.0603674540682416e-06
2024-09-27 05:27:20 [INFO]   loss: 0.0040,	steps: 9200/10160,	epoch: 14,	learning_rate: 1.0078740157480315e-06
2024-09-27 05:27:44 [INFO]   loss: 0.0041,	steps: 9250/10160,	epoch: 14,	learning_rate: 9.553805774278217e-07
2024-09-27 05:28:07 [INFO]   loss: 0.0038,	steps: 9300/10160,	epoch: 14,	learning_rate: 9.028871391076116e-07
2024-09-27 05:28:30 [INFO]   loss: 0.0039,	steps: 9350/10160,	epoch: 14,	learning_rate: 8.503937007874017e-07
2024-09-27 05:28:53 [INFO]   loss: 0.0040,	steps: 9400/10160,	epoch: 14,	learning_rate: 7.979002624671916e-07
2024-09-27 05:29:16 [INFO]   loss: 0.0043,	steps: 9450/10160,	epoch: 14,	learning_rate: 7.454068241469817e-07
2024-09-27 05:29:40 [INFO]   loss: 0.0038,	steps: 9500/10160,	epoch: 14,	learning_rate: 6.929133858267717e-07
2024-09-27 05:54:10 [INFO]   第14轮的训练 测试结果为：{'R@5': 0.5437116025766631, 'R@10': 0.7041915250450825, 'RR@5': 0.857567401960785, 'RR@10': 0.8606825542717091, 'nDCG@5': 0.659679470788067, 'nDCG@10': 0.7031815008359591}
2024-09-27 05:54:12 [INFO]   ------------------------------------------------
2024-09-27 05:54:12 [INFO]   第 14 轮已经训练完成  模型保存在 /mnt/workspace/clir/myself/output/2024-09-26/best_model
2024-09-27 05:54:12 [INFO]   ------------------------------------------------
2024-09-27 05:54:25 [INFO]   loss: 0.0044,	steps: 9550/10160,	epoch: 15,	learning_rate: 6.404199475065617e-07
2024-09-27 05:54:48 [INFO]   loss: 0.0039,	steps: 9600/10160,	epoch: 15,	learning_rate: 5.879265091863517e-07
2024-09-27 05:55:11 [INFO]   loss: 0.0039,	steps: 9650/10160,	epoch: 15,	learning_rate: 5.354330708661418e-07
2024-09-27 05:55:35 [INFO]   loss: 0.0043,	steps: 9700/10160,	epoch: 15,	learning_rate: 4.829396325459318e-07
2024-09-27 05:55:57 [INFO]   loss: 0.0037,	steps: 9750/10160,	epoch: 15,	learning_rate: 4.304461942257218e-07
2024-09-27 05:56:20 [INFO]   loss: 0.0038,	steps: 9800/10160,	epoch: 15,	learning_rate: 3.7795275590551184e-07
2024-09-27 05:56:43 [INFO]   loss: 0.0038,	steps: 9850/10160,	epoch: 15,	learning_rate: 3.2545931758530185e-07
2024-09-27 05:57:06 [INFO]   loss: 0.0040,	steps: 9900/10160,	epoch: 15,	learning_rate: 2.729658792650919e-07
2024-09-27 05:57:29 [INFO]   loss: 0.0038,	steps: 9950/10160,	epoch: 15,	learning_rate: 2.204724409448819e-07
2024-09-27 05:57:51 [INFO]   loss: 0.0037,	steps: 10000/10160,	epoch: 15,	learning_rate: 1.6797900262467193e-07
2024-09-27 05:58:14 [INFO]   loss: 0.0225,	steps: 10050/10160,	epoch: 15,	learning_rate: 1.1548556430446196e-07
2024-09-27 05:58:37 [INFO]   loss: 0.0037,	steps: 10100/10160,	epoch: 15,	learning_rate: 6.299212598425197e-08
2024-09-27 05:59:01 [INFO]   loss: 0.0040,	steps: 10150/10160,	epoch: 15,	learning_rate: 1.0498687664041996e-08
2024-09-27 06:23:25 [INFO]   第15轮的训练 测试结果为：{'R@5': 0.5445206633478709, 'R@10': 0.7041166227205389, 'RR@5': 0.8636182598039222, 'RR@10': 0.8666878209617184, 'nDCG@5': 0.6621486715571201, 'nDCG@10': 0.7050791707015698}
2024-09-27 06:23:28 [INFO]   ------------------------------------------------
2024-09-27 06:23:28 [INFO]   第 15 轮已经训练完成  模型保存在 /mnt/workspace/clir/myself/output/2024-09-26/best_model
2024-09-27 06:23:28 [INFO]   ------------------------------------------------
2024-09-27 06:23:28 [INFO]   ------------------------------------------------
2024-09-27 06:23:28 [INFO]   所有epoch的平均评测指标为: {'R@5': 0.5107949827212642, 'R@10': 0.6771861003730526, 'RR@5': 0.8289589077818633, 'RR@10': 0.8333466459500471, 'nDCG@5': 0.6213578779563794, 'nDCG@10': 0.6692657505409076}
2024-09-27 06:23:28 [INFO]   ------------------------------------------------
