2024-09-24 12:34:51 [INFO]   ***** Running training *****
2024-09-24 12:34:51 [INFO]   当前时间: 2024-09-24 12:34:51
2024-09-24 12:34:51 [INFO]   Num examples = 5087
2024-09-24 12:34:51 [INFO]   Num Epochs = 16
2024-09-24 12:34:51 [INFO]   Instantaneous batch size per device = 8
2024-09-24 12:34:51 [INFO]   Total train batch size (w. parallel, distributed & accumulation) = 16
2024-09-24 12:34:51 [INFO]   Total optimization steps = 10160
2024-09-24 12:34:51 [INFO]   训练的设备: cuda, 设备编号: 0
2024-09-24 12:35:13 [INFO]   loss: 0.2431,	steps: 50/10160,	epoch: 0,	learning_rate: 7.874015748031496e-07
2024-09-24 12:35:34 [INFO]   loss: 0.0757,	steps: 100/10160,	epoch: 0,	learning_rate: 1.5748031496062992e-06
2024-09-24 12:35:56 [INFO]   loss: 0.0046,	steps: 150/10160,	epoch: 0,	learning_rate: 2.362204724409449e-06
2024-09-24 12:36:18 [INFO]   loss: 0.0473,	steps: 200/10160,	epoch: 0,	learning_rate: 3.1496062992125985e-06
2024-09-24 12:36:40 [INFO]   loss: 0.0971,	steps: 250/10160,	epoch: 0,	learning_rate: 3.937007874015748e-06
2024-09-24 12:37:02 [INFO]   loss: 0.0375,	steps: 300/10160,	epoch: 0,	learning_rate: 4.724409448818898e-06
2024-09-24 12:37:24 [INFO]   loss: 0.1864,	steps: 350/10160,	epoch: 0,	learning_rate: 5.511811023622048e-06
2024-09-24 12:37:45 [INFO]   loss: 0.0047,	steps: 400/10160,	epoch: 0,	learning_rate: 6.299212598425197e-06
2024-09-24 12:38:07 [INFO]   loss: 0.0003,	steps: 450/10160,	epoch: 0,	learning_rate: 7.086614173228347e-06
2024-09-24 12:38:30 [INFO]   loss: 0.0000,	steps: 500/10160,	epoch: 0,	learning_rate: 7.874015748031496e-06
2024-09-24 12:38:51 [INFO]   loss: 0.0003,	steps: 550/10160,	epoch: 0,	learning_rate: 8.661417322834647e-06
2024-09-24 12:39:13 [INFO]   loss: 0.1600,	steps: 600/10160,	epoch: 0,	learning_rate: 9.448818897637797e-06
2024-09-24 13:03:29 [INFO]   第0轮的训练 测试结果为：{'R@5': 0.45211697047254046, 'R@10': 0.623072211361494, 'RR@5': 0.7204656862745108, 'RR@10': 0.7278594771241839, 'nDCG@5': 0.5304262840443199, 'nDCG@10': 0.5869243355459509}
2024-09-24 13:03:32 [INFO]   ------------------------------------------------
2024-09-24 13:03:32 [INFO]   第 0 轮已经训练完成  模型保存在 /mnt/workspace/clir/myself/output/2024-09-24/best_model
2024-09-24 13:03:32 [INFO]   ------------------------------------------------
2024-09-24 13:03:39 [INFO]   loss: 0.0979,	steps: 650/10160,	epoch: 1,	learning_rate: 9.984251968503938e-06
2024-09-24 13:04:01 [INFO]   loss: 0.0017,	steps: 700/10160,	epoch: 1,	learning_rate: 9.931758530183728e-06
2024-09-24 13:04:23 [INFO]   loss: 0.0053,	steps: 750/10160,	epoch: 1,	learning_rate: 9.879265091863518e-06
2024-09-24 13:04:45 [INFO]   loss: 0.1253,	steps: 800/10160,	epoch: 1,	learning_rate: 9.826771653543308e-06
2024-09-24 13:05:07 [INFO]   loss: 0.0213,	steps: 850/10160,	epoch: 1,	learning_rate: 9.774278215223098e-06
2024-09-24 13:05:29 [INFO]   loss: 0.0000,	steps: 900/10160,	epoch: 1,	learning_rate: 9.721784776902888e-06
2024-09-24 13:05:52 [INFO]   loss: 0.1178,	steps: 950/10160,	epoch: 1,	learning_rate: 9.669291338582679e-06
2024-09-24 13:06:14 [INFO]   loss: 0.1284,	steps: 1000/10160,	epoch: 1,	learning_rate: 9.616797900262467e-06
2024-09-24 13:06:36 [INFO]   loss: 0.0048,	steps: 1050/10160,	epoch: 1,	learning_rate: 9.564304461942257e-06
2024-09-24 13:06:58 [INFO]   loss: 0.1614,	steps: 1100/10160,	epoch: 1,	learning_rate: 9.511811023622049e-06
2024-09-24 13:07:19 [INFO]   loss: 0.0000,	steps: 1150/10160,	epoch: 1,	learning_rate: 9.459317585301838e-06
2024-09-24 13:07:41 [INFO]   loss: 0.0005,	steps: 1200/10160,	epoch: 1,	learning_rate: 9.406824146981628e-06
2024-09-24 13:08:03 [INFO]   loss: 0.0817,	steps: 1250/10160,	epoch: 1,	learning_rate: 9.354330708661418e-06
2024-09-24 13:32:15 [INFO]   第1轮的训练 测试结果为：{'R@5': 0.471198579059692, 'R@10': 0.6421722396582836, 'RR@5': 0.7740042892156872, 'RR@10': 0.7803804855275454, 'nDCG@5': 0.5551024801312605, 'nDCG@10': 0.6095740123040387}
2024-09-24 13:32:18 [INFO]   ------------------------------------------------
2024-09-24 13:32:18 [INFO]   第 1 轮已经训练完成  模型保存在 /mnt/workspace/clir/myself/output/2024-09-24/best_model
2024-09-24 13:32:18 [INFO]   ------------------------------------------------
2024-09-24 13:32:31 [INFO]   loss: 0.0756,	steps: 1300/10160,	epoch: 2,	learning_rate: 9.301837270341208e-06
2024-09-24 13:32:53 [INFO]   loss: 0.0000,	steps: 1350/10160,	epoch: 2,	learning_rate: 9.249343832020998e-06
2024-09-24 13:33:14 [INFO]   loss: 0.1242,	steps: 1400/10160,	epoch: 2,	learning_rate: 9.196850393700788e-06
2024-09-24 13:33:36 [INFO]   loss: 0.1250,	steps: 1450/10160,	epoch: 2,	learning_rate: 9.144356955380579e-06
2024-09-24 13:33:59 [INFO]   loss: 0.0000,	steps: 1500/10160,	epoch: 2,	learning_rate: 9.091863517060369e-06
2024-09-24 13:34:20 [INFO]   loss: 0.0000,	steps: 1550/10160,	epoch: 2,	learning_rate: 9.039370078740159e-06
2024-09-24 13:34:42 [INFO]   loss: 0.0085,	steps: 1600/10160,	epoch: 2,	learning_rate: 8.986876640419947e-06
2024-09-24 13:35:04 [INFO]   loss: 0.0294,	steps: 1650/10160,	epoch: 2,	learning_rate: 8.934383202099738e-06
2024-09-24 13:35:26 [INFO]   loss: 0.0018,	steps: 1700/10160,	epoch: 2,	learning_rate: 8.88188976377953e-06
2024-09-24 13:35:49 [INFO]   loss: 0.2163,	steps: 1750/10160,	epoch: 2,	learning_rate: 8.829396325459318e-06
2024-09-24 13:36:10 [INFO]   loss: 0.0000,	steps: 1800/10160,	epoch: 2,	learning_rate: 8.776902887139108e-06
2024-09-24 13:36:32 [INFO]   loss: 0.0004,	steps: 1850/10160,	epoch: 2,	learning_rate: 8.724409448818898e-06
2024-09-24 13:36:54 [INFO]   loss: 0.0000,	steps: 1900/10160,	epoch: 2,	learning_rate: 8.671916010498688e-06
2024-09-24 14:00:58 [INFO]   第2轮的训练 测试结果为：{'R@5': 0.4844494293149828, 'R@10': 0.652932252929534, 'RR@5': 0.8187193627450986, 'RR@10': 0.8244901085434178, 'nDCG@5': 0.5960192354305031, 'nDCG@10': 0.6443467829336597}
2024-09-24 14:01:02 [INFO]   ------------------------------------------------
2024-09-24 14:01:02 [INFO]   第 2 轮已经训练完成  模型保存在 /mnt/workspace/clir/myself/output/2024-09-24/best_model
2024-09-24 14:01:02 [INFO]   ------------------------------------------------
2024-09-24 14:01:22 [INFO]   loss: 0.0000,	steps: 1950/10160,	epoch: 3,	learning_rate: 8.619422572178478e-06
2024-09-24 14:01:43 [INFO]   loss: 0.1242,	steps: 2000/10160,	epoch: 3,	learning_rate: 8.566929133858269e-06
2024-09-24 14:02:05 [INFO]   loss: 0.0000,	steps: 2050/10160,	epoch: 3,	learning_rate: 8.514435695538059e-06
2024-09-24 14:02:27 [INFO]   loss: 0.0000,	steps: 2100/10160,	epoch: 3,	learning_rate: 8.461942257217849e-06
2024-09-24 14:02:49 [INFO]   loss: 0.0000,	steps: 2150/10160,	epoch: 3,	learning_rate: 8.409448818897639e-06
2024-09-24 14:03:10 [INFO]   loss: 0.0000,	steps: 2200/10160,	epoch: 3,	learning_rate: 8.356955380577428e-06
2024-09-24 14:03:33 [INFO]   loss: 0.1268,	steps: 2250/10160,	epoch: 3,	learning_rate: 8.304461942257218e-06
2024-09-24 14:03:54 [INFO]   loss: 0.0003,	steps: 2300/10160,	epoch: 3,	learning_rate: 8.25196850393701e-06
2024-09-24 14:04:17 [INFO]   loss: 0.0000,	steps: 2350/10160,	epoch: 3,	learning_rate: 8.199475065616798e-06
2024-09-24 14:04:38 [INFO]   loss: 0.0000,	steps: 2400/10160,	epoch: 3,	learning_rate: 8.146981627296588e-06
2024-09-24 14:05:00 [INFO]   loss: 0.0000,	steps: 2450/10160,	epoch: 3,	learning_rate: 8.094488188976378e-06
2024-09-24 14:05:23 [INFO]   loss: 0.0000,	steps: 2500/10160,	epoch: 3,	learning_rate: 8.041994750656169e-06
2024-09-24 14:29:45 [INFO]   第3轮的训练 测试结果为：{'R@5': 0.5054316441775487, 'R@10': 0.6601211647587412, 'RR@5': 0.823973651960785, 'RR@10': 0.8283653565592907, 'nDCG@5': 0.6142789218276343, 'nDCG@10': 0.6551843419515914}
2024-09-24 14:29:49 [INFO]   ------------------------------------------------
2024-09-24 14:29:49 [INFO]   第 3 轮已经训练完成  模型保存在 /mnt/workspace/clir/myself/output/2024-09-24/best_model
2024-09-24 14:29:49 [INFO]   ------------------------------------------------
2024-09-24 14:29:53 [INFO]   loss: 0.1250,	steps: 2550/10160,	epoch: 4,	learning_rate: 7.989501312335959e-06
2024-09-24 14:30:15 [INFO]   loss: 0.1244,	steps: 2600/10160,	epoch: 4,	learning_rate: 7.937007874015749e-06
2024-09-24 14:30:37 [INFO]   loss: 0.1210,	steps: 2650/10160,	epoch: 4,	learning_rate: 7.884514435695539e-06
2024-09-24 14:30:59 [INFO]   loss: 0.1214,	steps: 2700/10160,	epoch: 4,	learning_rate: 7.83202099737533e-06
2024-09-24 14:31:20 [INFO]   loss: 0.0000,	steps: 2750/10160,	epoch: 4,	learning_rate: 7.77952755905512e-06
2024-09-24 14:31:42 [INFO]   loss: 0.0000,	steps: 2800/10160,	epoch: 4,	learning_rate: 7.72703412073491e-06
2024-09-24 14:32:05 [INFO]   loss: 0.0000,	steps: 2850/10160,	epoch: 4,	learning_rate: 7.674540682414698e-06
2024-09-24 14:32:27 [INFO]   loss: 0.0519,	steps: 2900/10160,	epoch: 4,	learning_rate: 7.622047244094489e-06
2024-09-24 14:32:49 [INFO]   loss: 0.0003,	steps: 2950/10160,	epoch: 4,	learning_rate: 7.569553805774279e-06
2024-09-24 14:33:11 [INFO]   loss: 0.1260,	steps: 3000/10160,	epoch: 4,	learning_rate: 7.5170603674540684e-06
2024-09-24 14:33:33 [INFO]   loss: 0.0000,	steps: 3050/10160,	epoch: 4,	learning_rate: 7.464566929133859e-06
2024-09-24 14:33:55 [INFO]   loss: 0.1250,	steps: 3100/10160,	epoch: 4,	learning_rate: 7.41207349081365e-06
2024-09-24 14:34:17 [INFO]   loss: 0.0032,	steps: 3150/10160,	epoch: 4,	learning_rate: 7.359580052493439e-06
2024-09-24 14:58:28 [INFO]   第4轮的训练 测试结果为：{'R@5': 0.47878208660261473, 'R@10': 0.6451058261368308, 'RR@5': 0.7874693627450988, 'RR@10': 0.7931511146125122, 'nDCG@5': 0.580102587719515, 'nDCG@10': 0.6316804238625465}
2024-09-24 14:58:38 [INFO]   loss: 0.0000,	steps: 3200/10160,	epoch: 5,	learning_rate: 7.307086614173229e-06
2024-09-24 14:59:00 [INFO]   loss: 0.0000,	steps: 3250/10160,	epoch: 5,	learning_rate: 7.254593175853018e-06
2024-09-24 14:59:22 [INFO]   loss: 0.0004,	steps: 3300/10160,	epoch: 5,	learning_rate: 7.202099737532809e-06
2024-09-24 14:59:44 [INFO]   loss: 0.0000,	steps: 3350/10160,	epoch: 5,	learning_rate: 7.1496062992125995e-06
2024-09-24 15:00:06 [INFO]   loss: 0.0000,	steps: 3400/10160,	epoch: 5,	learning_rate: 7.097112860892389e-06
2024-09-24 15:00:28 [INFO]   loss: 0.0000,	steps: 3450/10160,	epoch: 5,	learning_rate: 7.044619422572179e-06
2024-09-24 15:00:50 [INFO]   loss: 0.0000,	steps: 3500/10160,	epoch: 5,	learning_rate: 6.992125984251969e-06
2024-09-24 15:01:12 [INFO]   loss: 0.0210,	steps: 3550/10160,	epoch: 5,	learning_rate: 6.939632545931759e-06
2024-09-24 15:01:34 [INFO]   loss: 0.0000,	steps: 3600/10160,	epoch: 5,	learning_rate: 6.887139107611549e-06
2024-09-24 15:01:56 [INFO]   loss: 0.0042,	steps: 3650/10160,	epoch: 5,	learning_rate: 6.834645669291339e-06
2024-09-24 15:02:18 [INFO]   loss: 0.0000,	steps: 3700/10160,	epoch: 5,	learning_rate: 6.78215223097113e-06
2024-09-24 15:02:40 [INFO]   loss: 0.0006,	steps: 3750/10160,	epoch: 5,	learning_rate: 6.729658792650919e-06
2024-09-24 15:03:02 [INFO]   loss: 0.0016,	steps: 3800/10160,	epoch: 5,	learning_rate: 6.677165354330709e-06
2024-09-24 15:27:08 [INFO]   第5轮的训练 测试结果为：{'R@5': 0.5041167193852256, 'R@10': 0.663679979962691, 'RR@5': 0.8121323529411774, 'RR@10': 0.8166772438141928, 'nDCG@5': 0.6074023831113707, 'nDCG@10': 0.6528265016303465}
2024-09-24 15:27:26 [INFO]   loss: 0.0007,	steps: 3850/10160,	epoch: 6,	learning_rate: 6.624671916010499e-06
2024-09-24 15:27:48 [INFO]   loss: 0.0045,	steps: 3900/10160,	epoch: 6,	learning_rate: 6.57217847769029e-06
2024-09-24 15:28:10 [INFO]   loss: 0.0000,	steps: 3950/10160,	epoch: 6,	learning_rate: 6.51968503937008e-06
2024-09-24 15:28:31 [INFO]   loss: 0.0000,	steps: 4000/10160,	epoch: 6,	learning_rate: 6.467191601049869e-06
2024-09-24 15:28:53 [INFO]   loss: 0.0000,	steps: 4050/10160,	epoch: 6,	learning_rate: 6.414698162729659e-06
2024-09-24 15:29:15 [INFO]   loss: 0.0000,	steps: 4100/10160,	epoch: 6,	learning_rate: 6.362204724409449e-06
2024-09-24 15:29:36 [INFO]   loss: 0.0349,	steps: 4150/10160,	epoch: 6,	learning_rate: 6.3097112860892396e-06
2024-09-24 15:29:59 [INFO]   loss: 0.0000,	steps: 4200/10160,	epoch: 6,	learning_rate: 6.257217847769029e-06
2024-09-24 15:30:22 [INFO]   loss: 0.1280,	steps: 4250/10160,	epoch: 6,	learning_rate: 6.204724409448819e-06
2024-09-24 15:30:43 [INFO]   loss: 0.1070,	steps: 4300/10160,	epoch: 6,	learning_rate: 6.15223097112861e-06
2024-09-24 15:31:05 [INFO]   loss: 0.0000,	steps: 4350/10160,	epoch: 6,	learning_rate: 6.099737532808399e-06
2024-09-24 15:31:27 [INFO]   loss: 0.0000,	steps: 4400/10160,	epoch: 6,	learning_rate: 6.0472440944881895e-06
2024-09-24 15:55:52 [INFO]   第6轮的训练 测试结果为：{'R@5': 0.4951885116138229, 'R@10': 0.6486150046775195, 'RR@5': 0.815670955882354, 'RR@10': 0.8201702556022418, 'nDCG@5': 0.6038310168104534, 'nDCG@10': 0.644752201705165}
2024-09-24 15:55:54 [INFO]   loss: 0.0079,	steps: 4450/10160,	epoch: 7,	learning_rate: 5.994750656167979e-06
2024-09-24 15:56:17 [INFO]   loss: 0.1250,	steps: 4500/10160,	epoch: 7,	learning_rate: 5.94225721784777e-06
2024-09-24 15:56:38 [INFO]   loss: 0.1250,	steps: 4550/10160,	epoch: 7,	learning_rate: 5.88976377952756e-06
2024-09-24 15:57:00 [INFO]   loss: 0.0000,	steps: 4600/10160,	epoch: 7,	learning_rate: 5.837270341207349e-06
2024-09-24 15:57:22 [INFO]   loss: 0.0000,	steps: 4650/10160,	epoch: 7,	learning_rate: 5.7847769028871395e-06
2024-09-24 15:57:44 [INFO]   loss: 0.0000,	steps: 4700/10160,	epoch: 7,	learning_rate: 5.7322834645669305e-06
2024-09-24 15:58:05 [INFO]   loss: 0.0000,	steps: 4750/10160,	epoch: 7,	learning_rate: 5.67979002624672e-06
2024-09-24 15:58:27 [INFO]   loss: 0.0000,	steps: 4800/10160,	epoch: 7,	learning_rate: 5.62729658792651e-06
2024-09-24 15:58:49 [INFO]   loss: 0.1250,	steps: 4850/10160,	epoch: 7,	learning_rate: 5.574803149606299e-06
2024-09-24 15:59:11 [INFO]   loss: 0.1250,	steps: 4900/10160,	epoch: 7,	learning_rate: 5.52230971128609e-06
2024-09-24 15:59:33 [INFO]   loss: 0.1250,	steps: 4950/10160,	epoch: 7,	learning_rate: 5.46981627296588e-06
2024-09-24 15:59:55 [INFO]   loss: 0.0000,	steps: 5000/10160,	epoch: 7,	learning_rate: 5.41732283464567e-06
2024-09-24 16:00:17 [INFO]   loss: 0.1245,	steps: 5050/10160,	epoch: 7,	learning_rate: 5.364829396325459e-06
2024-09-24 16:24:33 [INFO]   第7轮的训练 测试结果为：{'R@5': 0.5063422581647994, 'R@10': 0.6690904995149939, 'RR@5': 0.82389705882353, 'RR@10': 0.8275399743230628, 'nDCG@5': 0.6184160765507274, 'nDCG@10': 0.664891659165119}
2024-09-24 16:24:37 [INFO]   ------------------------------------------------
2024-09-24 16:24:37 [INFO]   第 7 轮已经训练完成  模型保存在 /mnt/workspace/clir/myself/output/2024-09-24/best_model
2024-09-24 16:24:37 [INFO]   ------------------------------------------------
2024-09-24 16:24:46 [INFO]   loss: 0.0000,	steps: 5100/10160,	epoch: 8,	learning_rate: 5.31233595800525e-06
2024-09-24 16:25:08 [INFO]   loss: 0.0002,	steps: 5150/10160,	epoch: 8,	learning_rate: 5.25984251968504e-06
2024-09-24 16:25:29 [INFO]   loss: 0.0000,	steps: 5200/10160,	epoch: 8,	learning_rate: 5.2073490813648295e-06
2024-09-24 16:25:51 [INFO]   loss: 0.0000,	steps: 5250/10160,	epoch: 8,	learning_rate: 5.15485564304462e-06
2024-09-24 16:26:13 [INFO]   loss: 0.0000,	steps: 5300/10160,	epoch: 8,	learning_rate: 5.102362204724411e-06
2024-09-24 16:26:35 [INFO]   loss: 0.0000,	steps: 5350/10160,	epoch: 8,	learning_rate: 5.0498687664042e-06
2024-09-24 16:26:57 [INFO]   loss: 0.0169,	steps: 5400/10160,	epoch: 8,	learning_rate: 4.99737532808399e-06
2024-09-24 16:27:18 [INFO]   loss: 0.0000,	steps: 5450/10160,	epoch: 8,	learning_rate: 4.94488188976378e-06
2024-09-24 16:27:41 [INFO]   loss: 0.1248,	steps: 5500/10160,	epoch: 8,	learning_rate: 4.89238845144357e-06
2024-09-24 16:28:03 [INFO]   loss: 0.0447,	steps: 5550/10160,	epoch: 8,	learning_rate: 4.83989501312336e-06
2024-09-24 16:28:25 [INFO]   loss: 0.0004,	steps: 5600/10160,	epoch: 8,	learning_rate: 4.78740157480315e-06
2024-09-24 16:28:46 [INFO]   loss: 0.0000,	steps: 5650/10160,	epoch: 8,	learning_rate: 4.73490813648294e-06
2024-09-24 16:29:09 [INFO]   loss: 0.0000,	steps: 5700/10160,	epoch: 8,	learning_rate: 4.68241469816273e-06
2024-09-24 16:53:18 [INFO]   第8轮的训练 测试结果为：{'R@5': 0.5032186715017041, 'R@10': 0.6775420854455407, 'RR@5': 0.8006280637254914, 'RR@10': 0.8052666900093383, 'nDCG@5': 0.5996159289312023, 'nDCG@10': 0.6549866387668206}
2024-09-24 16:53:34 [INFO]   loss: 0.0086,	steps: 5750/10160,	epoch: 9,	learning_rate: 4.6299212598425204e-06
2024-09-24 16:53:56 [INFO]   loss: 0.0000,	steps: 5800/10160,	epoch: 9,	learning_rate: 4.57742782152231e-06
2024-09-24 16:54:18 [INFO]   loss: 0.0000,	steps: 5850/10160,	epoch: 9,	learning_rate: 4.5249343832021e-06
2024-09-24 16:54:40 [INFO]   loss: 0.0076,	steps: 5900/10160,	epoch: 9,	learning_rate: 4.47244094488189e-06
2024-09-24 16:55:02 [INFO]   loss: 0.0000,	steps: 5950/10160,	epoch: 9,	learning_rate: 4.41994750656168e-06
2024-09-24 16:55:23 [INFO]   loss: 0.0000,	steps: 6000/10160,	epoch: 9,	learning_rate: 4.36745406824147e-06
2024-09-24 16:55:45 [INFO]   loss: 0.0000,	steps: 6050/10160,	epoch: 9,	learning_rate: 4.3149606299212606e-06
2024-09-24 16:56:07 [INFO]   loss: 0.0000,	steps: 6100/10160,	epoch: 9,	learning_rate: 4.26246719160105e-06
2024-09-24 16:56:29 [INFO]   loss: 0.0000,	steps: 6150/10160,	epoch: 9,	learning_rate: 4.209973753280841e-06
2024-09-24 16:56:51 [INFO]   loss: 0.0000,	steps: 6200/10160,	epoch: 9,	learning_rate: 4.15748031496063e-06
2024-09-24 16:57:13 [INFO]   loss: 0.1250,	steps: 6250/10160,	epoch: 9,	learning_rate: 4.10498687664042e-06
2024-09-24 16:57:34 [INFO]   loss: 0.0000,	steps: 6300/10160,	epoch: 9,	learning_rate: 4.0524934383202105e-06
2024-09-24 16:57:56 [INFO]   loss: 0.0000,	steps: 6350/10160,	epoch: 9,	learning_rate: 4.000000000000001e-06
2024-09-24 17:22:00 [INFO]   第9轮的训练 测试结果为：{'R@5': 0.5222011887707039, 'R@10': 0.6916226553103484, 'RR@5': 0.836443014705883, 'RR@10': 0.8403722426470593, 'nDCG@5': 0.6377802238023589, 'nDCG@10': 0.6867295473194157}
2024-09-24 17:22:04 [INFO]   ------------------------------------------------
2024-09-24 17:22:04 [INFO]   第 9 轮已经训练完成  模型保存在 /mnt/workspace/clir/myself/output/2024-09-24/best_model
2024-09-24 17:22:04 [INFO]   ------------------------------------------------
2024-09-24 17:22:25 [INFO]   loss: 0.0003,	steps: 6400/10160,	epoch: 10,	learning_rate: 3.94750656167979e-06
2024-09-24 17:22:47 [INFO]   loss: 0.0000,	steps: 6450/10160,	epoch: 10,	learning_rate: 3.895013123359581e-06
2024-09-24 17:23:09 [INFO]   loss: 0.0000,	steps: 6500/10160,	epoch: 10,	learning_rate: 3.84251968503937e-06
2024-09-24 17:23:31 [INFO]   loss: 0.0000,	steps: 6550/10160,	epoch: 10,	learning_rate: 3.7900262467191605e-06
2024-09-24 17:23:53 [INFO]   loss: 0.0000,	steps: 6600/10160,	epoch: 10,	learning_rate: 3.73753280839895e-06
2024-09-24 17:24:16 [INFO]   loss: 0.0000,	steps: 6650/10160,	epoch: 10,	learning_rate: 3.6850393700787408e-06
2024-09-24 17:24:38 [INFO]   loss: 0.0831,	steps: 6700/10160,	epoch: 10,	learning_rate: 3.6325459317585305e-06
2024-09-24 17:25:00 [INFO]   loss: 0.0000,	steps: 6750/10160,	epoch: 10,	learning_rate: 3.5800524934383207e-06
2024-09-24 17:25:22 [INFO]   loss: 0.0000,	steps: 6800/10160,	epoch: 10,	learning_rate: 3.5275590551181104e-06
2024-09-24 17:25:44 [INFO]   loss: 0.0008,	steps: 6850/10160,	epoch: 10,	learning_rate: 3.4750656167979006e-06
2024-09-24 17:26:06 [INFO]   loss: 0.0000,	steps: 6900/10160,	epoch: 10,	learning_rate: 3.4225721784776907e-06
2024-09-24 17:26:28 [INFO]   loss: 0.0000,	steps: 6950/10160,	epoch: 10,	learning_rate: 3.370078740157481e-06
2024-09-24 17:50:50 [INFO]   第10轮的训练 测试结果为：{'R@5': 0.5250360835915554, 'R@10': 0.7009637014866708, 'RR@5': 0.8444393382352947, 'RR@10': 0.8490710346638659, 'nDCG@5': 0.6444764708783746, 'nDCG@10': 0.6941593054530968}
2024-09-24 17:50:53 [INFO]   ------------------------------------------------
2024-09-24 17:50:53 [INFO]   第 10 轮已经训练完成  模型保存在 /mnt/workspace/clir/myself/output/2024-09-24/best_model
2024-09-24 17:50:53 [INFO]   ------------------------------------------------
2024-09-24 17:51:00 [INFO]   loss: 0.0000,	steps: 7000/10160,	epoch: 11,	learning_rate: 3.3175853018372706e-06
2024-09-24 17:51:22 [INFO]   loss: 0.0000,	steps: 7050/10160,	epoch: 11,	learning_rate: 3.2650918635170608e-06
2024-09-24 17:51:44 [INFO]   loss: 0.0000,	steps: 7100/10160,	epoch: 11,	learning_rate: 3.2125984251968505e-06
2024-09-24 17:52:06 [INFO]   loss: 0.0000,	steps: 7150/10160,	epoch: 11,	learning_rate: 3.160104986876641e-06
2024-09-24 17:52:28 [INFO]   loss: 0.0000,	steps: 7200/10160,	epoch: 11,	learning_rate: 3.107611548556431e-06
2024-09-24 17:52:50 [INFO]   loss: 0.0002,	steps: 7250/10160,	epoch: 11,	learning_rate: 3.055118110236221e-06
2024-09-24 17:53:12 [INFO]   loss: 0.0000,	steps: 7300/10160,	epoch: 11,	learning_rate: 3.0026246719160107e-06
2024-09-24 17:53:33 [INFO]   loss: 0.0000,	steps: 7350/10160,	epoch: 11,	learning_rate: 2.950131233595801e-06
2024-09-24 17:53:55 [INFO]   loss: 0.0000,	steps: 7400/10160,	epoch: 11,	learning_rate: 2.8976377952755906e-06
2024-09-24 17:54:17 [INFO]   loss: 0.0000,	steps: 7450/10160,	epoch: 11,	learning_rate: 2.8451443569553812e-06
2024-09-24 17:54:39 [INFO]   loss: 0.0000,	steps: 7500/10160,	epoch: 11,	learning_rate: 2.792650918635171e-06
2024-09-24 17:55:01 [INFO]   loss: 0.0000,	steps: 7550/10160,	epoch: 11,	learning_rate: 2.740157480314961e-06
2024-09-24 17:55:22 [INFO]   loss: 0.0000,	steps: 7600/10160,	epoch: 11,	learning_rate: 2.687664041994751e-06
2024-09-24 18:19:35 [INFO]   第11轮的训练 测试结果为：{'R@5': 0.5274808571589519, 'R@10': 0.6944076220846633, 'RR@5': 0.8452971813725495, 'RR@10': 0.8493912669234363, 'nDCG@5': 0.6437290344426906, 'nDCG@10': 0.6924630405844647}
2024-09-24 18:19:48 [INFO]   loss: 0.0000,	steps: 7650/10160,	epoch: 12,	learning_rate: 2.635170603674541e-06
2024-09-24 18:20:11 [INFO]   loss: 0.0000,	steps: 7700/10160,	epoch: 12,	learning_rate: 2.5826771653543307e-06
2024-09-24 18:20:33 [INFO]   loss: 0.1155,	steps: 7750/10160,	epoch: 12,	learning_rate: 2.5301837270341213e-06
2024-09-24 18:20:54 [INFO]   loss: 0.0000,	steps: 7800/10160,	epoch: 12,	learning_rate: 2.477690288713911e-06
2024-09-24 18:21:17 [INFO]   loss: 0.0000,	steps: 7850/10160,	epoch: 12,	learning_rate: 2.425196850393701e-06
2024-09-24 18:21:38 [INFO]   loss: 0.0000,	steps: 7900/10160,	epoch: 12,	learning_rate: 2.372703412073491e-06
2024-09-24 18:22:00 [INFO]   loss: 0.1000,	steps: 7950/10160,	epoch: 12,	learning_rate: 2.320209973753281e-06
2024-09-24 18:22:22 [INFO]   loss: 0.0000,	steps: 8000/10160,	epoch: 12,	learning_rate: 2.267716535433071e-06
2024-09-24 18:22:44 [INFO]   loss: 0.0000,	steps: 8050/10160,	epoch: 12,	learning_rate: 2.215223097112861e-06
2024-09-24 18:23:06 [INFO]   loss: 0.0000,	steps: 8100/10160,	epoch: 12,	learning_rate: 2.162729658792651e-06
2024-09-24 18:23:28 [INFO]   loss: 0.0000,	steps: 8150/10160,	epoch: 12,	learning_rate: 2.110236220472441e-06
2024-09-24 18:23:50 [INFO]   loss: 0.1250,	steps: 8200/10160,	epoch: 12,	learning_rate: 2.057742782152231e-06
2024-09-24 18:24:12 [INFO]   loss: 0.0000,	steps: 8250/10160,	epoch: 12,	learning_rate: 2.0052493438320212e-06
2024-09-24 18:48:19 [INFO]   第12轮的训练 测试结果为：{'R@5': 0.5308377155318267, 'R@10': 0.6991967551078959, 'RR@5': 0.8468137254901965, 'RR@10': 0.8509709091970122, 'nDCG@5': 0.6465384307337241, 'nDCG@10': 0.6947323475392683}
2024-09-24 18:48:23 [INFO]   ------------------------------------------------
2024-09-24 18:48:23 [INFO]   第 12 轮已经训练完成  模型保存在 /mnt/workspace/clir/myself/output/2024-09-24/best_model
2024-09-24 18:48:23 [INFO]   ------------------------------------------------
2024-09-24 18:48:42 [INFO]   loss: 0.0000,	steps: 8300/10160,	epoch: 13,	learning_rate: 1.952755905511811e-06
2024-09-24 18:49:04 [INFO]   loss: 0.0000,	steps: 8350/10160,	epoch: 13,	learning_rate: 1.9002624671916011e-06
2024-09-24 18:49:26 [INFO]   loss: 0.0000,	steps: 8400/10160,	epoch: 13,	learning_rate: 1.8477690288713913e-06
2024-09-24 18:49:48 [INFO]   loss: 0.0000,	steps: 8450/10160,	epoch: 13,	learning_rate: 1.7952755905511812e-06
2024-09-24 18:50:10 [INFO]   loss: 0.0000,	steps: 8500/10160,	epoch: 13,	learning_rate: 1.7427821522309712e-06
2024-09-24 18:50:32 [INFO]   loss: 0.0000,	steps: 8550/10160,	epoch: 13,	learning_rate: 1.6902887139107613e-06
2024-09-24 18:50:54 [INFO]   loss: 0.0000,	steps: 8600/10160,	epoch: 13,	learning_rate: 1.6377952755905513e-06
2024-09-24 18:51:16 [INFO]   loss: 0.0000,	steps: 8650/10160,	epoch: 13,	learning_rate: 1.5853018372703412e-06
2024-09-24 18:51:38 [INFO]   loss: 0.0000,	steps: 8700/10160,	epoch: 13,	learning_rate: 1.5328083989501314e-06
2024-09-24 18:51:59 [INFO]   loss: 0.0000,	steps: 8750/10160,	epoch: 13,	learning_rate: 1.4803149606299213e-06
2024-09-24 18:52:22 [INFO]   loss: 0.0000,	steps: 8800/10160,	epoch: 13,	learning_rate: 1.4278215223097113e-06
2024-09-24 18:52:44 [INFO]   loss: 0.0000,	steps: 8850/10160,	epoch: 13,	learning_rate: 1.3753280839895015e-06
2024-09-24 19:17:05 [INFO]   第13轮的训练 测试结果为：{'R@5': 0.5337018706814599, 'R@10': 0.7017711711250035, 'RR@5': 0.8504748774509809, 'RR@10': 0.8553651669000936, 'nDCG@5': 0.650208051310531, 'nDCG@10': 0.6981954616904629}
2024-09-24 19:17:09 [INFO]   ------------------------------------------------
2024-09-24 19:17:09 [INFO]   第 13 轮已经训练完成  模型保存在 /mnt/workspace/clir/myself/output/2024-09-24/best_model
2024-09-24 19:17:09 [INFO]   ------------------------------------------------
2024-09-24 19:17:13 [INFO]   loss: 0.0000,	steps: 8900/10160,	epoch: 14,	learning_rate: 1.3228346456692914e-06
2024-09-24 19:17:35 [INFO]   loss: 0.0000,	steps: 8950/10160,	epoch: 14,	learning_rate: 1.2703412073490814e-06
2024-09-24 19:17:57 [INFO]   loss: 0.0000,	steps: 9000/10160,	epoch: 14,	learning_rate: 1.2178477690288715e-06
2024-09-24 19:18:19 [INFO]   loss: 0.0000,	steps: 9050/10160,	epoch: 14,	learning_rate: 1.1653543307086615e-06
2024-09-24 19:18:41 [INFO]   loss: 0.0000,	steps: 9100/10160,	epoch: 14,	learning_rate: 1.1128608923884516e-06
2024-09-24 19:19:04 [INFO]   loss: 0.0000,	steps: 9150/10160,	epoch: 14,	learning_rate: 1.0603674540682416e-06
2024-09-24 19:19:25 [INFO]   loss: 0.0000,	steps: 9200/10160,	epoch: 14,	learning_rate: 1.0078740157480315e-06
2024-09-24 19:19:47 [INFO]   loss: 0.0000,	steps: 9250/10160,	epoch: 14,	learning_rate: 9.553805774278217e-07
2024-09-24 19:20:09 [INFO]   loss: 0.0000,	steps: 9300/10160,	epoch: 14,	learning_rate: 9.028871391076116e-07
2024-09-24 19:20:31 [INFO]   loss: 0.0000,	steps: 9350/10160,	epoch: 14,	learning_rate: 8.503937007874017e-07
2024-09-24 19:20:53 [INFO]   loss: 0.0000,	steps: 9400/10160,	epoch: 14,	learning_rate: 7.979002624671916e-07
2024-09-24 19:21:15 [INFO]   loss: 0.0000,	steps: 9450/10160,	epoch: 14,	learning_rate: 7.454068241469817e-07
2024-09-24 19:21:37 [INFO]   loss: 0.0000,	steps: 9500/10160,	epoch: 14,	learning_rate: 6.929133858267717e-07
2024-09-24 19:45:52 [INFO]   第14轮的训练 测试结果为：{'R@5': 0.5371151996747856, 'R@10': 0.7058022201569116, 'RR@5': 0.8504289215686281, 'RR@10': 0.8546302375116718, 'nDCG@5': 0.6535239683111496, 'nDCG@10': 0.700355887809605}
2024-09-24 19:45:56 [INFO]   ------------------------------------------------
2024-09-24 19:45:56 [INFO]   第 14 轮已经训练完成  模型保存在 /mnt/workspace/clir/myself/output/2024-09-24/best_model
2024-09-24 19:45:56 [INFO]   ------------------------------------------------
2024-09-24 19:46:07 [INFO]   loss: 0.0000,	steps: 9550/10160,	epoch: 15,	learning_rate: 6.404199475065617e-07
2024-09-24 19:46:30 [INFO]   loss: 0.0000,	steps: 9600/10160,	epoch: 15,	learning_rate: 5.879265091863517e-07
2024-09-24 19:46:52 [INFO]   loss: 0.0000,	steps: 9650/10160,	epoch: 15,	learning_rate: 5.354330708661418e-07
2024-09-24 19:47:14 [INFO]   loss: 0.0000,	steps: 9700/10160,	epoch: 15,	learning_rate: 4.829396325459318e-07
2024-09-24 19:47:35 [INFO]   loss: 0.0000,	steps: 9750/10160,	epoch: 15,	learning_rate: 4.304461942257218e-07
2024-09-24 19:47:57 [INFO]   loss: 0.0000,	steps: 9800/10160,	epoch: 15,	learning_rate: 3.7795275590551184e-07
2024-09-24 19:48:19 [INFO]   loss: 0.0000,	steps: 9850/10160,	epoch: 15,	learning_rate: 3.2545931758530185e-07
2024-09-24 19:48:41 [INFO]   loss: 0.0000,	steps: 9900/10160,	epoch: 15,	learning_rate: 2.729658792650919e-07
2024-09-24 19:49:02 [INFO]   loss: 0.0000,	steps: 9950/10160,	epoch: 15,	learning_rate: 2.204724409448819e-07
2024-09-24 19:49:24 [INFO]   loss: 0.0000,	steps: 10000/10160,	epoch: 15,	learning_rate: 1.6797900262467193e-07
2024-09-24 19:49:46 [INFO]   loss: 0.0000,	steps: 10050/10160,	epoch: 15,	learning_rate: 1.1548556430446196e-07
2024-09-24 19:50:07 [INFO]   loss: 0.0000,	steps: 10100/10160,	epoch: 15,	learning_rate: 6.299212598425197e-08
2024-09-24 19:50:30 [INFO]   loss: 0.0000,	steps: 10150/10160,	epoch: 15,	learning_rate: 1.0498687664041996e-08
2024-09-24 20:14:37 [INFO]   第15轮的训练 测试结果为：{'R@5': 0.5384922665778317, 'R@10': 0.7053277381241064, 'RR@5': 0.8533088235294123, 'RR@10': 0.8574897146358545, 'nDCG@5': 0.6559766268183397, 'nDCG@10': 0.701417930281813}
2024-09-24 20:14:41 [INFO]   ------------------------------------------------
2024-09-24 20:14:41 [INFO]   第 15 轮已经训练完成  模型保存在 /mnt/workspace/clir/myself/output/2024-09-24/best_model
2024-09-24 20:14:41 [INFO]   ------------------------------------------------
2024-09-24 20:14:41 [INFO]   ------------------------------------------------
2024-09-24 20:14:41 [INFO]   所有epoch的平均评测指标为: {'R@5': 0.5072318782675028, 'R@10': 0.6738389454900767, 'RR@5': 0.8190104166666674, 'RR@10': 0.8238244549121736, 'nDCG@5': 0.6148392325533848, 'nDCG@10': 0.6633262761589603}
2024-09-24 20:14:41 [INFO]   ------------------------------------------------
