2024-09-27 22:18:35 [INFO]   ***** Running training *****
2024-09-27 22:18:35 [INFO]   当前时间: 2024-09-27 22:18:35
2024-09-27 22:18:35 [INFO]   Num examples = 5087
2024-09-27 22:18:35 [INFO]   Num Epochs = 16
2024-09-27 22:18:35 [INFO]   Instantaneous batch size per device = 8
2024-09-27 22:18:35 [INFO]   Total train batch size (w. parallel, distributed & accumulation) = 16
2024-09-27 22:18:35 [INFO]   Total optimization steps = 10160
2024-09-27 22:18:35 [INFO]   训练的设备: cuda, 设备编号: 0
2024-09-27 22:18:59 [INFO]   loss: 3.6161,	steps: 50/10160,	epoch: 0,	learning_rate: 7.874015748031496e-07
2024-09-27 22:19:22 [INFO]   loss: 1.8726,	steps: 100/10160,	epoch: 0,	learning_rate: 1.5748031496062992e-06
2024-09-27 22:19:46 [INFO]   loss: 1.2981,	steps: 150/10160,	epoch: 0,	learning_rate: 2.362204724409449e-06
2024-09-27 22:20:09 [INFO]   loss: 0.7697,	steps: 200/10160,	epoch: 0,	learning_rate: 3.1496062992125985e-06
2024-09-27 22:20:32 [INFO]   loss: 0.9307,	steps: 250/10160,	epoch: 0,	learning_rate: 3.937007874015748e-06
2024-09-27 22:20:55 [INFO]   loss: 0.8978,	steps: 300/10160,	epoch: 0,	learning_rate: 4.724409448818898e-06
2024-09-27 22:21:19 [INFO]   loss: 0.4644,	steps: 350/10160,	epoch: 0,	learning_rate: 5.511811023622048e-06
2024-09-27 22:21:42 [INFO]   loss: 0.4904,	steps: 400/10160,	epoch: 0,	learning_rate: 6.299212598425197e-06
2024-09-27 22:22:05 [INFO]   loss: 0.2204,	steps: 450/10160,	epoch: 0,	learning_rate: 7.086614173228347e-06
2024-09-27 22:22:29 [INFO]   loss: 0.5133,	steps: 500/10160,	epoch: 0,	learning_rate: 7.874015748031496e-06
2024-09-27 22:22:52 [INFO]   loss: 0.3017,	steps: 550/10160,	epoch: 0,	learning_rate: 8.661417322834647e-06
2024-09-27 22:23:16 [INFO]   loss: 0.4019,	steps: 600/10160,	epoch: 0,	learning_rate: 9.448818897637797e-06
