2024-09-29 17:51:39 [INFO]   batch_size: 16, epoch: 16
2024-09-29 17:51:39 [INFO]   知识对比学习损失的权重: 0.6
2024-09-29 17:51:39 [INFO]   学习率:
2024-09-29 17:51:39 [INFO]       mbert 编码器: 1e-5
2024-09-29 17:51:39 [INFO]       query_knowledge_fusion: 1e-3
2024-09-29 17:51:39 [INFO]       GCN: 1e-3
2024-09-29 17:51:39 [INFO]       classifier: 1e-3
2024-09-29 17:51:39 [INFO]   ***** Running training *****
2024-09-29 17:51:39 [INFO]   当前时间: 2024-09-29 17:51:39
2024-09-29 17:51:39 [INFO]   Num examples = 5087
2024-09-29 17:51:39 [INFO]   Num Epochs = 16
2024-09-29 17:51:39 [INFO]   Instantaneous batch size per device = 8
2024-09-29 17:51:39 [INFO]   Total train batch size (w. parallel, distributed & accumulation) = 16
2024-09-29 17:51:39 [INFO]   Total optimization steps = 10160
2024-09-29 17:51:39 [INFO]   训练的设备: cuda, 设备编号: 0
2024-09-29 17:52:03 [INFO]   loss: 2.2712,	steps: 50/10160,	epoch: 0,	learning_rate: 7.874015748031496e-07
2024-09-29 17:52:26 [INFO]   loss: 1.2323,	steps: 100/10160,	epoch: 0,	learning_rate: 1.5748031496062992e-06
2024-09-29 17:52:49 [INFO]   loss: 0.8113,	steps: 150/10160,	epoch: 0,	learning_rate: 2.362204724409449e-06
2024-09-29 17:53:12 [INFO]   loss: 0.4776,	steps: 200/10160,	epoch: 0,	learning_rate: 3.1496062992125985e-06
2024-09-29 17:53:35 [INFO]   loss: 0.5462,	steps: 250/10160,	epoch: 0,	learning_rate: 3.937007874015748e-06
2024-09-29 17:53:58 [INFO]   loss: 0.5935,	steps: 300/10160,	epoch: 0,	learning_rate: 4.724409448818898e-06
2024-09-29 17:54:21 [INFO]   loss: 0.3541,	steps: 350/10160,	epoch: 0,	learning_rate: 5.511811023622048e-06
2024-09-29 17:54:44 [INFO]   loss: 0.3127,	steps: 400/10160,	epoch: 0,	learning_rate: 6.299212598425197e-06
2024-09-29 17:55:07 [INFO]   loss: 0.2838,	steps: 450/10160,	epoch: 0,	learning_rate: 7.086614173228347e-06
2024-09-29 17:55:31 [INFO]   loss: 0.2852,	steps: 500/10160,	epoch: 0,	learning_rate: 7.874015748031496e-06
2024-09-29 17:55:54 [INFO]   loss: 0.1911,	steps: 550/10160,	epoch: 0,	learning_rate: 8.661417322834647e-06
2024-09-29 17:56:17 [INFO]   loss: 0.1842,	steps: 600/10160,	epoch: 0,	learning_rate: 9.448818897637797e-06
