2024-11-16 11:50:36 [INFO]   batch_size: 16, epoch: 16
2024-11-16 11:50:36 [INFO]   知识对比学习损失的权重: 0.6
2024-11-16 11:50:36 [INFO]   学习率:
2024-11-16 11:50:36 [INFO]       mbert 编码器: 1e-5
2024-11-16 11:50:36 [INFO]       query_knowledge_fusion: 1e-3
2024-11-16 11:50:36 [INFO]       GCN: 1e-3
2024-11-16 11:50:36 [INFO]       classifier: 1e-3
2024-11-16 11:50:36 [INFO]   v_kg: mean pooling
2024-11-16 11:50:36 [INFO]   相邻实体数量 2
2024-11-16 11:50:36 [INFO]   ***** Running training *****
2024-11-16 11:50:36 [INFO]   当前时间: 2024-11-16 11:50:36
2024-11-16 11:50:36 [INFO]   Num examples = 5087
2024-11-16 11:50:36 [INFO]   Num Epochs = 16
2024-11-16 11:50:36 [INFO]   Instantaneous batch size per device = 8
2024-11-16 11:50:36 [INFO]   Total train batch size (w. parallel, distributed & accumulation) = 16
2024-11-16 11:50:36 [INFO]   Total optimization steps = 10160
2024-11-16 11:50:36 [INFO]   训练的设备: cuda, 设备编号: 0
2024-11-16 11:50:57 [INFO]   loss: 2.1589,	steps: 50/10160,	epoch: 0,	learning_rate: 7.874015748031496e-07
2024-11-16 11:51:17 [INFO]   loss: 1.3107,	steps: 100/10160,	epoch: 0,	learning_rate: 1.5748031496062992e-06
2024-11-16 11:51:39 [INFO]   loss: 0.7767,	steps: 150/10160,	epoch: 0,	learning_rate: 2.362204724409449e-06
2024-11-16 11:52:00 [INFO]   loss: 0.3869,	steps: 200/10160,	epoch: 0,	learning_rate: 3.1496062992125985e-06
2024-11-16 11:52:21 [INFO]   loss: 0.6224,	steps: 250/10160,	epoch: 0,	learning_rate: 3.937007874015748e-06
2024-11-16 11:52:42 [INFO]   loss: 0.5264,	steps: 300/10160,	epoch: 0,	learning_rate: 4.724409448818898e-06
2024-11-16 11:53:03 [INFO]   loss: 0.2505,	steps: 350/10160,	epoch: 0,	learning_rate: 5.511811023622048e-06
2024-11-16 11:53:24 [INFO]   loss: 0.6073,	steps: 400/10160,	epoch: 0,	learning_rate: 6.299212598425197e-06
2024-11-16 11:53:45 [INFO]   loss: 0.1788,	steps: 450/10160,	epoch: 0,	learning_rate: 7.086614173228347e-06
2024-11-16 11:54:07 [INFO]   loss: 0.1825,	steps: 500/10160,	epoch: 0,	learning_rate: 7.874015748031496e-06
2024-11-16 11:54:27 [INFO]   loss: 0.2093,	steps: 550/10160,	epoch: 0,	learning_rate: 8.661417322834647e-06
2024-11-16 11:54:48 [INFO]   loss: 0.1723,	steps: 600/10160,	epoch: 0,	learning_rate: 9.448818897637797e-06
2024-11-16 12:17:35 [INFO]   第0轮的训练 测试结果为：{'R@5': 0.44273217807884213, 'R@10': 0.6174600739340728, 'RR@5': 0.7459712009803927, 'RR@10': 0.752631886087769, 'nDCG@5': 0.5281140110185426, 'nDCG@10': 0.5846700722305619}
2024-11-16 12:17:36 [INFO]   ------------------------------------------------
2024-11-16 12:17:36 [INFO]   第 0 轮已经训练完成  模型保存在 /mnt/workspace/clir/myself/output/2024-11-16/best_model
2024-11-16 12:17:36 [INFO]   ------------------------------------------------
2024-11-16 12:17:42 [INFO]   loss: 0.1328,	steps: 650/10160,	epoch: 1,	learning_rate: 9.984251968503938e-06
2024-11-16 12:18:03 [INFO]   loss: 0.0892,	steps: 700/10160,	epoch: 1,	learning_rate: 9.931758530183728e-06
2024-11-16 12:18:24 [INFO]   loss: 0.1598,	steps: 750/10160,	epoch: 1,	learning_rate: 9.879265091863518e-06
2024-11-16 12:18:46 [INFO]   loss: 0.2088,	steps: 800/10160,	epoch: 1,	learning_rate: 9.826771653543308e-06
2024-11-16 12:19:07 [INFO]   loss: 0.2731,	steps: 850/10160,	epoch: 1,	learning_rate: 9.774278215223098e-06
2024-11-16 12:19:28 [INFO]   loss: 0.3287,	steps: 900/10160,	epoch: 1,	learning_rate: 9.721784776902888e-06
2024-11-16 12:19:50 [INFO]   loss: 0.1058,	steps: 950/10160,	epoch: 1,	learning_rate: 9.669291338582679e-06
2024-11-16 12:20:11 [INFO]   loss: 0.2789,	steps: 1000/10160,	epoch: 1,	learning_rate: 9.616797900262467e-06
2024-11-16 12:20:32 [INFO]   loss: 0.3045,	steps: 1050/10160,	epoch: 1,	learning_rate: 9.564304461942257e-06
2024-11-16 12:20:53 [INFO]   loss: 0.4627,	steps: 1100/10160,	epoch: 1,	learning_rate: 9.511811023622049e-06
2024-11-16 12:21:14 [INFO]   loss: 0.0557,	steps: 1150/10160,	epoch: 1,	learning_rate: 9.459317585301838e-06
2024-11-16 12:21:34 [INFO]   loss: 0.2154,	steps: 1200/10160,	epoch: 1,	learning_rate: 9.406824146981628e-06
2024-11-16 12:21:55 [INFO]   loss: 0.1401,	steps: 1250/10160,	epoch: 1,	learning_rate: 9.354330708661418e-06
2024-11-16 12:44:36 [INFO]   第1轮的训练 测试结果为：{'R@5': 0.47919265959958646, 'R@10': 0.6357634432759562, 'RR@5': 0.8024203431372559, 'RR@10': 0.8082173494397764, 'nDCG@5': 0.5935255510610195, 'nDCG@10': 0.6382570456072305}
2024-11-16 12:44:39 [INFO]   ------------------------------------------------
2024-11-16 12:44:39 [INFO]   第 1 轮已经训练完成  模型保存在 /mnt/workspace/clir/myself/output/2024-11-16/best_model
2024-11-16 12:44:39 [INFO]   ------------------------------------------------
2024-11-16 12:44:51 [INFO]   loss: 0.0438,	steps: 1300/10160,	epoch: 2,	learning_rate: 9.301837270341208e-06
2024-11-16 12:45:13 [INFO]   loss: 0.0950,	steps: 1350/10160,	epoch: 2,	learning_rate: 9.249343832020998e-06
2024-11-16 12:45:34 [INFO]   loss: 0.1623,	steps: 1400/10160,	epoch: 2,	learning_rate: 9.196850393700788e-06
2024-11-16 12:45:55 [INFO]   loss: 0.1685,	steps: 1450/10160,	epoch: 2,	learning_rate: 9.144356955380579e-06
2024-11-16 12:46:16 [INFO]   loss: 0.1435,	steps: 1500/10160,	epoch: 2,	learning_rate: 9.091863517060369e-06
2024-11-16 12:46:37 [INFO]   loss: 0.1236,	steps: 1550/10160,	epoch: 2,	learning_rate: 9.039370078740159e-06
2024-11-16 12:46:58 [INFO]   loss: 0.1120,	steps: 1600/10160,	epoch: 2,	learning_rate: 8.986876640419947e-06
2024-11-16 12:47:19 [INFO]   loss: 0.0907,	steps: 1650/10160,	epoch: 2,	learning_rate: 8.934383202099738e-06
2024-11-16 12:47:40 [INFO]   loss: 0.3743,	steps: 1700/10160,	epoch: 2,	learning_rate: 8.88188976377953e-06
2024-11-16 12:48:01 [INFO]   loss: 0.1947,	steps: 1750/10160,	epoch: 2,	learning_rate: 8.829396325459318e-06
2024-11-16 12:48:22 [INFO]   loss: 0.4900,	steps: 1800/10160,	epoch: 2,	learning_rate: 8.776902887139108e-06
2024-11-16 12:48:43 [INFO]   loss: 0.0395,	steps: 1850/10160,	epoch: 2,	learning_rate: 8.724409448818898e-06
2024-11-16 12:49:04 [INFO]   loss: 0.0816,	steps: 1900/10160,	epoch: 2,	learning_rate: 8.671916010498688e-06
2024-11-16 13:11:37 [INFO]   第2轮的训练 测试结果为：{'R@5': 0.4997134291895712, 'R@10': 0.6719293869001682, 'RR@5': 0.8189031862745104, 'RR@10': 0.8238146300186743, 'nDCG@5': 0.6100888513559565, 'nDCG@10': 0.6611297909368784}
2024-11-16 13:11:39 [INFO]   ------------------------------------------------
2024-11-16 13:11:39 [INFO]   第 2 轮已经训练完成  模型保存在 /mnt/workspace/clir/myself/output/2024-11-16/best_model
2024-11-16 13:11:39 [INFO]   ------------------------------------------------
2024-11-16 13:11:59 [INFO]   loss: 0.0807,	steps: 1950/10160,	epoch: 3,	learning_rate: 8.619422572178478e-06
2024-11-16 13:12:19 [INFO]   loss: 0.0744,	steps: 2000/10160,	epoch: 3,	learning_rate: 8.566929133858269e-06
2024-11-16 13:12:40 [INFO]   loss: 0.1169,	steps: 2050/10160,	epoch: 3,	learning_rate: 8.514435695538059e-06
2024-11-16 13:13:01 [INFO]   loss: 0.2047,	steps: 2100/10160,	epoch: 3,	learning_rate: 8.461942257217849e-06
2024-11-16 13:13:22 [INFO]   loss: 0.0301,	steps: 2150/10160,	epoch: 3,	learning_rate: 8.409448818897639e-06
2024-11-16 13:13:43 [INFO]   loss: 0.0866,	steps: 2200/10160,	epoch: 3,	learning_rate: 8.356955380577428e-06
2024-11-16 13:14:04 [INFO]   loss: 0.1654,	steps: 2250/10160,	epoch: 3,	learning_rate: 8.304461942257218e-06
2024-11-16 13:14:25 [INFO]   loss: 0.0444,	steps: 2300/10160,	epoch: 3,	learning_rate: 8.25196850393701e-06
2024-11-16 13:14:47 [INFO]   loss: 0.0298,	steps: 2350/10160,	epoch: 3,	learning_rate: 8.199475065616798e-06
2024-11-16 13:15:07 [INFO]   loss: 0.0679,	steps: 2400/10160,	epoch: 3,	learning_rate: 8.146981627296588e-06
2024-11-16 13:15:29 [INFO]   loss: 0.0790,	steps: 2450/10160,	epoch: 3,	learning_rate: 8.094488188976378e-06
2024-11-16 13:15:50 [INFO]   loss: 0.1071,	steps: 2500/10160,	epoch: 3,	learning_rate: 8.041994750656169e-06
2024-11-16 13:38:39 [INFO]   第3轮的训练 测试结果为：{'R@5': 0.5079406031216418, 'R@10': 0.673123614241923, 'RR@5': 0.8222579656862753, 'RR@10': 0.8272901348039221, 'nDCG@5': 0.6188966038306086, 'nDCG@10': 0.6659846174907021}
2024-11-16 13:38:41 [INFO]   ------------------------------------------------
2024-11-16 13:38:41 [INFO]   第 3 轮已经训练完成  模型保存在 /mnt/workspace/clir/myself/output/2024-11-16/best_model
2024-11-16 13:38:41 [INFO]   ------------------------------------------------
2024-11-16 13:38:46 [INFO]   loss: 0.0304,	steps: 2550/10160,	epoch: 4,	learning_rate: 7.989501312335959e-06
2024-11-16 13:39:07 [INFO]   loss: 0.0081,	steps: 2600/10160,	epoch: 4,	learning_rate: 7.937007874015749e-06
2024-11-16 13:39:27 [INFO]   loss: 0.1216,	steps: 2650/10160,	epoch: 4,	learning_rate: 7.884514435695539e-06
2024-11-16 13:39:48 [INFO]   loss: 0.1229,	steps: 2700/10160,	epoch: 4,	learning_rate: 7.83202099737533e-06
2024-11-16 13:40:09 [INFO]   loss: 0.0310,	steps: 2750/10160,	epoch: 4,	learning_rate: 7.77952755905512e-06
2024-11-16 13:40:30 [INFO]   loss: 0.1163,	steps: 2800/10160,	epoch: 4,	learning_rate: 7.72703412073491e-06
2024-11-16 13:40:52 [INFO]   loss: 0.0851,	steps: 2850/10160,	epoch: 4,	learning_rate: 7.674540682414698e-06
2024-11-16 13:41:14 [INFO]   loss: 0.0094,	steps: 2900/10160,	epoch: 4,	learning_rate: 7.622047244094489e-06
2024-11-16 13:41:35 [INFO]   loss: 0.1389,	steps: 2950/10160,	epoch: 4,	learning_rate: 7.569553805774279e-06
2024-11-16 13:41:56 [INFO]   loss: 0.1485,	steps: 3000/10160,	epoch: 4,	learning_rate: 7.5170603674540684e-06
2024-11-16 13:42:17 [INFO]   loss: 0.1396,	steps: 3050/10160,	epoch: 4,	learning_rate: 7.464566929133859e-06
2024-11-16 13:42:39 [INFO]   loss: 0.0483,	steps: 3100/10160,	epoch: 4,	learning_rate: 7.41207349081365e-06
2024-11-16 13:42:59 [INFO]   loss: 0.0852,	steps: 3150/10160,	epoch: 4,	learning_rate: 7.359580052493439e-06
2024-11-16 14:05:45 [INFO]   第4轮的训练 测试结果为：{'R@5': 0.518856499910848, 'R@10': 0.6862833410276845, 'RR@5': 0.8338235294117652, 'RR@10': 0.8378588935574233, 'nDCG@5': 0.6282012317794832, 'nDCG@10': 0.6766183431017688}
2024-11-16 14:05:48 [INFO]   ------------------------------------------------
2024-11-16 14:05:48 [INFO]   第 4 轮已经训练完成  模型保存在 /mnt/workspace/clir/myself/output/2024-11-16/best_model
2024-11-16 14:05:48 [INFO]   ------------------------------------------------
2024-11-16 14:05:58 [INFO]   loss: 0.1798,	steps: 3200/10160,	epoch: 5,	learning_rate: 7.307086614173229e-06
2024-11-16 14:06:19 [INFO]   loss: 0.0196,	steps: 3250/10160,	epoch: 5,	learning_rate: 7.254593175853018e-06
2024-11-16 14:06:40 [INFO]   loss: 0.0188,	steps: 3300/10160,	epoch: 5,	learning_rate: 7.202099737532809e-06
2024-11-16 14:07:01 [INFO]   loss: 0.0833,	steps: 3350/10160,	epoch: 5,	learning_rate: 7.1496062992125995e-06
2024-11-16 14:07:22 [INFO]   loss: 0.0559,	steps: 3400/10160,	epoch: 5,	learning_rate: 7.097112860892389e-06
2024-11-16 14:07:43 [INFO]   loss: 0.0698,	steps: 3450/10160,	epoch: 5,	learning_rate: 7.044619422572179e-06
2024-11-16 14:08:05 [INFO]   loss: 0.0451,	steps: 3500/10160,	epoch: 5,	learning_rate: 6.992125984251969e-06
2024-11-16 14:08:26 [INFO]   loss: 0.0238,	steps: 3550/10160,	epoch: 5,	learning_rate: 6.939632545931759e-06
2024-11-16 14:08:47 [INFO]   loss: 0.0758,	steps: 3600/10160,	epoch: 5,	learning_rate: 6.887139107611549e-06
2024-11-16 14:09:08 [INFO]   loss: 0.0198,	steps: 3650/10160,	epoch: 5,	learning_rate: 6.834645669291339e-06
2024-11-16 14:09:29 [INFO]   loss: 0.1573,	steps: 3700/10160,	epoch: 5,	learning_rate: 6.78215223097113e-06
2024-11-16 14:09:50 [INFO]   loss: 0.1664,	steps: 3750/10160,	epoch: 5,	learning_rate: 6.729658792650919e-06
2024-11-16 14:10:11 [INFO]   loss: 0.0454,	steps: 3800/10160,	epoch: 5,	learning_rate: 6.677165354330709e-06
2024-11-16 14:32:46 [INFO]   第5轮的训练 测试结果为：{'R@5': 0.5247108465561277, 'R@10': 0.6903876745666554, 'RR@5': 0.8305147058823534, 'RR@10': 0.8357135562558359, 'nDCG@5': 0.6355810914882299, 'nDCG@10': 0.6820532394088732}
2024-11-16 14:32:48 [INFO]   ------------------------------------------------
2024-11-16 14:32:48 [INFO]   第 5 轮已经训练完成  模型保存在 /mnt/workspace/clir/myself/output/2024-11-16/best_model
2024-11-16 14:32:48 [INFO]   ------------------------------------------------
2024-11-16 14:33:05 [INFO]   loss: 0.0052,	steps: 3850/10160,	epoch: 6,	learning_rate: 6.624671916010499e-06
2024-11-16 14:33:26 [INFO]   loss: 0.0617,	steps: 3900/10160,	epoch: 6,	learning_rate: 6.57217847769029e-06
2024-11-16 14:33:47 [INFO]   loss: 0.0902,	steps: 3950/10160,	epoch: 6,	learning_rate: 6.51968503937008e-06
2024-11-16 14:34:08 [INFO]   loss: 0.0301,	steps: 4000/10160,	epoch: 6,	learning_rate: 6.467191601049869e-06
2024-11-16 14:34:29 [INFO]   loss: 0.0994,	steps: 4050/10160,	epoch: 6,	learning_rate: 6.414698162729659e-06
2024-11-16 14:34:50 [INFO]   loss: 0.1129,	steps: 4100/10160,	epoch: 6,	learning_rate: 6.362204724409449e-06
2024-11-16 14:35:11 [INFO]   loss: 0.0066,	steps: 4150/10160,	epoch: 6,	learning_rate: 6.3097112860892396e-06
2024-11-16 14:35:33 [INFO]   loss: 0.0647,	steps: 4200/10160,	epoch: 6,	learning_rate: 6.257217847769029e-06
2024-11-16 14:35:54 [INFO]   loss: 0.1907,	steps: 4250/10160,	epoch: 6,	learning_rate: 6.204724409448819e-06
2024-11-16 14:36:15 [INFO]   loss: 0.0922,	steps: 4300/10160,	epoch: 6,	learning_rate: 6.15223097112861e-06
2024-11-16 14:36:36 [INFO]   loss: 0.1501,	steps: 4350/10160,	epoch: 6,	learning_rate: 6.099737532808399e-06
2024-11-16 14:36:57 [INFO]   loss: 0.0323,	steps: 4400/10160,	epoch: 6,	learning_rate: 6.0472440944881895e-06
2024-11-16 14:59:49 [INFO]   第6轮的训练 测试结果为：{'R@5': 0.5159254349892215, 'R@10': 0.6753442449061514, 'RR@5': 0.840073529411765, 'RR@10': 0.8434235673436044, 'nDCG@5': 0.6353271467591578, 'nDCG@10': 0.6783779982635183}
2024-11-16 14:59:51 [INFO]   loss: 0.0556,	steps: 4450/10160,	epoch: 7,	learning_rate: 5.994750656167979e-06
2024-11-16 15:00:12 [INFO]   loss: 0.0507,	steps: 4500/10160,	epoch: 7,	learning_rate: 5.94225721784777e-06
2024-11-16 15:00:33 [INFO]   loss: 0.0038,	steps: 4550/10160,	epoch: 7,	learning_rate: 5.88976377952756e-06
2024-11-16 15:00:54 [INFO]   loss: 0.0548,	steps: 4600/10160,	epoch: 7,	learning_rate: 5.837270341207349e-06
2024-11-16 15:01:16 [INFO]   loss: 0.0277,	steps: 4650/10160,	epoch: 7,	learning_rate: 5.7847769028871395e-06
2024-11-16 15:01:36 [INFO]   loss: 0.0116,	steps: 4700/10160,	epoch: 7,	learning_rate: 5.7322834645669305e-06
2024-11-16 15:01:57 [INFO]   loss: 0.0469,	steps: 4750/10160,	epoch: 7,	learning_rate: 5.67979002624672e-06
2024-11-16 15:02:18 [INFO]   loss: 0.0795,	steps: 4800/10160,	epoch: 7,	learning_rate: 5.62729658792651e-06
2024-11-16 15:02:39 [INFO]   loss: 0.2083,	steps: 4850/10160,	epoch: 7,	learning_rate: 5.574803149606299e-06
2024-11-16 15:03:00 [INFO]   loss: 0.0010,	steps: 4900/10160,	epoch: 7,	learning_rate: 5.52230971128609e-06
2024-11-16 15:03:21 [INFO]   loss: 0.0356,	steps: 4950/10160,	epoch: 7,	learning_rate: 5.46981627296588e-06
2024-11-16 15:03:42 [INFO]   loss: 0.2254,	steps: 5000/10160,	epoch: 7,	learning_rate: 5.41732283464567e-06
2024-11-16 15:04:03 [INFO]   loss: 0.0655,	steps: 5050/10160,	epoch: 7,	learning_rate: 5.364829396325459e-06
2024-11-16 15:26:50 [INFO]   第7轮的训练 测试结果为：{'R@5': 0.4852682283978165, 'R@10': 0.6666041468773612, 'RR@5': 0.7790287990196083, 'RR@10': 0.7848137692577036, 'nDCG@5': 0.5663257345166359, 'nDCG@10': 0.627171583838481}
2024-11-16 15:26:58 [INFO]   loss: 0.0185,	steps: 5100/10160,	epoch: 8,	learning_rate: 5.31233595800525e-06
2024-11-16 15:27:19 [INFO]   loss: 0.0611,	steps: 5150/10160,	epoch: 8,	learning_rate: 5.25984251968504e-06
2024-11-16 15:27:40 [INFO]   loss: 0.0120,	steps: 5200/10160,	epoch: 8,	learning_rate: 5.2073490813648295e-06
2024-11-16 15:28:01 [INFO]   loss: 0.1470,	steps: 5250/10160,	epoch: 8,	learning_rate: 5.15485564304462e-06
2024-11-16 15:28:22 [INFO]   loss: 0.0135,	steps: 5300/10160,	epoch: 8,	learning_rate: 5.102362204724411e-06
2024-11-16 15:28:43 [INFO]   loss: 0.0390,	steps: 5350/10160,	epoch: 8,	learning_rate: 5.0498687664042e-06
2024-11-16 15:29:04 [INFO]   loss: 0.0431,	steps: 5400/10160,	epoch: 8,	learning_rate: 4.99737532808399e-06
2024-11-16 15:29:25 [INFO]   loss: 0.0460,	steps: 5450/10160,	epoch: 8,	learning_rate: 4.94488188976378e-06
2024-11-16 15:29:47 [INFO]   loss: 0.0407,	steps: 5500/10160,	epoch: 8,	learning_rate: 4.89238845144357e-06
2024-11-16 15:30:08 [INFO]   loss: 0.0160,	steps: 5550/10160,	epoch: 8,	learning_rate: 4.83989501312336e-06
2024-11-16 15:30:28 [INFO]   loss: 0.0491,	steps: 5600/10160,	epoch: 8,	learning_rate: 4.78740157480315e-06
2024-11-16 15:30:49 [INFO]   loss: 0.0606,	steps: 5650/10160,	epoch: 8,	learning_rate: 4.73490813648294e-06
2024-11-16 15:31:11 [INFO]   loss: 0.0442,	steps: 5700/10160,	epoch: 8,	learning_rate: 4.68241469816273e-06
2024-11-16 15:53:51 [INFO]   第8轮的训练 测试结果为：{'R@5': 0.5207396340944396, 'R@10': 0.6893329945538453, 'RR@5': 0.8399356617647065, 'RR@10': 0.8445429213352014, 'nDCG@5': 0.6350968971041965, 'nDCG@10': 0.6840135170640496}
2024-11-16 15:54:06 [INFO]   loss: 0.0052,	steps: 5750/10160,	epoch: 9,	learning_rate: 4.6299212598425204e-06
2024-11-16 15:54:27 [INFO]   loss: 0.0519,	steps: 5800/10160,	epoch: 9,	learning_rate: 4.57742782152231e-06
2024-11-16 15:54:48 [INFO]   loss: 0.0429,	steps: 5850/10160,	epoch: 9,	learning_rate: 4.5249343832021e-06
2024-11-16 15:55:10 [INFO]   loss: 0.0106,	steps: 5900/10160,	epoch: 9,	learning_rate: 4.47244094488189e-06
2024-11-16 15:55:31 [INFO]   loss: 0.0332,	steps: 5950/10160,	epoch: 9,	learning_rate: 4.41994750656168e-06
2024-11-16 15:55:51 [INFO]   loss: 0.0679,	steps: 6000/10160,	epoch: 9,	learning_rate: 4.36745406824147e-06
2024-11-16 15:56:12 [INFO]   loss: 0.0505,	steps: 6050/10160,	epoch: 9,	learning_rate: 4.3149606299212606e-06
2024-11-16 15:56:33 [INFO]   loss: 0.0053,	steps: 6100/10160,	epoch: 9,	learning_rate: 4.26246719160105e-06
2024-11-16 15:56:54 [INFO]   loss: 0.0119,	steps: 6150/10160,	epoch: 9,	learning_rate: 4.209973753280841e-06
2024-11-16 15:57:16 [INFO]   loss: 0.0213,	steps: 6200/10160,	epoch: 9,	learning_rate: 4.15748031496063e-06
2024-11-16 15:57:37 [INFO]   loss: 0.1302,	steps: 6250/10160,	epoch: 9,	learning_rate: 4.10498687664042e-06
2024-11-16 15:57:57 [INFO]   loss: 0.0386,	steps: 6300/10160,	epoch: 9,	learning_rate: 4.0524934383202105e-06
2024-11-16 15:58:18 [INFO]   loss: 0.0042,	steps: 6350/10160,	epoch: 9,	learning_rate: 4.000000000000001e-06
2024-11-16 16:20:52 [INFO]   第9轮的训练 测试结果为：{'R@5': 0.5252831311327043, 'R@10': 0.6889118156708265, 'RR@5': 0.8227787990196084, 'RR@10': 0.8256309815592912, 'nDCG@5': 0.62406973705541, 'nDCG@10': 0.6736458297590756}
2024-11-16 16:21:13 [INFO]   loss: 0.0754,	steps: 6400/10160,	epoch: 10,	learning_rate: 3.94750656167979e-06
2024-11-16 16:21:34 [INFO]   loss: 0.0151,	steps: 6450/10160,	epoch: 10,	learning_rate: 3.895013123359581e-06
2024-11-16 16:21:55 [INFO]   loss: 0.0497,	steps: 6500/10160,	epoch: 10,	learning_rate: 3.84251968503937e-06
2024-11-16 16:22:16 [INFO]   loss: 0.0261,	steps: 6550/10160,	epoch: 10,	learning_rate: 3.7900262467191605e-06
2024-11-16 16:22:37 [INFO]   loss: 0.0081,	steps: 6600/10160,	epoch: 10,	learning_rate: 3.73753280839895e-06
2024-11-16 16:22:59 [INFO]   loss: 0.1649,	steps: 6650/10160,	epoch: 10,	learning_rate: 3.6850393700787408e-06
2024-11-16 16:23:20 [INFO]   loss: 0.0072,	steps: 6700/10160,	epoch: 10,	learning_rate: 3.6325459317585305e-06
2024-11-16 16:23:41 [INFO]   loss: 0.0559,	steps: 6750/10160,	epoch: 10,	learning_rate: 3.5800524934383207e-06
2024-11-16 16:24:02 [INFO]   loss: 0.0119,	steps: 6800/10160,	epoch: 10,	learning_rate: 3.5275590551181104e-06
2024-11-16 16:24:23 [INFO]   loss: 0.0100,	steps: 6850/10160,	epoch: 10,	learning_rate: 3.4750656167979006e-06
2024-11-16 16:24:44 [INFO]   loss: 0.0499,	steps: 6900/10160,	epoch: 10,	learning_rate: 3.4225721784776907e-06
2024-11-16 16:25:05 [INFO]   loss: 0.0497,	steps: 6950/10160,	epoch: 10,	learning_rate: 3.370078740157481e-06
2024-11-16 16:47:52 [INFO]   第10轮的训练 测试结果为：{'R@5': 0.5172203492711457, 'R@10': 0.6886840175250698, 'RR@5': 0.8273437500000003, 'RR@10': 0.8306503851540618, 'nDCG@5': 0.6215126232027582, 'nDCG@10': 0.6728221197440045}
2024-11-16 16:47:58 [INFO]   loss: 0.0026,	steps: 7000/10160,	epoch: 11,	learning_rate: 3.3175853018372706e-06
2024-11-16 16:48:19 [INFO]   loss: 0.0873,	steps: 7050/10160,	epoch: 11,	learning_rate: 3.2650918635170608e-06
2024-11-16 16:48:40 [INFO]   loss: 0.0100,	steps: 7100/10160,	epoch: 11,	learning_rate: 3.2125984251968505e-06
2024-11-16 16:49:02 [INFO]   loss: 0.0077,	steps: 7150/10160,	epoch: 11,	learning_rate: 3.160104986876641e-06
2024-11-16 16:49:23 [INFO]   loss: 0.0789,	steps: 7200/10160,	epoch: 11,	learning_rate: 3.107611548556431e-06
2024-11-16 16:49:43 [INFO]   loss: 0.0158,	steps: 7250/10160,	epoch: 11,	learning_rate: 3.055118110236221e-06
2024-11-16 16:50:04 [INFO]   loss: 0.0048,	steps: 7300/10160,	epoch: 11,	learning_rate: 3.0026246719160107e-06
2024-11-16 16:50:25 [INFO]   loss: 0.0194,	steps: 7350/10160,	epoch: 11,	learning_rate: 2.950131233595801e-06
2024-11-16 16:50:46 [INFO]   loss: 0.0024,	steps: 7400/10160,	epoch: 11,	learning_rate: 2.8976377952755906e-06
2024-11-16 16:51:07 [INFO]   loss: 0.0521,	steps: 7450/10160,	epoch: 11,	learning_rate: 2.8451443569553812e-06
2024-11-16 16:51:28 [INFO]   loss: 0.0056,	steps: 7500/10160,	epoch: 11,	learning_rate: 2.792650918635171e-06
2024-11-16 16:51:49 [INFO]   loss: 0.0023,	steps: 7550/10160,	epoch: 11,	learning_rate: 2.740157480314961e-06
2024-11-16 16:52:10 [INFO]   loss: 0.0133,	steps: 7600/10160,	epoch: 11,	learning_rate: 2.687664041994751e-06
2024-11-16 17:14:54 [INFO]   第11轮的训练 测试结果为：{'R@5': 0.5326209209418289, 'R@10': 0.701775472566889, 'RR@5': 0.8454963235294121, 'RR@10': 0.8489065417833803, 'nDCG@5': 0.6461782740445855, 'nDCG@10': 0.6971091032127786}
2024-11-16 17:14:57 [INFO]   ------------------------------------------------
2024-11-16 17:14:57 [INFO]   第 11 轮已经训练完成  模型保存在 /mnt/workspace/clir/myself/output/2024-11-16/best_model
2024-11-16 17:14:57 [INFO]   ------------------------------------------------
2024-11-16 17:15:09 [INFO]   loss: 0.0535,	steps: 7650/10160,	epoch: 12,	learning_rate: 2.635170603674541e-06
2024-11-16 17:15:31 [INFO]   loss: 0.0044,	steps: 7700/10160,	epoch: 12,	learning_rate: 2.5826771653543307e-06
2024-11-16 17:15:52 [INFO]   loss: 0.0218,	steps: 7750/10160,	epoch: 12,	learning_rate: 2.5301837270341213e-06
2024-11-16 17:16:13 [INFO]   loss: 0.0089,	steps: 7800/10160,	epoch: 12,	learning_rate: 2.477690288713911e-06
2024-11-16 17:16:34 [INFO]   loss: 0.0021,	steps: 7850/10160,	epoch: 12,	learning_rate: 2.425196850393701e-06
2024-11-16 17:16:55 [INFO]   loss: 0.0549,	steps: 7900/10160,	epoch: 12,	learning_rate: 2.372703412073491e-06
2024-11-16 17:17:16 [INFO]   loss: 0.0141,	steps: 7950/10160,	epoch: 12,	learning_rate: 2.320209973753281e-06
2024-11-16 17:17:37 [INFO]   loss: 0.0070,	steps: 8000/10160,	epoch: 12,	learning_rate: 2.267716535433071e-06
2024-11-16 17:17:58 [INFO]   loss: 0.1011,	steps: 8050/10160,	epoch: 12,	learning_rate: 2.215223097112861e-06
2024-11-16 17:18:19 [INFO]   loss: 0.0083,	steps: 8100/10160,	epoch: 12,	learning_rate: 2.162729658792651e-06
2024-11-16 17:18:40 [INFO]   loss: 0.2905,	steps: 8150/10160,	epoch: 12,	learning_rate: 2.110236220472441e-06
2024-11-16 17:19:01 [INFO]   loss: 0.1325,	steps: 8200/10160,	epoch: 12,	learning_rate: 2.057742782152231e-06
2024-11-16 17:19:22 [INFO]   loss: 0.0102,	steps: 8250/10160,	epoch: 12,	learning_rate: 2.0052493438320212e-06
2024-11-16 17:41:56 [INFO]   第12轮的训练 测试结果为：{'R@5': 0.5336541462690745, 'R@10': 0.7023018607019619, 'RR@5': 0.8385876225490199, 'RR@10': 0.8416633841036416, 'nDCG@5': 0.6456606748965288, 'nDCG@10': 0.6948346823456292}
2024-11-16 17:42:16 [INFO]   loss: 0.0409,	steps: 8300/10160,	epoch: 13,	learning_rate: 1.952755905511811e-06
2024-11-16 17:42:37 [INFO]   loss: 0.0945,	steps: 8350/10160,	epoch: 13,	learning_rate: 1.9002624671916011e-06
2024-11-16 17:42:57 [INFO]   loss: 0.0625,	steps: 8400/10160,	epoch: 13,	learning_rate: 1.8477690288713913e-06
2024-11-16 17:43:18 [INFO]   loss: 0.0096,	steps: 8450/10160,	epoch: 13,	learning_rate: 1.7952755905511812e-06
2024-11-16 17:43:39 [INFO]   loss: 0.1669,	steps: 8500/10160,	epoch: 13,	learning_rate: 1.7427821522309712e-06
2024-11-16 17:44:00 [INFO]   loss: 0.0301,	steps: 8550/10160,	epoch: 13,	learning_rate: 1.6902887139107613e-06
2024-11-16 17:44:21 [INFO]   loss: 0.0437,	steps: 8600/10160,	epoch: 13,	learning_rate: 1.6377952755905513e-06
2024-11-16 17:44:42 [INFO]   loss: 0.0020,	steps: 8650/10160,	epoch: 13,	learning_rate: 1.5853018372703412e-06
2024-11-16 17:45:03 [INFO]   loss: 0.0058,	steps: 8700/10160,	epoch: 13,	learning_rate: 1.5328083989501314e-06
2024-11-16 17:45:24 [INFO]   loss: 0.0535,	steps: 8750/10160,	epoch: 13,	learning_rate: 1.4803149606299213e-06
2024-11-16 17:45:45 [INFO]   loss: 0.0061,	steps: 8800/10160,	epoch: 13,	learning_rate: 1.4278215223097113e-06
2024-11-16 17:46:07 [INFO]   loss: 0.0463,	steps: 8850/10160,	epoch: 13,	learning_rate: 1.3753280839895015e-06
2024-11-16 18:08:57 [INFO]   第13轮的训练 测试结果为：{'R@5': 0.535834221899014, 'R@10': 0.7034647362608077, 'RR@5': 0.8450827205882357, 'RR@10': 0.8480964781746034, 'nDCG@5': 0.6483150986497244, 'nDCG@10': 0.6964190341046184}
2024-11-16 18:09:01 [INFO]   loss: 0.0792,	steps: 8900/10160,	epoch: 14,	learning_rate: 1.3228346456692914e-06
2024-11-16 18:09:23 [INFO]   loss: 0.0466,	steps: 8950/10160,	epoch: 14,	learning_rate: 1.2703412073490814e-06
2024-11-16 18:09:44 [INFO]   loss: 0.0026,	steps: 9000/10160,	epoch: 14,	learning_rate: 1.2178477690288715e-06
2024-11-16 18:10:05 [INFO]   loss: 0.0397,	steps: 9050/10160,	epoch: 14,	learning_rate: 1.1653543307086615e-06
2024-11-16 18:10:26 [INFO]   loss: 0.0032,	steps: 9100/10160,	epoch: 14,	learning_rate: 1.1128608923884516e-06
2024-11-16 18:10:47 [INFO]   loss: 0.0462,	steps: 9150/10160,	epoch: 14,	learning_rate: 1.0603674540682416e-06
2024-11-16 18:11:08 [INFO]   loss: 0.0826,	steps: 9200/10160,	epoch: 14,	learning_rate: 1.0078740157480315e-06
2024-11-16 18:11:28 [INFO]   loss: 0.0369,	steps: 9250/10160,	epoch: 14,	learning_rate: 9.553805774278217e-07
2024-11-16 18:11:49 [INFO]   loss: 0.0009,	steps: 9300/10160,	epoch: 14,	learning_rate: 9.028871391076116e-07
2024-11-16 18:12:10 [INFO]   loss: 0.0025,	steps: 9350/10160,	epoch: 14,	learning_rate: 8.503937007874017e-07
2024-11-16 18:12:31 [INFO]   loss: 0.0354,	steps: 9400/10160,	epoch: 14,	learning_rate: 7.979002624671916e-07
2024-11-16 18:12:53 [INFO]   loss: 0.0065,	steps: 9450/10160,	epoch: 14,	learning_rate: 7.454068241469817e-07
2024-11-16 18:13:14 [INFO]   loss: 0.0166,	steps: 9500/10160,	epoch: 14,	learning_rate: 6.929133858267717e-07
2024-11-16 18:35:57 [INFO]   第14轮的训练 测试结果为：{'R@5': 0.5406885435046229, 'R@10': 0.7072406104244238, 'RR@5': 0.8517769607843142, 'RR@10': 0.8549854837768444, 'nDCG@5': 0.6574141764074818, 'nDCG@10': 0.704915459579319}
2024-11-16 18:36:00 [INFO]   ------------------------------------------------
2024-11-16 18:36:00 [INFO]   第 14 轮已经训练完成  模型保存在 /mnt/workspace/clir/myself/output/2024-11-16/best_model
2024-11-16 18:36:00 [INFO]   ------------------------------------------------
2024-11-16 18:36:11 [INFO]   loss: 0.0779,	steps: 9550/10160,	epoch: 15,	learning_rate: 6.404199475065617e-07
2024-11-16 18:36:32 [INFO]   loss: 0.0241,	steps: 9600/10160,	epoch: 15,	learning_rate: 5.879265091863517e-07
2024-11-16 18:36:53 [INFO]   loss: 0.0171,	steps: 9650/10160,	epoch: 15,	learning_rate: 5.354330708661418e-07
2024-11-16 18:37:14 [INFO]   loss: 0.0360,	steps: 9700/10160,	epoch: 15,	learning_rate: 4.829396325459318e-07
2024-11-16 18:37:35 [INFO]   loss: 0.0964,	steps: 9750/10160,	epoch: 15,	learning_rate: 4.304461942257218e-07
2024-11-16 18:37:56 [INFO]   loss: 0.1004,	steps: 9800/10160,	epoch: 15,	learning_rate: 3.7795275590551184e-07
2024-11-16 18:38:17 [INFO]   loss: 0.0022,	steps: 9850/10160,	epoch: 15,	learning_rate: 3.2545931758530185e-07
2024-11-16 18:38:38 [INFO]   loss: 0.0223,	steps: 9900/10160,	epoch: 15,	learning_rate: 2.729658792650919e-07
2024-11-16 18:38:59 [INFO]   loss: 0.0651,	steps: 9950/10160,	epoch: 15,	learning_rate: 2.204724409448819e-07
2024-11-16 18:39:19 [INFO]   loss: 0.0049,	steps: 10000/10160,	epoch: 15,	learning_rate: 1.6797900262467193e-07
2024-11-16 18:39:40 [INFO]   loss: 0.0057,	steps: 10050/10160,	epoch: 15,	learning_rate: 1.1548556430446196e-07
2024-11-16 18:40:01 [INFO]   loss: 0.0603,	steps: 10100/10160,	epoch: 15,	learning_rate: 6.299212598425197e-08
2024-11-16 18:40:22 [INFO]   loss: 0.0047,	steps: 10150/10160,	epoch: 15,	learning_rate: 1.0498687664041996e-08
2024-11-16 19:03:01 [INFO]   第15轮的训练 测试结果为：{'R@5': 0.5418882425244212, 'R@10': 0.7071592940687964, 'RR@5': 0.8482383578431376, 'RR@10': 0.8512732697245566, 'nDCG@5': 0.6547633828185366, 'nDCG@10': 0.7026249159763656}
2024-11-16 19:03:01 [INFO]   ------------------------------------------------
2024-11-16 19:03:01 [INFO]   最佳评测指标为: {'R@5': 0.5406885435046229, 'R@10': 0.7072406104244238, 'RR@5': 0.8517769607843142, 'RR@10': 0.8549854837768444, 'nDCG@5': 0.6574141764074818, 'nDCG@10': 0.704915459579319}
2024-11-16 19:03:01 [INFO]   ------------------------------------------------
2024-11-16 19:03:01 [INFO]   ------------------------------------------------
2024-11-16 19:03:01 [INFO]   所有epoch的平均评测指标为: {'R@5': 0.5138918168425567, 'R@10': 0.681610420468912, 'RR@5': 0.8245145909926477, 'RR@10': 0.8287195770235182, 'nDCG@5': 0.6218169428743034, 'nDCG@10': 0.6712904595414909}
2024-11-16 19:03:01 [INFO]   ------------------------------------------------
