2024-11-18 23:33:27 [INFO]   batch_size: 16, epoch: 16
2024-11-18 23:33:27 [INFO]   知识对比学习损失的权重: 0.6
2024-11-18 23:33:27 [INFO]   学习率:
2024-11-18 23:33:27 [INFO]       mbert 编码器: 1e-5
2024-11-18 23:33:27 [INFO]       query_knowledge_fusion: 1e-3
2024-11-18 23:33:27 [INFO]       GCN: 1e-3
2024-11-18 23:33:27 [INFO]       classifier: 1e-3
2024-11-18 23:33:27 [INFO]   v_kg: mean pooling
2024-11-18 23:33:27 [INFO]   相邻实体数量 4
2024-11-18 23:33:27 [INFO]   ***** Running training *****
2024-11-18 23:33:27 [INFO]   当前时间: 2024-11-18 23:33:27
2024-11-18 23:33:27 [INFO]   Num examples = 5087
2024-11-18 23:33:27 [INFO]   Num Epochs = 16
2024-11-18 23:33:27 [INFO]   Instantaneous batch size per device = 8
2024-11-18 23:33:27 [INFO]   Total train batch size (w. parallel, distributed & accumulation) = 16
2024-11-18 23:33:27 [INFO]   Total optimization steps = 10160
2024-11-18 23:33:27 [INFO]   训练的设备: cuda, 设备编号: 0
2024-11-18 23:33:54 [INFO]   loss: 2.4803,	steps: 50/10160,	epoch: 0,	learning_rate: 7.874015748031496e-07
2024-11-18 23:34:19 [INFO]   loss: 1.4929,	steps: 100/10160,	epoch: 0,	learning_rate: 1.5748031496062992e-06
2024-11-18 23:34:45 [INFO]   loss: 0.7497,	steps: 150/10160,	epoch: 0,	learning_rate: 2.362204724409449e-06
2024-11-18 23:35:11 [INFO]   loss: 0.5307,	steps: 200/10160,	epoch: 0,	learning_rate: 3.1496062992125985e-06
2024-11-18 23:35:37 [INFO]   loss: 0.5072,	steps: 250/10160,	epoch: 0,	learning_rate: 3.937007874015748e-06
2024-11-18 23:36:03 [INFO]   loss: 0.6945,	steps: 300/10160,	epoch: 0,	learning_rate: 4.724409448818898e-06
2024-11-18 23:36:29 [INFO]   loss: 0.3695,	steps: 350/10160,	epoch: 0,	learning_rate: 5.511811023622048e-06
2024-11-18 23:36:54 [INFO]   loss: 0.5466,	steps: 400/10160,	epoch: 0,	learning_rate: 6.299212598425197e-06
2024-11-18 23:37:21 [INFO]   loss: 0.1917,	steps: 450/10160,	epoch: 0,	learning_rate: 7.086614173228347e-06
2024-11-18 23:37:47 [INFO]   loss: 0.3273,	steps: 500/10160,	epoch: 0,	learning_rate: 7.874015748031496e-06
2024-11-18 23:38:13 [INFO]   loss: 0.2713,	steps: 550/10160,	epoch: 0,	learning_rate: 8.661417322834647e-06
2024-11-18 23:38:39 [INFO]   loss: 0.4495,	steps: 600/10160,	epoch: 0,	learning_rate: 9.448818897637797e-06
2024-11-19 00:06:20 [INFO]   第0轮的训练 测试结果为：{'R@5': 0.44434664042666533, 'R@10': 0.6203368953953889, 'RR@5': 0.7385110294117653, 'RR@10': 0.7442157592203553, 'nDCG@5': 0.525057897483479, 'nDCG@10': 0.5834296621230832}
2024-11-19 00:06:21 [INFO]   ------------------------------------------------
2024-11-19 00:06:21 [INFO]   第 0 轮已经训练完成  模型保存在 /mnt/workspace/clir/myself/output/2024-11-18/best_model
2024-11-19 00:06:21 [INFO]   ------------------------------------------------
2024-11-19 00:06:28 [INFO]   loss: 0.2237,	steps: 650/10160,	epoch: 1,	learning_rate: 9.984251968503938e-06
2024-11-19 00:06:54 [INFO]   loss: 0.1459,	steps: 700/10160,	epoch: 1,	learning_rate: 9.931758530183728e-06
2024-11-19 00:07:20 [INFO]   loss: 0.2181,	steps: 750/10160,	epoch: 1,	learning_rate: 9.879265091863518e-06
2024-11-19 00:07:47 [INFO]   loss: 0.2715,	steps: 800/10160,	epoch: 1,	learning_rate: 9.826771653543308e-06
2024-11-19 00:08:13 [INFO]   loss: 0.1611,	steps: 850/10160,	epoch: 1,	learning_rate: 9.774278215223098e-06
2024-11-19 00:08:39 [INFO]   loss: 0.2824,	steps: 900/10160,	epoch: 1,	learning_rate: 9.721784776902888e-06
2024-11-19 00:09:06 [INFO]   loss: 0.1859,	steps: 950/10160,	epoch: 1,	learning_rate: 9.669291338582679e-06
2024-11-19 00:09:32 [INFO]   loss: 0.3529,	steps: 1000/10160,	epoch: 1,	learning_rate: 9.616797900262467e-06
2024-11-19 00:09:58 [INFO]   loss: 0.2631,	steps: 1050/10160,	epoch: 1,	learning_rate: 9.564304461942257e-06
2024-11-19 00:10:24 [INFO]   loss: 0.4283,	steps: 1100/10160,	epoch: 1,	learning_rate: 9.511811023622049e-06
2024-11-19 00:10:50 [INFO]   loss: 0.1364,	steps: 1150/10160,	epoch: 1,	learning_rate: 9.459317585301838e-06
2024-11-19 00:11:16 [INFO]   loss: 0.2198,	steps: 1200/10160,	epoch: 1,	learning_rate: 9.406824146981628e-06
2024-11-19 00:11:43 [INFO]   loss: 0.2419,	steps: 1250/10160,	epoch: 1,	learning_rate: 9.354330708661418e-06
2024-11-19 00:39:14 [INFO]   第1轮的训练 测试结果为：{'R@5': 0.5047386543946643, 'R@10': 0.668698737842532, 'RR@5': 0.8366574754901966, 'RR@10': 0.8408682743930909, 'nDCG@5': 0.6258054751861511, 'nDCG@10': 0.6705814882382293}
2024-11-19 00:39:17 [INFO]   ------------------------------------------------
2024-11-19 00:39:17 [INFO]   第 1 轮已经训练完成  模型保存在 /mnt/workspace/clir/myself/output/2024-11-18/best_model
2024-11-19 00:39:17 [INFO]   ------------------------------------------------
2024-11-19 00:39:33 [INFO]   loss: 0.0968,	steps: 1300/10160,	epoch: 2,	learning_rate: 9.301837270341208e-06
2024-11-19 00:39:59 [INFO]   loss: 0.2349,	steps: 1350/10160,	epoch: 2,	learning_rate: 9.249343832020998e-06
2024-11-19 00:40:25 [INFO]   loss: 0.2493,	steps: 1400/10160,	epoch: 2,	learning_rate: 9.196850393700788e-06
2024-11-19 00:40:50 [INFO]   loss: 0.1480,	steps: 1450/10160,	epoch: 2,	learning_rate: 9.144356955380579e-06
2024-11-19 00:41:17 [INFO]   loss: 0.2998,	steps: 1500/10160,	epoch: 2,	learning_rate: 9.091863517060369e-06
2024-11-19 00:41:42 [INFO]   loss: 0.0545,	steps: 1550/10160,	epoch: 2,	learning_rate: 9.039370078740159e-06
2024-11-19 00:42:08 [INFO]   loss: 0.1153,	steps: 1600/10160,	epoch: 2,	learning_rate: 8.986876640419947e-06
2024-11-19 00:42:34 [INFO]   loss: 0.1833,	steps: 1650/10160,	epoch: 2,	learning_rate: 8.934383202099738e-06
2024-11-19 00:43:00 [INFO]   loss: 0.5214,	steps: 1700/10160,	epoch: 2,	learning_rate: 8.88188976377953e-06
2024-11-19 00:43:26 [INFO]   loss: 0.2715,	steps: 1750/10160,	epoch: 2,	learning_rate: 8.829396325459318e-06
2024-11-19 00:43:52 [INFO]   loss: 0.4143,	steps: 1800/10160,	epoch: 2,	learning_rate: 8.776902887139108e-06
2024-11-19 00:44:18 [INFO]   loss: 0.1724,	steps: 1850/10160,	epoch: 2,	learning_rate: 8.724409448818898e-06
2024-11-19 00:44:44 [INFO]   loss: 0.1067,	steps: 1900/10160,	epoch: 2,	learning_rate: 8.671916010498688e-06
2024-11-19 01:11:58 [INFO]   第2轮的训练 测试结果为：{'R@5': 0.47596607395507157, 'R@10': 0.6477432861296295, 'RR@5': 0.781724877450981, 'RR@10': 0.7869879201680676, 'nDCG@5': 0.5740672418339527, 'nDCG@10': 0.6274621149583126}
2024-11-19 01:12:21 [INFO]   loss: 0.2029,	steps: 1950/10160,	epoch: 3,	learning_rate: 8.619422572178478e-06
2024-11-19 01:12:47 [INFO]   loss: 0.1875,	steps: 2000/10160,	epoch: 3,	learning_rate: 8.566929133858269e-06
2024-11-19 01:13:13 [INFO]   loss: 0.1456,	steps: 2050/10160,	epoch: 3,	learning_rate: 8.514435695538059e-06
2024-11-19 01:13:38 [INFO]   loss: 0.2100,	steps: 2100/10160,	epoch: 3,	learning_rate: 8.461942257217849e-06
2024-11-19 01:14:04 [INFO]   loss: 0.0821,	steps: 2150/10160,	epoch: 3,	learning_rate: 8.409448818897639e-06
2024-11-19 01:14:29 [INFO]   loss: 0.1306,	steps: 2200/10160,	epoch: 3,	learning_rate: 8.356955380577428e-06
2024-11-19 01:14:55 [INFO]   loss: 0.1973,	steps: 2250/10160,	epoch: 3,	learning_rate: 8.304461942257218e-06
2024-11-19 01:15:21 [INFO]   loss: 0.0916,	steps: 2300/10160,	epoch: 3,	learning_rate: 8.25196850393701e-06
2024-11-19 01:15:47 [INFO]   loss: 0.1246,	steps: 2350/10160,	epoch: 3,	learning_rate: 8.199475065616798e-06
2024-11-19 01:16:13 [INFO]   loss: 0.2247,	steps: 2400/10160,	epoch: 3,	learning_rate: 8.146981627296588e-06
2024-11-19 01:16:39 [INFO]   loss: 0.1542,	steps: 2450/10160,	epoch: 3,	learning_rate: 8.094488188976378e-06
2024-11-19 01:17:06 [INFO]   loss: 0.2430,	steps: 2500/10160,	epoch: 3,	learning_rate: 8.041994750656169e-06
2024-11-19 01:44:42 [INFO]   第3轮的训练 测试结果为：{'R@5': 0.507856455265326, 'R@10': 0.6795202879674201, 'RR@5': 0.8263174019607851, 'RR@10': 0.830442854225024, 'nDCG@5': 0.6192785133972397, 'nDCG@10': 0.6687071234293832}
2024-11-19 01:44:48 [INFO]   loss: 0.1656,	steps: 2550/10160,	epoch: 4,	learning_rate: 7.989501312335959e-06
2024-11-19 01:45:13 [INFO]   loss: 0.1232,	steps: 2600/10160,	epoch: 4,	learning_rate: 7.937007874015749e-06
2024-11-19 01:45:38 [INFO]   loss: 0.1559,	steps: 2650/10160,	epoch: 4,	learning_rate: 7.884514435695539e-06
2024-11-19 01:46:04 [INFO]   loss: 0.1488,	steps: 2700/10160,	epoch: 4,	learning_rate: 7.83202099737533e-06
2024-11-19 01:46:29 [INFO]   loss: 0.0915,	steps: 2750/10160,	epoch: 4,	learning_rate: 7.77952755905512e-06
2024-11-19 01:46:56 [INFO]   loss: 0.0550,	steps: 2800/10160,	epoch: 4,	learning_rate: 7.72703412073491e-06
2024-11-19 01:47:22 [INFO]   loss: 0.1796,	steps: 2850/10160,	epoch: 4,	learning_rate: 7.674540682414698e-06
2024-11-19 01:47:49 [INFO]   loss: 0.0368,	steps: 2900/10160,	epoch: 4,	learning_rate: 7.622047244094489e-06
2024-11-19 01:48:15 [INFO]   loss: 0.1716,	steps: 2950/10160,	epoch: 4,	learning_rate: 7.569553805774279e-06
2024-11-19 01:48:40 [INFO]   loss: 0.3653,	steps: 3000/10160,	epoch: 4,	learning_rate: 7.5170603674540684e-06
2024-11-19 01:49:06 [INFO]   loss: 0.1007,	steps: 3050/10160,	epoch: 4,	learning_rate: 7.464566929133859e-06
2024-11-19 01:49:32 [INFO]   loss: 0.1302,	steps: 3100/10160,	epoch: 4,	learning_rate: 7.41207349081365e-06
2024-11-19 01:49:57 [INFO]   loss: 0.1606,	steps: 3150/10160,	epoch: 4,	learning_rate: 7.359580052493439e-06
2024-11-19 02:17:24 [INFO]   第4轮的训练 测试结果为：{'R@5': 0.5204205899419592, 'R@10': 0.6863642904257825, 'RR@5': 0.839613970588236, 'RR@10': 0.844617690826331, 'nDCG@5': 0.6391768061697118, 'nDCG@10': 0.6867280816998275}
2024-11-19 02:17:27 [INFO]   ------------------------------------------------
2024-11-19 02:17:27 [INFO]   第 4 轮已经训练完成  模型保存在 /mnt/workspace/clir/myself/output/2024-11-18/best_model
2024-11-19 02:17:27 [INFO]   ------------------------------------------------
2024-11-19 02:17:40 [INFO]   loss: 0.1293,	steps: 3200/10160,	epoch: 5,	learning_rate: 7.307086614173229e-06
2024-11-19 02:18:06 [INFO]   loss: 0.0705,	steps: 3250/10160,	epoch: 5,	learning_rate: 7.254593175853018e-06
2024-11-19 02:18:32 [INFO]   loss: 0.0739,	steps: 3300/10160,	epoch: 5,	learning_rate: 7.202099737532809e-06
2024-11-19 02:18:57 [INFO]   loss: 0.1917,	steps: 3350/10160,	epoch: 5,	learning_rate: 7.1496062992125995e-06
2024-11-19 02:19:23 [INFO]   loss: 0.1715,	steps: 3400/10160,	epoch: 5,	learning_rate: 7.097112860892389e-06
2024-11-19 02:19:49 [INFO]   loss: 0.1572,	steps: 3450/10160,	epoch: 5,	learning_rate: 7.044619422572179e-06
2024-11-19 02:20:15 [INFO]   loss: 0.1762,	steps: 3500/10160,	epoch: 5,	learning_rate: 6.992125984251969e-06
2024-11-19 02:20:41 [INFO]   loss: 0.0584,	steps: 3550/10160,	epoch: 5,	learning_rate: 6.939632545931759e-06
2024-11-19 02:21:07 [INFO]   loss: 0.1494,	steps: 3600/10160,	epoch: 5,	learning_rate: 6.887139107611549e-06
2024-11-19 02:21:32 [INFO]   loss: 0.0949,	steps: 3650/10160,	epoch: 5,	learning_rate: 6.834645669291339e-06
2024-11-19 02:21:58 [INFO]   loss: 0.1458,	steps: 3700/10160,	epoch: 5,	learning_rate: 6.78215223097113e-06
2024-11-19 02:22:24 [INFO]   loss: 0.1073,	steps: 3750/10160,	epoch: 5,	learning_rate: 6.729658792650919e-06
2024-11-19 02:22:50 [INFO]   loss: 0.0748,	steps: 3800/10160,	epoch: 5,	learning_rate: 6.677165354330709e-06
2024-11-19 02:50:08 [INFO]   第5轮的训练 测试结果为：{'R@5': 0.5170305150107535, 'R@10': 0.6970044832289938, 'RR@5': 0.8204810049019613, 'RR@10': 0.8246925332633056, 'nDCG@5': 0.6195831702103568, 'nDCG@10': 0.6750284787121276}
2024-11-19 02:50:28 [INFO]   loss: 0.0184,	steps: 3850/10160,	epoch: 6,	learning_rate: 6.624671916010499e-06
2024-11-19 02:50:54 [INFO]   loss: 0.1035,	steps: 3900/10160,	epoch: 6,	learning_rate: 6.57217847769029e-06
2024-11-19 02:51:20 [INFO]   loss: 0.1152,	steps: 3950/10160,	epoch: 6,	learning_rate: 6.51968503937008e-06
2024-11-19 02:51:45 [INFO]   loss: 0.0563,	steps: 4000/10160,	epoch: 6,	learning_rate: 6.467191601049869e-06
2024-11-19 02:52:11 [INFO]   loss: 0.1884,	steps: 4050/10160,	epoch: 6,	learning_rate: 6.414698162729659e-06
2024-11-19 02:52:36 [INFO]   loss: 0.2343,	steps: 4100/10160,	epoch: 6,	learning_rate: 6.362204724409449e-06
2024-11-19 02:53:02 [INFO]   loss: 0.0502,	steps: 4150/10160,	epoch: 6,	learning_rate: 6.3097112860892396e-06
2024-11-19 02:53:29 [INFO]   loss: 0.1774,	steps: 4200/10160,	epoch: 6,	learning_rate: 6.257217847769029e-06
2024-11-19 02:53:55 [INFO]   loss: 0.2938,	steps: 4250/10160,	epoch: 6,	learning_rate: 6.204724409448819e-06
2024-11-19 02:54:21 [INFO]   loss: 0.2213,	steps: 4300/10160,	epoch: 6,	learning_rate: 6.15223097112861e-06
2024-11-19 02:54:46 [INFO]   loss: 0.0390,	steps: 4350/10160,	epoch: 6,	learning_rate: 6.099737532808399e-06
2024-11-19 02:55:12 [INFO]   loss: 0.1225,	steps: 4400/10160,	epoch: 6,	learning_rate: 6.0472440944881895e-06
2024-11-19 03:22:55 [INFO]   第6轮的训练 测试结果为：{'R@5': 0.5236825985167911, 'R@10': 0.7002776796844035, 'RR@5': 0.8289368872549026, 'RR@10': 0.833026960784314, 'nDCG@5': 0.635134690626356, 'nDCG@10': 0.6862472663494137}
2024-11-19 03:22:57 [INFO]   loss: 0.1592,	steps: 4450/10160,	epoch: 7,	learning_rate: 5.994750656167979e-06
2024-11-19 03:23:23 [INFO]   loss: 0.0185,	steps: 4500/10160,	epoch: 7,	learning_rate: 5.94225721784777e-06
2024-11-19 03:23:48 [INFO]   loss: 0.1103,	steps: 4550/10160,	epoch: 7,	learning_rate: 5.88976377952756e-06
2024-11-19 03:24:14 [INFO]   loss: 0.1097,	steps: 4600/10160,	epoch: 7,	learning_rate: 5.837270341207349e-06
2024-11-19 03:24:40 [INFO]   loss: 0.0479,	steps: 4650/10160,	epoch: 7,	learning_rate: 5.7847769028871395e-06
2024-11-19 03:25:05 [INFO]   loss: 0.0364,	steps: 4700/10160,	epoch: 7,	learning_rate: 5.7322834645669305e-06
2024-11-19 03:25:31 [INFO]   loss: 0.2345,	steps: 4750/10160,	epoch: 7,	learning_rate: 5.67979002624672e-06
2024-11-19 03:25:56 [INFO]   loss: 0.1373,	steps: 4800/10160,	epoch: 7,	learning_rate: 5.62729658792651e-06
2024-11-19 03:26:22 [INFO]   loss: 0.3111,	steps: 4850/10160,	epoch: 7,	learning_rate: 5.574803149606299e-06
2024-11-19 03:26:49 [INFO]   loss: 0.0277,	steps: 4900/10160,	epoch: 7,	learning_rate: 5.52230971128609e-06
2024-11-19 03:27:14 [INFO]   loss: 0.1053,	steps: 4950/10160,	epoch: 7,	learning_rate: 5.46981627296588e-06
2024-11-19 03:27:40 [INFO]   loss: 0.1994,	steps: 5000/10160,	epoch: 7,	learning_rate: 5.41732283464567e-06
2024-11-19 03:28:07 [INFO]   loss: 0.2143,	steps: 5050/10160,	epoch: 7,	learning_rate: 5.364829396325459e-06
2024-11-19 03:55:33 [INFO]   第7轮的训练 测试结果为：{'R@5': 0.5411901319288593, 'R@10': 0.7110903471872122, 'RR@5': 0.8524969362745102, 'RR@10': 0.8559706174136325, 'nDCG@5': 0.6614700211280797, 'nDCG@10': 0.7070810207025249}
2024-11-19 03:55:36 [INFO]   ------------------------------------------------
2024-11-19 03:55:36 [INFO]   第 7 轮已经训练完成  模型保存在 /mnt/workspace/clir/myself/output/2024-11-18/best_model
2024-11-19 03:55:36 [INFO]   ------------------------------------------------
2024-11-19 03:55:47 [INFO]   loss: 0.0658,	steps: 5100/10160,	epoch: 8,	learning_rate: 5.31233595800525e-06
2024-11-19 03:56:12 [INFO]   loss: 0.1238,	steps: 5150/10160,	epoch: 8,	learning_rate: 5.25984251968504e-06
2024-11-19 03:56:38 [INFO]   loss: 0.0411,	steps: 5200/10160,	epoch: 8,	learning_rate: 5.2073490813648295e-06
2024-11-19 03:57:04 [INFO]   loss: 0.1674,	steps: 5250/10160,	epoch: 8,	learning_rate: 5.15485564304462e-06
2024-11-19 03:57:30 [INFO]   loss: 0.0556,	steps: 5300/10160,	epoch: 8,	learning_rate: 5.102362204724411e-06
2024-11-19 03:57:56 [INFO]   loss: 0.0768,	steps: 5350/10160,	epoch: 8,	learning_rate: 5.0498687664042e-06
2024-11-19 03:58:22 [INFO]   loss: 0.1122,	steps: 5400/10160,	epoch: 8,	learning_rate: 4.99737532808399e-06
2024-11-19 03:58:48 [INFO]   loss: 0.1217,	steps: 5450/10160,	epoch: 8,	learning_rate: 4.94488188976378e-06
2024-11-19 03:59:15 [INFO]   loss: 0.1294,	steps: 5500/10160,	epoch: 8,	learning_rate: 4.89238845144357e-06
2024-11-19 03:59:41 [INFO]   loss: 0.0231,	steps: 5550/10160,	epoch: 8,	learning_rate: 4.83989501312336e-06
2024-11-19 04:00:07 [INFO]   loss: 0.1438,	steps: 5600/10160,	epoch: 8,	learning_rate: 4.78740157480315e-06
2024-11-19 04:00:33 [INFO]   loss: 0.1047,	steps: 5650/10160,	epoch: 8,	learning_rate: 4.73490813648294e-06
2024-11-19 04:00:59 [INFO]   loss: 0.1096,	steps: 5700/10160,	epoch: 8,	learning_rate: 4.68241469816273e-06
2024-11-19 04:28:30 [INFO]   第8轮的训练 测试结果为：{'R@5': 0.5473482237062519, 'R@10': 0.7114521113751923, 'RR@5': 0.8528033088235298, 'RR@10': 0.8561398517740432, 'nDCG@5': 0.6633752325184412, 'nDCG@10': 0.7080489853414837}
2024-11-19 04:28:33 [INFO]   ------------------------------------------------
2024-11-19 04:28:33 [INFO]   第 8 轮已经训练完成  模型保存在 /mnt/workspace/clir/myself/output/2024-11-18/best_model
2024-11-19 04:28:33 [INFO]   ------------------------------------------------
2024-11-19 04:28:52 [INFO]   loss: 0.0596,	steps: 5750/10160,	epoch: 9,	learning_rate: 4.6299212598425204e-06
2024-11-19 04:29:17 [INFO]   loss: 0.0815,	steps: 5800/10160,	epoch: 9,	learning_rate: 4.57742782152231e-06
2024-11-19 04:29:44 [INFO]   loss: 0.0583,	steps: 5850/10160,	epoch: 9,	learning_rate: 4.5249343832021e-06
2024-11-19 04:30:10 [INFO]   loss: 0.0597,	steps: 5900/10160,	epoch: 9,	learning_rate: 4.47244094488189e-06
2024-11-19 04:30:36 [INFO]   loss: 0.0963,	steps: 5950/10160,	epoch: 9,	learning_rate: 4.41994750656168e-06
2024-11-19 04:31:02 [INFO]   loss: 0.1713,	steps: 6000/10160,	epoch: 9,	learning_rate: 4.36745406824147e-06
2024-11-19 04:31:28 [INFO]   loss: 0.0668,	steps: 6050/10160,	epoch: 9,	learning_rate: 4.3149606299212606e-06
2024-11-19 04:31:54 [INFO]   loss: 0.0430,	steps: 6100/10160,	epoch: 9,	learning_rate: 4.26246719160105e-06
2024-11-19 04:32:20 [INFO]   loss: 0.0701,	steps: 6150/10160,	epoch: 9,	learning_rate: 4.209973753280841e-06
2024-11-19 04:32:46 [INFO]   loss: 0.0896,	steps: 6200/10160,	epoch: 9,	learning_rate: 4.15748031496063e-06
2024-11-19 04:33:12 [INFO]   loss: 0.1624,	steps: 6250/10160,	epoch: 9,	learning_rate: 4.10498687664042e-06
2024-11-19 04:33:37 [INFO]   loss: 0.1419,	steps: 6300/10160,	epoch: 9,	learning_rate: 4.0524934383202105e-06
2024-11-19 04:34:03 [INFO]   loss: 0.0231,	steps: 6350/10160,	epoch: 9,	learning_rate: 4.000000000000001e-06
2024-11-19 05:01:28 [INFO]   第9轮的训练 测试结果为：{'R@5': 0.530334998501199, 'R@10': 0.703833476791293, 'RR@5': 0.8484221813725492, 'RR@10': 0.8526205794817927, 'nDCG@5': 0.6508563570622374, 'nDCG@10': 0.699473873443552}
2024-11-19 05:01:54 [INFO]   loss: 0.1588,	steps: 6400/10160,	epoch: 10,	learning_rate: 3.94750656167979e-06
2024-11-19 05:02:20 [INFO]   loss: 0.0406,	steps: 6450/10160,	epoch: 10,	learning_rate: 3.895013123359581e-06
2024-11-19 05:02:46 [INFO]   loss: 0.2209,	steps: 6500/10160,	epoch: 10,	learning_rate: 3.84251968503937e-06
2024-11-19 05:03:12 [INFO]   loss: 0.2425,	steps: 6550/10160,	epoch: 10,	learning_rate: 3.7900262467191605e-06
2024-11-19 05:03:38 [INFO]   loss: 0.0776,	steps: 6600/10160,	epoch: 10,	learning_rate: 3.73753280839895e-06
2024-11-19 05:04:05 [INFO]   loss: 0.0553,	steps: 6650/10160,	epoch: 10,	learning_rate: 3.6850393700787408e-06
2024-11-19 05:04:31 [INFO]   loss: 0.0429,	steps: 6700/10160,	epoch: 10,	learning_rate: 3.6325459317585305e-06
2024-11-19 05:04:57 [INFO]   loss: 0.1208,	steps: 6750/10160,	epoch: 10,	learning_rate: 3.5800524934383207e-06
2024-11-19 05:05:23 [INFO]   loss: 0.0524,	steps: 6800/10160,	epoch: 10,	learning_rate: 3.5275590551181104e-06
2024-11-19 05:05:49 [INFO]   loss: 0.0224,	steps: 6850/10160,	epoch: 10,	learning_rate: 3.4750656167979006e-06
2024-11-19 05:06:15 [INFO]   loss: 0.2231,	steps: 6900/10160,	epoch: 10,	learning_rate: 3.4225721784776907e-06
2024-11-19 05:06:41 [INFO]   loss: 0.0784,	steps: 6950/10160,	epoch: 10,	learning_rate: 3.370078740157481e-06
2024-11-19 05:34:24 [INFO]   第10轮的训练 测试结果为：{'R@5': 0.5266028449041086, 'R@10': 0.7029103777812364, 'RR@5': 0.8401807598039219, 'RR@10': 0.8443149655695613, 'nDCG@5': 0.6363943542566576, 'nDCG@10': 0.6884562324287554}
2024-11-19 05:34:32 [INFO]   loss: 0.0230,	steps: 7000/10160,	epoch: 11,	learning_rate: 3.3175853018372706e-06
2024-11-19 05:34:59 [INFO]   loss: 0.1513,	steps: 7050/10160,	epoch: 11,	learning_rate: 3.2650918635170608e-06
2024-11-19 05:35:25 [INFO]   loss: 0.0541,	steps: 7100/10160,	epoch: 11,	learning_rate: 3.2125984251968505e-06
2024-11-19 05:35:51 [INFO]   loss: 0.1224,	steps: 7150/10160,	epoch: 11,	learning_rate: 3.160104986876641e-06
2024-11-19 05:36:17 [INFO]   loss: 0.1460,	steps: 7200/10160,	epoch: 11,	learning_rate: 3.107611548556431e-06
2024-11-19 05:36:43 [INFO]   loss: 0.0371,	steps: 7250/10160,	epoch: 11,	learning_rate: 3.055118110236221e-06
2024-11-19 05:37:09 [INFO]   loss: 0.0310,	steps: 7300/10160,	epoch: 11,	learning_rate: 3.0026246719160107e-06
2024-11-19 05:37:35 [INFO]   loss: 0.1236,	steps: 7350/10160,	epoch: 11,	learning_rate: 2.950131233595801e-06
2024-11-19 05:38:01 [INFO]   loss: 0.0130,	steps: 7400/10160,	epoch: 11,	learning_rate: 2.8976377952755906e-06
2024-11-19 05:38:27 [INFO]   loss: 0.1408,	steps: 7450/10160,	epoch: 11,	learning_rate: 2.8451443569553812e-06
2024-11-19 05:38:53 [INFO]   loss: 0.0697,	steps: 7500/10160,	epoch: 11,	learning_rate: 2.792650918635171e-06
2024-11-19 05:39:19 [INFO]   loss: 0.0726,	steps: 7550/10160,	epoch: 11,	learning_rate: 2.740157480314961e-06
2024-11-19 05:39:44 [INFO]   loss: 0.0212,	steps: 7600/10160,	epoch: 11,	learning_rate: 2.687664041994751e-06
2024-11-19 06:07:20 [INFO]   第11轮的训练 测试结果为：{'R@5': 0.54156482342211, 'R@10': 0.7088732002069905, 'RR@5': 0.8530637254901965, 'RR@10': 0.8569455386321199, 'nDCG@5': 0.6541765591692597, 'nDCG@10': 0.7026644118356508}
2024-11-19 06:07:35 [INFO]   loss: 0.0644,	steps: 7650/10160,	epoch: 12,	learning_rate: 2.635170603674541e-06
2024-11-19 06:08:02 [INFO]   loss: 0.0069,	steps: 7700/10160,	epoch: 12,	learning_rate: 2.5826771653543307e-06
2024-11-19 06:08:28 [INFO]   loss: 0.0649,	steps: 7750/10160,	epoch: 12,	learning_rate: 2.5301837270341213e-06
2024-11-19 06:08:53 [INFO]   loss: 0.0650,	steps: 7800/10160,	epoch: 12,	learning_rate: 2.477690288713911e-06
2024-11-19 06:09:20 [INFO]   loss: 0.0832,	steps: 7850/10160,	epoch: 12,	learning_rate: 2.425196850393701e-06
2024-11-19 06:09:45 [INFO]   loss: 0.0740,	steps: 7900/10160,	epoch: 12,	learning_rate: 2.372703412073491e-06
2024-11-19 06:10:12 [INFO]   loss: 0.0888,	steps: 7950/10160,	epoch: 12,	learning_rate: 2.320209973753281e-06
2024-11-19 06:10:38 [INFO]   loss: 0.0664,	steps: 8000/10160,	epoch: 12,	learning_rate: 2.267716535433071e-06
2024-11-19 06:11:04 [INFO]   loss: 0.1106,	steps: 8050/10160,	epoch: 12,	learning_rate: 2.215223097112861e-06
2024-11-19 06:11:30 [INFO]   loss: 0.0379,	steps: 8100/10160,	epoch: 12,	learning_rate: 2.162729658792651e-06
2024-11-19 06:11:56 [INFO]   loss: 0.2350,	steps: 8150/10160,	epoch: 12,	learning_rate: 2.110236220472441e-06
2024-11-19 06:12:22 [INFO]   loss: 0.1503,	steps: 8200/10160,	epoch: 12,	learning_rate: 2.057742782152231e-06
2024-11-19 06:12:48 [INFO]   loss: 0.0819,	steps: 8250/10160,	epoch: 12,	learning_rate: 2.0052493438320212e-06
2024-11-19 06:40:14 [INFO]   第12轮的训练 测试结果为：{'R@5': 0.5435653393622355, 'R@10': 0.7068267865921141, 'RR@5': 0.8432138480392161, 'RR@10': 0.8460251809056958, 'nDCG@5': 0.6496413816471562, 'nDCG@10': 0.6969033137137062}
2024-11-19 06:40:37 [INFO]   loss: 0.0924,	steps: 8300/10160,	epoch: 13,	learning_rate: 1.952755905511811e-06
2024-11-19 06:41:03 [INFO]   loss: 0.0809,	steps: 8350/10160,	epoch: 13,	learning_rate: 1.9002624671916011e-06
2024-11-19 06:41:29 [INFO]   loss: 0.1065,	steps: 8400/10160,	epoch: 13,	learning_rate: 1.8477690288713913e-06
2024-11-19 06:41:55 [INFO]   loss: 0.0377,	steps: 8450/10160,	epoch: 13,	learning_rate: 1.7952755905511812e-06
2024-11-19 06:42:21 [INFO]   loss: 0.1891,	steps: 8500/10160,	epoch: 13,	learning_rate: 1.7427821522309712e-06
2024-11-19 06:42:47 [INFO]   loss: 0.0844,	steps: 8550/10160,	epoch: 13,	learning_rate: 1.6902887139107613e-06
2024-11-19 06:43:13 [INFO]   loss: 0.1586,	steps: 8600/10160,	epoch: 13,	learning_rate: 1.6377952755905513e-06
2024-11-19 06:43:39 [INFO]   loss: 0.0441,	steps: 8650/10160,	epoch: 13,	learning_rate: 1.5853018372703412e-06
2024-11-19 06:44:05 [INFO]   loss: 0.0077,	steps: 8700/10160,	epoch: 13,	learning_rate: 1.5328083989501314e-06
2024-11-19 06:44:31 [INFO]   loss: 0.0603,	steps: 8750/10160,	epoch: 13,	learning_rate: 1.4803149606299213e-06
2024-11-19 06:44:57 [INFO]   loss: 0.0587,	steps: 8800/10160,	epoch: 13,	learning_rate: 1.4278215223097113e-06
2024-11-19 06:45:24 [INFO]   loss: 0.0636,	steps: 8850/10160,	epoch: 13,	learning_rate: 1.3753280839895015e-06
2024-11-19 07:13:10 [INFO]   第13轮的训练 测试结果为：{'R@5': 0.543464491545349, 'R@10': 0.7120835073528475, 'RR@5': 0.8536458333333338, 'RR@10': 0.8567248774509805, 'nDCG@5': 0.6556309748427435, 'nDCG@10': 0.7052344932231255}
2024-11-19 07:13:15 [INFO]   loss: 0.0881,	steps: 8900/10160,	epoch: 14,	learning_rate: 1.3228346456692914e-06
2024-11-19 07:13:41 [INFO]   loss: 0.0540,	steps: 8950/10160,	epoch: 14,	learning_rate: 1.2703412073490814e-06
2024-11-19 07:14:07 [INFO]   loss: 0.0200,	steps: 9000/10160,	epoch: 14,	learning_rate: 1.2178477690288715e-06
2024-11-19 07:14:33 [INFO]   loss: 0.0942,	steps: 9050/10160,	epoch: 14,	learning_rate: 1.1653543307086615e-06
2024-11-19 07:15:00 [INFO]   loss: 0.0386,	steps: 9100/10160,	epoch: 14,	learning_rate: 1.1128608923884516e-06
2024-11-19 07:15:26 [INFO]   loss: 0.0636,	steps: 9150/10160,	epoch: 14,	learning_rate: 1.0603674540682416e-06
2024-11-19 07:15:51 [INFO]   loss: 0.1716,	steps: 9200/10160,	epoch: 14,	learning_rate: 1.0078740157480315e-06
2024-11-19 07:16:17 [INFO]   loss: 0.1788,	steps: 9250/10160,	epoch: 14,	learning_rate: 9.553805774278217e-07
2024-11-19 07:16:43 [INFO]   loss: 0.0074,	steps: 9300/10160,	epoch: 14,	learning_rate: 9.028871391076116e-07
2024-11-19 07:17:09 [INFO]   loss: 0.0847,	steps: 9350/10160,	epoch: 14,	learning_rate: 8.503937007874017e-07
2024-11-19 07:17:35 [INFO]   loss: 0.0296,	steps: 9400/10160,	epoch: 14,	learning_rate: 7.979002624671916e-07
2024-11-19 07:18:01 [INFO]   loss: 0.0573,	steps: 9450/10160,	epoch: 14,	learning_rate: 7.454068241469817e-07
2024-11-19 07:18:27 [INFO]   loss: 0.0831,	steps: 9500/10160,	epoch: 14,	learning_rate: 6.929133858267717e-07
2024-11-19 07:46:03 [INFO]   第14轮的训练 测试结果为：{'R@5': 0.5482952038006366, 'R@10': 0.7141948329882393, 'RR@5': 0.8609834558823533, 'RR@10': 0.863762692577031, 'nDCG@5': 0.6639267787371537, 'nDCG@10': 0.7109808748828957}
2024-11-19 07:46:06 [INFO]   ------------------------------------------------
2024-11-19 07:46:06 [INFO]   第 14 轮已经训练完成  模型保存在 /mnt/workspace/clir/myself/output/2024-11-18/best_model
2024-11-19 07:46:06 [INFO]   ------------------------------------------------
2024-11-19 07:46:20 [INFO]   loss: 0.0825,	steps: 9550/10160,	epoch: 15,	learning_rate: 6.404199475065617e-07
2024-11-19 07:46:46 [INFO]   loss: 0.1024,	steps: 9600/10160,	epoch: 15,	learning_rate: 5.879265091863517e-07
2024-11-19 07:47:12 [INFO]   loss: 0.0777,	steps: 9650/10160,	epoch: 15,	learning_rate: 5.354330708661418e-07
2024-11-19 07:47:38 [INFO]   loss: 0.0967,	steps: 9700/10160,	epoch: 15,	learning_rate: 4.829396325459318e-07
2024-11-19 07:48:03 [INFO]   loss: 0.0811,	steps: 9750/10160,	epoch: 15,	learning_rate: 4.304461942257218e-07
2024-11-19 07:48:29 [INFO]   loss: 0.1114,	steps: 9800/10160,	epoch: 15,	learning_rate: 3.7795275590551184e-07
2024-11-19 07:48:55 [INFO]   loss: 0.0065,	steps: 9850/10160,	epoch: 15,	learning_rate: 3.2545931758530185e-07
2024-11-19 07:49:21 [INFO]   loss: 0.0520,	steps: 9900/10160,	epoch: 15,	learning_rate: 2.729658792650919e-07
2024-11-19 07:49:47 [INFO]   loss: 0.2175,	steps: 9950/10160,	epoch: 15,	learning_rate: 2.204724409448819e-07
2024-11-19 07:50:12 [INFO]   loss: 0.0286,	steps: 10000/10160,	epoch: 15,	learning_rate: 1.6797900262467193e-07
2024-11-19 07:50:38 [INFO]   loss: 0.1067,	steps: 10050/10160,	epoch: 15,	learning_rate: 1.1548556430446196e-07
2024-11-19 07:51:04 [INFO]   loss: 0.2154,	steps: 10100/10160,	epoch: 15,	learning_rate: 6.299212598425197e-08
2024-11-19 07:51:30 [INFO]   loss: 0.0877,	steps: 10150/10160,	epoch: 15,	learning_rate: 1.0498687664041996e-08
2024-11-19 08:18:58 [INFO]   第15轮的训练 测试结果为：{'R@5': 0.5493428987595942, 'R@10': 0.7161586814534133, 'RR@5': 0.8618259803921573, 'RR@10': 0.8651807598039218, 'nDCG@5': 0.6644830962137606, 'nDCG@10': 0.7116796007073148}
2024-11-19 08:19:01 [INFO]   ------------------------------------------------
2024-11-19 08:19:01 [INFO]   第 15 轮已经训练完成  模型保存在 /mnt/workspace/clir/myself/output/2024-11-18/best_model
2024-11-19 08:19:01 [INFO]   ------------------------------------------------
2024-11-19 08:19:01 [INFO]   ------------------------------------------------
2024-11-19 08:19:01 [INFO]   最佳评测指标为: {'R@5': 0.5493428987595942, 'R@10': 0.7161586814534133, 'RR@5': 0.8618259803921573, 'RR@10': 0.8651807598039218, 'nDCG@5': 0.6644830962137606, 'nDCG@10': 0.7116796007073148}
2024-11-19 08:19:01 [INFO]   ------------------------------------------------
2024-11-19 08:19:01 [INFO]   ------------------------------------------------
2024-11-19 08:19:01 [INFO]   所有epoch的平均评测指标为: {'R@5': 0.5228594052150984, 'R@10': 0.692960561400168, 'RR@5': 0.8336799172794123, 'RR@10': 0.8376585660305792, 'nDCG@5': 0.6336286594051711, 'nDCG@10': 0.6830441888618367}
2024-11-19 08:19:01 [INFO]   ------------------------------------------------
