2024-09-26 21:22:26 [INFO]   ***** Running training *****
2024-09-26 21:22:26 [INFO]   当前时间: 2024-09-26 21:22:26
2024-09-26 21:22:26 [INFO]   Num examples = 5087
2024-09-26 21:22:26 [INFO]   Num Epochs = 16
2024-09-26 21:22:26 [INFO]   Instantaneous batch size per device = 8
2024-09-26 21:22:26 [INFO]   Total train batch size (w. parallel, distributed & accumulation) = 16
2024-09-26 21:22:26 [INFO]   Total optimization steps = 10160
2024-09-26 21:22:26 [INFO]   训练的设备: cuda, 设备编号: 0
2024-09-26 21:22:48 [INFO]   loss: 0.3461,	steps: 50/10160,	epoch: 0,	learning_rate: 7.874015748031496e-07
2024-09-26 21:23:10 [INFO]   loss: 0.1721,	steps: 100/10160,	epoch: 0,	learning_rate: 1.5748031496062992e-06
2024-09-26 21:23:32 [INFO]   loss: 0.0917,	steps: 150/10160,	epoch: 0,	learning_rate: 2.362204724409449e-06
2024-09-26 21:23:54 [INFO]   loss: 0.1399,	steps: 200/10160,	epoch: 0,	learning_rate: 3.1496062992125985e-06
2024-09-26 21:24:16 [INFO]   loss: 0.1604,	steps: 250/10160,	epoch: 0,	learning_rate: 3.937007874015748e-06
2024-09-26 21:24:38 [INFO]   loss: 0.0967,	steps: 300/10160,	epoch: 0,	learning_rate: 4.724409448818898e-06
2024-09-26 21:24:59 [INFO]   loss: 0.2448,	steps: 350/10160,	epoch: 0,	learning_rate: 5.511811023622048e-06
2024-09-26 21:25:21 [INFO]   loss: 0.0903,	steps: 400/10160,	epoch: 0,	learning_rate: 6.299212598425197e-06
2024-09-26 21:25:44 [INFO]   loss: 0.0911,	steps: 450/10160,	epoch: 0,	learning_rate: 7.086614173228347e-06
2024-09-26 21:26:06 [INFO]   loss: 0.1727,	steps: 500/10160,	epoch: 0,	learning_rate: 7.874015748031496e-06
2024-09-26 21:26:28 [INFO]   loss: 0.0728,	steps: 550/10160,	epoch: 0,	learning_rate: 8.661417322834647e-06
2024-09-26 21:26:50 [INFO]   loss: 0.2198,	steps: 600/10160,	epoch: 0,	learning_rate: 9.448818897637797e-06
2024-09-26 21:51:17 [INFO]   第0轮的训练 测试结果为：{'R@5': 0.49563365930923403, 'R@10': 0.651104062399951, 'RR@5': 0.8030177696078438, 'RR@10': 0.8071125846171805, 'nDCG@5': 0.5959301469389251, 'nDCG@10': 0.6432679368456694}
2024-09-26 21:51:20 [INFO]   ------------------------------------------------
2024-09-26 21:51:20 [INFO]   第 0 轮已经训练完成  模型保存在 /mnt/workspace/clir/myself/output/2024-09-26/best_model
2024-09-26 21:51:20 [INFO]   ------------------------------------------------
2024-09-26 21:51:27 [INFO]   loss: 0.0865,	steps: 650/10160,	epoch: 1,	learning_rate: 9.984251968503938e-06
2024-09-26 21:51:49 [INFO]   loss: 0.0730,	steps: 700/10160,	epoch: 1,	learning_rate: 9.931758530183728e-06
2024-09-26 21:52:11 [INFO]   loss: 0.0750,	steps: 750/10160,	epoch: 1,	learning_rate: 9.879265091863518e-06
2024-09-26 21:52:34 [INFO]   loss: 0.0730,	steps: 800/10160,	epoch: 1,	learning_rate: 9.826771653543308e-06
2024-09-26 21:52:56 [INFO]   loss: 0.0802,	steps: 850/10160,	epoch: 1,	learning_rate: 9.774278215223098e-06
2024-09-26 21:53:18 [INFO]   loss: 0.1976,	steps: 900/10160,	epoch: 1,	learning_rate: 9.721784776902888e-06
2024-09-26 21:53:40 [INFO]   loss: 0.0964,	steps: 950/10160,	epoch: 1,	learning_rate: 9.669291338582679e-06
2024-09-26 21:54:03 [INFO]   loss: 0.3417,	steps: 1000/10160,	epoch: 1,	learning_rate: 9.616797900262467e-06
2024-09-26 21:54:24 [INFO]   loss: 0.1576,	steps: 1050/10160,	epoch: 1,	learning_rate: 9.564304461942257e-06
2024-09-26 21:54:47 [INFO]   loss: 0.2017,	steps: 1100/10160,	epoch: 1,	learning_rate: 9.511811023622049e-06
2024-09-26 21:55:08 [INFO]   loss: 0.0754,	steps: 1150/10160,	epoch: 1,	learning_rate: 9.459317585301838e-06
2024-09-26 21:55:30 [INFO]   loss: 0.0787,	steps: 1200/10160,	epoch: 1,	learning_rate: 9.406824146981628e-06
2024-09-26 21:55:52 [INFO]   loss: 0.0778,	steps: 1250/10160,	epoch: 1,	learning_rate: 9.354330708661418e-06
2024-09-26 22:20:14 [INFO]   第1轮的训练 测试结果为：{'R@5': 0.4736029938644349, 'R@10': 0.6417233191502878, 'RR@5': 0.7660845588235303, 'RR@10': 0.7733215161064434, 'nDCG@5': 0.5674459116278692, 'nDCG@10': 0.6187935348552017}
2024-09-26 22:20:27 [INFO]   loss: 0.1635,	steps: 1300/10160,	epoch: 2,	learning_rate: 9.301837270341208e-06
2024-09-26 22:20:49 [INFO]   loss: 0.1980,	steps: 1350/10160,	epoch: 2,	learning_rate: 9.249343832020998e-06
2024-09-26 22:21:11 [INFO]   loss: 0.0861,	steps: 1400/10160,	epoch: 2,	learning_rate: 9.196850393700788e-06
2024-09-26 22:21:33 [INFO]   loss: 0.0742,	steps: 1450/10160,	epoch: 2,	learning_rate: 9.144356955380579e-06
2024-09-26 22:21:56 [INFO]   loss: 0.0589,	steps: 1500/10160,	epoch: 2,	learning_rate: 9.091863517060369e-06
2024-09-26 22:22:18 [INFO]   loss: 0.0678,	steps: 1550/10160,	epoch: 2,	learning_rate: 9.039370078740159e-06
2024-09-26 22:22:40 [INFO]   loss: 0.0762,	steps: 1600/10160,	epoch: 2,	learning_rate: 8.986876640419947e-06
2024-09-26 22:23:02 [INFO]   loss: 0.0648,	steps: 1650/10160,	epoch: 2,	learning_rate: 8.934383202099738e-06
2024-09-26 22:23:24 [INFO]   loss: 0.0522,	steps: 1700/10160,	epoch: 2,	learning_rate: 8.88188976377953e-06
2024-09-26 22:23:46 [INFO]   loss: 0.1675,	steps: 1750/10160,	epoch: 2,	learning_rate: 8.829396325459318e-06
2024-09-26 22:24:08 [INFO]   loss: 0.1622,	steps: 1800/10160,	epoch: 2,	learning_rate: 8.776902887139108e-06
2024-09-26 22:24:30 [INFO]   loss: 0.0922,	steps: 1850/10160,	epoch: 2,	learning_rate: 8.724409448818898e-06
2024-09-26 22:24:52 [INFO]   loss: 0.0282,	steps: 1900/10160,	epoch: 2,	learning_rate: 8.671916010498688e-06
2024-09-26 22:49:08 [INFO]   第2轮的训练 测试结果为：{'R@5': 0.4974884369872149, 'R@10': 0.657322357323005, 'RR@5': 0.8208792892156869, 'RR@10': 0.8250000000000003, 'nDCG@5': 0.6105811950606768, 'nDCG@10': 0.655100842843015}
2024-09-26 22:49:11 [INFO]   ------------------------------------------------
2024-09-26 22:49:11 [INFO]   第 2 轮已经训练完成  模型保存在 /mnt/workspace/clir/myself/output/2024-09-26/best_model
2024-09-26 22:49:11 [INFO]   ------------------------------------------------
2024-09-26 22:49:31 [INFO]   loss: 0.0264,	steps: 1950/10160,	epoch: 3,	learning_rate: 8.619422572178478e-06
2024-09-26 22:49:53 [INFO]   loss: 0.2457,	steps: 2000/10160,	epoch: 3,	learning_rate: 8.566929133858269e-06
2024-09-26 22:50:15 [INFO]   loss: 0.0255,	steps: 2050/10160,	epoch: 3,	learning_rate: 8.514435695538059e-06
2024-09-26 22:50:37 [INFO]   loss: 0.1491,	steps: 2100/10160,	epoch: 3,	learning_rate: 8.461942257217849e-06
2024-09-26 22:50:59 [INFO]   loss: 0.0232,	steps: 2150/10160,	epoch: 3,	learning_rate: 8.409448818897639e-06
2024-09-26 22:51:20 [INFO]   loss: 0.0199,	steps: 2200/10160,	epoch: 3,	learning_rate: 8.356955380577428e-06
2024-09-26 22:51:43 [INFO]   loss: 0.0223,	steps: 2250/10160,	epoch: 3,	learning_rate: 8.304461942257218e-06
2024-09-26 22:52:05 [INFO]   loss: 0.0220,	steps: 2300/10160,	epoch: 3,	learning_rate: 8.25196850393701e-06
2024-09-26 22:52:27 [INFO]   loss: 0.0194,	steps: 2350/10160,	epoch: 3,	learning_rate: 8.199475065616798e-06
2024-09-26 22:52:49 [INFO]   loss: 0.0179,	steps: 2400/10160,	epoch: 3,	learning_rate: 8.146981627296588e-06
2024-09-26 22:53:11 [INFO]   loss: 0.1433,	steps: 2450/10160,	epoch: 3,	learning_rate: 8.094488188976378e-06
2024-09-26 22:53:34 [INFO]   loss: 0.1421,	steps: 2500/10160,	epoch: 3,	learning_rate: 8.041994750656169e-06
2024-09-26 23:18:06 [INFO]   第3轮的训练 测试结果为：{'R@5': 0.5001125764965034, 'R@10': 0.6671345291480891, 'RR@5': 0.8288296568627459, 'RR@10': 0.8338775093370686, 'nDCG@5': 0.6207657347669815, 'nDCG@10': 0.6662821046145314}
2024-09-26 23:18:09 [INFO]   ------------------------------------------------
2024-09-26 23:18:09 [INFO]   第 3 轮已经训练完成  模型保存在 /mnt/workspace/clir/myself/output/2024-09-26/best_model
2024-09-26 23:18:09 [INFO]   ------------------------------------------------
2024-09-26 23:18:14 [INFO]   loss: 0.0170,	steps: 2550/10160,	epoch: 4,	learning_rate: 7.989501312335959e-06
2024-09-26 23:18:36 [INFO]   loss: 0.0158,	steps: 2600/10160,	epoch: 4,	learning_rate: 7.937007874015749e-06
2024-09-26 23:18:58 [INFO]   loss: 0.0164,	steps: 2650/10160,	epoch: 4,	learning_rate: 7.884514435695539e-06
2024-09-26 23:19:20 [INFO]   loss: 0.0155,	steps: 2700/10160,	epoch: 4,	learning_rate: 7.83202099737533e-06
2024-09-26 23:19:42 [INFO]   loss: 0.0167,	steps: 2750/10160,	epoch: 4,	learning_rate: 7.77952755905512e-06
2024-09-26 23:20:04 [INFO]   loss: 0.0444,	steps: 2800/10160,	epoch: 4,	learning_rate: 7.72703412073491e-06
2024-09-26 23:20:27 [INFO]   loss: 0.0154,	steps: 2850/10160,	epoch: 4,	learning_rate: 7.674540682414698e-06
2024-09-26 23:20:49 [INFO]   loss: 0.1407,	steps: 2900/10160,	epoch: 4,	learning_rate: 7.622047244094489e-06
2024-09-26 23:21:11 [INFO]   loss: 0.1435,	steps: 2950/10160,	epoch: 4,	learning_rate: 7.569553805774279e-06
2024-09-26 23:21:33 [INFO]   loss: 0.0142,	steps: 3000/10160,	epoch: 4,	learning_rate: 7.5170603674540684e-06
2024-09-26 23:21:55 [INFO]   loss: 0.0138,	steps: 3050/10160,	epoch: 4,	learning_rate: 7.464566929133859e-06
2024-09-26 23:22:18 [INFO]   loss: 0.0146,	steps: 3100/10160,	epoch: 4,	learning_rate: 7.41207349081365e-06
2024-09-26 23:22:40 [INFO]   loss: 0.0135,	steps: 3150/10160,	epoch: 4,	learning_rate: 7.359580052493439e-06
2024-09-26 23:47:05 [INFO]   第4轮的训练 测试结果为：{'R@5': 0.46779444221553157, 'R@10': 0.6376772842790775, 'RR@5': 0.7825980392156868, 'RR@10': 0.7883757148692813, 'nDCG@5': 0.5659472588094341, 'nDCG@10': 0.6186408893756186}
2024-09-26 23:47:16 [INFO]   loss: 0.0131,	steps: 3200/10160,	epoch: 5,	learning_rate: 7.307086614173229e-06
2024-09-26 23:47:38 [INFO]   loss: 0.0128,	steps: 3250/10160,	epoch: 5,	learning_rate: 7.254593175853018e-06
2024-09-26 23:48:00 [INFO]   loss: 0.0136,	steps: 3300/10160,	epoch: 5,	learning_rate: 7.202099737532809e-06
2024-09-26 23:48:22 [INFO]   loss: 0.0150,	steps: 3350/10160,	epoch: 5,	learning_rate: 7.1496062992125995e-06
2024-09-26 23:48:44 [INFO]   loss: 0.0155,	steps: 3400/10160,	epoch: 5,	learning_rate: 7.097112860892389e-06
2024-09-26 23:49:06 [INFO]   loss: 0.0289,	steps: 3450/10160,	epoch: 5,	learning_rate: 7.044619422572179e-06
2024-09-26 23:49:28 [INFO]   loss: 0.0123,	steps: 3500/10160,	epoch: 5,	learning_rate: 6.992125984251969e-06
2024-09-26 23:49:51 [INFO]   loss: 0.0117,	steps: 3550/10160,	epoch: 5,	learning_rate: 6.939632545931759e-06
2024-09-26 23:50:12 [INFO]   loss: 0.0110,	steps: 3600/10160,	epoch: 5,	learning_rate: 6.887139107611549e-06
2024-09-26 23:50:35 [INFO]   loss: 0.0126,	steps: 3650/10160,	epoch: 5,	learning_rate: 6.834645669291339e-06
2024-09-26 23:50:57 [INFO]   loss: 0.0105,	steps: 3700/10160,	epoch: 5,	learning_rate: 6.78215223097113e-06
2024-09-26 23:51:19 [INFO]   loss: 0.0106,	steps: 3750/10160,	epoch: 5,	learning_rate: 6.729658792650919e-06
2024-09-26 23:51:41 [INFO]   loss: 0.0112,	steps: 3800/10160,	epoch: 5,	learning_rate: 6.677165354330709e-06
2024-09-27 00:16:02 [INFO]   第5轮的训练 测试结果为：{'R@5': 0.4891438485766823, 'R@10': 0.66087222291383, 'RR@5': 0.8195618872549025, 'RR@10': 0.8248913106909436, 'nDCG@5': 0.6010806167304594, 'nDCG@10': 0.6511790562130898}
2024-09-27 00:16:20 [INFO]   loss: 0.0157,	steps: 3850/10160,	epoch: 6,	learning_rate: 6.624671916010499e-06
2024-09-27 00:16:42 [INFO]   loss: 0.0762,	steps: 3900/10160,	epoch: 6,	learning_rate: 6.57217847769029e-06
2024-09-27 00:17:04 [INFO]   loss: 0.0095,	steps: 3950/10160,	epoch: 6,	learning_rate: 6.51968503937008e-06
2024-09-27 00:17:25 [INFO]   loss: 0.1350,	steps: 4000/10160,	epoch: 6,	learning_rate: 6.467191601049869e-06
2024-09-27 00:17:48 [INFO]   loss: 0.0108,	steps: 4050/10160,	epoch: 6,	learning_rate: 6.414698162729659e-06
2024-09-27 00:18:09 [INFO]   loss: 0.0097,	steps: 4100/10160,	epoch: 6,	learning_rate: 6.362204724409449e-06
2024-09-27 00:18:31 [INFO]   loss: 0.0094,	steps: 4150/10160,	epoch: 6,	learning_rate: 6.3097112860892396e-06
2024-09-27 00:18:54 [INFO]   loss: 0.0089,	steps: 4200/10160,	epoch: 6,	learning_rate: 6.257217847769029e-06
2024-09-27 00:19:17 [INFO]   loss: 0.1343,	steps: 4250/10160,	epoch: 6,	learning_rate: 6.204724409448819e-06
2024-09-27 00:19:39 [INFO]   loss: 0.0101,	steps: 4300/10160,	epoch: 6,	learning_rate: 6.15223097112861e-06
2024-09-27 00:20:01 [INFO]   loss: 0.0090,	steps: 4350/10160,	epoch: 6,	learning_rate: 6.099737532808399e-06
2024-09-27 00:20:23 [INFO]   loss: 0.0085,	steps: 4400/10160,	epoch: 6,	learning_rate: 6.0472440944881895e-06
2024-09-27 00:44:59 [INFO]   第6轮的训练 测试结果为：{'R@5': 0.4364376130627833, 'R@10': 0.6077447228366479, 'RR@5': 0.737362132352942, 'RR@10': 0.7451100752801129, 'nDCG@5': 0.5230626582376271, 'nDCG@10': 0.5757105589341687}
2024-09-27 00:45:01 [INFO]   loss: 0.0100,	steps: 4450/10160,	epoch: 7,	learning_rate: 5.994750656167979e-06
2024-09-27 00:45:23 [INFO]   loss: 0.0091,	steps: 4500/10160,	epoch: 7,	learning_rate: 5.94225721784777e-06
2024-09-27 00:45:45 [INFO]   loss: 0.1336,	steps: 4550/10160,	epoch: 7,	learning_rate: 5.88976377952756e-06
2024-09-27 00:46:07 [INFO]   loss: 0.0080,	steps: 4600/10160,	epoch: 7,	learning_rate: 5.837270341207349e-06
2024-09-27 00:46:29 [INFO]   loss: 0.0167,	steps: 4650/10160,	epoch: 7,	learning_rate: 5.7847769028871395e-06
2024-09-27 00:46:51 [INFO]   loss: 0.0079,	steps: 4700/10160,	epoch: 7,	learning_rate: 5.7322834645669305e-06
2024-09-27 00:47:13 [INFO]   loss: 0.1325,	steps: 4750/10160,	epoch: 7,	learning_rate: 5.67979002624672e-06
2024-09-27 00:47:34 [INFO]   loss: 0.0081,	steps: 4800/10160,	epoch: 7,	learning_rate: 5.62729658792651e-06
2024-09-27 00:47:57 [INFO]   loss: 0.2601,	steps: 4850/10160,	epoch: 7,	learning_rate: 5.574803149606299e-06
2024-09-27 00:48:20 [INFO]   loss: 0.0076,	steps: 4900/10160,	epoch: 7,	learning_rate: 5.52230971128609e-06
2024-09-27 00:48:41 [INFO]   loss: 0.0080,	steps: 4950/10160,	epoch: 7,	learning_rate: 5.46981627296588e-06
2024-09-27 00:49:03 [INFO]   loss: 0.0093,	steps: 5000/10160,	epoch: 7,	learning_rate: 5.41732283464567e-06
2024-09-27 00:49:26 [INFO]   loss: 0.0085,	steps: 5050/10160,	epoch: 7,	learning_rate: 5.364829396325459e-06
2024-09-27 01:13:55 [INFO]   第7轮的训练 测试结果为：{'R@5': 0.5256436773192749, 'R@10': 0.6928962747057771, 'RR@5': 0.845756740196079, 'RR@10': 0.8492639764239034, 'nDCG@5': 0.6389877958890923, 'nDCG@10': 0.6867360208470908}
2024-09-27 01:13:58 [INFO]   ------------------------------------------------
2024-09-27 01:13:58 [INFO]   第 7 轮已经训练完成  模型保存在 /mnt/workspace/clir/myself/output/2024-09-26/best_model
2024-09-27 01:13:58 [INFO]   ------------------------------------------------
2024-09-27 01:14:07 [INFO]   loss: 0.0081,	steps: 5100/10160,	epoch: 8,	learning_rate: 5.31233595800525e-06
2024-09-27 01:14:29 [INFO]   loss: 0.0250,	steps: 5150/10160,	epoch: 8,	learning_rate: 5.25984251968504e-06
2024-09-27 01:14:51 [INFO]   loss: 0.0414,	steps: 5200/10160,	epoch: 8,	learning_rate: 5.2073490813648295e-06
2024-09-27 01:15:13 [INFO]   loss: 0.0078,	steps: 5250/10160,	epoch: 8,	learning_rate: 5.15485564304462e-06
2024-09-27 01:15:35 [INFO]   loss: 0.0080,	steps: 5300/10160,	epoch: 8,	learning_rate: 5.102362204724411e-06
2024-09-27 01:15:57 [INFO]   loss: 0.0070,	steps: 5350/10160,	epoch: 8,	learning_rate: 5.0498687664042e-06
2024-09-27 01:16:19 [INFO]   loss: 0.0089,	steps: 5400/10160,	epoch: 8,	learning_rate: 4.99737532808399e-06
2024-09-27 01:16:41 [INFO]   loss: 0.0066,	steps: 5450/10160,	epoch: 8,	learning_rate: 4.94488188976378e-06
2024-09-27 01:17:04 [INFO]   loss: 0.0070,	steps: 5500/10160,	epoch: 8,	learning_rate: 4.89238845144357e-06
2024-09-27 01:17:26 [INFO]   loss: 0.0073,	steps: 5550/10160,	epoch: 8,	learning_rate: 4.83989501312336e-06
2024-09-27 01:17:48 [INFO]   loss: 0.0146,	steps: 5600/10160,	epoch: 8,	learning_rate: 4.78740157480315e-06
2024-09-27 01:18:10 [INFO]   loss: 0.0071,	steps: 5650/10160,	epoch: 8,	learning_rate: 4.73490813648294e-06
2024-09-27 01:18:32 [INFO]   loss: 0.0069,	steps: 5700/10160,	epoch: 8,	learning_rate: 4.68241469816273e-06
2024-09-27 01:42:55 [INFO]   第8轮的训练 测试结果为：{'R@5': 0.5099754908825728, 'R@10': 0.6914308788690681, 'RR@5': 0.8294270833333339, 'RR@10': 0.8348276289682545, 'nDCG@5': 0.6241660387579204, 'nDCG@10': 0.6778922680137788}
2024-09-27 01:43:11 [INFO]   loss: 0.1315,	steps: 5750/10160,	epoch: 9,	learning_rate: 4.6299212598425204e-06
2024-09-27 01:43:33 [INFO]   loss: 0.0064,	steps: 5800/10160,	epoch: 9,	learning_rate: 4.57742782152231e-06
2024-09-27 01:43:55 [INFO]   loss: 0.0065,	steps: 5850/10160,	epoch: 9,	learning_rate: 4.5249343832021e-06
2024-09-27 01:44:18 [INFO]   loss: 0.0066,	steps: 5900/10160,	epoch: 9,	learning_rate: 4.47244094488189e-06
2024-09-27 01:44:40 [INFO]   loss: 0.0064,	steps: 5950/10160,	epoch: 9,	learning_rate: 4.41994750656168e-06
2024-09-27 01:45:01 [INFO]   loss: 0.0063,	steps: 6000/10160,	epoch: 9,	learning_rate: 4.36745406824147e-06
2024-09-27 01:45:24 [INFO]   loss: 0.0061,	steps: 6050/10160,	epoch: 9,	learning_rate: 4.3149606299212606e-06
2024-09-27 01:45:46 [INFO]   loss: 0.0062,	steps: 6100/10160,	epoch: 9,	learning_rate: 4.26246719160105e-06
2024-09-27 01:46:07 [INFO]   loss: 0.0060,	steps: 6150/10160,	epoch: 9,	learning_rate: 4.209973753280841e-06
2024-09-27 01:46:30 [INFO]   loss: 0.0059,	steps: 6200/10160,	epoch: 9,	learning_rate: 4.15748031496063e-06
2024-09-27 01:46:51 [INFO]   loss: 0.1309,	steps: 6250/10160,	epoch: 9,	learning_rate: 4.10498687664042e-06
2024-09-27 01:47:13 [INFO]   loss: 0.0060,	steps: 6300/10160,	epoch: 9,	learning_rate: 4.0524934383202105e-06
2024-09-27 01:47:35 [INFO]   loss: 0.0058,	steps: 6350/10160,	epoch: 9,	learning_rate: 4.000000000000001e-06
2024-09-27 02:11:52 [INFO]   第9轮的训练 测试结果为：{'R@5': 0.5196059203803344, 'R@10': 0.6989843822501843, 'RR@5': 0.8399662990196084, 'RR@10': 0.8457206320028015, 'nDCG@5': 0.6357213482191286, 'nDCG@10': 0.6876447372774224}
2024-09-27 02:12:14 [INFO]   loss: 0.0073,	steps: 6400/10160,	epoch: 10,	learning_rate: 3.94750656167979e-06
2024-09-27 02:12:36 [INFO]   loss: 0.0061,	steps: 6450/10160,	epoch: 10,	learning_rate: 3.895013123359581e-06
2024-09-27 02:12:57 [INFO]   loss: 0.0065,	steps: 6500/10160,	epoch: 10,	learning_rate: 3.84251968503937e-06
2024-09-27 02:13:20 [INFO]   loss: 0.0075,	steps: 6550/10160,	epoch: 10,	learning_rate: 3.7900262467191605e-06
2024-09-27 02:13:42 [INFO]   loss: 0.0058,	steps: 6600/10160,	epoch: 10,	learning_rate: 3.73753280839895e-06
2024-09-27 02:14:04 [INFO]   loss: 0.0052,	steps: 6650/10160,	epoch: 10,	learning_rate: 3.6850393700787408e-06
2024-09-27 02:14:27 [INFO]   loss: 0.1162,	steps: 6700/10160,	epoch: 10,	learning_rate: 3.6325459317585305e-06
2024-09-27 02:14:49 [INFO]   loss: 0.0053,	steps: 6750/10160,	epoch: 10,	learning_rate: 3.5800524934383207e-06
2024-09-27 02:15:11 [INFO]   loss: 0.0055,	steps: 6800/10160,	epoch: 10,	learning_rate: 3.5275590551181104e-06
2024-09-27 02:15:33 [INFO]   loss: 0.1303,	steps: 6850/10160,	epoch: 10,	learning_rate: 3.4750656167979006e-06
2024-09-27 02:15:55 [INFO]   loss: 0.0054,	steps: 6900/10160,	epoch: 10,	learning_rate: 3.4225721784776907e-06
2024-09-27 02:16:17 [INFO]   loss: 0.1261,	steps: 6950/10160,	epoch: 10,	learning_rate: 3.370078740157481e-06
2024-09-27 02:40:48 [INFO]   第10轮的训练 测试结果为：{'R@5': 0.5214099443818623, 'R@10': 0.701594827941679, 'RR@5': 0.8365655637254905, 'RR@10': 0.8418224060457516, 'nDCG@5': 0.6359664931192794, 'nDCG@10': 0.686719186962429}
2024-09-27 02:40:55 [INFO]   loss: 0.0052,	steps: 7000/10160,	epoch: 11,	learning_rate: 3.3175853018372706e-06
2024-09-27 02:41:18 [INFO]   loss: 0.0058,	steps: 7050/10160,	epoch: 11,	learning_rate: 3.2650918635170608e-06
2024-09-27 02:41:40 [INFO]   loss: 0.0055,	steps: 7100/10160,	epoch: 11,	learning_rate: 3.2125984251968505e-06
2024-09-27 02:42:02 [INFO]   loss: 0.0052,	steps: 7150/10160,	epoch: 11,	learning_rate: 3.160104986876641e-06
2024-09-27 02:42:24 [INFO]   loss: 0.0050,	steps: 7200/10160,	epoch: 11,	learning_rate: 3.107611548556431e-06
2024-09-27 02:42:46 [INFO]   loss: 0.0054,	steps: 7250/10160,	epoch: 11,	learning_rate: 3.055118110236221e-06
2024-09-27 02:43:08 [INFO]   loss: 0.0050,	steps: 7300/10160,	epoch: 11,	learning_rate: 3.0026246719160107e-06
2024-09-27 02:43:29 [INFO]   loss: 0.0058,	steps: 7350/10160,	epoch: 11,	learning_rate: 2.950131233595801e-06
2024-09-27 02:43:51 [INFO]   loss: 0.0048,	steps: 7400/10160,	epoch: 11,	learning_rate: 2.8976377952755906e-06
2024-09-27 02:44:14 [INFO]   loss: 0.0050,	steps: 7450/10160,	epoch: 11,	learning_rate: 2.8451443569553812e-06
2024-09-27 02:44:36 [INFO]   loss: 0.0051,	steps: 7500/10160,	epoch: 11,	learning_rate: 2.792650918635171e-06
2024-09-27 02:44:58 [INFO]   loss: 0.0049,	steps: 7550/10160,	epoch: 11,	learning_rate: 2.740157480314961e-06
2024-09-27 02:45:19 [INFO]   loss: 0.0051,	steps: 7600/10160,	epoch: 11,	learning_rate: 2.687664041994751e-06
2024-09-27 03:09:44 [INFO]   第11轮的训练 测试结果为：{'R@5': 0.5118614718782726, 'R@10': 0.6886266524715495, 'RR@5': 0.8408241421568632, 'RR@10': 0.8468523867880487, 'nDCG@5': 0.635543674045361, 'nDCG@10': 0.6839831003979052}
2024-09-27 03:09:57 [INFO]   loss: 0.0048,	steps: 7650/10160,	epoch: 12,	learning_rate: 2.635170603674541e-06
2024-09-27 03:10:20 [INFO]   loss: 0.0047,	steps: 7700/10160,	epoch: 12,	learning_rate: 2.5826771653543307e-06
2024-09-27 03:10:42 [INFO]   loss: 0.0046,	steps: 7750/10160,	epoch: 12,	learning_rate: 2.5301837270341213e-06
2024-09-27 03:11:04 [INFO]   loss: 0.0046,	steps: 7800/10160,	epoch: 12,	learning_rate: 2.477690288713911e-06
2024-09-27 03:11:26 [INFO]   loss: 0.0047,	steps: 7850/10160,	epoch: 12,	learning_rate: 2.425196850393701e-06
2024-09-27 03:11:48 [INFO]   loss: 0.0045,	steps: 7900/10160,	epoch: 12,	learning_rate: 2.372703412073491e-06
2024-09-27 03:12:10 [INFO]   loss: 0.0044,	steps: 7950/10160,	epoch: 12,	learning_rate: 2.320209973753281e-06
2024-09-27 03:12:33 [INFO]   loss: 0.0047,	steps: 8000/10160,	epoch: 12,	learning_rate: 2.267716535433071e-06
2024-09-27 03:12:55 [INFO]   loss: 0.0049,	steps: 8050/10160,	epoch: 12,	learning_rate: 2.215223097112861e-06
2024-09-27 03:13:17 [INFO]   loss: 0.0046,	steps: 8100/10160,	epoch: 12,	learning_rate: 2.162729658792651e-06
2024-09-27 03:13:39 [INFO]   loss: 0.0043,	steps: 8150/10160,	epoch: 12,	learning_rate: 2.110236220472441e-06
2024-09-27 03:14:01 [INFO]   loss: 0.1296,	steps: 8200/10160,	epoch: 12,	learning_rate: 2.057742782152231e-06
2024-09-27 03:14:23 [INFO]   loss: 0.1287,	steps: 8250/10160,	epoch: 12,	learning_rate: 2.0052493438320212e-06
2024-09-27 03:38:41 [INFO]   第12轮的训练 测试结果为：{'R@5': 0.5234422942141851, 'R@10': 0.695307756123154, 'RR@5': 0.852787990196079, 'RR@10': 0.8570907008636792, 'nDCG@5': 0.6423104903728304, 'nDCG@10': 0.6919636075584429}
2024-09-27 03:38:44 [INFO]   ------------------------------------------------
2024-09-27 03:38:44 [INFO]   第 12 轮已经训练完成  模型保存在 /mnt/workspace/clir/myself/output/2024-09-26/best_model
2024-09-27 03:38:44 [INFO]   ------------------------------------------------
2024-09-27 03:39:04 [INFO]   loss: 0.0044,	steps: 8300/10160,	epoch: 13,	learning_rate: 1.952755905511811e-06
2024-09-27 03:39:26 [INFO]   loss: 0.0043,	steps: 8350/10160,	epoch: 13,	learning_rate: 1.9002624671916011e-06
2024-09-27 03:39:48 [INFO]   loss: 0.0043,	steps: 8400/10160,	epoch: 13,	learning_rate: 1.8477690288713913e-06
2024-09-27 03:40:10 [INFO]   loss: 0.0041,	steps: 8450/10160,	epoch: 13,	learning_rate: 1.7952755905511812e-06
2024-09-27 03:40:32 [INFO]   loss: 0.0080,	steps: 8500/10160,	epoch: 13,	learning_rate: 1.7427821522309712e-06
2024-09-27 03:40:54 [INFO]   loss: 0.0051,	steps: 8550/10160,	epoch: 13,	learning_rate: 1.6902887139107613e-06
2024-09-27 03:41:16 [INFO]   loss: 0.0042,	steps: 8600/10160,	epoch: 13,	learning_rate: 1.6377952755905513e-06
2024-09-27 03:41:39 [INFO]   loss: 0.0042,	steps: 8650/10160,	epoch: 13,	learning_rate: 1.5853018372703412e-06
2024-09-27 03:42:01 [INFO]   loss: 0.0051,	steps: 8700/10160,	epoch: 13,	learning_rate: 1.5328083989501314e-06
2024-09-27 03:42:22 [INFO]   loss: 0.0043,	steps: 8750/10160,	epoch: 13,	learning_rate: 1.4803149606299213e-06
2024-09-27 03:42:45 [INFO]   loss: 0.0042,	steps: 8800/10160,	epoch: 13,	learning_rate: 1.4278215223097113e-06
2024-09-27 03:43:07 [INFO]   loss: 0.0041,	steps: 8850/10160,	epoch: 13,	learning_rate: 1.3753280839895015e-06
2024-09-27 04:07:39 [INFO]   第13轮的训练 测试结果为：{'R@5': 0.520912078453172, 'R@10': 0.6969565263452564, 'RR@5': 0.8502450980392163, 'RR@10': 0.855228028711485, 'nDCG@5': 0.6459729156230902, 'nDCG@10': 0.6943215827969493}
2024-09-27 04:07:43 [INFO]   ------------------------------------------------
2024-09-27 04:07:43 [INFO]   第 13 轮已经训练完成  模型保存在 /mnt/workspace/clir/myself/output/2024-09-26/best_model
2024-09-27 04:07:43 [INFO]   ------------------------------------------------
2024-09-27 04:07:47 [INFO]   loss: 0.0041,	steps: 8900/10160,	epoch: 14,	learning_rate: 1.3228346456692914e-06
2024-09-27 04:08:09 [INFO]   loss: 0.0042,	steps: 8950/10160,	epoch: 14,	learning_rate: 1.2703412073490814e-06
2024-09-27 04:08:32 [INFO]   loss: 0.0043,	steps: 9000/10160,	epoch: 14,	learning_rate: 1.2178477690288715e-06
2024-09-27 04:08:54 [INFO]   loss: 0.0041,	steps: 9050/10160,	epoch: 14,	learning_rate: 1.1653543307086615e-06
2024-09-27 04:09:16 [INFO]   loss: 0.0045,	steps: 9100/10160,	epoch: 14,	learning_rate: 1.1128608923884516e-06
2024-09-27 04:09:38 [INFO]   loss: 0.0040,	steps: 9150/10160,	epoch: 14,	learning_rate: 1.0603674540682416e-06
2024-09-27 04:10:00 [INFO]   loss: 0.0039,	steps: 9200/10160,	epoch: 14,	learning_rate: 1.0078740157480315e-06
2024-09-27 04:10:22 [INFO]   loss: 0.0045,	steps: 9250/10160,	epoch: 14,	learning_rate: 9.553805774278217e-07
2024-09-27 04:10:44 [INFO]   loss: 0.0041,	steps: 9300/10160,	epoch: 14,	learning_rate: 9.028871391076116e-07
2024-09-27 04:11:06 [INFO]   loss: 0.0041,	steps: 9350/10160,	epoch: 14,	learning_rate: 8.503937007874017e-07
2024-09-27 04:11:28 [INFO]   loss: 0.0041,	steps: 9400/10160,	epoch: 14,	learning_rate: 7.979002624671916e-07
2024-09-27 04:11:50 [INFO]   loss: 0.0046,	steps: 9450/10160,	epoch: 14,	learning_rate: 7.454068241469817e-07
2024-09-27 04:12:13 [INFO]   loss: 0.0040,	steps: 9500/10160,	epoch: 14,	learning_rate: 6.929133858267717e-07
2024-09-27 04:36:39 [INFO]   第14轮的训练 测试结果为：{'R@5': 0.525902491880729, 'R@10': 0.6995036650520616, 'RR@5': 0.8492800245098043, 'RR@10': 0.8539828431372549, 'nDCG@5': 0.6446868665434266, 'nDCG@10': 0.6935046831325378}
2024-09-27 04:36:50 [INFO]   loss: 0.0041,	steps: 9550/10160,	epoch: 15,	learning_rate: 6.404199475065617e-07
2024-09-27 04:37:13 [INFO]   loss: 0.0043,	steps: 9600/10160,	epoch: 15,	learning_rate: 5.879265091863517e-07
2024-09-27 04:37:35 [INFO]   loss: 0.0041,	steps: 9650/10160,	epoch: 15,	learning_rate: 5.354330708661418e-07
2024-09-27 04:37:57 [INFO]   loss: 0.0043,	steps: 9700/10160,	epoch: 15,	learning_rate: 4.829396325459318e-07
2024-09-27 04:38:18 [INFO]   loss: 0.0041,	steps: 9750/10160,	epoch: 15,	learning_rate: 4.304461942257218e-07
2024-09-27 04:38:40 [INFO]   loss: 0.0040,	steps: 9800/10160,	epoch: 15,	learning_rate: 3.7795275590551184e-07
2024-09-27 04:39:02 [INFO]   loss: 0.0042,	steps: 9850/10160,	epoch: 15,	learning_rate: 3.2545931758530185e-07
2024-09-27 04:39:24 [INFO]   loss: 0.0043,	steps: 9900/10160,	epoch: 15,	learning_rate: 2.729658792650919e-07
2024-09-27 04:39:46 [INFO]   loss: 0.0040,	steps: 9950/10160,	epoch: 15,	learning_rate: 2.204724409448819e-07
2024-09-27 04:40:08 [INFO]   loss: 0.0041,	steps: 10000/10160,	epoch: 15,	learning_rate: 1.6797900262467193e-07
2024-09-27 04:40:30 [INFO]   loss: 0.0041,	steps: 10050/10160,	epoch: 15,	learning_rate: 1.1548556430446196e-07
2024-09-27 04:40:51 [INFO]   loss: 0.0040,	steps: 10100/10160,	epoch: 15,	learning_rate: 6.299212598425197e-08
2024-09-27 04:41:14 [INFO]   loss: 0.0040,	steps: 10150/10160,	epoch: 15,	learning_rate: 1.0498687664041996e-08
2024-09-27 05:05:32 [INFO]   第15轮的训练 测试结果为：{'R@5': 0.5269244496127531, 'R@10': 0.7058015068200397, 'RR@5': 0.8514246323529417, 'RR@10': 0.8561274509803924, 'nDCG@5': 0.6465695672033113, 'nDCG@10': 0.6982337129286703}
2024-09-27 05:05:35 [INFO]   ------------------------------------------------
2024-09-27 05:05:35 [INFO]   第 15 轮已经训练完成  模型保存在 /mnt/workspace/clir/myself/output/2024-09-26/best_model
2024-09-27 05:05:35 [INFO]   ------------------------------------------------
2024-09-27 05:05:35 [INFO]   ------------------------------------------------
2024-09-27 05:05:35 [INFO]   所有epoch的平均评测指标为: {'R@5': 0.5028682118447213, 'R@10': 0.6746675605393537, 'RR@5': 0.8221631816789222, 'RR@10': 0.8274127978014125, 'nDCG@5': 0.6146711694965884, 'nDCG@10': 0.6643733639747825}
2024-09-27 05:05:35 [INFO]   ------------------------------------------------
