2024-09-27 22:18:35 [INFO]   ***** Running training *****
2024-09-27 22:18:35 [INFO]   当前时间: 2024-09-27 22:18:35
2024-09-27 22:18:35 [INFO]   Num examples = 5087
2024-09-27 22:18:35 [INFO]   Num Epochs = 16
2024-09-27 22:18:35 [INFO]   Instantaneous batch size per device = 8
2024-09-27 22:18:35 [INFO]   Total train batch size (w. parallel, distributed & accumulation) = 16
2024-09-27 22:18:35 [INFO]   Total optimization steps = 10160
2024-09-27 22:18:35 [INFO]   训练的设备: cuda, 设备编号: 0
2024-09-27 22:18:59 [INFO]   loss: 3.6161,	steps: 50/10160,	epoch: 0,	learning_rate: 7.874015748031496e-07
2024-09-27 22:19:22 [INFO]   loss: 1.8726,	steps: 100/10160,	epoch: 0,	learning_rate: 1.5748031496062992e-06
2024-09-27 22:19:46 [INFO]   loss: 1.2981,	steps: 150/10160,	epoch: 0,	learning_rate: 2.362204724409449e-06
2024-09-27 22:20:09 [INFO]   loss: 0.7697,	steps: 200/10160,	epoch: 0,	learning_rate: 3.1496062992125985e-06
2024-09-27 22:20:32 [INFO]   loss: 0.9307,	steps: 250/10160,	epoch: 0,	learning_rate: 3.937007874015748e-06
2024-09-27 22:20:55 [INFO]   loss: 0.8978,	steps: 300/10160,	epoch: 0,	learning_rate: 4.724409448818898e-06
2024-09-27 22:21:19 [INFO]   loss: 0.4644,	steps: 350/10160,	epoch: 0,	learning_rate: 5.511811023622048e-06
2024-09-27 22:21:42 [INFO]   loss: 0.4904,	steps: 400/10160,	epoch: 0,	learning_rate: 6.299212598425197e-06
2024-09-27 22:22:05 [INFO]   loss: 0.2204,	steps: 450/10160,	epoch: 0,	learning_rate: 7.086614173228347e-06
2024-09-27 22:22:29 [INFO]   loss: 0.5133,	steps: 500/10160,	epoch: 0,	learning_rate: 7.874015748031496e-06
2024-09-27 22:22:52 [INFO]   loss: 0.3017,	steps: 550/10160,	epoch: 0,	learning_rate: 8.661417322834647e-06
2024-09-27 22:23:16 [INFO]   loss: 0.4019,	steps: 600/10160,	epoch: 0,	learning_rate: 9.448818897637797e-06
2024-09-27 22:47:42 [INFO]   第0轮的训练 测试结果为：{'R@5': 0.4387533225686223, 'R@10': 0.6161882882688627, 'RR@5': 0.7478553921568635, 'RR@10': 0.7542571195144729, 'nDCG@5': 0.5327761258936987, 'nDCG@10': 0.589696286818818}
2024-09-27 22:47:42 [INFO]   ------------------------------------------------
2024-09-27 22:47:42 [INFO]   第 0 轮已经训练完成  模型保存在 /mnt/workspace/clir/myself/output/2024-09-27/best_model
2024-09-27 22:47:42 [INFO]   ------------------------------------------------
2024-09-27 22:47:49 [INFO]   loss: 0.2874,	steps: 650/10160,	epoch: 1,	learning_rate: 9.984251968503938e-06
2024-09-27 22:48:13 [INFO]   loss: 0.1264,	steps: 700/10160,	epoch: 1,	learning_rate: 9.931758530183728e-06
2024-09-27 22:48:36 [INFO]   loss: 0.5117,	steps: 750/10160,	epoch: 1,	learning_rate: 9.879265091863518e-06
2024-09-27 22:49:00 [INFO]   loss: 0.4303,	steps: 800/10160,	epoch: 1,	learning_rate: 9.826771653543308e-06
2024-09-27 22:49:23 [INFO]   loss: 0.2225,	steps: 850/10160,	epoch: 1,	learning_rate: 9.774278215223098e-06
2024-09-27 22:49:47 [INFO]   loss: 0.6265,	steps: 900/10160,	epoch: 1,	learning_rate: 9.721784776902888e-06
2024-09-27 22:50:10 [INFO]   loss: 0.1574,	steps: 950/10160,	epoch: 1,	learning_rate: 9.669291338582679e-06
2024-09-27 22:50:34 [INFO]   loss: 0.5714,	steps: 1000/10160,	epoch: 1,	learning_rate: 9.616797900262467e-06
2024-09-27 22:50:57 [INFO]   loss: 0.4106,	steps: 1050/10160,	epoch: 1,	learning_rate: 9.564304461942257e-06
2024-09-27 22:51:21 [INFO]   loss: 0.4937,	steps: 1100/10160,	epoch: 1,	learning_rate: 9.511811023622049e-06
2024-09-27 22:51:44 [INFO]   loss: 0.1161,	steps: 1150/10160,	epoch: 1,	learning_rate: 9.459317585301838e-06
2024-09-27 22:52:07 [INFO]   loss: 0.4234,	steps: 1200/10160,	epoch: 1,	learning_rate: 9.406824146981628e-06
2024-09-27 22:52:30 [INFO]   loss: 0.4474,	steps: 1250/10160,	epoch: 1,	learning_rate: 9.354330708661418e-06
2024-09-27 23:16:36 [INFO]   第1轮的训练 测试结果为：{'R@5': 0.4333899435968002, 'R@10': 0.6032368168075832, 'RR@5': 0.756464460784314, 'RR@10': 0.7633771737861812, 'nDCG@5': 0.5330586686016523, 'nDCG@10': 0.5866241707064411}
2024-09-27 23:16:50 [INFO]   loss: 0.0942,	steps: 1300/10160,	epoch: 2,	learning_rate: 9.301837270341208e-06
2024-09-27 23:17:14 [INFO]   loss: 0.2243,	steps: 1350/10160,	epoch: 2,	learning_rate: 9.249343832020998e-06
2024-09-27 23:17:37 [INFO]   loss: 0.1785,	steps: 1400/10160,	epoch: 2,	learning_rate: 9.196850393700788e-06
2024-09-27 23:18:00 [INFO]   loss: 0.1101,	steps: 1450/10160,	epoch: 2,	learning_rate: 9.144356955380579e-06
2024-09-27 23:18:24 [INFO]   loss: 0.3876,	steps: 1500/10160,	epoch: 2,	learning_rate: 9.091863517060369e-06
2024-09-27 23:18:47 [INFO]   loss: 0.1177,	steps: 1550/10160,	epoch: 2,	learning_rate: 9.039370078740159e-06
2024-09-27 23:19:10 [INFO]   loss: 0.2074,	steps: 1600/10160,	epoch: 2,	learning_rate: 8.986876640419947e-06
2024-09-27 23:19:34 [INFO]   loss: 0.1962,	steps: 1650/10160,	epoch: 2,	learning_rate: 8.934383202099738e-06
2024-09-27 23:19:57 [INFO]   loss: 0.7482,	steps: 1700/10160,	epoch: 2,	learning_rate: 8.88188976377953e-06
2024-09-27 23:20:20 [INFO]   loss: 0.3175,	steps: 1750/10160,	epoch: 2,	learning_rate: 8.829396325459318e-06
2024-09-27 23:20:43 [INFO]   loss: 0.5278,	steps: 1800/10160,	epoch: 2,	learning_rate: 8.776902887139108e-06
2024-09-27 23:21:06 [INFO]   loss: 0.2087,	steps: 1850/10160,	epoch: 2,	learning_rate: 8.724409448818898e-06
2024-09-27 23:21:30 [INFO]   loss: 0.3587,	steps: 1900/10160,	epoch: 2,	learning_rate: 8.671916010498688e-06
2024-09-27 23:45:29 [INFO]   第2轮的训练 测试结果为：{'R@5': 0.48557105894458996, 'R@10': 0.6450250213299914, 'RR@5': 0.8156709558823535, 'RR@10': 0.8205331611811394, 'nDCG@5': 0.5903047920509514, 'nDCG@10': 0.6395762999617897}
2024-09-27 23:45:32 [INFO]   ------------------------------------------------
2024-09-27 23:45:32 [INFO]   第 2 轮已经训练完成  模型保存在 /mnt/workspace/clir/myself/output/2024-09-27/best_model
2024-09-27 23:45:32 [INFO]   ------------------------------------------------
2024-09-27 23:45:53 [INFO]   loss: 0.2986,	steps: 1950/10160,	epoch: 3,	learning_rate: 8.619422572178478e-06
2024-09-27 23:46:16 [INFO]   loss: 0.1789,	steps: 2000/10160,	epoch: 3,	learning_rate: 8.566929133858269e-06
2024-09-27 23:46:39 [INFO]   loss: 0.1630,	steps: 2050/10160,	epoch: 3,	learning_rate: 8.514435695538059e-06
2024-09-27 23:47:02 [INFO]   loss: 0.1753,	steps: 2100/10160,	epoch: 3,	learning_rate: 8.461942257217849e-06
2024-09-27 23:47:25 [INFO]   loss: 0.0895,	steps: 2150/10160,	epoch: 3,	learning_rate: 8.409448818897639e-06
2024-09-27 23:47:48 [INFO]   loss: 0.2033,	steps: 2200/10160,	epoch: 3,	learning_rate: 8.356955380577428e-06
2024-09-27 23:48:12 [INFO]   loss: 0.0859,	steps: 2250/10160,	epoch: 3,	learning_rate: 8.304461942257218e-06
2024-09-27 23:48:35 [INFO]   loss: 0.0518,	steps: 2300/10160,	epoch: 3,	learning_rate: 8.25196850393701e-06
2024-09-27 23:48:59 [INFO]   loss: 0.2099,	steps: 2350/10160,	epoch: 3,	learning_rate: 8.199475065616798e-06
2024-09-27 23:49:22 [INFO]   loss: 0.3053,	steps: 2400/10160,	epoch: 3,	learning_rate: 8.146981627296588e-06
2024-09-27 23:49:45 [INFO]   loss: 0.2683,	steps: 2450/10160,	epoch: 3,	learning_rate: 8.094488188976378e-06
2024-09-27 23:50:09 [INFO]   loss: 0.3617,	steps: 2500/10160,	epoch: 3,	learning_rate: 8.041994750656169e-06
2024-09-28 00:14:24 [INFO]   第3轮的训练 测试结果为：{'R@5': 0.5175094662559462, 'R@10': 0.6788435634391384, 'RR@5': 0.8392769607843142, 'RR@10': 0.8430880164565829, 'nDCG@5': 0.6336738039285282, 'nDCG@10': 0.6773478010109297}
2024-09-28 00:14:27 [INFO]   ------------------------------------------------
2024-09-28 00:14:27 [INFO]   第 3 轮已经训练完成  模型保存在 /mnt/workspace/clir/myself/output/2024-09-27/best_model
2024-09-28 00:14:27 [INFO]   ------------------------------------------------
2024-09-28 00:14:32 [INFO]   loss: 0.0276,	steps: 2550/10160,	epoch: 4,	learning_rate: 7.989501312335959e-06
2024-09-28 00:14:55 [INFO]   loss: 0.1358,	steps: 2600/10160,	epoch: 4,	learning_rate: 7.937007874015749e-06
2024-09-28 00:15:18 [INFO]   loss: 0.2565,	steps: 2650/10160,	epoch: 4,	learning_rate: 7.884514435695539e-06
2024-09-28 00:15:41 [INFO]   loss: 0.3039,	steps: 2700/10160,	epoch: 4,	learning_rate: 7.83202099737533e-06
2024-09-28 00:16:04 [INFO]   loss: 0.1506,	steps: 2750/10160,	epoch: 4,	learning_rate: 7.77952755905512e-06
2024-09-28 00:16:28 [INFO]   loss: 0.1548,	steps: 2800/10160,	epoch: 4,	learning_rate: 7.72703412073491e-06
2024-09-28 00:16:52 [INFO]   loss: 0.2169,	steps: 2850/10160,	epoch: 4,	learning_rate: 7.674540682414698e-06
2024-09-28 00:17:16 [INFO]   loss: 0.0276,	steps: 2900/10160,	epoch: 4,	learning_rate: 7.622047244094489e-06
2024-09-28 00:17:39 [INFO]   loss: 0.1711,	steps: 2950/10160,	epoch: 4,	learning_rate: 7.569553805774279e-06
2024-09-28 00:18:02 [INFO]   loss: 0.2182,	steps: 3000/10160,	epoch: 4,	learning_rate: 7.5170603674540684e-06
2024-09-28 00:18:25 [INFO]   loss: 0.1375,	steps: 3050/10160,	epoch: 4,	learning_rate: 7.464566929133859e-06
2024-09-28 00:18:49 [INFO]   loss: 0.3045,	steps: 3100/10160,	epoch: 4,	learning_rate: 7.41207349081365e-06
2024-09-28 00:19:12 [INFO]   loss: 0.2078,	steps: 3150/10160,	epoch: 4,	learning_rate: 7.359580052493439e-06
2024-09-28 00:43:19 [INFO]   第4轮的训练 测试结果为：{'R@5': 0.5205352514422624, 'R@10': 0.6843852606157835, 'RR@5': 0.8403339460784319, 'RR@10': 0.844505718954249, 'nDCG@5': 0.6385747295147857, 'nDCG@10': 0.6853909728048482}
2024-09-28 00:43:22 [INFO]   ------------------------------------------------
2024-09-28 00:43:22 [INFO]   第 4 轮已经训练完成  模型保存在 /mnt/workspace/clir/myself/output/2024-09-27/best_model
2024-09-28 00:43:22 [INFO]   ------------------------------------------------
2024-09-28 00:43:34 [INFO]   loss: 0.1798,	steps: 3200/10160,	epoch: 5,	learning_rate: 7.307086614173229e-06
2024-09-28 00:43:57 [INFO]   loss: 0.0485,	steps: 3250/10160,	epoch: 5,	learning_rate: 7.254593175853018e-06
2024-09-28 00:44:20 [INFO]   loss: 0.1181,	steps: 3300/10160,	epoch: 5,	learning_rate: 7.202099737532809e-06
2024-09-28 00:44:43 [INFO]   loss: 0.2397,	steps: 3350/10160,	epoch: 5,	learning_rate: 7.1496062992125995e-06
2024-09-28 00:45:07 [INFO]   loss: 0.1391,	steps: 3400/10160,	epoch: 5,	learning_rate: 7.097112860892389e-06
2024-09-28 00:45:30 [INFO]   loss: 0.2069,	steps: 3450/10160,	epoch: 5,	learning_rate: 7.044619422572179e-06
2024-09-28 00:45:53 [INFO]   loss: 0.1246,	steps: 3500/10160,	epoch: 5,	learning_rate: 6.992125984251969e-06
2024-09-28 00:46:16 [INFO]   loss: 0.0313,	steps: 3550/10160,	epoch: 5,	learning_rate: 6.939632545931759e-06
2024-09-28 00:46:39 [INFO]   loss: 0.2320,	steps: 3600/10160,	epoch: 5,	learning_rate: 6.887139107611549e-06
2024-09-28 00:47:02 [INFO]   loss: 0.1123,	steps: 3650/10160,	epoch: 5,	learning_rate: 6.834645669291339e-06
2024-09-28 00:47:26 [INFO]   loss: 0.3312,	steps: 3700/10160,	epoch: 5,	learning_rate: 6.78215223097113e-06
2024-09-28 00:47:49 [INFO]   loss: 0.1609,	steps: 3750/10160,	epoch: 5,	learning_rate: 6.729658792650919e-06
2024-09-28 00:48:12 [INFO]   loss: 0.1044,	steps: 3800/10160,	epoch: 5,	learning_rate: 6.677165354330709e-06
2024-09-28 01:12:16 [INFO]   第5轮的训练 测试结果为：{'R@5': 0.5229314068012622, 'R@10': 0.6890636628891263, 'RR@5': 0.818704044117648, 'RR@10': 0.822923596521943, 'nDCG@5': 0.6208475891051821, 'nDCG@10': 0.6717393295443416}
2024-09-28 01:12:35 [INFO]   loss: 0.0205,	steps: 3850/10160,	epoch: 6,	learning_rate: 6.624671916010499e-06
2024-09-28 01:12:58 [INFO]   loss: 0.1458,	steps: 3900/10160,	epoch: 6,	learning_rate: 6.57217847769029e-06
2024-09-28 01:13:22 [INFO]   loss: 0.0785,	steps: 3950/10160,	epoch: 6,	learning_rate: 6.51968503937008e-06
2024-09-28 01:13:44 [INFO]   loss: 0.0555,	steps: 4000/10160,	epoch: 6,	learning_rate: 6.467191601049869e-06
2024-09-28 01:14:08 [INFO]   loss: 0.2009,	steps: 4050/10160,	epoch: 6,	learning_rate: 6.414698162729659e-06
2024-09-28 01:14:30 [INFO]   loss: 0.2000,	steps: 4100/10160,	epoch: 6,	learning_rate: 6.362204724409449e-06
2024-09-28 01:14:53 [INFO]   loss: 0.0426,	steps: 4150/10160,	epoch: 6,	learning_rate: 6.3097112860892396e-06
2024-09-28 01:15:18 [INFO]   loss: 0.2073,	steps: 4200/10160,	epoch: 6,	learning_rate: 6.257217847769029e-06
2024-09-28 01:15:41 [INFO]   loss: 0.3140,	steps: 4250/10160,	epoch: 6,	learning_rate: 6.204724409448819e-06
2024-09-28 01:16:04 [INFO]   loss: 0.2583,	steps: 4300/10160,	epoch: 6,	learning_rate: 6.15223097112861e-06
2024-09-28 01:16:27 [INFO]   loss: 0.0342,	steps: 4350/10160,	epoch: 6,	learning_rate: 6.099737532808399e-06
2024-09-28 01:16:50 [INFO]   loss: 0.0972,	steps: 4400/10160,	epoch: 6,	learning_rate: 6.0472440944881895e-06
2024-09-28 01:41:08 [INFO]   第6轮的训练 测试结果为：{'R@5': 0.5315158808788765, 'R@10': 0.6907767132660543, 'RR@5': 0.8633118872549022, 'RR@10': 0.8665441176470587, 'nDCG@5': 0.6526691145164497, 'nDCG@10': 0.6958169541850092}
2024-09-28 01:41:11 [INFO]   ------------------------------------------------
2024-09-28 01:41:11 [INFO]   第 6 轮已经训练完成  模型保存在 /mnt/workspace/clir/myself/output/2024-09-27/best_model
2024-09-28 01:41:11 [INFO]   ------------------------------------------------
2024-09-28 01:41:13 [INFO]   loss: 0.1430,	steps: 4450/10160,	epoch: 7,	learning_rate: 5.994750656167979e-06
2024-09-28 01:41:37 [INFO]   loss: 0.0281,	steps: 4500/10160,	epoch: 7,	learning_rate: 5.94225721784777e-06
2024-09-28 01:42:00 [INFO]   loss: 0.0816,	steps: 4550/10160,	epoch: 7,	learning_rate: 5.88976377952756e-06
2024-09-28 01:42:23 [INFO]   loss: 0.1607,	steps: 4600/10160,	epoch: 7,	learning_rate: 5.837270341207349e-06
2024-09-28 01:42:46 [INFO]   loss: 0.0507,	steps: 4650/10160,	epoch: 7,	learning_rate: 5.7847769028871395e-06
2024-09-28 01:43:09 [INFO]   loss: 0.1649,	steps: 4700/10160,	epoch: 7,	learning_rate: 5.7322834645669305e-06
2024-09-28 01:43:32 [INFO]   loss: 0.2497,	steps: 4750/10160,	epoch: 7,	learning_rate: 5.67979002624672e-06
2024-09-28 01:43:54 [INFO]   loss: 0.0889,	steps: 4800/10160,	epoch: 7,	learning_rate: 5.62729658792651e-06
2024-09-28 01:44:18 [INFO]   loss: 0.2741,	steps: 4850/10160,	epoch: 7,	learning_rate: 5.574803149606299e-06
2024-09-28 01:44:42 [INFO]   loss: 0.0043,	steps: 4900/10160,	epoch: 7,	learning_rate: 5.52230971128609e-06
2024-09-28 01:45:04 [INFO]   loss: 0.1365,	steps: 4950/10160,	epoch: 7,	learning_rate: 5.46981627296588e-06
2024-09-28 01:45:27 [INFO]   loss: 0.3183,	steps: 5000/10160,	epoch: 7,	learning_rate: 5.41732283464567e-06
2024-09-28 01:45:51 [INFO]   loss: 0.0981,	steps: 5050/10160,	epoch: 7,	learning_rate: 5.364829396325459e-06
2024-09-28 02:10:02 [INFO]   第7轮的训练 测试结果为：{'R@5': 0.4861336693427975, 'R@10': 0.6601732676043485, 'RR@5': 0.8070925245098044, 'RR@10': 0.8133578431372551, 'nDCG@5': 0.5891029025936851, 'nDCG@10': 0.6443784805631204}
2024-09-28 02:10:12 [INFO]   loss: 0.0789,	steps: 5100/10160,	epoch: 8,	learning_rate: 5.31233595800525e-06
2024-09-28 02:10:35 [INFO]   loss: 0.0854,	steps: 5150/10160,	epoch: 8,	learning_rate: 5.25984251968504e-06
2024-09-28 02:10:58 [INFO]   loss: 0.0480,	steps: 5200/10160,	epoch: 8,	learning_rate: 5.2073490813648295e-06
2024-09-28 02:11:21 [INFO]   loss: 0.1841,	steps: 5250/10160,	epoch: 8,	learning_rate: 5.15485564304462e-06
2024-09-28 02:11:44 [INFO]   loss: 0.0135,	steps: 5300/10160,	epoch: 8,	learning_rate: 5.102362204724411e-06
2024-09-28 02:12:07 [INFO]   loss: 0.0951,	steps: 5350/10160,	epoch: 8,	learning_rate: 5.0498687664042e-06
2024-09-28 02:12:30 [INFO]   loss: 0.1477,	steps: 5400/10160,	epoch: 8,	learning_rate: 4.99737532808399e-06
2024-09-28 02:12:53 [INFO]   loss: 0.1198,	steps: 5450/10160,	epoch: 8,	learning_rate: 4.94488188976378e-06
2024-09-28 02:13:17 [INFO]   loss: 0.1564,	steps: 5500/10160,	epoch: 8,	learning_rate: 4.89238845144357e-06
2024-09-28 02:13:40 [INFO]   loss: 0.0271,	steps: 5550/10160,	epoch: 8,	learning_rate: 4.83989501312336e-06
2024-09-28 02:14:03 [INFO]   loss: 0.2877,	steps: 5600/10160,	epoch: 8,	learning_rate: 4.78740157480315e-06
2024-09-28 02:14:26 [INFO]   loss: 0.1267,	steps: 5650/10160,	epoch: 8,	learning_rate: 4.73490813648294e-06
2024-09-28 02:14:49 [INFO]   loss: 0.1201,	steps: 5700/10160,	epoch: 8,	learning_rate: 4.68241469816273e-06
2024-09-28 02:38:51 [INFO]   第8轮的训练 测试结果为：{'R@5': 0.5343210421088811, 'R@10': 0.7035699047236117, 'RR@5': 0.8578431372549025, 'RR@10': 0.8620189221521946, 'nDCG@5': 0.6505849815701776, 'nDCG@10': 0.7007184898421501}
2024-09-28 02:39:07 [INFO]   loss: 0.0906,	steps: 5750/10160,	epoch: 9,	learning_rate: 4.6299212598425204e-06
2024-09-28 02:39:30 [INFO]   loss: 0.1078,	steps: 5800/10160,	epoch: 9,	learning_rate: 4.57742782152231e-06
2024-09-28 02:39:53 [INFO]   loss: 0.1080,	steps: 5850/10160,	epoch: 9,	learning_rate: 4.5249343832021e-06
2024-09-28 02:40:17 [INFO]   loss: 0.0604,	steps: 5900/10160,	epoch: 9,	learning_rate: 4.47244094488189e-06
2024-09-28 02:40:40 [INFO]   loss: 0.1186,	steps: 5950/10160,	epoch: 9,	learning_rate: 4.41994750656168e-06
2024-09-28 02:41:02 [INFO]   loss: 0.1855,	steps: 6000/10160,	epoch: 9,	learning_rate: 4.36745406824147e-06
2024-09-28 02:41:26 [INFO]   loss: 0.0896,	steps: 6050/10160,	epoch: 9,	learning_rate: 4.3149606299212606e-06
2024-09-28 02:41:49 [INFO]   loss: 0.0668,	steps: 6100/10160,	epoch: 9,	learning_rate: 4.26246719160105e-06
2024-09-28 02:42:12 [INFO]   loss: 0.0647,	steps: 6150/10160,	epoch: 9,	learning_rate: 4.209973753280841e-06
2024-09-28 02:42:35 [INFO]   loss: 0.0312,	steps: 6200/10160,	epoch: 9,	learning_rate: 4.15748031496063e-06
2024-09-28 02:42:58 [INFO]   loss: 0.1473,	steps: 6250/10160,	epoch: 9,	learning_rate: 4.10498687664042e-06
2024-09-28 02:43:20 [INFO]   loss: 0.0199,	steps: 6300/10160,	epoch: 9,	learning_rate: 4.0524934383202105e-06
2024-09-28 02:43:44 [INFO]   loss: 0.0067,	steps: 6350/10160,	epoch: 9,	learning_rate: 4.000000000000001e-06
2024-09-28 03:07:39 [INFO]   第9轮的训练 测试结果为：{'R@5': 0.5209350691195895, 'R@10': 0.695079619701117, 'RR@5': 0.8499693627450986, 'RR@10': 0.8545003939075634, 'nDCG@5': 0.6391260065499967, 'nDCG@10': 0.6909544490337854}
2024-09-28 03:08:02 [INFO]   loss: 0.1810,	steps: 6400/10160,	epoch: 10,	learning_rate: 3.94750656167979e-06
2024-09-28 03:08:25 [INFO]   loss: 0.0713,	steps: 6450/10160,	epoch: 10,	learning_rate: 3.895013123359581e-06
2024-09-28 03:08:48 [INFO]   loss: 0.1900,	steps: 6500/10160,	epoch: 10,	learning_rate: 3.84251968503937e-06
2024-09-28 03:09:11 [INFO]   loss: 0.0576,	steps: 6550/10160,	epoch: 10,	learning_rate: 3.7900262467191605e-06
2024-09-28 03:09:34 [INFO]   loss: 0.0363,	steps: 6600/10160,	epoch: 10,	learning_rate: 3.73753280839895e-06
2024-09-28 03:09:58 [INFO]   loss: 0.0695,	steps: 6650/10160,	epoch: 10,	learning_rate: 3.6850393700787408e-06
2024-09-28 03:10:21 [INFO]   loss: 0.0594,	steps: 6700/10160,	epoch: 10,	learning_rate: 3.6325459317585305e-06
2024-09-28 03:10:44 [INFO]   loss: 0.1215,	steps: 6750/10160,	epoch: 10,	learning_rate: 3.5800524934383207e-06
2024-09-28 03:11:07 [INFO]   loss: 0.0040,	steps: 6800/10160,	epoch: 10,	learning_rate: 3.5275590551181104e-06
2024-09-28 03:11:30 [INFO]   loss: 0.0893,	steps: 6850/10160,	epoch: 10,	learning_rate: 3.4750656167979006e-06
2024-09-28 03:11:54 [INFO]   loss: 0.1301,	steps: 6900/10160,	epoch: 10,	learning_rate: 3.4225721784776907e-06
2024-09-28 03:12:17 [INFO]   loss: 0.1087,	steps: 6950/10160,	epoch: 10,	learning_rate: 3.370078740157481e-06
2024-09-28 03:36:29 [INFO]   第10轮的训练 测试结果为：{'R@5': 0.5270484304328302, 'R@10': 0.6963508429276655, 'RR@5': 0.8503370098039221, 'RR@10': 0.8542939571661999, 'nDCG@5': 0.6456730912795312, 'nDCG@10': 0.6950734868509811}
2024-09-28 03:36:37 [INFO]   loss: 0.0101,	steps: 7000/10160,	epoch: 11,	learning_rate: 3.3175853018372706e-06
2024-09-28 03:37:00 [INFO]   loss: 0.1998,	steps: 7050/10160,	epoch: 11,	learning_rate: 3.2650918635170608e-06
2024-09-28 03:37:24 [INFO]   loss: 0.0850,	steps: 7100/10160,	epoch: 11,	learning_rate: 3.2125984251968505e-06
2024-09-28 03:37:47 [INFO]   loss: 0.1075,	steps: 7150/10160,	epoch: 11,	learning_rate: 3.160104986876641e-06
2024-09-28 03:38:10 [INFO]   loss: 0.2015,	steps: 7200/10160,	epoch: 11,	learning_rate: 3.107611548556431e-06
2024-09-28 03:38:33 [INFO]   loss: 0.0405,	steps: 7250/10160,	epoch: 11,	learning_rate: 3.055118110236221e-06
2024-09-28 03:38:56 [INFO]   loss: 0.0625,	steps: 7300/10160,	epoch: 11,	learning_rate: 3.0026246719160107e-06
2024-09-28 03:39:18 [INFO]   loss: 0.1274,	steps: 7350/10160,	epoch: 11,	learning_rate: 2.950131233595801e-06
2024-09-28 03:39:41 [INFO]   loss: 0.0225,	steps: 7400/10160,	epoch: 11,	learning_rate: 2.8976377952755906e-06
2024-09-28 03:40:04 [INFO]   loss: 0.1419,	steps: 7450/10160,	epoch: 11,	learning_rate: 2.8451443569553812e-06
2024-09-28 03:40:27 [INFO]   loss: 0.0950,	steps: 7500/10160,	epoch: 11,	learning_rate: 2.792650918635171e-06
2024-09-28 03:40:51 [INFO]   loss: 0.0466,	steps: 7550/10160,	epoch: 11,	learning_rate: 2.740157480314961e-06
2024-09-28 03:41:13 [INFO]   loss: 0.0115,	steps: 7600/10160,	epoch: 11,	learning_rate: 2.687664041994751e-06
2024-09-28 04:05:17 [INFO]   第11轮的训练 测试结果为：{'R@5': 0.5402653851592124, 'R@10': 0.705240738368189, 'RR@5': 0.8664675245098042, 'RR@10': 0.8707629405929039, 'nDCG@5': 0.6613680829506358, 'nDCG@10': 0.7064243502683343}
2024-09-28 04:05:20 [INFO]   ------------------------------------------------
2024-09-28 04:05:20 [INFO]   第 11 轮已经训练完成  模型保存在 /mnt/workspace/clir/myself/output/2024-09-27/best_model
2024-09-28 04:05:20 [INFO]   ------------------------------------------------
2024-09-28 04:05:34 [INFO]   loss: 0.1109,	steps: 7650/10160,	epoch: 12,	learning_rate: 2.635170603674541e-06
2024-09-28 04:05:57 [INFO]   loss: 0.0090,	steps: 7700/10160,	epoch: 12,	learning_rate: 2.5826771653543307e-06
2024-09-28 04:06:21 [INFO]   loss: 0.1479,	steps: 7750/10160,	epoch: 12,	learning_rate: 2.5301837270341213e-06
2024-09-28 04:06:43 [INFO]   loss: 0.0712,	steps: 7800/10160,	epoch: 12,	learning_rate: 2.477690288713911e-06
2024-09-28 04:07:07 [INFO]   loss: 0.0954,	steps: 7850/10160,	epoch: 12,	learning_rate: 2.425196850393701e-06
2024-09-28 04:07:30 [INFO]   loss: 0.1518,	steps: 7900/10160,	epoch: 12,	learning_rate: 2.372703412073491e-06
2024-09-28 04:07:53 [INFO]   loss: 0.1270,	steps: 7950/10160,	epoch: 12,	learning_rate: 2.320209973753281e-06
2024-09-28 04:08:16 [INFO]   loss: 0.0416,	steps: 8000/10160,	epoch: 12,	learning_rate: 2.267716535433071e-06
2024-09-28 04:08:39 [INFO]   loss: 0.2108,	steps: 8050/10160,	epoch: 12,	learning_rate: 2.215223097112861e-06
2024-09-28 04:09:02 [INFO]   loss: 0.0646,	steps: 8100/10160,	epoch: 12,	learning_rate: 2.162729658792651e-06
2024-09-28 04:09:25 [INFO]   loss: 0.2900,	steps: 8150/10160,	epoch: 12,	learning_rate: 2.110236220472441e-06
2024-09-28 04:09:48 [INFO]   loss: 0.1367,	steps: 8200/10160,	epoch: 12,	learning_rate: 2.057742782152231e-06
2024-09-28 04:10:11 [INFO]   loss: 0.1239,	steps: 8250/10160,	epoch: 12,	learning_rate: 2.0052493438320212e-06
2024-09-28 04:34:11 [INFO]   第12轮的训练 测试结果为：{'R@5': 0.5338618542237461, 'R@10': 0.7071539872329702, 'RR@5': 0.8667126225490199, 'RR@10': 0.871623701563959, 'nDCG@5': 0.6569991649882451, 'nDCG@10': 0.7064314829720901}
2024-09-28 04:34:32 [INFO]   loss: 0.0485,	steps: 8300/10160,	epoch: 13,	learning_rate: 1.952755905511811e-06
2024-09-28 04:34:55 [INFO]   loss: 0.1244,	steps: 8350/10160,	epoch: 13,	learning_rate: 1.9002624671916011e-06
2024-09-28 04:35:17 [INFO]   loss: 0.1386,	steps: 8400/10160,	epoch: 13,	learning_rate: 1.8477690288713913e-06
2024-09-28 04:35:41 [INFO]   loss: 0.0772,	steps: 8450/10160,	epoch: 13,	learning_rate: 1.7952755905511812e-06
2024-09-28 04:36:03 [INFO]   loss: 0.2485,	steps: 8500/10160,	epoch: 13,	learning_rate: 1.7427821522309712e-06
2024-09-28 04:36:27 [INFO]   loss: 0.0633,	steps: 8550/10160,	epoch: 13,	learning_rate: 1.6902887139107613e-06
2024-09-28 04:36:50 [INFO]   loss: 0.2368,	steps: 8600/10160,	epoch: 13,	learning_rate: 1.6377952755905513e-06
2024-09-28 04:37:13 [INFO]   loss: 0.0461,	steps: 8650/10160,	epoch: 13,	learning_rate: 1.5853018372703412e-06
2024-09-28 04:37:36 [INFO]   loss: 0.0069,	steps: 8700/10160,	epoch: 13,	learning_rate: 1.5328083989501314e-06
2024-09-28 04:37:59 [INFO]   loss: 0.0596,	steps: 8750/10160,	epoch: 13,	learning_rate: 1.4803149606299213e-06
2024-09-28 04:38:23 [INFO]   loss: 0.1399,	steps: 8800/10160,	epoch: 13,	learning_rate: 1.4278215223097113e-06
2024-09-28 04:38:46 [INFO]   loss: 0.0943,	steps: 8850/10160,	epoch: 13,	learning_rate: 1.3753280839895015e-06
2024-09-28 05:03:02 [INFO]   第13轮的训练 测试结果为：{'R@5': 0.5378211436584419, 'R@10': 0.7084723547525994, 'RR@5': 0.8627450980392164, 'RR@10': 0.8669898167600378, 'nDCG@5': 0.6563595662785131, 'nDCG@10': 0.705468390825556}
2024-09-28 05:03:06 [INFO]   loss: 0.1251,	steps: 8900/10160,	epoch: 14,	learning_rate: 1.3228346456692914e-06
2024-09-28 05:03:30 [INFO]   loss: 0.0670,	steps: 8950/10160,	epoch: 14,	learning_rate: 1.2703412073490814e-06
2024-09-28 05:03:53 [INFO]   loss: 0.0147,	steps: 9000/10160,	epoch: 14,	learning_rate: 1.2178477690288715e-06
2024-09-28 05:04:16 [INFO]   loss: 0.1104,	steps: 9050/10160,	epoch: 14,	learning_rate: 1.1653543307086615e-06
2024-09-28 05:04:39 [INFO]   loss: 0.0533,	steps: 9100/10160,	epoch: 14,	learning_rate: 1.1128608923884516e-06
2024-09-28 05:05:03 [INFO]   loss: 0.0441,	steps: 9150/10160,	epoch: 14,	learning_rate: 1.0603674540682416e-06
2024-09-28 05:05:25 [INFO]   loss: 0.0769,	steps: 9200/10160,	epoch: 14,	learning_rate: 1.0078740157480315e-06
2024-09-28 05:05:48 [INFO]   loss: 0.1707,	steps: 9250/10160,	epoch: 14,	learning_rate: 9.553805774278217e-07
2024-09-28 05:06:11 [INFO]   loss: 0.0084,	steps: 9300/10160,	epoch: 14,	learning_rate: 9.028871391076116e-07
2024-09-28 05:06:34 [INFO]   loss: 0.0805,	steps: 9350/10160,	epoch: 14,	learning_rate: 8.503937007874017e-07
2024-09-28 05:06:58 [INFO]   loss: 0.0250,	steps: 9400/10160,	epoch: 14,	learning_rate: 7.979002624671916e-07
2024-09-28 05:07:21 [INFO]   loss: 0.0075,	steps: 9450/10160,	epoch: 14,	learning_rate: 7.454068241469817e-07
2024-09-28 05:07:44 [INFO]   loss: 0.0970,	steps: 9500/10160,	epoch: 14,	learning_rate: 6.929133858267717e-07
2024-09-28 05:31:53 [INFO]   第14轮的训练 测试结果为：{'R@5': 0.5322377017159902, 'R@10': 0.7117218934546398, 'RR@5': 0.8596354166666673, 'RR@10': 0.8651701826563964, 'nDCG@5': 0.6503740323177422, 'nDCG@10': 0.7031407389796409}
2024-09-28 05:32:05 [INFO]   loss: 0.1655,	steps: 9550/10160,	epoch: 15,	learning_rate: 6.404199475065617e-07
2024-09-28 05:32:29 [INFO]   loss: 0.0830,	steps: 9600/10160,	epoch: 15,	learning_rate: 5.879265091863517e-07
2024-09-28 05:32:52 [INFO]   loss: 0.0800,	steps: 9650/10160,	epoch: 15,	learning_rate: 5.354330708661418e-07
2024-09-28 05:33:15 [INFO]   loss: 0.1136,	steps: 9700/10160,	epoch: 15,	learning_rate: 4.829396325459318e-07
2024-09-28 05:33:37 [INFO]   loss: 0.0976,	steps: 9750/10160,	epoch: 15,	learning_rate: 4.304461942257218e-07
2024-09-28 05:34:00 [INFO]   loss: 0.1406,	steps: 9800/10160,	epoch: 15,	learning_rate: 3.7795275590551184e-07
2024-09-28 05:34:23 [INFO]   loss: 0.0203,	steps: 9850/10160,	epoch: 15,	learning_rate: 3.2545931758530185e-07
2024-09-28 05:34:46 [INFO]   loss: 0.0708,	steps: 9900/10160,	epoch: 15,	learning_rate: 2.729658792650919e-07
2024-09-28 05:35:09 [INFO]   loss: 0.2786,	steps: 9950/10160,	epoch: 15,	learning_rate: 2.204724409448819e-07
2024-09-28 05:35:31 [INFO]   loss: 0.0139,	steps: 10000/10160,	epoch: 15,	learning_rate: 1.6797900262467193e-07
2024-09-28 05:35:54 [INFO]   loss: 0.0398,	steps: 10050/10160,	epoch: 15,	learning_rate: 1.1548556430446196e-07
2024-09-28 05:36:17 [INFO]   loss: 0.2555,	steps: 10100/10160,	epoch: 15,	learning_rate: 6.299212598425197e-08
2024-09-28 05:36:41 [INFO]   loss: 0.0530,	steps: 10150/10160,	epoch: 15,	learning_rate: 1.0498687664041996e-08
2024-09-28 06:00:43 [INFO]   第15轮的训练 测试结果为：{'R@5': 0.5361448579532322, 'R@10': 0.710458476169169, 'RR@5': 0.8603400735294123, 'RR@10': 0.8655217816293189, 'nDCG@5': 0.6528749999724822, 'nDCG@10': 0.7039499913524084}
2024-09-28 06:00:43 [INFO]   ------------------------------------------------
2024-09-28 06:00:43 [INFO]   所有epoch的平均评测指标为: {'R@5': 0.5124359677626926, 'R@10': 0.6816087757219281, 'RR@5': 0.8351725260416673, 'RR@10': 0.839966777726716, 'nDCG@5': 0.6252729782570161, 'nDCG@10': 0.6751707297325154}
2024-09-28 06:00:43 [INFO]   ------------------------------------------------
